Logging initialized: logs/soundcloud/soundcloud.log
[2025-12-05T04:20:16Z] [INFO] ============================================================
[2025-12-05T04:20:16Z] [INFO] ============================================================
[2025-12-05T04:20:16Z] [INFO] Workflow: SoundCloud Card - Fetch Data
[2025-12-05T04:20:16Z] [INFO] Workflow: SoundCloud Card - Fetch Data
[2025-12-05T04:20:16Z] [INFO] Started at: 2025-12-05T04:20:16Z
[2025-12-05T04:20:16Z] [INFO] Started at: 2025-12-05T04:20:16Z
[2025-12-05T04:20:16Z] [INFO] ============================================================
[2025-12-05T04:20:16Z] [INFO] ============================================================
[2025-12-05T04:20:16Z] [INFO] Fetching fresh SoundCloud data...
[2025-12-05T04:20:16Z] [INFO] Fetching fresh SoundCloud data...
[2025-12-05T04:20:16Z] [INFO] Obtaining SoundCloud client_id...
[2025-12-05T04:20:16Z] [INFO] Obtaining SoundCloud client_id...
Fetching SoundCloud client_id...
Extracting SoundCloud client_id from assets...
Validating client_id...
Client_id validated successfully
Saved client_id to cache
[2025-12-05T04:20:18Z] [INFO] Got client_id: Tbe9YspsDY...
[2025-12-05T04:20:18Z] [INFO] Got client_id: Tbe9YspsDY...
[2025-12-05T04:20:18Z] [INFO] Resolving user ID for playfunction...
[2025-12-05T04:20:18Z] [INFO] Resolving user ID for playfunction...
Fetching user ID for playfunction...
[2025-12-05T04:20:18Z] [INFO] Got user_id: 325554244
[2025-12-05T04:20:18Z] [INFO] Got user_id: 325554244
[2025-12-05T04:20:18Z] [INFO] Fetching latest track for user...
[2025-12-05T04:20:18Z] [INFO] Fetching latest track for user...
Fetching latest track...
[2025-12-05T04:20:19Z] [INFO] Track: prescience by .play()
[2025-12-05T04:20:19Z] [INFO] Track: prescience by .play()
[2025-12-05T04:20:19Z] [INFO] Genre: future zen bass, Plays: 171
[2025-12-05T04:20:19Z] [INFO] Genre: future zen bass, Plays: 171
[2025-12-05T04:20:19Z] [INFO] Downloading track artwork...
[2025-12-05T04:20:19Z] [INFO] Downloading track artwork...
Downloading artwork...
Artwork saved to assets/soundcloud-artwork.jpg
[2025-12-05T04:20:19Z] [INFO] Artwork downloaded successfully
[2025-12-05T04:20:19Z] [INFO] Artwork downloaded successfully
[2025-12-05T04:20:19Z] [INFO] Successfully fetched fresh SoundCloud data
[2025-12-05T04:20:19Z] [INFO] Successfully fetched fresh SoundCloud data
Saved fallback cache to soundcloud/last-success.json
[2025-12-05T04:20:19Z] [INFO] ============================================================
[2025-12-05T04:20:19Z] [INFO] ============================================================
[2025-12-05T04:20:19Z] [INFO] Workflow: SoundCloud Card - Fetch Data - COMPLETED SUCCESSFULLY
[2025-12-05T04:20:19Z] [INFO] Workflow: SoundCloud Card - Fetch Data - COMPLETED SUCCESSFULLY
[2025-12-05T04:20:19Z] [INFO] Ended at: 2025-12-05T04:20:19Z
[2025-12-05T04:20:19Z] [INFO] Ended at: 2025-12-05T04:20:19Z
[2025-12-05T04:20:19Z] [INFO] ============================================================
[2025-12-05T04:20:19Z] [INFO] ============================================================
Logging initialized: logs/soundcloud/soundcloud.log
[2025-12-05T05:05:05Z] [INFO] ============================================================
[2025-12-05T05:05:05Z] [INFO] ============================================================
[2025-12-05T05:05:05Z] [INFO] Workflow: SoundCloud Card - Fetch Data
[2025-12-05T05:05:05Z] [INFO] Workflow: SoundCloud Card - Fetch Data
[2025-12-05T05:05:05Z] [INFO] Started at: 2025-12-05T05:05:05Z
[2025-12-05T05:05:05Z] [INFO] Started at: 2025-12-05T05:05:05Z
[2025-12-05T05:05:05Z] [INFO] ============================================================
[2025-12-05T05:05:05Z] [INFO] ============================================================
[2025-12-05T05:05:05Z] [INFO] Fetching fresh SoundCloud data...
[2025-12-05T05:05:05Z] [INFO] Fetching fresh SoundCloud data...
[2025-12-05T05:05:05Z] [INFO] Obtaining SoundCloud client_id...
[2025-12-05T05:05:05Z] [INFO] Obtaining SoundCloud client_id...
Fetching SoundCloud client_id...
Extracting SoundCloud client_id from assets...
Validating client_id...
Client_id validated successfully
Saved client_id to cache
[2025-12-05T05:05:08Z] [INFO] Got client_id: Tbe9YspsDY...
[2025-12-05T05:05:08Z] [INFO] Got client_id: Tbe9YspsDY...
[2025-12-05T05:05:08Z] [INFO] Resolving user ID for playfunction...
[2025-12-05T05:05:08Z] [INFO] Resolving user ID for playfunction...
Fetching user ID for playfunction...
[2025-12-05T05:05:09Z] [INFO] Got user_id: 325554244
[2025-12-05T05:05:09Z] [INFO] Got user_id: 325554244
[2025-12-05T05:05:09Z] [INFO] Fetching latest track for user...
[2025-12-05T05:05:09Z] [INFO] Fetching latest track for user...
Fetching latest track...
[2025-12-05T05:05:09Z] [INFO] Track: prescience by .play()
[2025-12-05T05:05:09Z] [INFO] Track: prescience by .play()
[2025-12-05T05:05:09Z] [INFO] Genre: future zen bass, Plays: 171
[2025-12-05T05:05:09Z] [INFO] Genre: future zen bass, Plays: 171
[2025-12-05T05:05:09Z] [INFO] Downloading track artwork...
[2025-12-05T05:05:09Z] [INFO] Downloading track artwork...
Downloading artwork...
Artwork saved to assets/soundcloud-artwork.jpg
[2025-12-05T05:05:09Z] [INFO] Artwork downloaded successfully
[2025-12-05T05:05:09Z] [INFO] Artwork downloaded successfully
[2025-12-05T05:05:09Z] [INFO] Successfully fetched fresh SoundCloud data
[2025-12-05T05:05:09Z] [INFO] Successfully fetched fresh SoundCloud data
Saved fallback cache to soundcloud/last-success.json
[2025-12-05T05:05:09Z] [INFO] ============================================================
[2025-12-05T05:05:09Z] [INFO] ============================================================
[2025-12-05T05:05:09Z] [INFO] Workflow: SoundCloud Card - Fetch Data - COMPLETED SUCCESSFULLY
[2025-12-05T05:05:09Z] [INFO] Workflow: SoundCloud Card - Fetch Data - COMPLETED SUCCESSFULLY
[2025-12-05T05:05:09Z] [INFO] Ended at: 2025-12-05T05:05:09Z
[2025-12-05T05:05:09Z] [INFO] Ended at: 2025-12-05T05:05:09Z
[2025-12-05T05:05:09Z] [INFO] ============================================================
[2025-12-05T05:05:09Z] [INFO] ============================================================
Logging initialized: logs/soundcloud/soundcloud.log
[2025-12-05T06:29:14Z] [INFO] ============================================================
[2025-12-05T06:29:14Z] [INFO] ============================================================
[2025-12-05T06:29:14Z] [INFO] Workflow: SoundCloud Card - Fetch Data
[2025-12-05T06:29:14Z] [INFO] Workflow: SoundCloud Card - Fetch Data
[2025-12-05T06:29:14Z] [INFO] Started at: 2025-12-05T06:29:14Z
[2025-12-05T06:29:14Z] [INFO] Started at: 2025-12-05T06:29:14Z
[2025-12-05T06:29:14Z] [INFO] ============================================================
[2025-12-05T06:29:14Z] [INFO] ============================================================
[2025-12-05T06:29:14Z] [INFO] Fetching fresh SoundCloud data...
[2025-12-05T06:29:14Z] [INFO] Fetching fresh SoundCloud data...
[2025-12-05T06:29:14Z] [INFO] Obtaining SoundCloud client_id...
[2025-12-05T06:29:14Z] [INFO] Obtaining SoundCloud client_id...
Fetching SoundCloud client_id...
Extracting SoundCloud client_id from assets...
Validating client_id...
Client_id validated successfully
Saved client_id to cache
[2025-12-05T06:29:16Z] [INFO] Got client_id: Tbe9YspsDY...
[2025-12-05T06:29:16Z] [INFO] Got client_id: Tbe9YspsDY...
[2025-12-05T06:29:16Z] [INFO] Resolving user ID for playfunction...
[2025-12-05T06:29:16Z] [INFO] Resolving user ID for playfunction...
Fetching user ID for playfunction...
[2025-12-05T06:29:16Z] [INFO] Got user_id: 325554244
[2025-12-05T06:29:16Z] [INFO] Got user_id: 325554244
[2025-12-05T06:29:16Z] [INFO] Fetching latest track for user...
[2025-12-05T06:29:16Z] [INFO] Fetching latest track for user...
Fetching latest track...
[2025-12-05T06:29:16Z] [INFO] Track: prescience by .play()
[2025-12-05T06:29:16Z] [INFO] Track: prescience by .play()
[2025-12-05T06:29:16Z] [INFO] Genre: future zen bass, Plays: 172
[2025-12-05T06:29:16Z] [INFO] Genre: future zen bass, Plays: 172
[2025-12-05T06:29:16Z] [INFO] Downloading track artwork...
[2025-12-05T06:29:16Z] [INFO] Downloading track artwork...
Downloading artwork...
Artwork saved to assets/soundcloud-artwork.jpg
[2025-12-05T06:29:16Z] [INFO] Artwork downloaded successfully
[2025-12-05T06:29:16Z] [INFO] Artwork downloaded successfully
[2025-12-05T06:29:16Z] [INFO] Successfully fetched fresh SoundCloud data
[2025-12-05T06:29:16Z] [INFO] Successfully fetched fresh SoundCloud data
Saved fallback cache to soundcloud/last-success.json
[2025-12-05T06:29:16Z] [INFO] ============================================================
[2025-12-05T06:29:16Z] [INFO] ============================================================
[2025-12-05T06:29:16Z] [INFO] Workflow: SoundCloud Card - Fetch Data - COMPLETED SUCCESSFULLY
[2025-12-05T06:29:16Z] [INFO] Workflow: SoundCloud Card - Fetch Data - COMPLETED SUCCESSFULLY
[2025-12-05T06:29:16Z] [INFO] Ended at: 2025-12-05T06:29:16Z
[2025-12-05T06:29:16Z] [INFO] Ended at: 2025-12-05T06:29:16Z
[2025-12-05T06:29:16Z] [INFO] ============================================================
[2025-12-05T06:29:16Z] [INFO] ============================================================
Logging initialized: logs/soundcloud/soundcloud.log
[2025-12-05T07:26:26Z] [INFO] ============================================================
[2025-12-05T07:26:26Z] [INFO] ============================================================
[2025-12-05T07:26:26Z] [INFO] Workflow: SoundCloud Card - Fetch Data
[2025-12-05T07:26:26Z] [INFO] Workflow: SoundCloud Card - Fetch Data
[2025-12-05T07:26:26Z] [INFO] Started at: 2025-12-05T07:26:26Z
[2025-12-05T07:26:26Z] [INFO] Started at: 2025-12-05T07:26:26Z
[2025-12-05T07:26:26Z] [INFO] ============================================================
[2025-12-05T07:26:26Z] [INFO] ============================================================
[2025-12-05T07:26:26Z] [INFO] Fetching fresh SoundCloud data...
[2025-12-05T07:26:26Z] [INFO] Fetching fresh SoundCloud data...
[2025-12-05T07:26:26Z] [INFO] Obtaining SoundCloud client_id...
[2025-12-05T07:26:26Z] [INFO] Obtaining SoundCloud client_id...
Fetching SoundCloud client_id...
Extracting SoundCloud client_id from assets...
Validating client_id...
Client_id validated successfully
Saved client_id to cache
[2025-12-05T07:26:28Z] [INFO] Got client_id: Tbe9YspsDY...
[2025-12-05T07:26:28Z] [INFO] Got client_id: Tbe9YspsDY...
[2025-12-05T07:26:28Z] [INFO] Resolving user ID for playfunction...
[2025-12-05T07:26:28Z] [INFO] Resolving user ID for playfunction...
Fetching user ID for playfunction...
[2025-12-05T07:26:28Z] [INFO] Got user_id: 325554244
[2025-12-05T07:26:28Z] [INFO] Got user_id: 325554244
[2025-12-05T07:26:28Z] [INFO] Fetching latest track for user...
[2025-12-05T07:26:28Z] [INFO] Fetching latest track for user...
Fetching latest track...
[2025-12-05T07:26:28Z] [INFO] Track: prescience by .play()
[2025-12-05T07:26:28Z] [INFO] Track: prescience by .play()
[2025-12-05T07:26:28Z] [INFO] Genre: future zen bass, Plays: 173
[2025-12-05T07:26:28Z] [INFO] Genre: future zen bass, Plays: 173
[2025-12-05T07:26:28Z] [INFO] Downloading track artwork...
[2025-12-05T07:26:28Z] [INFO] Downloading track artwork...
Downloading artwork...
Artwork saved to assets/soundcloud-artwork.jpg
[2025-12-05T07:26:29Z] [INFO] Artwork downloaded successfully
[2025-12-05T07:26:29Z] [INFO] Artwork downloaded successfully
[2025-12-05T07:26:29Z] [INFO] Successfully fetched fresh SoundCloud data
[2025-12-05T07:26:29Z] [INFO] Successfully fetched fresh SoundCloud data
Saved fallback cache to soundcloud/last-success.json
[2025-12-05T07:26:29Z] [INFO] ============================================================
[2025-12-05T07:26:29Z] [INFO] ============================================================
[2025-12-05T07:26:29Z] [INFO] Workflow: SoundCloud Card - Fetch Data - COMPLETED SUCCESSFULLY
[2025-12-05T07:26:29Z] [INFO] Workflow: SoundCloud Card - Fetch Data - COMPLETED SUCCESSFULLY
[2025-12-05T07:26:29Z] [INFO] Ended at: 2025-12-05T07:26:29Z
[2025-12-05T07:26:29Z] [INFO] Ended at: 2025-12-05T07:26:29Z
[2025-12-05T07:26:29Z] [INFO] ============================================================
[2025-12-05T07:26:29Z] [INFO] ============================================================
Logging initialized: logs/soundcloud/soundcloud.log
[2025-12-06T01:30:00Z] [INFO] ============================================================
[2025-12-06T01:30:00Z] [INFO] ============================================================
[2025-12-06T01:30:00Z] [INFO] Workflow: SoundCloud Card - Fetch Data
[2025-12-06T01:30:00Z] [INFO] Workflow: SoundCloud Card - Fetch Data
[2025-12-06T01:30:00Z] [INFO] Started at: 2025-12-06T01:30:00Z
[2025-12-06T01:30:00Z] [INFO] Started at: 2025-12-06T01:30:00Z
[2025-12-06T01:30:00Z] [INFO] ============================================================
[2025-12-06T01:30:00Z] [INFO] ============================================================
[2025-12-06T01:30:00Z] [INFO] Fetching fresh SoundCloud data...
[2025-12-06T01:30:00Z] [INFO] Fetching fresh SoundCloud data...
[2025-12-06T01:30:00Z] [INFO] Obtaining SoundCloud client_id...
[2025-12-06T01:30:00Z] [INFO] Obtaining SoundCloud client_id...
Fetching SoundCloud client_id...
Extracting SoundCloud client_id from assets...
Validating client_id...
Client_id validated successfully
Saved client_id to cache
[2025-12-06T01:30:01Z] [INFO] Got client_id: Tbe9YspsDY...
[2025-12-06T01:30:01Z] [INFO] Got client_id: Tbe9YspsDY...
[2025-12-06T01:30:01Z] [INFO] Resolving user ID for playfunction...
[2025-12-06T01:30:01Z] [INFO] Resolving user ID for playfunction...
Fetching user ID for playfunction...
[2025-12-06T01:30:01Z] [INFO] Got user_id: 325554244
[2025-12-06T01:30:01Z] [INFO] Got user_id: 325554244
[2025-12-06T01:30:01Z] [INFO] Fetching latest track for user...
[2025-12-06T01:30:01Z] [INFO] Fetching latest track for user...
Fetching latest track...
[2025-12-06T01:30:02Z] [INFO] Track: prescience by .play()
[2025-12-06T01:30:02Z] [INFO] Track: prescience by .play()
[2025-12-06T01:30:02Z] [INFO] Genre: future zen bass, Plays: 175
[2025-12-06T01:30:02Z] [INFO] Genre: future zen bass, Plays: 175
[2025-12-06T01:30:02Z] [INFO] Downloading track artwork...
[2025-12-06T01:30:02Z] [INFO] Downloading track artwork...
Downloading artwork...
Artwork saved to assets/soundcloud-artwork.jpg
[2025-12-06T01:30:02Z] [INFO] Artwork downloaded successfully
[2025-12-06T01:30:02Z] [INFO] Artwork downloaded successfully
[2025-12-06T01:30:02Z] [INFO] Successfully fetched fresh SoundCloud data
[2025-12-06T01:30:02Z] [INFO] Successfully fetched fresh SoundCloud data
Saved fallback cache to soundcloud/last-success.json
[2025-12-06T01:30:02Z] [INFO] ============================================================
[2025-12-06T01:30:02Z] [INFO] ============================================================
[2025-12-06T01:30:02Z] [INFO] Workflow: SoundCloud Card - Fetch Data - COMPLETED SUCCESSFULLY
[2025-12-06T01:30:02Z] [INFO] Workflow: SoundCloud Card - Fetch Data - COMPLETED SUCCESSFULLY
[2025-12-06T01:30:02Z] [INFO] Ended at: 2025-12-06T01:30:02Z
[2025-12-06T01:30:02Z] [INFO] Ended at: 2025-12-06T01:30:02Z
[2025-12-06T01:30:02Z] [INFO] ============================================================
[2025-12-06T01:30:02Z] [INFO] ============================================================
Logging initialized: logs/soundcloud/soundcloud.log
[2025-12-06T04:20:35Z] [INFO] ============================================================
[2025-12-06T04:20:35Z] [INFO] ============================================================
[2025-12-06T04:20:35Z] [INFO] Workflow: SoundCloud Card - Fetch Data
[2025-12-06T04:20:35Z] [INFO] Workflow: SoundCloud Card - Fetch Data
[2025-12-06T04:20:35Z] [INFO] Started at: 2025-12-06T04:20:35Z
[2025-12-06T04:20:35Z] [INFO] Started at: 2025-12-06T04:20:35Z
[2025-12-06T04:20:35Z] [INFO] ============================================================
[2025-12-06T04:20:35Z] [INFO] ============================================================
[2025-12-06T04:20:35Z] [INFO] Fetching fresh SoundCloud data...
[2025-12-06T04:20:35Z] [INFO] Fetching fresh SoundCloud data...
[2025-12-06T04:20:35Z] [INFO] Obtaining SoundCloud client_id...
[2025-12-06T04:20:35Z] [INFO] Obtaining SoundCloud client_id...
Fetching SoundCloud client_id...
Extracting SoundCloud client_id from assets...
Validating client_id...
Client_id validated successfully
Saved client_id to cache
[2025-12-06T04:20:36Z] [INFO] Got client_id: Tbe9YspsDY...
[2025-12-06T04:20:36Z] [INFO] Got client_id: Tbe9YspsDY...
[2025-12-06T04:20:36Z] [INFO] Resolving user ID for playfunction...
[2025-12-06T04:20:36Z] [INFO] Resolving user ID for playfunction...
Fetching user ID for playfunction...
[2025-12-06T04:20:37Z] [INFO] Got user_id: 325554244
[2025-12-06T04:20:37Z] [INFO] Got user_id: 325554244
[2025-12-06T04:20:37Z] [INFO] Fetching latest track for user...
[2025-12-06T04:20:37Z] [INFO] Fetching latest track for user...
Fetching latest track...
[2025-12-06T04:20:37Z] [INFO] Track: prescience by .play()
[2025-12-06T04:20:37Z] [INFO] Track: prescience by .play()
[2025-12-06T04:20:37Z] [INFO] Genre: future zen bass, Plays: 175
[2025-12-06T04:20:37Z] [INFO] Genre: future zen bass, Plays: 175
[2025-12-06T04:20:37Z] [INFO] Downloading track artwork...
[2025-12-06T04:20:37Z] [INFO] Downloading track artwork...
Downloading artwork...
Artwork saved to assets/soundcloud-artwork.jpg
[2025-12-06T04:20:37Z] [INFO] Artwork downloaded successfully
[2025-12-06T04:20:37Z] [INFO] Artwork downloaded successfully
[2025-12-06T04:20:37Z] [INFO] Successfully fetched fresh SoundCloud data
[2025-12-06T04:20:37Z] [INFO] Successfully fetched fresh SoundCloud data
Saved fallback cache to soundcloud/last-success.json
[2025-12-06T04:20:37Z] [INFO] ============================================================
[2025-12-06T04:20:37Z] [INFO] ============================================================
[2025-12-06T04:20:37Z] [INFO] Workflow: SoundCloud Card - Fetch Data - COMPLETED SUCCESSFULLY
[2025-12-06T04:20:37Z] [INFO] Workflow: SoundCloud Card - Fetch Data - COMPLETED SUCCESSFULLY
[2025-12-06T04:20:37Z] [INFO] Ended at: 2025-12-06T04:20:37Z
[2025-12-06T04:20:37Z] [INFO] Ended at: 2025-12-06T04:20:37Z
[2025-12-06T04:20:37Z] [INFO] ============================================================
[2025-12-06T04:20:37Z] [INFO] ============================================================
Logging initialized: logs/soundcloud/soundcloud.log
[2025-12-06T06:09:03Z] [INFO] ============================================================
[2025-12-06T06:09:03Z] [INFO] ============================================================
[2025-12-06T06:09:03Z] [INFO] Workflow: SoundCloud Card - Fetch Data
[2025-12-06T06:09:03Z] [INFO] Workflow: SoundCloud Card - Fetch Data
[2025-12-06T06:09:03Z] [INFO] Started at: 2025-12-06T06:09:03Z
[2025-12-06T06:09:03Z] [INFO] Started at: 2025-12-06T06:09:03Z
[2025-12-06T06:09:03Z] [INFO] ============================================================
[2025-12-06T06:09:03Z] [INFO] ============================================================
[2025-12-06T06:09:03Z] [INFO] Fetching fresh SoundCloud data...
[2025-12-06T06:09:03Z] [INFO] Fetching fresh SoundCloud data...
[2025-12-06T06:09:03Z] [INFO] Obtaining SoundCloud client_id...
[2025-12-06T06:09:03Z] [INFO] Obtaining SoundCloud client_id...
Fetching SoundCloud client_id...
Extracting SoundCloud client_id from assets...
Validating client_id...
Client_id validated successfully
Saved client_id to cache
[2025-12-06T06:09:05Z] [INFO] Got client_id: Tbe9YspsDY...
[2025-12-06T06:09:05Z] [INFO] Got client_id: Tbe9YspsDY...
[2025-12-06T06:09:05Z] [INFO] Resolving user ID for playfunction...
[2025-12-06T06:09:05Z] [INFO] Resolving user ID for playfunction...
Fetching user ID for playfunction...
[2025-12-06T06:09:05Z] [INFO] Got user_id: 325554244
[2025-12-06T06:09:05Z] [INFO] Got user_id: 325554244
[2025-12-06T06:09:05Z] [INFO] Fetching latest track for user...
[2025-12-06T06:09:05Z] [INFO] Fetching latest track for user...
Fetching latest track...
[2025-12-06T06:09:05Z] [INFO] Track: prescience by .play()
[2025-12-06T06:09:05Z] [INFO] Track: prescience by .play()
[2025-12-06T06:09:05Z] [INFO] Genre: future zen bass, Plays: 175
[2025-12-06T06:09:05Z] [INFO] Genre: future zen bass, Plays: 175
[2025-12-06T06:09:05Z] [INFO] Downloading track artwork...
[2025-12-06T06:09:05Z] [INFO] Downloading track artwork...
Downloading artwork...
Artwork saved to assets/soundcloud-artwork.jpg
[2025-12-06T06:09:05Z] [INFO] Artwork downloaded successfully
[2025-12-06T06:09:05Z] [INFO] Artwork downloaded successfully
[2025-12-06T06:09:05Z] [INFO] Successfully fetched fresh SoundCloud data
[2025-12-06T06:09:05Z] [INFO] Successfully fetched fresh SoundCloud data
Saved fallback cache to soundcloud/last-success.json
[2025-12-06T06:09:05Z] [INFO] ============================================================
[2025-12-06T06:09:05Z] [INFO] ============================================================
[2025-12-06T06:09:05Z] [INFO] Workflow: SoundCloud Card - Fetch Data - COMPLETED SUCCESSFULLY
[2025-12-06T06:09:05Z] [INFO] Workflow: SoundCloud Card - Fetch Data - COMPLETED SUCCESSFULLY
[2025-12-06T06:09:05Z] [INFO] Ended at: 2025-12-06T06:09:05Z
[2025-12-06T06:09:05Z] [INFO] Ended at: 2025-12-06T06:09:05Z
[2025-12-06T06:09:05Z] [INFO] ============================================================
[2025-12-06T06:09:05Z] [INFO] ============================================================
Logging initialized: logs/soundcloud/soundcloud.log
[2025-12-06T12:07:24Z] [INFO] ============================================================
[2025-12-06T12:07:24Z] [INFO] ============================================================
[2025-12-06T12:07:24Z] [INFO] Workflow: SoundCloud Card - Fetch Data
[2025-12-06T12:07:24Z] [INFO] Workflow: SoundCloud Card - Fetch Data
[2025-12-06T12:07:24Z] [INFO] Started at: 2025-12-06T12:07:24Z
[2025-12-06T12:07:24Z] [INFO] Started at: 2025-12-06T12:07:24Z
[2025-12-06T12:07:24Z] [INFO] ============================================================
[2025-12-06T12:07:24Z] [INFO] ============================================================
[2025-12-06T12:07:24Z] [INFO] Fetching fresh SoundCloud data...
[2025-12-06T12:07:24Z] [INFO] Fetching fresh SoundCloud data...
[2025-12-06T12:07:24Z] [INFO] Obtaining SoundCloud client_id...
[2025-12-06T12:07:24Z] [INFO] Obtaining SoundCloud client_id...
Fetching SoundCloud client_id...
Extracting SoundCloud client_id from assets...
Validating client_id...
Client_id validated successfully
Saved client_id to cache
[2025-12-06T12:07:25Z] [INFO] Got client_id: Tbe9YspsDY...
[2025-12-06T12:07:25Z] [INFO] Got client_id: Tbe9YspsDY...
[2025-12-06T12:07:25Z] [INFO] Resolving user ID for playfunction...
[2025-12-06T12:07:25Z] [INFO] Resolving user ID for playfunction...
Fetching user ID for playfunction...
[2025-12-06T12:07:26Z] [INFO] Got user_id: 325554244
[2025-12-06T12:07:26Z] [INFO] Got user_id: 325554244
[2025-12-06T12:07:26Z] [INFO] Fetching latest track for user...
[2025-12-06T12:07:26Z] [INFO] Fetching latest track for user...
Fetching latest track...
[2025-12-06T12:07:26Z] [INFO] Track: starme by .play()
[2025-12-06T12:07:26Z] [INFO] Track: starme by .play()
[2025-12-06T12:07:26Z] [INFO] Genre: rage cloud bass, Plays: 2
[2025-12-06T12:07:26Z] [INFO] Genre: rage cloud bass, Plays: 2
[2025-12-06T12:07:26Z] [INFO] Downloading track artwork...
[2025-12-06T12:07:26Z] [INFO] Downloading track artwork...
Downloading artwork...
Artwork saved to assets/soundcloud-artwork.jpg
[2025-12-06T12:07:26Z] [INFO] Artwork downloaded successfully
[2025-12-06T12:07:26Z] [INFO] Artwork downloaded successfully
[2025-12-06T12:07:26Z] [INFO] Successfully fetched fresh SoundCloud data
[2025-12-06T12:07:26Z] [INFO] Successfully fetched fresh SoundCloud data
Saved fallback cache to soundcloud/last-success.json
[2025-12-06T12:07:26Z] [INFO] ============================================================
[2025-12-06T12:07:26Z] [INFO] ============================================================
[2025-12-06T12:07:26Z] [INFO] Workflow: SoundCloud Card - Fetch Data - COMPLETED SUCCESSFULLY
[2025-12-06T12:07:26Z] [INFO] Workflow: SoundCloud Card - Fetch Data - COMPLETED SUCCESSFULLY
[2025-12-06T12:07:26Z] [INFO] Ended at: 2025-12-06T12:07:26Z
[2025-12-06T12:07:26Z] [INFO] Ended at: 2025-12-06T12:07:26Z
[2025-12-06T12:07:26Z] [INFO] ============================================================
[2025-12-06T12:07:26Z] [INFO] ============================================================
Logging initialized: logs/soundcloud/soundcloud.log
[2025-12-07T01:17:55Z] [INFO] ============================================================
[2025-12-07T01:17:55Z] [INFO] ============================================================
[2025-12-07T01:17:55Z] [INFO] Workflow: SoundCloud Card - Fetch Data
[2025-12-07T01:17:55Z] [INFO] Workflow: SoundCloud Card - Fetch Data
[2025-12-07T01:17:55Z] [INFO] Started at: 2025-12-07T01:17:55Z
[2025-12-07T01:17:55Z] [INFO] Started at: 2025-12-07T01:17:55Z
[2025-12-07T01:17:55Z] [INFO] ============================================================
[2025-12-07T01:17:55Z] [INFO] ============================================================
[2025-12-07T01:17:55Z] [INFO] Fetching fresh SoundCloud data...
[2025-12-07T01:17:55Z] [INFO] Fetching fresh SoundCloud data...
[2025-12-07T01:17:55Z] [INFO] Obtaining SoundCloud client_id...
[2025-12-07T01:17:55Z] [INFO] Obtaining SoundCloud client_id...
Fetching SoundCloud client_id...
Extracting SoundCloud client_id from assets...
Validating client_id...
Client_id validated successfully
Saved client_id to cache
[2025-12-07T01:17:57Z] [INFO] Got client_id: Tbe9YspsDY...
[2025-12-07T01:17:57Z] [INFO] Got client_id: Tbe9YspsDY...
[2025-12-07T01:17:57Z] [INFO] Resolving user ID for playfunction...
[2025-12-07T01:17:57Z] [INFO] Resolving user ID for playfunction...
Fetching user ID for playfunction...
[2025-12-07T01:17:58Z] [INFO] Got user_id: 325554244
[2025-12-07T01:17:58Z] [INFO] Got user_id: 325554244
[2025-12-07T01:17:58Z] [INFO] Fetching latest track for user...
[2025-12-07T01:17:58Z] [INFO] Fetching latest track for user...
Fetching latest track...
[2025-12-07T01:17:58Z] [INFO] Track: starme by .play()
[2025-12-07T01:17:58Z] [INFO] Track: starme by .play()
[2025-12-07T01:17:58Z] [INFO] Genre: rage cloud bass, Plays: 144
[2025-12-07T01:17:58Z] [INFO] Genre: rage cloud bass, Plays: 144
[2025-12-07T01:17:58Z] [INFO] Downloading track artwork...
[2025-12-07T01:17:58Z] [INFO] Downloading track artwork...
Downloading artwork...
Artwork saved to assets/soundcloud-artwork.jpg
[2025-12-07T01:17:58Z] [INFO] Artwork downloaded successfully
[2025-12-07T01:17:58Z] [INFO] Artwork downloaded successfully
[2025-12-07T01:17:58Z] [INFO] Successfully fetched fresh SoundCloud data
[2025-12-07T01:17:58Z] [INFO] Successfully fetched fresh SoundCloud data
Saved fallback cache to soundcloud/last-success.json
[2025-12-07T01:17:58Z] [INFO] ============================================================
[2025-12-07T01:17:58Z] [INFO] ============================================================
[2025-12-07T01:17:58Z] [INFO] Workflow: SoundCloud Card - Fetch Data - COMPLETED SUCCESSFULLY
[2025-12-07T01:17:58Z] [INFO] Workflow: SoundCloud Card - Fetch Data - COMPLETED SUCCESSFULLY
[2025-12-07T01:17:58Z] [INFO] Ended at: 2025-12-07T01:17:58Z
[2025-12-07T01:17:58Z] [INFO] Ended at: 2025-12-07T01:17:58Z
[2025-12-07T01:17:58Z] [INFO] ============================================================
[2025-12-07T01:17:58Z] [INFO] ============================================================
