[2025-12-05T04:54:26Z] [INFO] Starting quote fetch process...
[2025-12-05T04:54:26Z] [WARN] ZenQuotes.io failed, trying Quotable.io...
[2025-12-05T04:54:26Z] [WARN] Quotable.io failed, using local quote database...
[2025-12-05T04:54:26Z] [INFO] ✅ Successfully fetched quote from local database
[2025-12-05T04:55:12Z] [INFO] Starting quote fetch process...
[2025-12-05T04:55:12Z] [WARN] ZenQuotes.io failed, trying Quotable.io...
[2025-12-05T04:55:12Z] [WARN] Quotable.io failed, using local quote database...
[2025-12-05T04:55:12Z] [INFO] ✅ Successfully fetched quote from local database
[2025-12-05T04:55:34Z] [INFO] Starting quote fetch process...
[2025-12-05T04:55:34Z] [WARN] ZenQuotes.io failed, trying Quotable.io...
[2025-12-05T04:55:34Z] [WARN] Quotable.io failed, using local quote database...
[2025-12-05T04:55:34Z] [INFO] Using local quote database...
[2025-12-05T04:55:34Z] [INFO] Selecting quote 19 from 20 local quotes
[2025-12-05T04:55:34Z] [INFO] ✅ Successfully fetched quote from local database
[2025-12-05T06:29:20Z] [INFO] Starting quote fetch process...
[2025-12-05T06:29:21Z] [INFO] ✅ Successfully fetched quote from ZenQuotes.io
[2025-12-05T07:26:31Z] [INFO] Starting quote fetch process...
[2025-12-05T07:26:31Z] [INFO] ✅ Successfully fetched quote from ZenQuotes.io
[2025-12-06T01:30:05Z] [INFO] Starting quote fetch process...
[2025-12-06T01:30:05Z] [INFO] ✅ Successfully fetched quote from ZenQuotes.io
