Results of ruff linter (version 0.11.13)
See documentation on https://megalinter.io/8.8.0/descriptors/python_ruff/
-----------------------------------------------

❌ [ERROR] scripts/audit_megalinter_config.py
    scripts/audit_megalinter_config.py:13:37: F401 [*] `typing.Set` imported but unused
       |
    11 | import yaml
    12 | from pathlib import Path
    13 | from typing import Dict, List, Any, Set
       |                                     ^^^ F401
    14 | from datetime import datetime, timezone
       |
       = help: Remove unused import: `typing.Set`
    
    scripts/audit_megalinter_config.py:360:5: F841 Local variable `success` is assigned to but never used
        |
    358 |     # Run audit
    359 |     auditor = MegaLinterConfigAuditor(config_path)
    360 |     success = auditor.audit()
        |     ^^^^^^^ F841
    361 |
    362 |     # Generate and save report
        |
        = help: Remove assignment to unused variable `success`
    
    Found 2 errors.
    [*] 1 fixable with the `--fix` option (1 hidden fix can be enabled with the `--unsafe-fixes` option).

❌ [ERROR] scripts/fetch-developer-stats.py
    scripts/fetch-developer-stats.py:25:42: F401 [*] `datetime.timedelta` imported but unused
       |
    23 | import os
    24 | import sys
    25 | from datetime import datetime, timezone, timedelta
       |                                          ^^^^^^^^^ F401
    26 | from pathlib import Path
    27 | from typing import Any, Dict, List, Optional, Union
       |
       = help: Remove unused import: `datetime.timedelta`
    
    Found 1 error.
    [*] 1 fixable with the `--fix` option.

❌ [ERROR] scripts/generate-card.py
    scripts/generate-card.py:10:22: F401 [*] `datetime.datetime` imported but unused
       |
     8 | import base64
     9 | from pathlib import Path
    10 | from datetime import datetime
       |                      ^^^^^^^^ F401
    11 | from typing import Optional
       |
       = help: Remove unused import: `datetime.datetime`
    
    scripts/generate-card.py:15:5: F401 [*] `lib.utils.load_and_validate_json` imported but unused
       |
    13 | from lib.utils import (
    14 |     escape_xml,
    15 |     load_and_validate_json,
       |     ^^^^^^^^^^^^^^^^^^^^^^ F401
    16 |     try_load_and_validate_json,
    17 |     load_theme,
       |
       = help: Remove unused import
    
    scripts/generate-card.py:30:5: F401 [*] `lib.utils.log_fallback_used` imported but unused
       |
    28 |     optimize_image_file,
    29 |     fallback_exists,
    30 |     log_fallback_used,
       |     ^^^^^^^^^^^^^^^^^ F401
    31 |     handle_error_with_fallback,
    32 | )
       |
       = help: Remove unused import
    
    Found 3 errors.
    [*] 3 fixable with the `--fix` option.

❌ [ERROR] scripts/generate-consolidated-dashboard.py
    scripts/generate-consolidated-dashboard.py:17:8: F401 [*] `json` imported but unused
       |
    16 | import sys
    17 | import json
       |        ^^^^ F401
    18 | from pathlib import Path
    19 | from datetime import datetime, timezone
       |
       = help: Remove unused import: `json`
    
    scripts/generate-consolidated-dashboard.py:29:5: F401 [*] `lib.utils.get_theme_font_size` imported but unused
       |
    27 |     get_theme_gradient,
    28 |     get_theme_typography,
    29 |     get_theme_font_size,
       |     ^^^^^^^^^^^^^^^^^^^ F401
    30 |     get_theme_border_radius,
    31 |     format_timestamp_local,
       |
       = help: Remove unused import: `lib.utils.get_theme_font_size`
    
    scripts/generate-consolidated-dashboard.py:270:5: F841 Local variable `text_primary` is assigned to but never used
        |
    268 |     font_family = get_theme_typography("font_family")
    269 |     bg_gradient = get_theme_gradient("background.dark")
    270 |     text_primary = get_theme_color("text", "primary")
        |     ^^^^^^^^^^^^ F841
    271 |     text_muted = get_theme_color("text", "muted")
    272 |     accent_teal = get_theme_color("text", "accent")
        |
        = help: Remove assignment to unused variable `text_primary`
    
    Found 3 errors.
    [*] 2 fixable with the `--fix` option (1 hidden fix can be enabled with the `--unsafe-fixes` option).

❌ [ERROR] scripts/generate-developer-dashboard.py
    scripts/generate-developer-dashboard.py:17:21: F401 [*] `pathlib.Path` imported but unused
       |
    16 | import sys
    17 | from pathlib import Path
       |                     ^^^^ F401
    18 | from datetime import datetime, timezone
    19 | from typing import Dict, List, Optional
       |
       = help: Remove unused import: `pathlib.Path`
    
    scripts/generate-developer-dashboard.py:18:22: F401 [*] `datetime.datetime` imported but unused
       |
    16 | import sys
    17 | from pathlib import Path
    18 | from datetime import datetime, timezone
       |                      ^^^^^^^^ F401
    19 | from typing import Dict, List, Optional
       |
       = help: Remove unused import
    
    scripts/generate-developer-dashboard.py:18:32: F401 [*] `datetime.timezone` imported but unused
       |
    16 | import sys
    17 | from pathlib import Path
    18 | from datetime import datetime, timezone
       |                                ^^^^^^^^ F401
    19 | from typing import Dict, List, Optional
       |
       = help: Remove unused import
    
    scripts/generate-developer-dashboard.py:19:32: F401 [*] `typing.Optional` imported but unused
       |
    17 | from pathlib import Path
    18 | from datetime import datetime, timezone
    19 | from typing import Dict, List, Optional
       |                                ^^^^^^^^ F401
    20 |
    21 | from lib.utils import (
       |
       = help: Remove unused import: `typing.Optional`
    
    scripts/generate-developer-dashboard.py:23:5: F401 [*] `lib.utils.safe_value` imported but unused
       |
    21 | from lib.utils import (
    22 |     escape_xml,
    23 |     safe_value,
       |     ^^^^^^^^^^ F401
    24 |     load_theme,
    25 |     get_theme_color,
       |
       = help: Remove unused import
    
    scripts/generate-developer-dashboard.py:28:5: F401 [*] `lib.utils.get_theme_font_size` imported but unused
       |
    26 |     get_theme_gradient,
    27 |     get_theme_typography,
    28 |     get_theme_font_size,
       |     ^^^^^^^^^^^^^^^^^^^ F401
    29 |     get_theme_card_dimension,
    30 |     get_theme_border_radius,
       |
       = help: Remove unused import
    
    scripts/generate-developer-dashboard.py:33:5: F401 [*] `lib.utils.format_timestamp_local` imported but unused
       |
    31 |     get_theme_chart_value,
    32 |     get_theme_language_color,
    33 |     format_timestamp_local,
       |     ^^^^^^^^^^^^^^^^^^^^^^ F401
    34 |     format_time_since,
    35 |     is_data_stale,
       |
       = help: Remove unused import
    
    scripts/generate-developer-dashboard.py:262:5: F841 Local variable `border_radius_md` is assigned to but never used
        |
    260 |     card_height = get_theme_card_dimension("heights", "developer_dashboard")
    261 |     border_radius = get_theme_border_radius("xl")
    262 |     border_radius_md = get_theme_border_radius("md")
        |     ^^^^^^^^^^^^^^^^ F841
    263 |     
    264 |     # Card stroke settings
        |
        = help: Remove assignment to unused variable `border_radius_md`
    
    scripts/generate-developer-dashboard.py:353:64: F821 Undefined name `font_size_xs`
        |
    351 |   <!-- Staleness Badge -->
    352 |   <g transform="translate({card_width - 10}, 10)">
    353 |     <text x="0" y="12" font-family="{font_family}" font-size="{font_size_xs}" fill="{badge_color}" text-anchor="end">
        |                                                                ^^^^^^^^^^^^ F821
    354 |       {badge_icon}Updated: {time_since_escaped}
    355 |     </text>
        |
    
    Found 9 errors.
    [*] 7 fixable with the `--fix` option (1 hidden fix can be enabled with the `--unsafe-fixes` option).

❌ [ERROR] scripts/generate-fallback-map.py
    scripts/generate-fallback-map.py:9:20: F401 [*] `typing.Tuple` imported but unused
       |
     7 | import sys
     8 | from pathlib import Path
     9 | from typing import Tuple
       |                    ^^^^^ F401
    10 | from PIL import Image, ImageDraw, ImageFont
       |
       = help: Remove unused import: `typing.Tuple`
    
    scripts/generate-fallback-map.py:118:15: F541 [*] f-string without any placeholders
        |
    116 |     except ValueError as e:
    117 |         print(f"❌ Invalid coordinates: {e}", file=sys.stderr)
    118 |         print(f"   Latitude and longitude must be numeric values", file=sys.stderr)
        |               ^^^^^^^^^^^^^^^^^^^^^^^^^^^^^^^^^^^^^^^^^^^^^^^^^^^ F541
    119 |         print(f"   Example: 40.7128 -74.0060", file=sys.stderr)
    120 |         sys.exit(1)
        |
        = help: Remove extraneous `f` prefix
    
    scripts/generate-fallback-map.py:119:15: F541 [*] f-string without any placeholders
        |
    117 |         print(f"❌ Invalid coordinates: {e}", file=sys.stderr)
    118 |         print(f"   Latitude and longitude must be numeric values", file=sys.stderr)
    119 |         print(f"   Example: 40.7128 -74.0060", file=sys.stderr)
        |               ^^^^^^^^^^^^^^^^^^^^^^^^^^^^^^^ F541
    120 |         sys.exit(1)
        |
        = help: Remove extraneous `f` prefix
    
    scripts/generate-fallback-map.py:125:15: F541 [*] f-string without any placeholders
        |
    123 |     if not (-90 <= lat <= 90):
    124 |         print(f"❌ Invalid latitude: {lat}", file=sys.stderr)
    125 |         print(f"   Latitude must be between -90 and 90 degrees", file=sys.stderr)
        |               ^^^^^^^^^^^^^^^^^^^^^^^^^^^^^^^^^^^^^^^^^^^^^^^^^ F541
    126 |         sys.exit(1)
        |
        = help: Remove extraneous `f` prefix
    
    scripts/generate-fallback-map.py:130:15: F541 [*] f-string without any placeholders
        |
    128 |     if not (-180 <= lon <= 180):
    129 |         print(f"❌ Invalid longitude: {lon}", file=sys.stderr)
    130 |         print(f"   Longitude must be between -180 and 180 degrees", file=sys.stderr)
        |               ^^^^^^^^^^^^^^^^^^^^^^^^^^^^^^^^^^^^^^^^^^^^^^^^^^^^ F541
    131 |         sys.exit(1)
        |
        = help: Remove extraneous `f` prefix
    
    Found 5 errors.
    [*] 5 fixable with the `--fix` option.

❌ [ERROR] scripts/generate-health-dashboard.py
    scripts/generate-health-dashboard.py:9:21: F401 [*] `pathlib.Path` imported but unused
       |
     8 | import sys
     9 | from pathlib import Path
       |                     ^^^^ F401
    10 | from datetime import datetime, timezone
    11 | from typing import Optional, List
       |
       = help: Remove unused import: `pathlib.Path`
    
    scripts/generate-health-dashboard.py:11:30: F401 [*] `typing.List` imported but unused
       |
     9 | from pathlib import Path
    10 | from datetime import datetime, timezone
    11 | from typing import Optional, List
       |                              ^^^^ F401
    12 |
    13 | from lib.utils import (
       |
       = help: Remove unused import: `typing.List`
    
    scripts/generate-health-dashboard.py:16:5: F401 [*] `lib.utils.load_and_validate_json` imported but unused
       |
    14 |     escape_xml,
    15 |     safe_value,
    16 |     load_and_validate_json,
       |     ^^^^^^^^^^^^^^^^^^^^^^ F401
    17 |     generate_sparkline_path,
    18 |     load_theme,
       |
       = help: Remove unused import
    
    scripts/generate-health-dashboard.py:27:5: F401 [*] `lib.utils.format_timestamp_local` imported but unused
       |
    25 |     get_theme_score_ring_value,
    26 |     get_theme_chart_color,
    27 |     format_timestamp_local,
       |     ^^^^^^^^^^^^^^^^^^^^^^ F401
    28 |     format_time_since,
    29 |     is_data_stale,
       |
       = help: Remove unused import
    
    Found 4 errors.
    [*] 4 fixable with the `--fix` option.

✅ [SUCCESS] scripts/generate-health-snapshot.py
❌ [ERROR] scripts/generate-interactive-dashboard.py
    scripts/generate-interactive-dashboard.py:16:8: F401 [*] `json` imported but unused
       |
    14 | import sys
    15 | import os
    16 | import json
       |        ^^^^ F401
    17 | from pathlib import Path
    18 | from datetime import datetime, timezone
       |
       = help: Remove unused import: `json`
    
    scripts/generate-interactive-dashboard.py:31:5: F401 [*] `utils.get_theme_font_size` imported but unused
       |
    29 |     get_theme_gradient,
    30 |     get_theme_typography,
    31 |     get_theme_font_size,
       |     ^^^^^^^^^^^^^^^^^^^ F401
    32 |     get_theme_border_radius,
    33 |     format_timestamp_local,
       |
       = help: Remove unused import: `utils.get_theme_font_size`
    
    scripts/generate-interactive-dashboard.py:288:5: F841 Local variable `accent_teal` is assigned to but never used
        |
    286 | def generate_css_animations() -> str:
    287 |     """Generate CSS for interactive animations."""
    288 |     accent_teal = get_theme_color("text", "accent")
        |     ^^^^^^^^^^^ F841
    289 |     panel_bg = get_theme_color("background", "panel")
        |
        = help: Remove assignment to unused variable `accent_teal`
    
    scripts/generate-interactive-dashboard.py:289:5: F841 Local variable `panel_bg` is assigned to but never used
        |
    287 |     """Generate CSS for interactive animations."""
    288 |     accent_teal = get_theme_color("text", "accent")
    289 |     panel_bg = get_theme_color("background", "panel")
        |     ^^^^^^^^ F841
    290 |     
    291 |     return f"""
        |
        = help: Remove assignment to unused variable `panel_bg`
    
    scripts/generate-interactive-dashboard.py:291:12: F541 [*] f-string without any placeholders
        |
    289 |       panel_bg = get_theme_color("background", "panel")
    290 |       
    291 |       return f"""
        |  ____________^
    292 | |   <style>
    293 | |     @keyframes fadeIn {{
    294 | |       from {{ opacity: 0; transform: translateY(10px); }}
    295 | |       to {{ opacity: 1; transform: translateY(0); }}
    296 | |     }}
    297 | |     
    298 | |     @keyframes pulse {{
    299 | |       0%, 100% {{ opacity: 1; }}
    300 | |       50% {{ opacity: 0.7; }}
    301 | |     }}
    302 | |     
    303 | |     .panel {{
    304 | |       animation: fadeIn 0.5s ease-out;
    305 | |       cursor: pointer;
    306 | |     }}
    307 | |     
    308 | |     .panel:hover .panel-bg {{
    309 | |       stroke-width: 2;
    310 | |       stroke-opacity: 0.8;
    311 | |       transition: all 0.3s ease;
    312 | |     }}
    313 | |     
    314 | |     .developer-panel {{ animation-delay: 0.1s; }}
    315 | |     .soundcloud-panel {{ animation-delay: 0.2s; }}
    316 | |     .weather-panel {{ animation-delay: 0.3s; }}
    317 | |     .location-panel {{ animation-delay: 0.4s; }}
    318 | |     .mood-panel {{ animation-delay: 0.5s; }}
    319 | |     
    320 | |     .decorative-accent {{
    321 | |       animation: pulse 3s infinite;
    322 | |     }}
    323 | |     
    324 | |     text {{
    325 | |       user-select: none;
    326 | |     }}
    327 | |   </style>"""
        | |_____________^ F541
        |
        = help: Remove extraneous `f` prefix
    
    Found 5 errors.
    [*] 3 fixable with the `--fix` option (2 hidden fixes can be enabled with the `--unsafe-fixes` option).

❌ [ERROR] scripts/generate-location-card.py
    scripts/generate-location-card.py:11:20: F401 [*] `typing.Dict` imported but unused
       |
     9 | import sys
    10 | from pathlib import Path
    11 | from typing import Dict, Any
       |                    ^^^^ F401
    12 |
    13 | from lib.utils import (
       |
       = help: Remove unused import
    
    scripts/generate-location-card.py:11:26: F401 [*] `typing.Any` imported but unused
       |
     9 | import sys
    10 | from pathlib import Path
    11 | from typing import Dict, Any
       |                          ^^^ F401
    12 |
    13 | from lib.utils import (
       |
       = help: Remove unused import
    
    scripts/generate-location-card.py:15:5: F401 [*] `lib.utils.load_json` imported but unused
       |
    13 | from lib.utils import (
    14 |     escape_xml,
    15 |     load_json,
       |     ^^^^^^^^^ F401
    16 |     try_load_json,
    17 |     load_theme,
       |
       = help: Remove unused import
    
    scripts/generate-location-card.py:24:5: F401 [*] `lib.utils.format_timestamp_local` imported but unused
       |
    22 |     get_theme_card_dimension,
    23 |     get_theme_border_radius,
    24 |     format_timestamp_local,
       |     ^^^^^^^^^^^^^^^^^^^^^^ F401
    25 |     format_time_since,
    26 |     is_data_stale,
       |
       = help: Remove unused import
    
    scripts/generate-location-card.py:29:5: F401 [*] `lib.utils.log_fallback_used` imported but unused
       |
    27 |     optimize_image_file,
    28 |     fallback_exists,
    29 |     log_fallback_used,
       |     ^^^^^^^^^^^^^^^^^ F401
    30 |     handle_error_with_fallback,
    31 | )
       |
       = help: Remove unused import
    
    scripts/generate-location-card.py:101:5: F841 Local variable `font_size_base` is assigned to but never used
        |
    100 |     # Font sizes from theme
    101 |     font_size_base = get_theme_font_size("base")
        |     ^^^^^^^^^^^^^^ F841
    102 |     font_size_lg = get_theme_font_size("lg")
    103 |     font_size_xl = get_theme_font_size("xl")
        |
        = help: Remove assignment to unused variable `font_size_base`
    
    scripts/generate-location-card.py:248:15: F541 [*] f-string without any placeholders
        |
    246 |     metadata, error = try_load_json(metadata_path, "Metadata file")
    247 |     if error or metadata is None:
    248 |         print(f"❌ FAILURE: Cannot read location metadata", file=sys.stderr)
        |               ^^^^^^^^^^^^^^^^^^^^^^^^^^^^^^^^^^^^^^^^^^^^ F541
    249 |         print(f"   → {error}", file=sys.stderr)
    250 |         print(f"   → Check if {metadata_path} exists and is valid JSON", file=sys.stderr)
        |
        = help: Remove extraneous `f` prefix
    
    scripts/generate-location-card.py:260:15: F541 [*] f-string without any placeholders
        |
    258 |         error_msg = "Missing 'location' field in metadata"
    259 |         print(f"❌ FAILURE: {error_msg}", file=sys.stderr)
    260 |         print(f"   → The metadata file is missing required fields", file=sys.stderr)
        |               ^^^^^^^^^^^^^^^^^^^^^^^^^^^^^^^^^^^^^^^^^^^^^^^^^^^^ F541
    261 |         if handle_error_with_fallback("location", error_msg, output_path, has_fallback):
    262 |             print(f"   → Using fallback location SVG card: {output_path}", file=sys.stderr)
        |
        = help: Remove extraneous `f` prefix
    
    scripts/generate-location-card.py:270:15: F541 [*] f-string without any placeholders
        |
    268 |         error_msg = "Missing coordinates in metadata"
    269 |         print(f"❌ FAILURE: {error_msg}", file=sys.stderr)
    270 |         print(f"   → The metadata file is missing latitude/longitude", file=sys.stderr)
        |               ^^^^^^^^^^^^^^^^^^^^^^^^^^^^^^^^^^^^^^^^^^^^^^^^^^^^^^^ F541
    271 |         if handle_error_with_fallback("location", error_msg, output_path, has_fallback):
    272 |             print(f"   → Using fallback location SVG card: {output_path}", file=sys.stderr)
        |
        = help: Remove extraneous `f` prefix
    
    scripts/generate-location-card.py:282:15: F541 [*] f-string without any placeholders
        |
    280 |         error_msg = f"Map image not found: {map_path}"
    281 |         print(f"❌ FAILURE: {error_msg}", file=sys.stderr)
    282 |         print(f"   → The map download may have failed", file=sys.stderr)
        |               ^^^^^^^^^^^^^^^^^^^^^^^^^^^^^^^^^^^^^^^^ F541
    283 |         print(f"   → Check debug_map_response.txt in the location directory", file=sys.stderr)
    284 |         if handle_error_with_fallback("location", error_msg, output_path, has_fallback):
        |
        = help: Remove extraneous `f` prefix
    
    scripts/generate-location-card.py:283:15: F541 [*] f-string without any placeholders
        |
    281 |         print(f"❌ FAILURE: {error_msg}", file=sys.stderr)
    282 |         print(f"   → The map download may have failed", file=sys.stderr)
    283 |         print(f"   → Check debug_map_response.txt in the location directory", file=sys.stderr)
        |               ^^^^^^^^^^^^^^^^^^^^^^^^^^^^^^^^^^^^^^^^^^^^^^^^^^^^^^^^^^^^^^ F541
    284 |         if handle_error_with_fallback("location", error_msg, output_path, has_fallback):
    285 |             print(f"   → Using fallback location SVG card: {output_path}", file=sys.stderr)
        |
        = help: Remove extraneous `f` prefix
    
    scripts/generate-location-card.py:291:15: F541 [*] f-string without any placeholders
        |
    289 |         error_msg = f"Failed to read map image: {e}"
    290 |         print(f"❌ FAILURE: {error_msg}", file=sys.stderr)
    291 |         print(f"   → Check file permissions and disk space", file=sys.stderr)
        |               ^^^^^^^^^^^^^^^^^^^^^^^^^^^^^^^^^^^^^^^^^^^^^ F541
    292 |         if handle_error_with_fallback("location", error_msg, output_path, has_fallback):
    293 |             print(f"   → Using fallback location SVG card: {output_path}", file=sys.stderr)
        |
        = help: Remove extraneous `f` prefix
    
    scripts/generate-location-card.py:299:15: F541 [*] f-string without any placeholders
        |
    297 |         error_msg = f"Failed to encode map image: {e}"
    298 |         print(f"❌ FAILURE: {error_msg}", file=sys.stderr)
    299 |         print(f"   → The map file may be corrupted or in an unsupported format", file=sys.stderr)
        |               ^^^^^^^^^^^^^^^^^^^^^^^^^^^^^^^^^^^^^^^^^^^^^^^^^^^^^^^^^^^^^^^^^ F541
    300 |         if handle_error_with_fallback("location", error_msg, output_path, has_fallback):
    301 |             print(f"   → Using fallback location SVG card: {output_path}", file=sys.stderr)
        |
        = help: Remove extraneous `f` prefix
    
    scripts/generate-location-card.py:311:15: F541 [*] f-string without any placeholders
        |
    309 | …     error_msg = "Map image encoding produced empty or invalid result"
    310 | …     print(f"❌ FAILURE: {error_msg}", file=sys.stderr)
    311 | …     print(f"   → The map file may be empty or corrupted", file=sys.stderr)
        |             ^^^^^^^^^^^^^^^^^^^^^^^^^^^^^^^^^^^^^^^^^^^^^^ F541
    312 | …     print(f"   → Encoded length: {len(map_image_base64) if map_image_base64 else 0} (minimum: {MIN_BASE64_LENGTH})", file=sys.stder…
    313 | …     if handle_error_with_fallback("location", error_msg, output_path, has_fallback):
        |
        = help: Remove extraneous `f` prefix
    
    scripts/generate-location-card.py:334:15: F541 [*] f-string without any placeholders
        |
    332 |         error_msg = f"SVG generation failed: {e}"
    333 |         print(f"❌ FAILURE: {error_msg}", file=sys.stderr)
    334 |         print(f"   → Check theme configuration and template rendering", file=sys.stderr)
        |               ^^^^^^^^^^^^^^^^^^^^^^^^^^^^^^^^^^^^^^^^^^^^^^^^^^^^^^^^ F541
    335 |         if handle_error_with_fallback("location", error_msg, output_path, has_fallback):
    336 |             print(f"   → Using fallback location SVG card: {output_path}", file=sys.stderr)
        |
        = help: Remove extraneous `f` prefix
    
    scripts/generate-location-card.py:344:15: F541 [*] f-string without any placeholders
        |
    342 |         error_msg = "Generated SVG appears invalid (missing <svg> tag)"
    343 |         print(f"❌ FAILURE: {error_msg}", file=sys.stderr)
    344 |         print(f"   → SVG template rendering produced unexpected output", file=sys.stderr)
        |               ^^^^^^^^^^^^^^^^^^^^^^^^^^^^^^^^^^^^^^^^^^^^^^^^^^^^^^^^^ F541
    345 |         if handle_error_with_fallback("location", error_msg, output_path, has_fallback):
    346 |             print(f"   → Using fallback location SVG card: {output_path}", file=sys.stderr)
        |
        = help: Remove extraneous `f` prefix
    
    scripts/generate-location-card.py:354:15: F541 [*] f-string without any placeholders
        |
    352 |         error_msg = "SVG does not contain embedded map image"
    353 |         print(f"❌ FAILURE: {error_msg}", file=sys.stderr)
    354 |         print(f"   → The map image failed to embed in the SVG", file=sys.stderr)
        |               ^^^^^^^^^^^^^^^^^^^^^^^^^^^^^^^^^^^^^^^^^^^^^^^^ F541
    355 |         if handle_error_with_fallback("location", error_msg, output_path, has_fallback):
    356 |             print(f"   → Using fallback location SVG card: {output_path}", file=sys.stderr)
        |
        = help: Remove extraneous `f` prefix
    
    scripts/generate-location-card.py:372:15: F541 [*] f-string without any placeholders
        |
    370 |         error_msg = f"Failed to write SVG: {e}"
    371 |         print(f"❌ FAILURE: {error_msg}", file=sys.stderr)
    372 |         print(f"   → Check disk space and file permissions", file=sys.stderr)
        |               ^^^^^^^^^^^^^^^^^^^^^^^^^^^^^^^^^^^^^^^^^^^^^ F541
    373 |         if handle_error_with_fallback("location", error_msg, output_path, has_fallback):
    374 |             print(f"   → Using fallback location SVG card: {output_path}", file=sys.stderr)
        |
        = help: Remove extraneous `f` prefix
    
    Found 18 errors.
    [*] 17 fixable with the `--fix` option (1 hidden fix can be enabled with the `--unsafe-fixes` option).

❌ [ERROR] scripts/generate-oura-mood-card.py
    scripts/generate-oura-mood-card.py:17:5: F401 [*] `lib.utils.load_json` imported but unused
       |
    15 |     escape_xml,
    16 |     safe_value,
    17 |     load_json,
       |     ^^^^^^^^^ F401
    18 |     try_load_json,
    19 |     generate_sparkline_path,
       |
       = help: Remove unused import
    
    scripts/generate-oura-mood-card.py:32:5: F401 [*] `lib.utils.format_timestamp_local` imported but unused
       |
    30 |     get_theme_decorative_accent_value,
    31 |     get_theme_chart_color,
    32 |     format_timestamp_local,
       |     ^^^^^^^^^^^^^^^^^^^^^^ F401
    33 |     format_time_since,
    34 |     is_data_stale,
       |
       = help: Remove unused import
    
    scripts/generate-oura-mood-card.py:36:5: F401 [*] `lib.utils.log_fallback_used` imported but unused
       |
    34 |     is_data_stale,
    35 |     fallback_exists,
    36 |     log_fallback_used,
       |     ^^^^^^^^^^^^^^^^^ F401
    37 |     handle_error_with_fallback,
    38 | )
       |
       = help: Remove unused import
    
    scripts/generate-oura-mood-card.py:86:5: F841 Local variable `theme` is assigned to but never used
       |
    84 |     """Generate a horizontal score bar."""
    85 |     # Load colors from theme
    86 |     theme = load_theme()
       |     ^^^^^ F841
    87 |     font_family = get_theme_typography("font_family")
    88 |     font_size_base = get_theme_font_size("base")
       |
       = help: Remove assignment to unused variable `theme`
    
    scripts/generate-oura-mood-card.py:180:5: F841 Local variable `temp_deviation` is assigned to but never used
        |
    178 |     hrv = raw_scores.get("hrv")
    179 |     resting_hr = raw_scores.get("resting_hr")
    180 |     temp_deviation = raw_scores.get("temp_deviation")
        |     ^^^^^^^^^^^^^^ F841
    181 |
    182 |     # Get interpretations
        |
        = help: Remove assignment to unused variable `temp_deviation`
    
    scripts/generate-oura-mood-card.py:183:5: F841 Local variable `interpreted` is assigned to but never used
        |
    182 |     # Get interpretations
    183 |     interpreted = mood.get("interpreted_metrics", {})
        |     ^^^^^^^^^^^ F841
    184 |
    185 |     # Get timestamp
        |
        = help: Remove assignment to unused variable `interpreted`
    
    scripts/generate-oura-mood-card.py:208:27: F821 Undefined name `accent_hr`
        |
    206 |         # Use warning color if data is stale
    207 |         if is_stale:
    208 |             badge_color = accent_hr  # Warning/error color
        |                           ^^^^^^^^^ F821
    209 |             badge_icon = "⚠️ "
    210 |         else:
        |
    
    scripts/generate-oura-mood-card.py:218:64: F821 Undefined name `font_size_xs`
        |
    216 |   <!-- Staleness Badge -->
    217 |   <g transform="translate({card_width - 10}, 10)">
    218 |     <text x="0" y="12" font-family="{font_family}" font-size="{font_size_xs}" fill="{badge_color}" text-anchor="end">
        |                                                                ^^^^^^^^^^^^ F821
    219 |       {badge_icon}Updated: {time_since_escaped}
    220 |     </text>
        |
    
    Found 8 errors.
    [*] 3 fixable with the `--fix` option (3 hidden fixes can be enabled with the `--unsafe-fixes` option).

❌ [ERROR] scripts/generate-status-page.py
    scripts/generate-status-page.py:70:5: F841 Local variable `theme` is assigned to but never used
       |
    69 |     # Theme configuration
    70 |     theme = load_theme()
       |     ^^^^^ F841
    71 |     bg_color = get_theme_color("background", "primary", "#0d1117")
    72 |     card_bg = get_theme_color("background", "secondary", "#161b22")
       |
       = help: Remove assignment to unused variable `theme`
    
    scripts/generate-status-page.py:72:5: F841 Local variable `card_bg` is assigned to but never used
       |
    70 |     theme = load_theme()
    71 |     bg_color = get_theme_color("background", "primary", "#0d1117")
    72 |     card_bg = get_theme_color("background", "secondary", "#161b22")
       |     ^^^^^^^ F841
    73 |     text_color = get_theme_color("text", "primary", "#c9d1d9")
    74 |     text_secondary = get_theme_color("text", "secondary", "#8b949e")
       |
       = help: Remove assignment to unused variable `card_bg`
    
    scripts/generate-status-page.py:80:5: F841 Local variable `spacing_md` is assigned to but never used
       |
    78 |     font_size_base = get_theme_font_size("base", 14)
    79 |     font_size_sm = get_theme_font_size("sm", 12)
    80 |     spacing_md = get_theme_spacing("md", 16)
       |     ^^^^^^^^^^ F841
    81 |     
    82 |     # Calculate dimensions
       |
       = help: Remove assignment to unused variable `spacing_md`
    
    Found 3 errors.
    No fixes available (3 hidden fixes can be enabled with the `--unsafe-fixes` option).

❌ [ERROR] scripts/generate-summary-card.py
    scripts/generate-summary-card.py:13:8: F401 [*] `json` imported but unused
       |
    12 | import sys
    13 | import json
       |        ^^^^ F401
    14 | from pathlib import Path
    15 | from datetime import datetime, timezone
       |
       = help: Remove unused import: `json`
    
    scripts/generate-summary-card.py:25:5: F401 [*] `lib.utils.get_theme_font_size` imported but unused
       |
    23 |     get_theme_gradient,
    24 |     get_theme_typography,
    25 |     get_theme_font_size,
       |     ^^^^^^^^^^^^^^^^^^^ F401
    26 |     get_theme_border_radius,
    27 |     format_timestamp_local,
       |
       = help: Remove unused import: `lib.utils.get_theme_font_size`
    
    Found 2 errors.
    [*] 2 fixable with the `--fix` option.

❌ [ERROR] scripts/generate-themed-dashboard.py
    scripts/generate-themed-dashboard.py:14:8: F401 [*] `json` imported but unused
       |
    12 | import sys
    13 | import os
    14 | import json
       |        ^^^^ F401
    15 | from pathlib import Path
    16 | from datetime import datetime, timezone
       |
       = help: Remove unused import: `json`
    
    scripts/generate-themed-dashboard.py:29:5: F401 [*] `utils.get_theme_font_size` imported but unused
       |
    27 |     get_theme_gradient,
    28 |     get_theme_typography,
    29 |     get_theme_font_size,
       |     ^^^^^^^^^^^^^^^^^^^ F401
    30 |     get_theme_border_radius,
    31 |     format_timestamp_local,
       |
       = help: Remove unused import: `utils.get_theme_font_size`
    
    scripts/generate-themed-dashboard.py:270:5: F841 Local variable `text_primary` is assigned to but never used
        |
    268 |     font_family = get_theme_typography("font_family")
    269 |     bg_gradient = get_theme_gradient("background.dark")
    270 |     text_primary = get_theme_color("text", "primary")
        |     ^^^^^^^^^^^^ F841
    271 |     text_muted = get_theme_color("text", "muted")
    272 |     accent_teal = get_theme_color("text", "accent")
        |
        = help: Remove assignment to unused variable `text_primary`
    
    Found 3 errors.
    [*] 2 fixable with the `--fix` option (1 hidden fix can be enabled with the `--unsafe-fixes` option).

❌ [ERROR] scripts/generate-weather-card.py
    scripts/generate-weather-card.py:8:21: F401 [*] `pathlib.Path` imported but unused
       |
     7 | import sys
     8 | from pathlib import Path
       |                     ^^^^ F401
     9 | from datetime import datetime
    10 | from typing import Dict, Any
       |
       = help: Remove unused import: `pathlib.Path`
    
    scripts/generate-weather-card.py:10:20: F401 [*] `typing.Dict` imported but unused
       |
     8 | from pathlib import Path
     9 | from datetime import datetime
    10 | from typing import Dict, Any
       |                    ^^^^ F401
    11 |
    12 | from lib.utils import (
       |
       = help: Remove unused import
    
    scripts/generate-weather-card.py:10:26: F401 [*] `typing.Any` imported but unused
       |
     8 | from pathlib import Path
     9 | from datetime import datetime
    10 | from typing import Dict, Any
       |                          ^^^ F401
    11 |
    12 | from lib.utils import (
       |
       = help: Remove unused import
    
    scripts/generate-weather-card.py:14:5: F401 [*] `lib.utils.load_and_validate_json` imported but unused
       |
    12 | from lib.utils import (
    13 |     escape_xml,
    14 |     load_and_validate_json,
       |     ^^^^^^^^^^^^^^^^^^^^^^ F401
    15 |     load_theme,
    16 |     get_theme_color,
       |
       = help: Remove unused import
    
    scripts/generate-weather-card.py:22:5: F401 [*] `lib.utils.format_timestamp_local` imported but unused
       |
    20 |     get_theme_card_dimension,
    21 |     get_theme_border_radius,
    22 |     format_timestamp_local,
       |     ^^^^^^^^^^^^^^^^^^^^^^ F401
    23 |     format_time_since,
    24 |     is_data_stale,
       |
       = help: Remove unused import
    
    scripts/generate-weather-card.py:125:5: F841 Local variable `font_size_base` is assigned to but never used
        |
    124 |     # Font sizes from theme
    125 |     font_size_base = get_theme_font_size("base")
        |     ^^^^^^^^^^^^^^ F841
    126 |     font_size_lg = get_theme_font_size("lg")
    127 |     font_size_lg_plus = get_theme_font_size("lg-plus")
        |
        = help: Remove assignment to unused variable `font_size_base`
    
    Found 6 errors.
    [*] 5 fixable with the `--fix` option (1 hidden fix can be enabled with the `--unsafe-fixes` option).

❌ [ERROR] scripts/generate_megalinter_summary.py
    scripts/generate_megalinter_summary.py:151:13: F841 Local variable `severity` is assigned to but never used
        |
    149 |         else:
    150 |             status = f"❌ **{self.errors} errors found**"
    151 |             severity = "error"
        |             ^^^^^^^^ F841
    152 |
    153 |         lines.extend(
        |
        = help: Remove assignment to unused variable `severity`
    
    Found 1 error.
    No fixes available (1 hidden fix can be enabled with the `--unsafe-fixes` option).

✅ [SUCCESS] scripts/incremental-generate.py
✅ [SUCCESS] scripts/inject-footer.py
✅ [SUCCESS] scripts/lib/__init__.py
✅ [SUCCESS] scripts/lib/card_base.py
✅ [SUCCESS] scripts/lib/change_detection.py
❌ [ERROR] scripts/lib/data_quality.py
    scripts/lib/data_quality.py:12:8: F401 [*] `json` imported but unused
       |
    10 | """
    11 |
    12 | import json
       |        ^^^^ F401
    13 | import logging
    14 | import math
       |
       = help: Remove unused import: `json`
    
    Found 1 error.
    [*] 1 fixable with the `--fix` option.

✅ [SUCCESS] scripts/lib/logging_utils.py
✅ [SUCCESS] scripts/lib/metrics.py
❌ [ERROR] scripts/lib/utils.py
    scripts/lib/utils.py:41:12: F401 `jsonschema` imported but unused; consider using `importlib.util.find_spec` to test for availability
       |
    40 | try:
    41 |     import jsonschema
       |            ^^^^^^^^^^ F401
    42 |     from jsonschema import validate, ValidationError
    43 |     JSONSCHEMA_AVAILABLE = True
       |
       = help: Remove unused import: `jsonschema`
    
    Found 1 error.

❌ [ERROR] scripts/lib/weather_alerts.py
    scripts/lib/weather_alerts.py:43:5: F841 Local variable `alerts` is assigned to but never used
       |
    41 |         95-99: Thunderstorm
    42 |     """
    43 |     alerts: List[Tuple[str, str, str]] = []
       |     ^^^^^^ F841
    44 |     
    45 |     # Thunderstorm alerts (95-99)
       |
       = help: Remove assignment to unused variable `alerts`
    
    Found 1 error.
    No fixes available (1 hidden fix can be enabled with the `--unsafe-fixes` option).

✅ [SUCCESS] scripts/log_summary.py
❌ [ERROR] scripts/oura-mood-engine.py
    scripts/oura-mood-engine.py:14:23: F401 [*] `lib.utils.safe_get` imported but unused
       |
    12 | from typing import Any, Dict
    13 |
    14 | from lib.utils import safe_get, load_json
       |                       ^^^^^^^^ F401
       |
       = help: Remove unused import: `lib.utils.safe_get`
    
    scripts/oura-mood-engine.py:111:5: F841 Local variable `temp_deviation` is assigned to but never used
        |
    109 |     activity_score = normalize_score(metrics.get("activity_score"))
    110 |     hrv = normalize_score(metrics.get("hrv"))
    111 |     temp_deviation = normalize_score(metrics.get("temp_deviation"))
        |     ^^^^^^^^^^^^^^ F841
    112 |
    113 |     # Decision tree for mood classification
        |
        = help: Remove assignment to unused variable `temp_deviation`
    
    Found 2 errors.
    [*] 1 fixable with the `--fix` option (1 hidden fix can be enabled with the `--unsafe-fixes` option).

✅ [SUCCESS] scripts/record-workflow-metrics.py
✅ [SUCCESS] scripts/store-historical-snapshot.py
✅ [SUCCESS] scripts/update-readme.py
❌ [ERROR] scripts/validate-data-quality.py
    scripts/validate-data-quality.py:13:20: F401 [*] `typing.Optional` imported but unused
       |
    11 | import json
    12 | from pathlib import Path
    13 | from typing import Optional, Dict, Any
       |                    ^^^^^^^^ F401
    14 |
    15 | # Add parent directory to path for imports
       |
       = help: Remove unused import
    
    scripts/validate-data-quality.py:13:30: F401 [*] `typing.Dict` imported but unused
       |
    11 | import json
    12 | from pathlib import Path
    13 | from typing import Optional, Dict, Any
       |                              ^^^^ F401
    14 |
    15 | # Add parent directory to path for imports
       |
       = help: Remove unused import
    
    scripts/validate-data-quality.py:13:36: F401 [*] `typing.Any` imported but unused
       |
    11 | import json
    12 | from pathlib import Path
    13 | from typing import Optional, Dict, Any
       |                                    ^^^ F401
    14 |
    15 | # Add parent directory to path for imports
       |
       = help: Remove unused import
    
    Found 3 errors.
    [*] 3 fixable with the `--fix` option.

✅ [SUCCESS] tests/__init__.py
❌ [ERROR] tests/test_card_generators.py
    tests/test_card_generators.py:11:8: F401 [*] `pytest` imported but unused
       |
     9 | """
    10 |
    11 | import pytest
       |        ^^^^^^ F401
    12 | import sys
    13 | import os
       |
       = help: Remove unused import: `pytest`
    
    Found 1 error.
    [*] 1 fixable with the `--fix` option.

❌ [ERROR] tests/test_change_detection.py
    tests/test_change_detection.py:7:8: F401 [*] `subprocess` imported but unused
      |
    6 | import json
    7 | import subprocess
      |        ^^^^^^^^^^ F401
    8 | import tempfile
    9 | from pathlib import Path
      |
      = help: Remove unused import: `subprocess`
    
    tests/test_change_detection.py:11:8: F401 [*] `pytest` imported but unused
       |
     9 | from pathlib import Path
    10 |
    11 | import pytest
       |        ^^^^^^ F401
    12 |
    13 | # Import the module to test
       |
       = help: Remove unused import: `pytest`
    
    tests/test_change_detection.py:291:16: F811 [*] Redefinition of unused `subprocess` from line 7
        |
    289 |         """Test that generator script path is validated for security."""
    290 |         # Test the validation logic by calling the wrapper as subprocess
    291 |         import subprocess
        |                ^^^^^^^^^^ F811
    292 |         
    293 |         with tempfile.TemporaryDirectory() as tmpdir:
        |
        = help: Remove definition: `subprocess`
    
    Found 3 errors.
    [*] 3 fixable with the `--fix` option.

❌ [ERROR] tests/test_data_quality.py
    tests/test_data_quality.py:6:8: F401 [*] `pytest` imported but unused
      |
    4 | """
    5 |
    6 | import pytest
      |        ^^^^^^ F401
    7 | import sys
    8 | import os
      |
      = help: Remove unused import: `pytest`
    
    Found 1 error.
    [*] 1 fixable with the `--fix` option.

❌ [ERROR] tests/test_developer_dashboard.py
    tests/test_developer_dashboard.py:11:8: F401 [*] `pytest` imported but unused
       |
     9 | import tempfile
    10 |
    11 | import pytest
       |        ^^^^^^ F401
    12 |
    13 | # Add scripts directory to path for imports
       |
       = help: Remove unused import: `pytest`
    
    Found 1 error.
    [*] 1 fixable with the `--fix` option.

❌ [ERROR] tests/test_fallback.py
    tests/test_fallback.py:9:8: F401 [*] `tempfile` imported but unused
       |
     7 | import os
     8 | import sys
     9 | import tempfile
       |        ^^^^^^^^ F401
    10 | from pathlib import Path
    11 | from unittest.mock import patch
       |
       = help: Remove unused import: `tempfile`
    
    tests/test_fallback.py:10:21: F401 [*] `pathlib.Path` imported but unused
       |
     8 | import sys
     9 | import tempfile
    10 | from pathlib import Path
       |                     ^^^^ F401
    11 | from unittest.mock import patch
       |
       = help: Remove unused import: `pathlib.Path`
    
    tests/test_fallback.py:11:27: F401 [*] `unittest.mock.patch` imported but unused
       |
     9 | import tempfile
    10 | from pathlib import Path
    11 | from unittest.mock import patch
       |                           ^^^^^ F401
    12 |
    13 | import pytest
       |
       = help: Remove unused import: `unittest.mock.patch`
    
    Found 3 errors.
    [*] 3 fixable with the `--fix` option.

❌ [ERROR] tests/test_location_diagnostics.py
    tests/test_location_diagnostics.py:17:8: F401 [*] `pytest` imported but unused
       |
    15 | from PIL import Image
    16 |
    17 | import pytest
       |        ^^^^^^ F401
    18 |
    19 | # Add scripts directory to path for imports
       |
       = help: Remove unused import: `pytest`
    
    Found 1 error.
    [*] 1 fixable with the `--fix` option.

✅ [SUCCESS] tests/test_log_summary.py
✅ [SUCCESS] tests/test_mapbox_integration.py
❌ [ERROR] tests/test_metrics.py
    tests/test_metrics.py:20:5: F401 [*] `lib.metrics.save_workflow_metrics` imported but unused
       |
    18 |     record_workflow_run,
    19 |     load_workflow_metrics,
    20 |     save_workflow_metrics,
       |     ^^^^^^^^^^^^^^^^^^^^^ F401
    21 |     check_failure_threshold,
    22 |     reset_failure_count,
       |
       = help: Remove unused import: `lib.metrics.save_workflow_metrics`
    
    Found 1 error.
    [*] 1 fixable with the `--fix` option.

✅ [SUCCESS] tests/test_theme_validation.py
❌ [ERROR] tests/test_time_utils.py
    tests/test_time_utils.py:6:8: F401 [*] `pytest` imported but unused
      |
    4 | """
    5 |
    6 | import pytest
      |        ^^^^^^ F401
    7 | from datetime import datetime, timezone, timedelta
    8 | from scripts.lib.utils import format_time_since, is_data_stale
      |
      = help: Remove unused import: `pytest`
    
    Found 1 error.
    [*] 1 fixable with the `--fix` option.

❌ [ERROR] tests/test_utils.py
    tests/test_utils.py:6:8: F401 [*] `pytest` imported but unused
      |
    4 | """
    5 |
    6 | import pytest
      |        ^^^^^^ F401
    7 | import sys
    8 | import os
      |
      = help: Remove unused import: `pytest`
    
    tests/test_utils.py:209:9: F841 Local variable `values` is assigned to but never used
        |
    207 |     def test_all_none_values(self):
    208 |         """Test sparkline with all None values returns flat line."""
    209 |         values = [None, None, None]
        |         ^^^^^^ F841
    210 |         path = generate_sparkline_path([None, None, None], width=100, height=25)
    211 |         assert "M0,12" in path or "M0,12.5" in path
        |
        = help: Remove assignment to unused variable `values`
    
    Found 2 errors.
    [*] 1 fixable with the `--fix` option (1 hidden fix can be enabled with the `--unsafe-fixes` option).

