Results of gitleaks linter (version 8.27.2)
See documentation on https://megalinter.io/8.8.0/descriptors/repository_gitleaks/
-----------------------------------------------

❌ [ERROR] for workspace /github/workspace
Linter raw log:

    ○
    │╲
    │ ○
    ○ ░
    ░    gitleaks

Finding:     - Image Revision: REDACTED
Secret:      REDACTED
RuleID:      sourcegraph-access-token
Entropy:     3.846439
File:        logs/megalinter/mega-linter.log
Line:        5
Commit:      HIDDEN_BY_MEGALINTERAuthor:      Alan Szmyt
Email:       szmyty@gmail.com
Date:        2025-12-05T04:45:47Z
Fingerprint: 75d8b317687153b8e8adc213317ec226964f34a0:logs/megalinter/mega-linter.log:sourcegraph-access-token:5
Link:        https://github.com/szmyty/profile/blob/75d8b317687153b8e8adc213317ec226964f34a0/logs/megalinter/mega-linter.log#L5

Finding:     - Image Revision: REDACTED
Secret:      REDACTED
RuleID:      sourcegraph-access-token
Entropy:     3.846439
File:        logs/megalinter/updated_sources/logs/megalinter/mega-linter.log
Line:        5
Commit:      HIDDEN_BY_MEGALINTERAuthor:      Alan Szmyt
Email:       szmyty@gmail.com
Date:        2025-12-05T04:45:47Z
Fingerprint: 75d8b317687153b8e8adc213317ec226964f34a0:logs/megalinter/updated_sources/logs/megalinter/mega-linter.log:sourcegraph-access-token:5
Link:        https://github.com/szmyty/profile/blob/75d8b317687153b8e8adc213317ec226964f34a0/logs/megalinter/updated_sources/logs/megalinter/mega-linter.log#L5

5:11AM INF 1 commits scanned.
5:11AM INF scanned ~19151811 bytes (19.15 MB) in 53.1s
5:11AM WRN leaks found: 2

