Results of jsonlint linter (version 16.0.0)
See documentation on https://megalinter.io/8.8.0/descriptors/json_jsonlint/
-----------------------------------------------

✅ [SUCCESS] .devcontainer/devcontainer.json
✅ [SUCCESS] .vscode/extensions.json
✅ [SUCCESS] .vscode/launch.json
❌ [ERROR] .vscode/settings.json
    File: .vscode/settings.json
    Parse error on line 80, column 5:
    ...OnSave": false,    },    "cSpell.words...
    ----------------------^
    Trailing comma in object

✅ [SUCCESS] .vscode/tasks.json
✅ [SUCCESS] assets/metadata.json
✅ [SUCCESS] config/META6.json
✅ [SUCCESS] config/pyrightconfig.json
✅ [SUCCESS] config/styles/proselint/meta.json
✅ [SUCCESS] config/styles/write-good/meta.json
✅ [SUCCESS] config/theme.json
✅ [SUCCESS] dashboard-app/package-lock.json
✅ [SUCCESS] dashboard-app/package.json
✅ [SUCCESS] dashboard-app/public/achievements/achievements.json
✅ [SUCCESS] dashboard-app/public/ai/identity.json
✅ [SUCCESS] dashboard-app/public/config/theme.json
✅ [SUCCESS] dashboard-app/public/developer/stats.json
✅ [SUCCESS] dashboard-app/public/location/location.json
✅ [SUCCESS] dashboard-app/public/oura/metrics.json
✅ [SUCCESS] dashboard-app/public/oura/mood.json
✅ [SUCCESS] dashboard-app/public/soundcloud/latest.json
✅ [SUCCESS] dashboard-app/public/weather/weather.json
❌ [ERROR] dashboard-app/tsconfig.app.json
    File: dashboard-app/tsconfig.app.json
    Parse error on line 11, column 5:
    ...bCheck": true,    /* Bundler mode */ ...
    ---------------------^
    Unexpected token "/"

✅ [SUCCESS] dashboard-app/tsconfig.json
❌ [ERROR] dashboard-app/tsconfig.node.json
    File: dashboard-app/tsconfig.node.json
    Parse error on line 10, column 5:
    ...bCheck": true,    /* Bundler mode */ ...
    ---------------------^
    Unexpected token "/"

✅ [SUCCESS] data/metrics/developer.json
✅ [SUCCESS] data/metrics/location.json
✅ [SUCCESS] data/metrics/oura.json
✅ [SUCCESS] data/metrics/parallel-fetch.json
✅ [SUCCESS] data/metrics/soundcloud.json
✅ [SUCCESS] data/metrics/test-workflow.json
✅ [SUCCESS] data/metrics/weather.json
✅ [SUCCESS] data/mock/developer-stats.json
✅ [SUCCESS] data/mock/oura-metrics.json
✅ [SUCCESS] data/mock/soundcloud-metadata.json
✅ [SUCCESS] data/mock/weather.json
✅ [SUCCESS] data/snapshots/daily/2025/12/2025-12-03.json
✅ [SUCCESS] data/snapshots/monthly/2025-12.json
✅ [SUCCESS] data/snapshots/weekly/2025-W49.json
✅ [SUCCESS] data/timezone.json
✅ [SUCCESS] developer/stats.json
✅ [SUCCESS] location/location.json
✅ [SUCCESS] oura/health_snapshot.json
✅ [SUCCESS] oura/metrics.json
✅ [SUCCESS] oura/mood.json
✅ [SUCCESS] schemas/developer-stats.schema.json
✅ [SUCCESS] schemas/health-snapshot.schema.json
✅ [SUCCESS] schemas/oura-metrics.schema.json
✅ [SUCCESS] schemas/soundcloud-track.schema.json
✅ [SUCCESS] schemas/theme.schema.json
✅ [SUCCESS] schemas/weather.schema.json
✅ [SUCCESS] soundcloud/last-success.json
✅ [SUCCESS] soundcloud/latest.json
✅ [SUCCESS] weather/debug_nominatim.json
✅ [SUCCESS] weather/weather.json
