Results of git_diff linter (version 2.47.2)
See documentation on https://megalinter.io/8.8.0/descriptors/repository_git_diff/
-----------------------------------------------

❌ [ERROR] for workspace /github/workspace
Linter raw log:
warning: in the working copy of 'logs/megalinter/linters_logs/WARNING-REPOSITORY_KICS.log', CRLF will be replaced by LF the next time Git touches it
logs/megalinter/linters_logs/WARNING-EDITORCONFIG_EDITORCONFIG_CHECKER.log:119: space before tab in indent.
+    	29: Trailing whitespace
logs/megalinter/linters_logs/WARNING-EDITORCONFIG_EDITORCONFIG_CHECKER.log:120: space before tab in indent.
+    	47: Trailing whitespace
logs/megalinter/linters_logs/WARNING-EDITORCONFIG_EDITORCONFIG_CHECKER.log:121: space before tab in indent.
+    	54: Trailing whitespace
logs/megalinter/linters_logs/WARNING-EDITORCONFIG_EDITORCONFIG_CHECKER.log:122: space before tab in indent.
+    	61: Trailing whitespace
logs/megalinter/linters_logs/WARNING-EDITORCONFIG_EDITORCONFIG_CHECKER.log:123: space before tab in indent.
+    	64: Trailing whitespace
logs/megalinter/linters_logs/WARNING-EDITORCONFIG_EDITORCONFIG_CHECKER.log:124: space before tab in indent.
+    	98: Trailing whitespace
logs/megalinter/linters_logs/WARNING-EDITORCONFIG_EDITORCONFIG_CHECKER.log:125: space before tab in indent.
+    	101: Trailing whitespace
logs/megalinter/linters_logs/WARNING-EDITORCONFIG_EDITORCONFIG_CHECKER.log:126: space before tab in indent.
+    	106: Trailing whitespace
logs/megalinter/linters_logs/WARNING-EDITORCONFIG_EDITORCONFIG_CHECKER.log:127: space before tab in indent.
+    	109: Trailing whitespace
logs/megalinter/linters_logs/WARNING-EDITORCONFIG_EDITORCONFIG_CHECKER.log:128: trailing whitespace.
+    
logs/megalinter/linters_logs/WARNING-EDITORCONFIG_EDITORCONFIG_CHECKER.log:133: space before tab in indent.
+    	23: Trailing whitespace
logs/megalinter/linters_logs/WARNING-EDITORCONFIG_EDITORCONFIG_CHECKER.log:134: space before tab in indent.
+    	29: Trailing whitespace
logs/megalinter/linters_logs/WARNING-EDITORCONFIG_EDITORCONFIG_CHECKER.log:135: space before tab in indent.
+    	45: Trailing whitespace
logs/megalinter/linters_logs/WARNING-EDITORCONFIG_EDITORCONFIG_CHECKER.log:136: space before tab in indent.
+    	65: Trailing whitespace
logs/megalinter/linters_logs/WARNING-EDITORCONFIG_EDITORCONFIG_CHECKER.log:137: space before tab in indent.
+    	72: Trailing whitespace
logs/megalinter/linters_logs/WARNING-EDITORCONFIG_EDITORCONFIG_CHECKER.log:138: space before tab in indent.
+    	79: Trailing whitespace
logs/megalinter/linters_logs/WARNING-EDITORCONFIG_EDITORCONFIG_CHECKER.log:139: space before tab in indent.
+    	82: Trailing whitespace
logs/megalinter/linters_logs/WARNING-EDITORCONFIG_EDITORCONFIG_CHECKER.log:140: space before tab in indent.
+    	129: Trailing whitespace
logs/megalinter/linters_logs/WARNING-EDITORCONFIG_EDITORCONFIG_CHECKER.log:141: space before tab in indent.
+    	132: Trailing whitespace
logs/megalinter/linters_logs/WARNING-EDITORCONFIG_EDITORCONFIG_CHECKER.log:142: space before tab in indent.
+    	135: Trailing whitespace
logs/megalinter/linters_logs/WARNING-EDITORCONFIG_EDITORCONFIG_CHECKER.log:143: space before tab in indent.
+    	138: Trailing whitespace
logs/megalinter/linters_logs/WARNING-EDITORCONFIG_EDITORCONFIG_CHECKER.log:144: trailing whitespace.
+    
logs/megalinter/linters_logs/WARNING-EDITORCONFIG_EDITORCONFIG_CHECKER.log:150: space before tab in indent.
+    	23: Trailing whitespace
logs/megalinter/linters_logs/WARNING-EDITORCONFIG_EDITORCONFIG_CHECKER.log:151: space before tab in indent.
+    	29: Trailing whitespace
logs/megalinter/linters_logs/WARNING-EDITORCONFIG_EDITORCONFIG_CHECKER.log:156: space before tab in indent.
+    	110: Trailing whitespace
logs/megalinter/linters_logs/WARNING-EDITORCONFIG_EDITORCONFIG_CHECKER.log:157: space before tab in indent.
+    	119: Trailing whitespace
logs/megalinter/linters_logs/WARNING-EDITORCONFIG_EDITORCONFIG_CHECKER.log:158: space before tab in indent.
+    	122: Trailing whitespace
logs/megalinter/linters_logs/WARNING-EDITORCONFIG_EDITORCONFIG_CHECKER.log:159: space before tab in indent.
+    	125: Trailing whitespace
logs/megalinter/linters_logs/WARNING-EDITORCONFIG_EDITORCONFIG_CHECKER.log:165: space before tab in indent.
+    	36: Trailing whitespace
logs/megalinter/linters_logs/WARNING-EDITORCONFIG_EDITORCONFIG_CHECKER.log:166: space before tab in indent.
+    	48: Trailing whitespace
logs/megalinter/linters_logs/WARNING-EDITORCONFIG_EDITORCONFIG_CHECKER.log:167: space before tab in indent.
+    	55: Trailing whitespace
logs/megalinter/linters_logs/WARNING-EDITORCONFIG_EDITORCONFIG_CHECKER.log:168: space before tab in indent.
+    	62: Trailing whitespace
logs/megalinter/linters_logs/WARNING-EDITORCONFIG_EDITORCONFIG_CHECKER.log:169: space before tab in indent.
+    	65: Trailing whitespace
logs/megalinter/linters_logs/WARNING-EDITORCONFIG_EDITORCONFIG_CHECKER.log:170: space before tab in indent.
+    	83: Trailing whitespace
logs/megalinter/linters_logs/WARNING-EDITORCONFIG_EDITORCONFIG_CHECKER.log:171: space before tab in indent.
+    	96: Trailing whitespace
logs/megalinter/linters_logs/WARNING-EDITORCONFIG_EDITORCONFIG_CHECKER.log:172: space before tab in indent.
+    	114: Trailing whitespace
logs/megalinter/linters_logs/WARNING-EDITORCONFIG_EDITORCONFIG_CHECKER.log:173: space before tab in indent.
+    	121: Trailing whitespace
logs/megalinter/linters_logs/WARNING-EDITORCONFIG_EDITORCONFIG_CHECKER.log:174: space before tab in indent.
+    	128: Trailing whitespace
logs/megalinter/linters_logs/WARNING-EDITORCONFIG_EDITORCONFIG_CHECKER.log:175: space before tab in indent.
+    	131: Trailing whitespace
logs/megalinter/linters_logs/WARNING-EDITORCONFIG_EDITORCONFIG_CHECKER.log:176: space before tab in indent.
+    	150: Trailing whitespace
logs/megalinter/linters_logs/WARNING-EDITORCONFIG_EDITORCONFIG_CHECKER.log:177: space before tab in indent.
+    	165: Trailing whitespace
logs/megalinter/linters_logs/WARNING-EDITORCONFIG_EDITORCONFIG_CHECKER.log:178: space before tab in indent.
+    	172: Trailing whitespace
logs/megalinter/linters_logs/WARNING-EDITORCONFIG_EDITORCONFIG_CHECKER.log:179: space before tab in indent.
+    	179: Trailing whitespace
logs/megalinter/linters_logs/WARNING-EDITORCONFIG_EDITORCONFIG_CHECKER.log:180: space before tab in indent.
+    	202: Trailing whitespace
logs/megalinter/linters_logs/WARNING-EDITORCONFIG_EDITORCONFIG_CHECKER.log:181: space before tab in indent.
+    	304: Trailing whitespace
logs/megalinter/linters_logs/WARNING-EDITORCONFIG_EDITORCONFIG_CHECKER.log:182: space before tab in indent.
+    	330: Trailing whitespace
logs/megalinter/linters_logs/WARNING-EDITORCONFIG_EDITORCONFIG_CHECKER.log:183: space before tab in indent.
+    	336: Trailing whitespace
logs/megalinter/linters_logs/WARNING-EDITORCONFIG_EDITORCONFIG_CHECKER.log:184: space before tab in indent.
+    	342: Trailing whitespace
logs/megalinter/linters_logs/WARNING-EDITORCONFIG_EDITORCONFIG_CHECKER.log:185: space before tab in indent.
+    	356: Trailing whitespace
logs/megalinter/linters_logs/WARNING-EDITORCONFIG_EDITORCONFIG_CHECKER.log:186: space before tab in indent.
+    	359: Trailing whitespace
logs/megalinter/linters_logs/WARNING-EDITORCONFIG_EDITORCONFIG_CHECKER.log:193: space before tab in indent.
+    	29: Trailing whitespace
logs/megalinter/linters_logs/WARNING-EDITORCONFIG_EDITORCONFIG_CHECKER.log:194: space before tab in indent.
+    	45: Trailing whitespace
logs/megalinter/linters_logs/WARNING-EDITORCONFIG_EDITORCONFIG_CHECKER.log:195: space before tab in indent.
+    	52: Trailing whitespace
logs/megalinter/linters_logs/WARNING-EDITORCONFIG_EDITORCONFIG_CHECKER.log:196: space before tab in indent.
+    	59: Trailing whitespace
logs/megalinter/linters_logs/WARNING-EDITORCONFIG_EDITORCONFIG_CHECKER.log:197: space before tab in indent.
+    	96: Trailing whitespace
logs/megalinter/linters_logs/WARNING-EDITORCONFIG_EDITORCONFIG_CHECKER.log:199: space before tab in indent.
+    	108: Trailing whitespace
logs/megalinter/linters_logs/WARNING-EDITORCONFIG_EDITORCONFIG_CHECKER.log:200: space before tab in indent.
+    	111: Trailing whitespace
logs/megalinter/linters_logs/WARNING-EDITORCONFIG_EDITORCONFIG_CHECKER.log:206: space before tab in indent.
+    	23: Trailing whitespace
logs/megalinter/linters_logs/WARNING-EDITORCONFIG_EDITORCONFIG_CHECKER.log:207: space before tab in indent.
+    	29: Trailing whitespace
logs/megalinter/linters_logs/WARNING-EDITORCONFIG_EDITORCONFIG_CHECKER.log:208: space before tab in indent.
+    	42: Trailing whitespace
logs/megalinter/linters_logs/WARNING-EDITORCONFIG_EDITORCONFIG_CHECKER.log:209: space before tab in indent.
+    	58: Trailing whitespace
logs/megalinter/linters_logs/WARNING-EDITORCONFIG_EDITORCONFIG_CHECKER.log:210: space before tab in indent.
+    	61: Trailing whitespace
logs/megalinter/linters_logs/WARNING-EDITORCONFIG_EDITORCONFIG_CHECKER.log:211: space before tab in indent.
+    	64: Trailing whitespace
logs/megalinter/linters_logs/WARNING-EDITORCONFIG_EDITORCONFIG_CHECKER.log:212: space before tab in indent.
+    	66: Trailing whitespace
logs/megalinter/linters_logs/WARNING-EDITORCONFIG_EDITORCONFIG_CHECKER.log:213: space before tab in indent.
+    	72: Trailing whitespace
logs/megalinter/linters_logs/WARNING-EDITORCONFIG_EDITORCONFIG_CHECKER.log:214: space before tab in indent.
+    	75: Trailing whitespace
logs/megalinter/linters_logs/WARNING-EDITORCONFIG_EDITORCONFIG_CHECKER.log:215: space before tab in indent.
+    	90: Trailing whitespace
logs/megalinter/linters_logs/WARNING-EDITORCONFIG_EDITORCONFIG_CHECKER.log:216: space before tab in indent.
+    	97: Trailing whitespace
logs/megalinter/linters_logs/WARNING-EDITORCONFIG_EDITORCONFIG_CHECKER.log:218: space before tab in indent.
+    	107: Trailing whitespace
logs/megalinter/linters_logs/WARNING-EDITORCONFIG_EDITORCONFIG_CHECKER.log:219: space before tab in indent.
+    	154: Trailing whitespace
logs/megalinter/linters_logs/WARNING-EDITORCONFIG_EDITORCONFIG_CHECKER.log:221: space before tab in indent.
+    	160: Trailing whitespace
logs/megalinter/linters_logs/WARNING-EDITORCONFIG_EDITORCONFIG_CHECKER.log:227: space before tab in indent.
+    	27: Trailing whitespace
logs/megalinter/linters_logs/WARNING-EDITORCONFIG_EDITORCONFIG_CHECKER.log:228: space before tab in indent.
+    	36: Trailing whitespace
logs/megalinter/linters_logs/WARNING-EDITORCONFIG_EDITORCONFIG_CHECKER.log:229: space before tab in indent.
+    	46: Trailing whitespace
logs/megalinter/linters_logs/WARNING-EDITORCONFIG_EDITORCONFIG_CHECKER.log:230: space before tab in indent.
+    	51: Trailing whitespace
logs/megalinter/linters_logs/WARNING-EDITORCONFIG_EDITORCONFIG_CHECKER.log:231: space before tab in indent.
+    	61: Trailing whitespace
logs/megalinter/linters_logs/WARNING-EDITORCONFIG_EDITORCONFIG_CHECKER.log:232: space before tab in indent.
+    	65: Trailing whitespace
logs/megalinter/linters_logs/WARNING-EDITORCONFIG_EDITORCONFIG_CHECKER.log:233: space before tab in indent.
+    	72: Trailing whitespace
logs/megalinter/linters_logs/WARNING-EDITORCONFIG_EDITORCONFIG_CHECKER.log:234: space before tab in indent.
+    	78: Trailing whitespace
logs/megalinter/linters_logs/WARNING-EDITORCONFIG_EDITORCONFIG_CHECKER.log:235: space before tab in indent.
+    	87: Trailing whitespace
logs/megalinter/linters_logs/WARNING-EDITORCONFIG_EDITORCONFIG_CHECKER.log:236: space before tab in indent.
+    	98: Trailing whitespace
logs/megalinter/linters_logs/WARNING-EDITORCONFIG_EDITORCONFIG_CHECKER.log:237: space before tab in indent.
+    	119: Trailing whitespace
logs/megalinter/linters_logs/WARNING-EDITORCONFIG_EDITORCONFIG_CHECKER.log:238: space before tab in indent.
+    	130: Trailing whitespace
logs/megalinter/linters_logs/WARNING-EDITORCONFIG_EDITORCONFIG_CHECKER.log:239: space before tab in indent.
+    	140: Trailing whitespace
logs/megalinter/linters_logs/WARNING-EDITORCONFIG_EDITORCONFIG_CHECKER.log:240: space before tab in indent.
+    	150: Trailing whitespace
logs/megalinter/linters_logs/WARNING-EDITORCONFIG_EDITORCONFIG_CHECKER.log:241: space before tab in indent.
+    	171: Trailing whitespace
logs/megalinter/linters_logs/WARNING-EDITORCONFIG_EDITORCONFIG_CHECKER.log:242: space before tab in indent.
+    	182: Trailing whitespace
logs/megalinter/linters_logs/WARNING-EDITORCONFIG_EDITORCONFIG_CHECKER.log:243: space before tab in indent.
+    	203: Trailing whitespace
logs/megalinter/linters_logs/WARNING-EDITORCONFIG_EDITORCONFIG_CHECKER.log:244: space before tab in indent.
+    	211: Trailing whitespace
logs/megalinter/linters_logs/WARNING-EDITORCONFIG_EDITORCONFIG_CHECKER.log:245: space before tab in indent.
+    	232: Trailing whitespace
logs/megalinter/linters_logs/WARNING-EDITORCONFIG_EDITORCONFIG_CHECKER.log:246: space before tab in indent.
+    	240: Trailing whitespace
logs/megalinter/linters_logs/WARNING-EDITORCONFIG_EDITORCONFIG_CHECKER.log:247: space before tab in indent.
+    	261: Trailing whitespace
logs/megalinter/linters_logs/WARNING-EDITORCONFIG_EDITORCONFIG_CHECKER.log:248: space before tab in indent.
+    	268: Trailing whitespace
logs/megalinter/linters_logs/WARNING-EDITORCONFIG_EDITORCONFIG_CHECKER.log:249: space before tab in indent.
+    	270: Trailing whitespace
logs/megalinter/linters_logs/WARNING-EDITORCONFIG_EDITORCONFIG_CHECKER.log:250: space before tab in indent.
+    	284: Trailing whitespace
logs/megalinter/linters_logs/WARNING-EDITORCONFIG_EDITORCONFIG_CHECKER.log:251: space before tab in indent.
+    	291: Trailing whitespace
logs/megalinter/linters_logs/WARNING-EDITORCONFIG_EDITORCONFIG_CHECKER.log:252: space before tab in indent.
+    	304: Trailing whitespace
logs/megalinter/linters_logs/WARNING-EDITORCONFIG_EDITORCONFIG_CHECKER.log:253: space before tab in indent.
+    	320: Trailing whitespace
logs/megalinter/linters_logs/WARNING-EDITORCONFIG_EDITORCONFIG_CHECKER.log:254: space before tab in indent.
+    	333: Trailing whitespace
logs/megalinter/linters_logs/WARNING-EDITORCONFIG_EDITORCONFIG_CHECKER.log:255: space before tab in indent.
+    	346: Trailing whitespace
logs/megalinter/linters_logs/WARNING-EDITORCONFIG_EDITORCONFIG_CHECKER.log:256: space before tab in indent.
+    	359: Trailing whitespace
logs/megalinter/linters_logs/WARNING-EDITORCONFIG_EDITORCONFIG_CHECKER.log:257: space before tab in indent.
+    	366: Trailing whitespace
logs/megalinter/linters_logs/WARNING-EDITORCONFIG_EDITORCONFIG_CHECKER.log:258: space before tab in indent.
+    	378: Trailing whitespace
logs/megalinter/linters_logs/WARNING-EDITORCONFIG_EDITORCONFIG_CHECKER.log:259: space before tab in indent.
+    	385: Trailing whitespace
logs/megalinter/linters_logs/WARNING-EDITORCONFIG_EDITORCONFIG_CHECKER.log:260: space before tab in indent.
+    	397: Trailing whitespace
logs/megalinter/linters_logs/WARNING-EDITORCONFIG_EDITORCONFIG_CHECKER.log:261: space before tab in indent.
+    	404: Trailing whitespace
logs/megalinter/linters_logs/WARNING-EDITORCONFIG_EDITORCONFIG_CHECKER.log:262: space before tab in indent.
+    	448: Trailing whitespace
logs/megalinter/linters_logs/WARNING-EDITORCONFIG_EDITORCONFIG_CHECKER.log:263: space before tab in indent.
+    	465: Trailing whitespace
logs/megalinter/linters_logs/WARNING-EDITORCONFIG_EDITORCONFIG_CHECKER.log:264: space before tab in indent.
+    	472: Trailing whitespace
logs/megalinter/linters_logs/WARNING-EDITORCONFIG_EDITORCONFIG_CHECKER.log:265: space before tab in indent.
+    	479: Trailing whitespace
logs/megalinter/linters_logs/WARNING-EDITORCONFIG_EDITORCONFIG_CHECKER.log:266: space before tab in indent.
+    	486: Trailing whitespace
logs/megalinter/linters_logs/WARNING-EDITORCONFIG_EDITORCONFIG_CHECKER.log:267: space before tab in indent.
+    	493: Trailing whitespace
logs/megalinter/linters_logs/WARNING-EDITORCONFIG_EDITORCONFIG_CHECKER.log:268: space before tab in indent.
+    	502: Trailing whitespace
logs/megalinter/linters_logs/WARNING-EDITORCONFIG_EDITORCONFIG_CHECKER.log:269: space before tab in indent.
+    	509: Trailing whitespace
logs/megalinter/linters_logs/WARNING-EDITORCONFIG_EDITORCONFIG_CHECKER.log:270: space before tab in indent.
+    	516: Trailing whitespace
logs/megalinter/linters_logs/WARNING-EDITORCONFIG_EDITORCONFIG_CHECKER.log:271: space before tab in indent.
+    	519: Trailing whitespace
logs/megalinter/linters_logs/WARNING-EDITORCONFIG_EDITORCONFIG_CHECKER.log:272: space before tab in indent.
+    	534: Trailing whitespace
logs/megalinter/linters_logs/WARNING-EDITORCONFIG_EDITORCONFIG_CHECKER.log:273: space before tab in indent.
+    	542: Trailing whitespace
logs/megalinter/linters_logs/WARNING-EDITORCONFIG_EDITORCONFIG_CHECKER.log:274: space before tab in indent.
+    	546: Trailing whitespace
logs/megalinter/linters_logs/WARNING-EDITORCONFIG_EDITORCONFIG_CHECKER.log:275: space before tab in indent.
+    	551: Trailing whitespace
logs/megalinter/linters_logs/WARNING-EDITORCONFIG_EDITORCONFIG_CHECKER.log:276: space before tab in indent.
+    	554: Trailing whitespace
logs/megalinter/linters_logs/WARNING-EDITORCONFIG_EDITORCONFIG_CHECKER.log:277: space before tab in indent.
+    	565: Trailing whitespace
logs/megalinter/linters_logs/WARNING-EDITORCONFIG_EDITORCONFIG_CHECKER.log:278: space before tab in indent.
+    	569: Trailing whitespace
logs/megalinter/linters_logs/WARNING-EDITORCONFIG_EDITORCONFIG_CHECKER.log:279: space before tab in indent.
+    	575: Trailing whitespace
logs/megalinter/linters_logs/WARNING-EDITORCONFIG_EDITORCONFIG_CHECKER.log:280: space before tab in indent.
+    	580: Trailing whitespace
logs/megalinter/linters_logs/WARNING-EDITORCONFIG_EDITORCONFIG_CHECKER.log:281: space before tab in indent.
+    	588: Trailing whitespace
logs/megalinter/linters_logs/WARNING-EDITORCONFIG_EDITORCONFIG_CHECKER.log:282: space before tab in indent.
+    	601: Trailing whitespace
logs/megalinter/linters_logs/WARNING-EDITORCONFIG_EDITORCONFIG_CHECKER.log:283: space before tab in indent.
+    	605: Trailing whitespace
logs/megalinter/linters_logs/WARNING-EDITORCONFIG_EDITORCONFIG_CHECKER.log:284: space before tab in indent.
+    	613: Trailing whitespace
logs/megalinter/linters_logs/WARNING-EDITORCONFIG_EDITORCONFIG_CHECKER.log:285: space before tab in indent.
+    	624: Trailing whitespace
logs/megalinter/linters_logs/WARNING-EDITORCONFIG_EDITORCONFIG_CHECKER.log:286: space before tab in indent.
+    	632: Trailing whitespace
logs/megalinter/linters_logs/WARNING-EDITORCONFIG_EDITORCONFIG_CHECKER.log:287: space before tab in indent.
+    	640: Trailing whitespace
logs/megalinter/linters_logs/WARNING-EDITORCONFIG_EDITORCONFIG_CHECKER.log:288: space before tab in indent.
+    	643: Trailing whitespace
logs/megalinter/linters_logs/WARNING-EDITORCONFIG_EDITORCONFIG_CHECKER.log:289: space before tab in indent.
+    	647: Trailing whitespace
logs/megalinter/linters_logs/WARNING-EDITORCONFIG_EDITORCONFIG_CHECKER.log:290: space before tab in indent.
+    	655: Trailing whitespace
logs/megalinter/linters_logs/WARNING-EDITORCONFIG_EDITORCONFIG_CHECKER.log:291: space before tab in indent.
+    	663: Trailing whitespace
logs/megalinter/linters_logs/WARNING-EDITORCONFIG_EDITORCONFIG_CHECKER.log:292: space before tab in indent.
+    	669: Trailing whitespace
logs/megalinter/linters_logs/WARNING-EDITORCONFIG_EDITORCONFIG_CHECKER.log:293: space before tab in indent.
+    	674: Trailing whitespace
logs/megalinter/linters_logs/WARNING-EDITORCONFIG_EDITORCONFIG_CHECKER.log:294: space before tab in indent.
+    	681: Trailing whitespace
logs/megalinter/linters_logs/WARNING-EDITORCONFIG_EDITORCONFIG_CHECKER.log:302: space before tab in indent.
+    	27: Trailing whitespace
logs/megalinter/linters_logs/WARNING-EDITORCONFIG_EDITORCONFIG_CHECKER.log:303: space before tab in indent.
+    	38: Trailing whitespace
logs/megalinter/linters_logs/WARNING-EDITORCONFIG_EDITORCONFIG_CHECKER.log:304: space before tab in indent.
+    	43: Trailing whitespace
logs/megalinter/linters_logs/WARNING-EDITORCONFIG_EDITORCONFIG_CHECKER.log:305: space before tab in indent.
+    	46: Trailing whitespace
logs/megalinter/linters_logs/WARNING-EDITORCONFIG_EDITORCONFIG_CHECKER.log:306: space before tab in indent.
+    	52: Trailing whitespace
logs/megalinter/linters_logs/WARNING-EDITORCONFIG_EDITORCONFIG_CHECKER.log:308: space before tab in indent.
+    	66: Trailing whitespace
logs/megalinter/linters_logs/WARNING-EDITORCONFIG_EDITORCONFIG_CHECKER.log:310: space before tab in indent.
+    	74: Trailing whitespace
logs/megalinter/linters_logs/WARNING-EDITORCONFIG_EDITORCONFIG_CHECKER.log:311: space before tab in indent.
+    	78: Trailing whitespace
logs/megalinter/linters_logs/WARNING-EDITORCONFIG_EDITORCONFIG_CHECKER.log:312: space before tab in indent.
+    	87: Trailing whitespace
logs/megalinter/linters_logs/WARNING-EDITORCONFIG_EDITORCONFIG_CHECKER.log:313: space before tab in indent.
+    	93: Trailing whitespace
logs/megalinter/linters_logs/WARNING-EDITORCONFIG_EDITORCONFIG_CHECKER.log:314: space before tab in indent.
+    	103: Trailing whitespace
logs/megalinter/linters_logs/WARNING-EDITORCONFIG_EDITORCONFIG_CHECKER.log:315: space before tab in indent.
+    	108: Trailing whitespace
logs/megalinter/linters_logs/WARNING-EDITORCONFIG_EDITORCONFIG_CHECKER.log:316: space before tab in indent.
+    	122: Trailing whitespace
logs/megalinter/linters_logs/WARNING-EDITORCONFIG_EDITORCONFIG_CHECKER.log:317: space before tab in indent.
+    	127: Trailing whitespace
logs/megalinter/linters_logs/WARNING-EDITORCONFIG_EDITORCONFIG_CHECKER.log:318: space before tab in indent.
+    	135: Trailing whitespace
logs/megalinter/linters_logs/WARNING-EDITORCONFIG_EDITORCONFIG_CHECKER.log:319: space before tab in indent.
+    	137: Trailing whitespace
logs/megalinter/linters_logs/WARNING-EDITORCONFIG_EDITORCONFIG_CHECKER.log:353: space before tab in indent.
+    	129: Wrong amount of left-padding spaces(want multiple of 4)
logs/megalinter/linters_logs/WARNING-EDITORCONFIG_EDITORCONFIG_CHECKER.log:354: space before tab in indent.
+    	131: Wrong amount of left-padding spaces(want multiple of 4)
logs/megalinter/linters_logs/WARNING-EDITORCONFIG_EDITORCONFIG_CHECKER.log:355: space before tab in indent.
+    	133: Wrong amount of left-padding spaces(want multiple of 4)
logs/megalinter/linters_logs/WARNING-EDITORCONFIG_EDITORCONFIG_CHECKER.log:356: space before tab in indent.
+    	139-140: Wrong amount of left-padding spaces(want multiple of 4)
logs/megalinter/linters_logs/WARNING-EDITORCONFIG_EDITORCONFIG_CHECKER.log:357: space before tab in indent.
+    	146-150: Wrong amount of left-padding spaces(want multiple of 4)
logs/megalinter/linters_logs/WARNING-EDITORCONFIG_EDITORCONFIG_CHECKER.log:358: space before tab in indent.
+    	232-235: Wrong amount of left-padding spaces(want multiple of 4)
logs/megalinter/linters_logs/WARNING-EDITORCONFIG_EDITORCONFIG_CHECKER.log:359: space before tab in indent.
+    	238-240: Wrong amount of left-padding spaces(want multiple of 4)
logs/megalinter/linters_logs/WARNING-EDITORCONFIG_EDITORCONFIG_CHECKER.log:360: space before tab in indent.
+    	243-246: Wrong amount of left-padding spaces(want multiple of 4)
logs/megalinter/linters_logs/WARNING-EDITORCONFIG_EDITORCONFIG_CHECKER.log:361: trailing whitespace.
+    
logs/megalinter/linters_logs/WARNING-EDITORCONFIG_EDITORCONFIG_CHECKER.log:422: space before tab in indent.
+    	117: Wrong amount of left-padding spaces(want multiple of 4)
logs/megalinter/linters_logs/WARNING-EDITORCONFIG_EDITORCONFIG_CHECKER.log:553: space before tab in indent.
+    	Wrong line endings or no final newline
logs/megalinter/linters_logs/WARNING-EDITORCONFIG_EDITORCONFIG_CHECKER.log:554: trailing whitespace.
+    
logs/megalinter/linters_logs/WARNING-EDITORCONFIG_EDITORCONFIG_CHECKER.log:560: space before tab in indent.
+    	2-10: Wrong amount of left-padding spaces(want multiple of 4)
logs/megalinter/linters_logs/WARNING-EDITORCONFIG_EDITORCONFIG_CHECKER.log:810: space before tab in indent.
+    	16-17: Wrong amount of left-padding spaces(want multiple of 4)
logs/megalinter/linters_logs/WARNING-EDITORCONFIG_EDITORCONFIG_CHECKER.log:811: space before tab in indent.
+    	30: Wrong amount of left-padding spaces(want multiple of 4)
logs/megalinter/linters_logs/WARNING-EDITORCONFIG_EDITORCONFIG_CHECKER.log:879: space before tab in indent.
+    	Wrong line endings or no final newline
logs/megalinter/linters_logs/WARNING-EDITORCONFIG_EDITORCONFIG_CHECKER.log:880: space before tab in indent.
+    	2-10: Wrong amount of left-padding spaces(want multiple of 4)
logs/megalinter/linters_logs/WARNING-EDITORCONFIG_EDITORCONFIG_CHECKER.log:881: space before tab in indent.
+    	12-41: Wrong amount of left-padding spaces(want multiple of 4)
logs/megalinter/linters_logs/WARNING-EDITORCONFIG_EDITORCONFIG_CHECKER.log:882: space before tab in indent.
+    	45: Wrong amount of left-padding spaces(want multiple of 4)
logs/megalinter/linters_logs/WARNING-EDITORCONFIG_EDITORCONFIG_CHECKER.log:883: space before tab in indent.
+    	70-71: Wrong amount of left-padding spaces(want multiple of 4)
logs/megalinter/linters_logs/WARNING-EDITORCONFIG_EDITORCONFIG_CHECKER.log:884: space before tab in indent.
+    	96-97: Wrong amount of left-padding spaces(want multiple of 4)
logs/megalinter/linters_logs/WARNING-EDITORCONFIG_EDITORCONFIG_CHECKER.log:885: space before tab in indent.
+    	122-123: Wrong amount of left-padding spaces(want multiple of 4)
logs/megalinter/linters_logs/WARNING-EDITORCONFIG_EDITORCONFIG_CHECKER.log:886: space before tab in indent.
+    	148-149: Wrong amount of left-padding spaces(want multiple of 4)
logs/megalinter/linters_logs/WARNING-EDITORCONFIG_EDITORCONFIG_CHECKER.log:887: space before tab in indent.
+    	174-175: Wrong amount of left-padding spaces(want multiple of 4)
logs/megalinter/linters_logs/WARNING-EDITORCONFIG_EDITORCONFIG_CHECKER.log:888: space before tab in indent.
+    	200-201: Wrong amount of left-padding spaces(want multiple of 4)
logs/megalinter/linters_logs/WARNING-EDITORCONFIG_EDITORCONFIG_CHECKER.log:889: space before tab in indent.
+    	226: Wrong amount of left-padding spaces(want multiple of 4)
logs/megalinter/linters_logs/WARNING-EDITORCONFIG_EDITORCONFIG_CHECKER.log:890: space before tab in indent.
+    	229-235: Wrong amount of left-padding spaces(want multiple of 4)
logs/megalinter/linters_logs/WARNING-EDITORCONFIG_EDITORCONFIG_CHECKER.log:891: space before tab in indent.
+    	237-238: Wrong amount of left-padding spaces(want multiple of 4)
logs/megalinter/linters_logs/WARNING-EDITORCONFIG_EDITORCONFIG_CHECKER.log:892: space before tab in indent.
+    	241-242: Wrong amount of left-padding spaces(want multiple of 4)
logs/megalinter/linters_logs/WARNING-EDITORCONFIG_EDITORCONFIG_CHECKER.log:893: space before tab in indent.
+    	244-245: Wrong amount of left-padding spaces(want multiple of 4)
logs/megalinter/linters_logs/WARNING-EDITORCONFIG_EDITORCONFIG_CHECKER.log:894: space before tab in indent.
+    	253-254: Wrong amount of left-padding spaces(want multiple of 4)
logs/megalinter/linters_logs/WARNING-EDITORCONFIG_EDITORCONFIG_CHECKER.log:895: space before tab in indent.
+    	256-257: Wrong amount of left-padding spaces(want multiple of 4)
logs/megalinter/linters_logs/WARNING-EDITORCONFIG_EDITORCONFIG_CHECKER.log:896: space before tab in indent.
+    	260-261: Wrong amount of left-padding spaces(want multiple of 4)
logs/megalinter/linters_logs/WARNING-EDITORCONFIG_EDITORCONFIG_CHECKER.log:897: space before tab in indent.
+    	264-265: Wrong amount of left-padding spaces(want multiple of 4)
logs/megalinter/linters_logs/WARNING-EDITORCONFIG_EDITORCONFIG_CHECKER.log:898: space before tab in indent.
+    	268-269: Wrong amount of left-padding spaces(want multiple of 4)
logs/megalinter/linters_logs/WARNING-EDITORCONFIG_EDITORCONFIG_CHECKER.log:899: space before tab in indent.
+    	271-272: Wrong amount of left-padding spaces(want multiple of 4)
logs/megalinter/linters_logs/WARNING-EDITORCONFIG_EDITORCONFIG_CHECKER.log:905: space before tab in indent.
+    	2-4: Wrong amount of left-padding spaces(want multiple of 4)
logs/megalinter/linters_logs/WARNING-EDITORCONFIG_EDITORCONFIG_CHECKER.log:906: space before tab in indent.
+    	7-9: Wrong amount of left-padding spaces(want multiple of 4)
logs/megalinter/linters_logs/WARNING-EDITORCONFIG_EDITORCONFIG_CHECKER.log:1318: space before tab in indent.
+    	19: Wrong amount of left-padding spaces(want multiple of 4)
logs/megalinter/linters_logs/WARNING-EDITORCONFIG_EDITORCONFIG_CHECKER.log:1319: space before tab in indent.
+    	29: Wrong amount of left-padding spaces(want multiple of 4)
logs/megalinter/linters_logs/WARNING-EDITORCONFIG_EDITORCONFIG_CHECKER.log:1320: space before tab in indent.
+    	39: Wrong amount of left-padding spaces(want multiple of 4)
logs/megalinter/linters_logs/WARNING-EDITORCONFIG_EDITORCONFIG_CHECKER.log:1321: space before tab in indent.
+    	41: Wrong amount of left-padding spaces(want multiple of 4)
logs/megalinter/linters_logs/WARNING-EDITORCONFIG_EDITORCONFIG_CHECKER.log:1322: space before tab in indent.
+    	51: Wrong amount of left-padding spaces(want multiple of 4)
logs/megalinter/linters_logs/WARNING-EDITORCONFIG_EDITORCONFIG_CHECKER.log:1323: trailing whitespace.
+    
logs/megalinter/linters_logs/WARNING-EDITORCONFIG_EDITORCONFIG_CHECKER.log:1328: space before tab in indent.
+    	4-12: Wrong amount of left-padding spaces(want multiple of 4)
logs/megalinter/linters_logs/WARNING-EDITORCONFIG_EDITORCONFIG_CHECKER.log:1329: space before tab in indent.
+    	21-25: Wrong amount of left-padding spaces(want multiple of 4)
logs/megalinter/linters_logs/WARNING-EDITORCONFIG_EDITORCONFIG_CHECKER.log:1330: space before tab in indent.
+    	32: Wrong amount of left-padding spaces(want multiple of 4)
logs/megalinter/linters_logs/WARNING-EDITORCONFIG_EDITORCONFIG_CHECKER.log:1331: space before tab in indent.
+    	34: Trailing whitespace
logs/megalinter/linters_logs/WARNING-EDITORCONFIG_EDITORCONFIG_CHECKER.log:1332: space before tab in indent.
+    	36-37: Wrong amount of left-padding spaces(want multiple of 4)
logs/megalinter/linters_logs/WARNING-EDITORCONFIG_EDITORCONFIG_CHECKER.log:1333: space before tab in indent.
+    	42-43: Wrong amount of left-padding spaces(want multiple of 4)
logs/megalinter/linters_logs/WARNING-EDITORCONFIG_EDITORCONFIG_CHECKER.log:1335: space before tab in indent.
+    	49: Wrong amount of left-padding spaces(want multiple of 4)
logs/megalinter/linters_logs/WARNING-EDITORCONFIG_EDITORCONFIG_CHECKER.log:1336: space before tab in indent.
+    	52: Trailing whitespace
logs/megalinter/linters_logs/WARNING-EDITORCONFIG_EDITORCONFIG_CHECKER.log:1337: space before tab in indent.
+    	54: Wrong amount of left-padding spaces(want multiple of 4)
logs/megalinter/linters_logs/WARNING-EDITORCONFIG_EDITORCONFIG_CHECKER.log:1338: space before tab in indent.
+    	56: Wrong amount of left-padding spaces(want multiple of 4)
logs/megalinter/linters_logs/WARNING-EDITORCONFIG_EDITORCONFIG_CHECKER.log:1339: space before tab in indent.
+    	58: Wrong amount of left-padding spaces(want multiple of 4)
logs/megalinter/linters_logs/WARNING-EDITORCONFIG_EDITORCONFIG_CHECKER.log:1340: space before tab in indent.
+    	61: Wrong amount of left-padding spaces(want multiple of 4)
logs/megalinter/linters_logs/WARNING-EDITORCONFIG_EDITORCONFIG_CHECKER.log:1341: space before tab in indent.
+    	64: Wrong amount of left-padding spaces(want multiple of 4)
logs/megalinter/linters_logs/WARNING-EDITORCONFIG_EDITORCONFIG_CHECKER.log:1342: space before tab in indent.
+    	66-67: Wrong amount of left-padding spaces(want multiple of 4)
logs/megalinter/linters_logs/WARNING-EDITORCONFIG_EDITORCONFIG_CHECKER.log:1344: space before tab in indent.
+    	71: Trailing whitespace
logs/megalinter/linters_logs/WARNING-EDITORCONFIG_EDITORCONFIG_CHECKER.log:1345: space before tab in indent.
+    	73: Wrong amount of left-padding spaces(want multiple of 4)
logs/megalinter/linters_logs/WARNING-EDITORCONFIG_EDITORCONFIG_CHECKER.log:1346: space before tab in indent.
+    	80: Wrong amount of left-padding spaces(want multiple of 4)
logs/megalinter/linters_logs/WARNING-EDITORCONFIG_EDITORCONFIG_CHECKER.log:1347: space before tab in indent.
+    	87: Wrong amount of left-padding spaces(want multiple of 4)
logs/megalinter/linters_logs/WARNING-EDITORCONFIG_EDITORCONFIG_CHECKER.log:1348: space before tab in indent.
+    	94: Wrong amount of left-padding spaces(want multiple of 4)
logs/megalinter/linters_logs/WARNING-EDITORCONFIG_EDITORCONFIG_CHECKER.log:1349: space before tab in indent.
+    	101: Wrong amount of left-padding spaces(want multiple of 4)
logs/megalinter/linters_logs/WARNING-EDITORCONFIG_EDITORCONFIG_CHECKER.log:1350: space before tab in indent.
+    	108: Wrong amount of left-padding spaces(want multiple of 4)
logs/megalinter/linters_logs/WARNING-EDITORCONFIG_EDITORCONFIG_CHECKER.log:1351: space before tab in indent.
+    	115: Wrong amount of left-padding spaces(want multiple of 4)
logs/megalinter/linters_logs/WARNING-EDITORCONFIG_EDITORCONFIG_CHECKER.log:1352: space before tab in indent.
+    	122: Wrong amount of left-padding spaces(want multiple of 4)
logs/megalinter/linters_logs/WARNING-EDITORCONFIG_EDITORCONFIG_CHECKER.log:1353: space before tab in indent.
+    	129: Wrong amount of left-padding spaces(want multiple of 4)
logs/megalinter/linters_logs/WARNING-EDITORCONFIG_EDITORCONFIG_CHECKER.log:1354: space before tab in indent.
+    	136: Wrong amount of left-padding spaces(want multiple of 4)
logs/megalinter/linters_logs/WARNING-EDITORCONFIG_EDITORCONFIG_CHECKER.log:1542: space before tab in indent.
+    	Wrong line endings or no final newline
logs/megalinter/linters_logs/WARNING-EDITORCONFIG_EDITORCONFIG_CHECKER.log:1543: space before tab in indent.
+    	2-10: Wrong amount of left-padding spaces(want multiple of 4)
logs/megalinter/linters_logs/WARNING-EDITORCONFIG_EDITORCONFIG_CHECKER.log:1544: space before tab in indent.
+    	12-41: Wrong amount of left-padding spaces(want multiple of 4)
logs/megalinter/linters_logs/WARNING-EDITORCONFIG_EDITORCONFIG_CHECKER.log:1545: space before tab in indent.
+    	45: Wrong amount of left-padding spaces(want multiple of 4)
logs/megalinter/linters_logs/WARNING-EDITORCONFIG_EDITORCONFIG_CHECKER.log:1546: space before tab in indent.
+    	70-71: Wrong amount of left-padding spaces(want multiple of 4)
logs/megalinter/linters_logs/WARNING-EDITORCONFIG_EDITORCONFIG_CHECKER.log:1547: space before tab in indent.
+    	96-97: Wrong amount of left-padding spaces(want multiple of 4)
logs/megalinter/linters_logs/WARNING-EDITORCONFIG_EDITORCONFIG_CHECKER.log:1548: space before tab in indent.
+    	122-123: Wrong amount of left-padding spaces(want multiple of 4)
logs/megalinter/linters_logs/WARNING-EDITORCONFIG_EDITORCONFIG_CHECKER.log:1549: space before tab in indent.
+    	148-149: Wrong amount of left-padding spaces(want multiple of 4)
logs/megalinter/linters_logs/WARNING-EDITORCONFIG_EDITORCONFIG_CHECKER.log:1550: space before tab in indent.
+    	174-175: Wrong amount of left-padding spaces(want multiple of 4)
logs/megalinter/linters_logs/WARNING-EDITORCONFIG_EDITORCONFIG_CHECKER.log:1551: space before tab in indent.
+    	200-201: Wrong amount of left-padding spaces(want multiple of 4)
logs/megalinter/linters_logs/WARNING-EDITORCONFIG_EDITORCONFIG_CHECKER.log:1552: space before tab in indent.
+    	226: Wrong amount of left-padding spaces(want multiple of 4)
logs/megalinter/linters_logs/WARNING-EDITORCONFIG_EDITORCONFIG_CHECKER.log:1553: space before tab in indent.
+    	229-235: Wrong amount of left-padding spaces(want multiple of 4)
logs/megalinter/linters_logs/WARNING-EDITORCONFIG_EDITORCONFIG_CHECKER.log:1554: space before tab in indent.
+    	237-238: Wrong amount of left-padding spaces(want multiple of 4)
logs/megalinter/linters_logs/WARNING-EDITORCONFIG_EDITORCONFIG_CHECKER.log:1555: space before tab in indent.
+    	241-242: Wrong amount of left-padding spaces(want multiple of 4)
logs/megalinter/linters_logs/WARNING-EDITORCONFIG_EDITORCONFIG_CHECKER.log:1556: space before tab in indent.
+    	244-245: Wrong amount of left-padding spaces(want multiple of 4)
logs/megalinter/linters_logs/WARNING-EDITORCONFIG_EDITORCONFIG_CHECKER.log:1557: space before tab in indent.
+    	253-254: Wrong amount of left-padding spaces(want multiple of 4)
logs/megalinter/linters_logs/WARNING-EDITORCONFIG_EDITORCONFIG_CHECKER.log:1558: space before tab in indent.
+    	256-257: Wrong amount of left-padding spaces(want multiple of 4)
logs/megalinter/linters_logs/WARNING-EDITORCONFIG_EDITORCONFIG_CHECKER.log:1559: space before tab in indent.
+    	260-261: Wrong amount of left-padding spaces(want multiple of 4)
logs/megalinter/linters_logs/WARNING-EDITORCONFIG_EDITORCONFIG_CHECKER.log:1560: space before tab in indent.
+    	264-265: Wrong amount of left-padding spaces(want multiple of 4)
logs/megalinter/linters_logs/WARNING-EDITORCONFIG_EDITORCONFIG_CHECKER.log:1561: space before tab in indent.
+    	268-269: Wrong amount of left-padding spaces(want multiple of 4)
logs/megalinter/linters_logs/WARNING-EDITORCONFIG_EDITORCONFIG_CHECKER.log:1562: space before tab in indent.
+    	271-272: Wrong amount of left-padding spaces(want multiple of 4)
logs/megalinter/linters_logs/WARNING-EDITORCONFIG_EDITORCONFIG_CHECKER.log:1766: space before tab in indent.
+    	60: Wrong amount of left-padding spaces(want multiple of 4)
logs/megalinter/linters_logs/WARNING-EDITORCONFIG_EDITORCONFIG_CHECKER.log:1767: trailing whitespace.
+    
logs/megalinter/linters_logs/WARNING-EDITORCONFIG_EDITORCONFIG_CHECKER.log:1856: space before tab in indent.
+    	200: Wrong amount of left-padding spaces(want multiple of 4)
logs/megalinter/linters_logs/WARNING-EDITORCONFIG_EDITORCONFIG_CHECKER.log:1857: space before tab in indent.
+    	202-204: Wrong amount of left-padding spaces(want multiple of 4)
logs/megalinter/linters_logs/WARNING-EDITORCONFIG_EDITORCONFIG_CHECKER.log:1858: space before tab in indent.
+    	206: Wrong amount of left-padding spaces(want multiple of 4)
logs/megalinter/linters_logs/WARNING-EDITORCONFIG_EDITORCONFIG_CHECKER.log:1859: space before tab in indent.
+    	213-214: Wrong amount of left-padding spaces(want multiple of 4)
logs/megalinter/linters_logs/WARNING-EDITORCONFIG_EDITORCONFIG_CHECKER.log:1860: trailing whitespace.
+    
logs/megalinter/linters_logs/WARNING-EDITORCONFIG_EDITORCONFIG_CHECKER.log:1873: space before tab in indent.
+    	183-185: Wrong amount of left-padding spaces(want multiple of 4)
logs/megalinter/linters_logs/WARNING-EDITORCONFIG_EDITORCONFIG_CHECKER.log:1874: space before tab in indent.
+    	188-190: Wrong amount of left-padding spaces(want multiple of 4)
logs/megalinter/linters_logs/WARNING-EDITORCONFIG_EDITORCONFIG_CHECKER.log:1875: space before tab in indent.
+    	193-194: Wrong amount of left-padding spaces(want multiple of 4)
logs/megalinter/linters_logs/WARNING-EDITORCONFIG_EDITORCONFIG_CHECKER.log:1876: space before tab in indent.
+    	212-217: Wrong amount of left-padding spaces(want multiple of 4)
logs/megalinter/linters_logs/WARNING-EDITORCONFIG_EDITORCONFIG_CHECKER.log:1877: space before tab in indent.
+    	220-233: Wrong amount of left-padding spaces(want multiple of 4)
logs/megalinter/linters_logs/WARNING-EDITORCONFIG_EDITORCONFIG_CHECKER.log:1878: space before tab in indent.
+    	236-240: Wrong amount of left-padding spaces(want multiple of 4)
logs/megalinter/linters_logs/WARNING-EDITORCONFIG_EDITORCONFIG_CHECKER.log:1879: space before tab in indent.
+    	243-248: Wrong amount of left-padding spaces(want multiple of 4)
logs/megalinter/linters_logs/WARNING-EDITORCONFIG_EDITORCONFIG_CHECKER.log:1880: space before tab in indent.
+    	253-261: Wrong amount of left-padding spaces(want multiple of 4)
logs/megalinter/linters_logs/WARNING-EDITORCONFIG_EDITORCONFIG_CHECKER.log:1886: space before tab in indent.
+    	86-91: Wrong amount of left-padding spaces(want multiple of 4)
logs/megalinter/linters_logs/WARNING-EDITORCONFIG_EDITORCONFIG_CHECKER.log:1887: space before tab in indent.
+    	94-98: Wrong amount of left-padding spaces(want multiple of 4)
logs/megalinter/linters_logs/WARNING-EDITORCONFIG_EDITORCONFIG_CHECKER.log:1888: space before tab in indent.
+    	103-105: Wrong amount of left-padding spaces(want multiple of 4)
logs/megalinter/linters_logs/WARNING-EDITORCONFIG_EDITORCONFIG_CHECKER.log:1889: space before tab in indent.
+    	113: Wrong amount of left-padding spaces(want multiple of 4)
logs/megalinter/linters_logs/WARNING-EDITORCONFIG_EDITORCONFIG_CHECKER.log:1890: space before tab in indent.
+    	117-118: Wrong amount of left-padding spaces(want multiple of 4)
logs/megalinter/linters_logs/WARNING-EDITORCONFIG_EDITORCONFIG_CHECKER.log:1891: space before tab in indent.
+    	121-122: Wrong amount of left-padding spaces(want multiple of 4)
logs/megalinter/linters_logs/WARNING-EDITORCONFIG_EDITORCONFIG_CHECKER.log:1892: space before tab in indent.
+    	125: Wrong amount of left-padding spaces(want multiple of 4)
logs/megalinter/linters_logs/WARNING-EDITORCONFIG_EDITORCONFIG_CHECKER.log:1893: space before tab in indent.
+    	178-179: Wrong amount of left-padding spaces(want multiple of 4)
logs/megalinter/linters_logs/WARNING-EDITORCONFIG_EDITORCONFIG_CHECKER.log:1959: space before tab in indent.
+    	109-110: Wrong amount of left-padding spaces(want multiple of 4)
logs/megalinter/linters_logs/WARNING-EDITORCONFIG_EDITORCONFIG_CHECKER.log:1960: space before tab in indent.
+    	121-125: Wrong amount of left-padding spaces(want multiple of 4)
logs/megalinter/linters_logs/WARNING-EDITORCONFIG_EDITORCONFIG_CHECKER.log:1977: space before tab in indent.
+    	2-4: Wrong amount of left-padding spaces(want multiple of 4)
logs/megalinter/linters_logs/WARNING-EDITORCONFIG_EDITORCONFIG_CHECKER.log:1978: space before tab in indent.
+    	7-9: Wrong amount of left-padding spaces(want multiple of 4)
logs/megalinter/linters_logs/WARNING-EDITORCONFIG_EDITORCONFIG_CHECKER.log:2402: space before tab in indent.
+    	28: Trailing whitespace
logs/megalinter/linters_logs/WARNING-EDITORCONFIG_EDITORCONFIG_CHECKER.log:2403: space before tab in indent.
+    	34: Trailing whitespace
logs/megalinter/linters_logs/WARNING-EDITORCONFIG_EDITORCONFIG_CHECKER.log:2404: space before tab in indent.
+    	38: Trailing whitespace
logs/megalinter/linters_logs/WARNING-EDITORCONFIG_EDITORCONFIG_CHECKER.log:2405: space before tab in indent.
+    	42: Trailing whitespace
logs/megalinter/linters_logs/WARNING-EDITORCONFIG_EDITORCONFIG_CHECKER.log:2406: space before tab in indent.
+    	47: Trailing whitespace
logs/megalinter/linters_logs/WARNING-EDITORCONFIG_EDITORCONFIG_CHECKER.log:2407: space before tab in indent.
+    	52: Trailing whitespace
logs/megalinter/linters_logs/WARNING-EDITORCONFIG_EDITORCONFIG_CHECKER.log:2408: space before tab in indent.
+    	56: Trailing whitespace
logs/megalinter/linters_logs/WARNING-EDITORCONFIG_EDITORCONFIG_CHECKER.log:2409: space before tab in indent.
+    	60: Trailing whitespace
logs/megalinter/linters_logs/WARNING-EDITORCONFIG_EDITORCONFIG_CHECKER.log:2410: space before tab in indent.
+    	78: Trailing whitespace
logs/megalinter/linters_logs/WARNING-EDITORCONFIG_EDITORCONFIG_CHECKER.log:2411: space before tab in indent.
+    	81: Trailing whitespace
logs/megalinter/linters_logs/WARNING-EDITORCONFIG_EDITORCONFIG_CHECKER.log:2412: space before tab in indent.
+    	84: Trailing whitespace
logs/megalinter/linters_logs/WARNING-EDITORCONFIG_EDITORCONFIG_CHECKER.log:2413: space before tab in indent.
+    	88: Trailing whitespace
logs/megalinter/linters_logs/WARNING-EDITORCONFIG_EDITORCONFIG_CHECKER.log:2414: space before tab in indent.
+    	92: Trailing whitespace
logs/megalinter/linters_logs/WARNING-EDITORCONFIG_EDITORCONFIG_CHECKER.log:2415: space before tab in indent.
+    	95: Trailing whitespace
logs/megalinter/linters_logs/WARNING-EDITORCONFIG_EDITORCONFIG_CHECKER.log:2416: space before tab in indent.
+    	99: Trailing whitespace
logs/megalinter/linters_logs/WARNING-EDITORCONFIG_EDITORCONFIG_CHECKER.log:2417: space before tab in indent.
+    	105: Trailing whitespace
logs/megalinter/linters_logs/WARNING-EDITORCONFIG_EDITORCONFIG_CHECKER.log:2418: space before tab in indent.
+    	112: Trailing whitespace
logs/megalinter/linters_logs/WARNING-EDITORCONFIG_EDITORCONFIG_CHECKER.log:2419: space before tab in indent.
+    	114: Trailing whitespace
logs/megalinter/linters_logs/WARNING-EDITORCONFIG_EDITORCONFIG_CHECKER.log:2420: space before tab in indent.
+    	117: Trailing whitespace
logs/megalinter/linters_logs/WARNING-EDITORCONFIG_EDITORCONFIG_CHECKER.log:2421: space before tab in indent.
+    	126: Trailing whitespace
logs/megalinter/linters_logs/WARNING-EDITORCONFIG_EDITORCONFIG_CHECKER.log:2422: space before tab in indent.
+    	171: Trailing whitespace
logs/megalinter/linters_logs/WARNING-EDITORCONFIG_EDITORCONFIG_CHECKER.log:2423: space before tab in indent.
+    	175: Trailing whitespace
logs/megalinter/linters_logs/WARNING-EDITORCONFIG_EDITORCONFIG_CHECKER.log:2424: space before tab in indent.
+    	178: Trailing whitespace
logs/megalinter/linters_logs/WARNING-EDITORCONFIG_EDITORCONFIG_CHECKER.log:2425: space before tab in indent.
+    	184: Trailing whitespace
logs/megalinter/linters_logs/WARNING-EDITORCONFIG_EDITORCONFIG_CHECKER.log:2426: space before tab in indent.
+    	199: Trailing whitespace
logs/megalinter/linters_logs/WARNING-EDITORCONFIG_EDITORCONFIG_CHECKER.log:2427: space before tab in indent.
+    	207: Trailing whitespace
logs/megalinter/linters_logs/WARNING-EDITORCONFIG_EDITORCONFIG_CHECKER.log:2428: space before tab in indent.
+    	213: Trailing whitespace
logs/megalinter/linters_logs/WARNING-EDITORCONFIG_EDITORCONFIG_CHECKER.log:2429: space before tab in indent.
+    	226: Trailing whitespace
logs/megalinter/linters_logs/WARNING-EDITORCONFIG_EDITORCONFIG_CHECKER.log:2430: space before tab in indent.
+    	229: Trailing whitespace
logs/megalinter/linters_logs/WARNING-EDITORCONFIG_EDITORCONFIG_CHECKER.log:2431: space before tab in indent.
+    	238: Trailing whitespace
logs/megalinter/linters_logs/WARNING-EDITORCONFIG_EDITORCONFIG_CHECKER.log:2432: space before tab in indent.
+    	240: Trailing whitespace
logs/megalinter/linters_logs/WARNING-EDITORCONFIG_EDITORCONFIG_CHECKER.log:2433: space before tab in indent.
+    	245: Trailing whitespace
logs/megalinter/linters_logs/WARNING-EDITORCONFIG_EDITORCONFIG_CHECKER.log:2434: space before tab in indent.
+    	248: Trailing whitespace
logs/megalinter/linters_logs/WARNING-EDITORCONFIG_EDITORCONFIG_CHECKER.log:2435: space before tab in indent.
+    	259: Trailing whitespace
logs/megalinter/linters_logs/WARNING-EDITORCONFIG_EDITORCONFIG_CHECKER.log:2436: space before tab in indent.
+    	264: Trailing whitespace
logs/megalinter/linters_logs/WARNING-EDITORCONFIG_EDITORCONFIG_CHECKER.log:2437: space before tab in indent.
+    	269: Trailing whitespace
logs/megalinter/linters_logs/WARNING-EDITORCONFIG_EDITORCONFIG_CHECKER.log:2438: space before tab in indent.
+    	280: Trailing whitespace
logs/megalinter/linters_logs/WARNING-EDITORCONFIG_EDITORCONFIG_CHECKER.log:2439: space before tab in indent.
+    	285: Trailing whitespace
logs/megalinter/linters_logs/WARNING-EDITORCONFIG_EDITORCONFIG_CHECKER.log:2440: space before tab in indent.
+    	289: Trailing whitespace
logs/megalinter/linters_logs/WARNING-EDITORCONFIG_EDITORCONFIG_CHECKER.log:2441: space before tab in indent.
+    	293: Trailing whitespace
logs/megalinter/linters_logs/WARNING-EDITORCONFIG_EDITORCONFIG_CHECKER.log:2442: space before tab in indent.
+    	298: Trailing whitespace
logs/megalinter/linters_logs/WARNING-EDITORCONFIG_EDITORCONFIG_CHECKER.log:2443: space before tab in indent.
+    	306: Trailing whitespace
logs/megalinter/linters_logs/WARNING-EDITORCONFIG_EDITORCONFIG_CHECKER.log:2444: space before tab in indent.
+    	310: Trailing whitespace
logs/megalinter/linters_logs/WARNING-EDITORCONFIG_EDITORCONFIG_CHECKER.log:2445: space before tab in indent.
+    	314: Trailing whitespace
logs/megalinter/linters_logs/WARNING-EDITORCONFIG_EDITORCONFIG_CHECKER.log:2446: space before tab in indent.
+    	323: Trailing whitespace
logs/megalinter/linters_logs/WARNING-EDITORCONFIG_EDITORCONFIG_CHECKER.log:2447: space before tab in indent.
+    	333: Trailing whitespace
logs/megalinter/linters_logs/WARNING-EDITORCONFIG_EDITORCONFIG_CHECKER.log:2448: space before tab in indent.
+    	343: Trailing whitespace
logs/megalinter/linters_logs/WARNING-EDITORCONFIG_EDITORCONFIG_CHECKER.log:2449: space before tab in indent.
+    	352: Trailing whitespace
logs/megalinter/linters_logs/WARNING-EDITORCONFIG_EDITORCONFIG_CHECKER.log:2450: space before tab in indent.
+    	362: Trailing whitespace
logs/megalinter/linters_logs/WARNING-EDITORCONFIG_EDITORCONFIG_CHECKER.log:2451: space before tab in indent.
+    	370: Trailing whitespace
logs/megalinter/linters_logs/WARNING-EDITORCONFIG_EDITORCONFIG_CHECKER.log:2452: space before tab in indent.
+    	374: Trailing whitespace
logs/megalinter/linters_logs/WARNING-EDITORCONFIG_EDITORCONFIG_CHECKER.log:2453: space before tab in indent.
+    	381: Trailing whitespace
logs/megalinter/linters_logs/WARNING-EDITORCONFIG_EDITORCONFIG_CHECKER.log:2454: space before tab in indent.
+    	388: Trailing whitespace
logs/megalinter/linters_logs/WARNING-EDITORCONFIG_EDITORCONFIG_CHECKER.log:2455: space before tab in indent.
+    	393: Trailing whitespace
logs/megalinter/linters_logs/WARNING-EDITORCONFIG_EDITORCONFIG_CHECKER.log:2456: space before tab in indent.
+    	396: Trailing whitespace
logs/megalinter/linters_logs/WARNING-EDITORCONFIG_EDITORCONFIG_CHECKER.log:2457: space before tab in indent.
+    	399: Trailing whitespace
logs/megalinter/linters_logs/WARNING-EDITORCONFIG_EDITORCONFIG_CHECKER.log:2458: space before tab in indent.
+    	405: Trailing whitespace
logs/megalinter/linters_logs/WARNING-EDITORCONFIG_EDITORCONFIG_CHECKER.log:2459: space before tab in indent.
+    	413: Trailing whitespace
logs/megalinter/linters_logs/WARNING-EDITORCONFIG_EDITORCONFIG_CHECKER.log:2460: space before tab in indent.
+    	422: Trailing whitespace
logs/megalinter/linters_logs/WARNING-EDITORCONFIG_EDITORCONFIG_CHECKER.log:2461: space before tab in indent.
+    	425: Trailing whitespace
logs/megalinter/linters_logs/WARNING-EDITORCONFIG_EDITORCONFIG_CHECKER.log:2462: space before tab in indent.
+    	428: Trailing whitespace
logs/megalinter/linters_logs/WARNING-EDITORCONFIG_EDITORCONFIG_CHECKER.log:2463: space before tab in indent.
+    	431: Trailing whitespace
logs/megalinter/linters_logs/WARNING-EDITORCONFIG_EDITORCONFIG_CHECKER.log:2464: space before tab in indent.
+    	436: Trailing whitespace
logs/megalinter/linters_logs/WARNING-EDITORCONFIG_EDITORCONFIG_CHECKER.log:2465: space before tab in indent.
+    	440: Trailing whitespace
logs/megalinter/linters_logs/WARNING-EDITORCONFIG_EDITORCONFIG_CHECKER.log:2466: space before tab in indent.
+    	444: Trailing whitespace
logs/megalinter/linters_logs/WARNING-EDITORCONFIG_EDITORCONFIG_CHECKER.log:2467: space before tab in indent.
+    	448: Trailing whitespace
logs/megalinter/linters_logs/WARNING-EDITORCONFIG_EDITORCONFIG_CHECKER.log:2468: space before tab in indent.
+    	452: Trailing whitespace
logs/megalinter/linters_logs/WARNING-EDITORCONFIG_EDITORCONFIG_CHECKER.log:2469: space before tab in indent.
+    	454: Trailing whitespace
logs/megalinter/linters_logs/WARNING-EDITORCONFIG_EDITORCONFIG_CHECKER.log:2470: space before tab in indent.
+    	457: Trailing whitespace
logs/megalinter/linters_logs/WARNING-EDITORCONFIG_EDITORCONFIG_CHECKER.log:2471: space before tab in indent.
+    	464: Trailing whitespace
logs/megalinter/linters_logs/WARNING-EDITORCONFIG_EDITORCONFIG_CHECKER.log:2472: space before tab in indent.
+    	473: Trailing whitespace
logs/megalinter/linters_logs/WARNING-EDITORCONFIG_EDITORCONFIG_CHECKER.log:2473: space before tab in indent.
+    	478: Trailing whitespace
logs/megalinter/linters_logs/WARNING-EDITORCONFIG_EDITORCONFIG_CHECKER.log:2474: space before tab in indent.
+    	481: Trailing whitespace
logs/megalinter/linters_logs/WARNING-EDITORCONFIG_EDITORCONFIG_CHECKER.log:2475: space before tab in indent.
+    	484: Trailing whitespace
logs/megalinter/linters_logs/WARNING-EDITORCONFIG_EDITORCONFIG_CHECKER.log:2476: space before tab in indent.
+    	488: Trailing whitespace
logs/megalinter/linters_logs/WARNING-EDITORCONFIG_EDITORCONFIG_CHECKER.log:2477: space before tab in indent.
+    	495: Trailing whitespace
logs/megalinter/linters_logs/WARNING-EDITORCONFIG_EDITORCONFIG_CHECKER.log:2478: space before tab in indent.
+    	502: Trailing whitespace
logs/megalinter/linters_logs/WARNING-EDITORCONFIG_EDITORCONFIG_CHECKER.log:2479: space before tab in indent.
+    	507: Trailing whitespace
logs/megalinter/linters_logs/WARNING-EDITORCONFIG_EDITORCONFIG_CHECKER.log:2480: space before tab in indent.
+    	518: Trailing whitespace
logs/megalinter/linters_logs/WARNING-EDITORCONFIG_EDITORCONFIG_CHECKER.log:2481: space before tab in indent.
+    	521: Trailing whitespace
logs/megalinter/linters_logs/WARNING-EDITORCONFIG_EDITORCONFIG_CHECKER.log:2482: space before tab in indent.
+    	532: Trailing whitespace
logs/megalinter/linters_logs/WARNING-EDITORCONFIG_EDITORCONFIG_CHECKER.log:2483: space before tab in indent.
+    	542: Trailing whitespace
logs/megalinter/linters_logs/WARNING-EDITORCONFIG_EDITORCONFIG_CHECKER.log:2484: space before tab in indent.
+    	547: Trailing whitespace
logs/megalinter/linters_logs/WARNING-EDITORCONFIG_EDITORCONFIG_CHECKER.log:2485: space before tab in indent.
+    	550: Trailing whitespace
logs/megalinter/linters_logs/WARNING-EDITORCONFIG_EDITORCONFIG_CHECKER.log:2486: trailing whitespace.
+    
logs/megalinter/linters_logs/WARNING-EDITORCONFIG_EDITORCONFIG_CHECKER.log:4201: space before tab in indent.
+    	2-10: Wrong amount of left-padding spaces(want multiple of 4)
logs/megalinter/linters_logs/WARNING-EDITORCONFIG_EDITORCONFIG_CHECKER.log:4202: trailing whitespace.
+    
logs/megalinter/linters_logs/WARNING-EDITORCONFIG_EDITORCONFIG_CHECKER.log:4651: space before tab in indent.
+    	Not all lines have the correct end of line character
logs/megalinter/linters_logs/WARNING-EDITORCONFIG_EDITORCONFIG_CHECKER.log:4652: space before tab in indent.
+    	6: Trailing whitespace
logs/megalinter/linters_logs/WARNING-EDITORCONFIG_EDITORCONFIG_CHECKER.log:4653: trailing whitespace.
+    
logs/megalinter/linters_logs/WARNING-MARKDOWN_MARKDOWN_LINK_CHECK.log:15: trailing whitespace.
+    
logs/megalinter/linters_logs/WARNING-PYTHON_BANDIT.log:8: trailing whitespace.
+    
logs/megalinter/linters_logs/WARNING-PYTHON_BANDIT.log:18: trailing whitespace.
+    
logs/megalinter/linters_logs/WARNING-PYTHON_BANDIT.log:28: trailing whitespace.
+    
logs/megalinter/linters_logs/WARNING-PYTHON_BANDIT.log:42: trailing whitespace.
+    
logs/megalinter/linters_logs/WARNING-PYTHON_BANDIT.log:56: trailing whitespace.
+    
logs/megalinter/linters_logs/WARNING-PYTHON_BANDIT.log:70: trailing whitespace.
+    
logs/megalinter/linters_logs/WARNING-PYTHON_BANDIT.log:84: trailing whitespace.
+    
logs/megalinter/linters_logs/WARNING-PYTHON_BANDIT.log:86: trailing whitespace.
+    
logs/megalinter/linters_logs/WARNING-PYTHON_BANDIT.log:88: space before tab in indent.
+    	Total lines of code: 418
logs/megalinter/linters_logs/WARNING-PYTHON_BANDIT.log:89: space before tab in indent.
+    	Total lines skipped (#nosec): 0
logs/megalinter/linters_logs/WARNING-PYTHON_BANDIT.log:90: space before tab in indent.
+    	Total potential issues skipped due to specifically being disabled (e.g., #nosec BXXX): 0
logs/megalinter/linters_logs/WARNING-PYTHON_BANDIT.log:91: trailing whitespace.
+    
logs/megalinter/linters_logs/WARNING-PYTHON_BANDIT.log:93: space before tab in indent.
+    	Total issues (by severity):
logs/megalinter/linters_logs/WARNING-PYTHON_BANDIT.log:94: space before tab in indent.
+    		Undefined: 0
logs/megalinter/linters_logs/WARNING-PYTHON_BANDIT.log:95: space before tab in indent.
+    		Low: 5
logs/megalinter/linters_logs/WARNING-PYTHON_BANDIT.log:96: space before tab in indent.
+    		Medium: 1
logs/megalinter/linters_logs/WARNING-PYTHON_BANDIT.log:97: space before tab in indent.
+    		High: 0
logs/megalinter/linters_logs/WARNING-PYTHON_BANDIT.log:98: space before tab in indent.
+    	Total issues (by confidence):
logs/megalinter/linters_logs/WARNING-PYTHON_BANDIT.log:99: space before tab in indent.
+    		Undefined: 0
logs/megalinter/linters_logs/WARNING-PYTHON_BANDIT.log:100: space before tab in indent.
+    		Low: 0
logs/megalinter/linters_logs/WARNING-PYTHON_BANDIT.log:101: space before tab in indent.
+    		Medium: 1
logs/megalinter/linters_logs/WARNING-PYTHON_BANDIT.log:102: space before tab in indent.
+    		High: 5
logs/megalinter/linters_logs/WARNING-PYTHON_PYLINT.log:129: trailing whitespace.
+    
logs/megalinter/linters_logs/WARNING-SPELL_LYCHEE.log:58: trailing whitespace.
+    
logs/megalinter/linters_logs/WARNING-SPELL_LYCHEE.log:89: trailing whitespace.
+    
logs/megalinter/linters_logs/WARNING-SPELL_LYCHEE.log:132: trailing whitespace.
+    
logs/megalinter/linters_logs/WARNING-SPELL_LYCHEE.log:370: trailing whitespace.
+    
logs/megalinter/linters_logs/WARNING-SPELL_LYCHEE.log:384: trailing whitespace.
+    
logs/megalinter/linters_logs/WARNING-SPELL_LYCHEE.log:1423: trailing whitespace.
+    
logs/megalinter/linters_logs/WARNING-SPELL_LYCHEE.log:1474: trailing whitespace.
+    
logs/megalinter/linters_logs/WARNING-SPELL_LYCHEE.log:1646: trailing whitespace.
+    
logs/megalinter/linters_logs/WARNING-SPELL_LYCHEE.log:1660: trailing whitespace.
+    
logs/megalinter/linters_logs/WARNING-SPELL_LYCHEE.log:1668: trailing whitespace.
+    
logs/megalinter/mega-linter.log:1104: trailing whitespace.
+41 errors, 5 warnings, 0 informations 
logs/megalinter/mega-linter.log:5034: trailing whitespace.
+By Prisma Cloud | version: 3.2.413 
logs/megalinter/mega-linter.log:5036: trailing whitespace.
+Run pip3 install -U checkov to update 
logs/megalinter/mega-linter.log:7286: trailing whitespace.
+		13 | 
logs/megalinter/mega-linter.log:21469: trailing whitespace.
+Linting 0/1 files ┈┈┈┈┈┈┈┈┈┈ 00:00                                          Linting 1/1 files ━━━━━━━━━━ 00:00    Linting 1/1 files ━━━━━━━━━━ 00:00    
logs/megalinter/mega-linter.log:21483: trailing whitespace.
+Linting 0/1 files ┈┈┈┈┈┈┈┈┈┈ 00:00                                          Linting 1/1 files ━━━━━━━━━━ 00:00    Linting 1/1 files ━━━━━━━━━━ 00:00    
logs/megalinter/sbom/syft.txt:2: trailing whitespace.
+NAME                                 VERSION                                   TYPE                            
logs/megalinter/sbom/syft.txt:3: trailing whitespace.
+./.github/actions/setup-environment  UNKNOWN                                   github-action  (+1 duplicate)    
logs/megalinter/sbom/syft.txt:4: trailing whitespace.
+Simple Launcher                      1.1.0.14                                  binary         (+11 duplicates)  
logs/megalinter/sbom/syft.txt:5: trailing whitespace.
+actions/cache                        v4                                        github-action  (+1 duplicate)    
logs/megalinter/sbom/syft.txt:6: trailing whitespace.
+actions/checkout                     HIDDEN_BY_MEGALINTER github-action                    
logs/megalinter/sbom/syft.txt:7: trailing whitespace.
+actions/checkout                     v4                                        github-action  (+1 duplicate)    
logs/megalinter/sbom/syft.txt:8: trailing whitespace.
+actions/configure-pages              v4                                        github-action                    
logs/megalinter/sbom/syft.txt:9: trailing whitespace.
+actions/deploy-pages                 v4                                        github-action                    
logs/megalinter/sbom/syft.txt:10: trailing whitespace.
+actions/github-script                v7                                        github-action  (+1 duplicate)    
logs/megalinter/sbom/syft.txt:11: trailing whitespace.
+actions/setup-node                   v4                                        github-action                    
logs/megalinter/sbom/syft.txt:12: trailing whitespace.
+actions/setup-python                 HIDDEN_BY_MEGALINTER github-action                    
logs/megalinter/sbom/syft.txt:13: trailing whitespace.
+actions/setup-python                 v5                                        github-action  (+1 duplicate)    
logs/megalinter/sbom/syft.txt:14: trailing whitespace.
+actions/upload-artifact              v4                                        github-action                    
logs/megalinter/sbom/syft.txt:15: trailing whitespace.
+actions/upload-pages-artifact        v3                                        github-action                    
logs/megalinter/sbom/syft.txt:16: trailing whitespace.
+asynckit                             0.4.0                                     npm                              
logs/megalinter/sbom/syft.txt:17: trailing whitespace.
+attrs                                25.4.0                                    python         (+1 duplicate)    
logs/megalinter/sbom/syft.txt:18: trailing whitespace.
+axios                                1.13.2                                    npm                              
logs/megalinter/sbom/syft.txt:19: trailing whitespace.
+black                                24.10.0                                   python         (+2 duplicates)   
logs/megalinter/sbom/syft.txt:20: trailing whitespace.
+call-bind-apply-helpers              1.0.2                                     npm                              
logs/megalinter/sbom/syft.txt:21: trailing whitespace.
+certifi                              2025.11.12                                python         (+1 duplicate)    
logs/megalinter/sbom/syft.txt:22: trailing whitespace.
+cfgv                                 3.5.0                                     python         (+1 duplicate)    
logs/megalinter/sbom/syft.txt:23: trailing whitespace.
+charset-normalizer                   3.4.4                                     python         (+1 duplicate)    
logs/megalinter/sbom/syft.txt:24: trailing whitespace.
+check-jsonschema                     0.30.0                                    python         (+2 duplicates)   
logs/megalinter/sbom/syft.txt:25: trailing whitespace.
+click                                8.3.1                                     python         (+1 duplicate)    
logs/megalinter/sbom/syft.txt:26: trailing whitespace.
+colorama                             0.4.6                                     python                           
logs/megalinter/sbom/syft.txt:27: trailing whitespace.
+combined-stream                      1.0.8                                     npm                              
logs/megalinter/sbom/syft.txt:28: trailing whitespace.
+dashboard-app                        0.0.0                                     npm                              
logs/megalinter/sbom/syft.txt:29: trailing whitespace.
+delayed-stream                       1.0.0                                     npm                              
logs/megalinter/sbom/syft.txt:30: trailing whitespace.
+distlib                              0.4.0                                     python         (+1 duplicate)    
logs/megalinter/sbom/syft.txt:31: trailing whitespace.
+dunder-proto                         1.0.1                                     npm                              
logs/megalinter/sbom/syft.txt:32: trailing whitespace.
+es-define-property                   1.0.1                                     npm                              
logs/megalinter/sbom/syft.txt:33: trailing whitespace.
+es-errors                            1.3.0                                     npm                              
logs/megalinter/sbom/syft.txt:34: trailing whitespace.
+es-object-atoms                      1.1.1                                     npm                              
logs/megalinter/sbom/syft.txt:35: trailing whitespace.
+es-set-tostringtag                   2.1.0                                     npm                              
logs/megalinter/sbom/syft.txt:36: trailing whitespace.
+filelock                             3.20.0                                    python         (+1 duplicate)    
logs/megalinter/sbom/syft.txt:37: trailing whitespace.
+flake8                               7.1.1                                     python         (+2 duplicates)   
logs/megalinter/sbom/syft.txt:38: trailing whitespace.
+follow-redirects                     1.15.11                                   npm                              
logs/megalinter/sbom/syft.txt:39: trailing whitespace.
+form-data                            4.0.5                                     npm                              
logs/megalinter/sbom/syft.txt:40: trailing whitespace.
+function-bind                        1.1.2                                     npm                              
logs/megalinter/sbom/syft.txt:41: trailing whitespace.
+get-intrinsic                        1.3.0                                     npm                              
logs/megalinter/sbom/syft.txt:42: trailing whitespace.
+get-proto                            1.0.1                                     npm                              
logs/megalinter/sbom/syft.txt:43: trailing whitespace.
+github.com/evanw/esbuild             v0.0.0-20251101233416-208f539945b1        go-module      (+1 duplicate)    
logs/megalinter/sbom/syft.txt:44: trailing whitespace.
+golang.org/x/sys                     v0.0.0-20220715151400-c0bba94af5f8        go-module      (+1 duplicate)    
logs/megalinter/sbom/syft.txt:45: trailing whitespace.
+gopd                                 1.2.0                                     npm                              
logs/megalinter/sbom/syft.txt:46: trailing whitespace.
+has-symbols                          1.1.0                                     npm                              
logs/megalinter/sbom/syft.txt:47: trailing whitespace.
+has-tostringtag                      1.0.2                                     npm                              
logs/megalinter/sbom/syft.txt:48: trailing whitespace.
+hasown                               2.0.2                                     npm                              
logs/megalinter/sbom/syft.txt:49: trailing whitespace.
+identify                             2.6.15                                    python         (+1 duplicate)    
logs/megalinter/sbom/syft.txt:50: trailing whitespace.
+idna                                 3.11                                      python         (+1 duplicate)    
logs/megalinter/sbom/syft.txt:51: trailing whitespace.
+iniconfig                            2.3.0                                     python         (+1 duplicate)    
logs/megalinter/sbom/syft.txt:52: trailing whitespace.
+isort                                5.13.2                                    python         (+2 duplicates)   
logs/megalinter/sbom/syft.txt:53: trailing whitespace.
+jsonschema                           4.23.0                                    python         (+2 duplicates)   
logs/megalinter/sbom/syft.txt:54: trailing whitespace.
+jsonschema-specifications            2025.9.1                                  python         (+1 duplicate)    
logs/megalinter/sbom/syft.txt:55: trailing whitespace.
+math-intrinsics                      1.1.0                                     npm                              
logs/megalinter/sbom/syft.txt:56: trailing whitespace.
+mccabe                               0.7.0                                     python         (+1 duplicate)    
logs/megalinter/sbom/syft.txt:57: trailing whitespace.
+mime-db                              1.52.0                                    npm                              
logs/megalinter/sbom/syft.txt:58: trailing whitespace.
+mime-types                           2.1.35                                    npm                              
logs/megalinter/sbom/syft.txt:59: trailing whitespace.
+mypy                                 1.13.0                                    python         (+1 duplicate)    
logs/megalinter/sbom/syft.txt:60: trailing whitespace.
+mypy-extensions                      1.1.0                                     python         (+1 duplicate)    
logs/megalinter/sbom/syft.txt:61: trailing whitespace.
+nodeenv                              1.9.1                                     python         (+1 duplicate)    
logs/megalinter/sbom/syft.txt:62: trailing whitespace.
+oxsecurity/megalinter                v8                                        github-action                    
logs/megalinter/sbom/syft.txt:63: trailing whitespace.
+packaging                            25.0                                      python         (+1 duplicate)    
logs/megalinter/sbom/syft.txt:64: trailing whitespace.
+pathspec                             0.12.1                                    python         (+1 duplicate)    
logs/megalinter/sbom/syft.txt:65: trailing whitespace.
+pillow                               10.4.0                                    python         (+2 duplicates)   
logs/megalinter/sbom/syft.txt:66: trailing whitespace.
+pip                                  25.3                                      python                           
logs/megalinter/sbom/syft.txt:67: trailing whitespace.
+platformdirs                         4.5.0                                     python         (+1 duplicate)    
logs/megalinter/sbom/syft.txt:68: trailing whitespace.
+pluggy                               1.6.0                                     python         (+1 duplicate)    
logs/megalinter/sbom/syft.txt:69: trailing whitespace.
+pre-commit                           4.0.1                                     python         (+2 duplicates)   
logs/megalinter/sbom/syft.txt:70: trailing whitespace.
+pre-commit-package                   dev-1                                     lua-rocks                        
logs/megalinter/sbom/syft.txt:71: trailing whitespace.
+pre_commit_placeholder_package       0.0.0                                     gem                              
logs/megalinter/sbom/syft.txt:72: trailing whitespace.
+proxy-from-env                       1.1.0                                     npm                              
logs/megalinter/sbom/syft.txt:73: trailing whitespace.
+pycodestyle                          2.12.1                                    python         (+1 duplicate)    
logs/megalinter/sbom/syft.txt:74: trailing whitespace.
+pyflakes                             3.2.0                                     python         (+1 duplicate)    
logs/megalinter/sbom/syft.txt:75: trailing whitespace.
+pytest                               8.3.3                                     python         (+2 duplicates)   
logs/megalinter/sbom/syft.txt:76: trailing whitespace.
+pyyaml                               6.0.3                                     python         (+1 duplicate)    
logs/megalinter/sbom/syft.txt:77: trailing whitespace.
+react                                19.2.1                                    npm                              
logs/megalinter/sbom/syft.txt:78: trailing whitespace.
+react-dom                            19.2.1                                    npm                              
logs/megalinter/sbom/syft.txt:79: trailing whitespace.
+referencing                          0.37.0                                    python         (+1 duplicate)    
logs/megalinter/sbom/syft.txt:80: trailing whitespace.
+regress                              2025.10.1                                 python         (+1 duplicate)    
logs/megalinter/sbom/syft.txt:81: trailing whitespace.
+requests                             2.32.5                                    python         (+1 duplicate)    
logs/megalinter/sbom/syft.txt:82: trailing whitespace.
+rpds-py                              0.30.0                                    python         (+1 duplicate)    
logs/megalinter/sbom/syft.txt:83: trailing whitespace.
+ruamel-yaml                          0.18.6                                    python         (+1 duplicate)    
logs/megalinter/sbom/syft.txt:84: trailing whitespace.
+ruamel-yaml-clib                     0.2.15                                    python         (+1 duplicate)    
logs/megalinter/sbom/syft.txt:85: trailing whitespace.
+scheduler                            0.27.0                                    npm                              
logs/megalinter/sbom/syft.txt:86: trailing whitespace.
+softprops/action-gh-release          v1                                        github-action                    
logs/megalinter/sbom/syft.txt:87: trailing whitespace.
+stdlib                               go1.23.12                                 go-module      (+1 duplicate)    
logs/megalinter/sbom/syft.txt:88: trailing whitespace.
+typing-extensions                    4.15.0                                    python         (+1 duplicate)    
logs/megalinter/sbom/syft.txt:89: trailing whitespace.
+urllib3                              2.5.0                                     python         (+1 duplicate)    

