Logging initialized: logs/oura/oura.log
[2025-12-05T05:05:09Z] [INFO] ============================================================
[2025-12-05T05:05:09Z] [INFO] ============================================================
[2025-12-05T05:05:09Z] [INFO] Workflow: Oura Health - Fetch Data
[2025-12-05T05:05:09Z] [INFO] Workflow: Oura Health - Fetch Data
[2025-12-05T05:05:09Z] [INFO] Started at: 2025-12-05T05:05:09Z
[2025-12-05T05:05:09Z] [INFO] Started at: 2025-12-05T05:05:09Z
[2025-12-05T05:05:09Z] [INFO] ============================================================
[2025-12-05T05:05:09Z] [INFO] ============================================================
[2025-12-05T05:05:09Z] [INFO] Date range: 2025-11-28 to 2025-12-05
[2025-12-05T05:05:09Z] [INFO] Date range: 2025-11-28 to 2025-12-05
Start date: 2025-11-28
End date: 2025-12-05
Starting Oura data fetch...
Date range: 2025-11-28 to 2025-12-05
[2025-12-05T05:05:09Z] [INFO] Performing Oura API health check...
[2025-12-05T05:05:09Z] [INFO] Performing Oura API health check...
🔍 Health check: Oura API...
✅ Oura API is healthy (HTTP 200)
Fetching personal info...
Fetching from: https://api.ouraring.com/v2/usercollection/personal_info
Personal info JSON saved to raw_personal_info.json
Fetching daily sleep data...
Fetching from: https://api.ouraring.com/v2/usercollection/daily_sleep?start_date=2025-11-28&end_date=2025-12-05
Sleep JSON saved to raw_sleep.json
Fetching daily readiness data...
Fetching from: https://api.ouraring.com/v2/usercollection/daily_readiness?start_date=2025-11-28&end_date=2025-12-05
Readiness JSON saved to raw_readiness.json
Fetching daily activity data...
Fetching from: https://api.ouraring.com/v2/usercollection/daily_activity?start_date=2025-11-28&end_date=2025-12-05
Activity JSON saved to raw_activity.json
Fetching heart rate data...
Fetching from: https://api.ouraring.com/v2/usercollection/heart_rate?start_datetime=2025-11-28T00:00:00&end_datetime=2025-12-05T23:59:59
⚠️  Recorded failure #1 for Oura API
⛔ Circuit breaker is OPEN for Oura API (1 failures, retry in 300s)
Error: Failed to fetch from Oura API endpoint after retries: heart_rate
Warning: Could not fetch heart rate data, continuing without it
Personal info received: {"id":"b72c5bd11a0342c1a85d8b76757874b5c268","age":31,"weight":81.6,"height":1.8,"biological_sex":"male","email":"szmyty@gmail.com"}
Sleep data received: {"id":"306e8e9d-28f2-4075-8e0a-e102ab838e53","contributors":{"deep_sleep":69,"efficiency":98,"latency":83,"rem_sleep":28,"restfulness":90,"timing":1,"total_sleep":25},"day":"2025-12-05","score":50,"timestamp":"2025-12-05T00:00:00.000+00:00"}
Readiness data received: {"id":"c908f24b-239a-483e-aac7-80c1010b41c8","contributors":{"activity_balance":100,"body_temperature":83,"hrv_balance":43,"previous_day_activity":87,"previous_night":48,"recovery_index":26,"resting_heart_rate":72,"sleep_balance":54,"sleep_regularity":null},"day":"2025-12-05","score":60,"temperature_deviation":0.26,"temperature_trend_deviation":0.11,"timestamp":"2025-12-05T00:00:00.000+00:00"}
Activity data received: {"id":"0498943f-0857-45eb-b044-c6f2455dd3f1","active_calories":0,"average_met_minutes":0.0,"class_5_min":"","contributors":{"meet_daily_targets":32,"move_every_hour":100,"recovery_time":100,"stay_active":74,"training_frequency":1,"training_volume":34},"day":"2025-12-04","equivalent_walking_distance":0,"high_activity_met_minutes":0,"high_activity_time":0,"inactivity_alerts":0,"low_activity_met_minutes":0,"low_activity_time":0,"medium_activity_met_minutes":0,"medium_activity_time":0,"met":{"interval":60.0,"items":[0.9,0.9,0.9,0.9,0.9,0.9,0.9,0.9,0.9,0.9,0.9,0.9,0.9,0.9,0.9,0.9,0.9,0.9,0.9,0.9,0.9,0.9,0.9,0.9,0.9,0.9,0.9,0.9,0.9,0.9,0.9,0.9,0.9,0.9,0.9,0.9,0.9,0.9,0.9,0.9,0.9,0.9,0.9,0.9,0.9,0.9,0.9,0.9,0.9,0.9,0.9,0.9,0.9,0.9,0.9,0.9,0.9,0.9,0.9,0.9,0.9,0.9,0.9,0.9,0.9,0.9,0.9,0.9,0.9,0.9,0.9,0.9,0.9,0.9,0.9,0.9,0.9,0.9,0.9,0.9,0.9,0.9,0.9,0.9,0.9,0.9,0.9,0.9,0.9,0.9,0.9,0.9,0.9,0.9,0.9,0.9,0.9,0.9,0.9,0.9,0.9,0.9,0.9,0.9,0.9,0.9,0.9,0.9,0.9,0.9,0.9,0.9,0.9,0.9,0.9,0.9,0.9,0.9,0.9,0.9,0.9,0.9,0.9,0.9,0.9,0.9,0.9,0.9,0.9,0.9,0.9,0.9,0.9,0.9,0.9,0.9,0.9,0.9,0.9,0.9,0.9,0.9,0.9,0.9,0.9,0.9,0.9,0.9,0.9,0.9,0.9,0.9,0.9,0.9,0.9,0.9,0.9,0.9,0.9,0.9,0.9,0.9,0.9,0.9,0.9,0.9,0.9,0.9,0.9,0.9,0.9,0.9,0.9,0.9,0.9,0.9,0.9,0.9,0.9,0.9,0.9,0.9,0.9,0.9,0.9,0.9,0.9,0.9,0.9,0.9,0.9,0.9,0.9,0.9,0.9,0.9,0.9,0.9,0.9,0.9,0.9,0.9,0.9,0.9,0.9,0.9,0.9,0.9,0.9,0.9,0.9,0.9,0.9,0.9,0.9,0.9,0.9,0.9,0.9,0.9,0.9,0.9,0.9,0.9,0.9,0.9,0.9,0.9,0.9,0.9,0.9,0.9,0.9,0.9,0.9,0.9,0.9,0.9,0.9,0.9,0.9,0.9,0.9,0.9,0.9,0.9,0.9,0.9,0.9,0.9,0.9,0.9,0.9,0.9,0.9,0.9,0.9,0.9,0.9,0.9,0.9,0.9,0.9,0.9,0.9,0.9,0.9,0.9,0.9,0.9,0.9,0.9,0.9,0.9,0.9,0.9,0.9,0.9,0.9,0.9,0.9,0.9,0.9,0.9,0.9,0.9,0.9,0.9,0.9,0.9,0.9,0.9,0.9,0.9,0.9,0.9,0.9,0.9,0.9,0.9,0.9,0.9,0.9,0.9,0.9,0.9,0.9,0.9,0.9,0.9,0.9,0.9,0.9,0.9,0.9,0.9,0.9,0.9,0.9,0.9,0.9,0.9,0.9,0.9,0.9,0.9,0.9,0.9,0.9,0.9,0.9,0.9,0.9,0.9,0.9,0.9,0.9,0.9,0.9,0.9,0.9,0.9,0.9,0.9,0.9,0.9,0.9,0.9,0.9,0.9,0.9,0.9,0.9,0.9,0.9,0.9,0.9,0.9,0.9,0.9,0.9,0.9,0.9,0.9,0.9,0.9,0.9,0.9,0.9,0.9,0.9,0.9,0.9,0.9,0.9,0.9,0.9,0.9,0.9,0.9,0.9,0.9,0.9,0.9,0.9,0.9,0.9,0.9,0.9,0.9,0.9,0.9,0.9,0.9,0.9,0.9,0.9,0.9,0.9,0.9,0.9,0.9,0.9,0.9,0.9,0.9,0.9,0.9,0.9,0.9,0.9,0.9,0.9,0.9,0.9,0.9,0.9,0.9,0.9,0.9,0.9,0.9,0.9,0.9,0.9,0.9,0.9,0.9,0.9,0.9,0.9,0.9,0.9,0.9,0.9,0.9,0.9,0.9,0.9,0.9,0.9,0.9,0.9,0.9,0.9,0.9,0.9,0.9,0.9,0.9,0.9,0.9,0.9,0.9,0.9,0.9,0.9,0.9,0.9,0.9,0.9,0.9,0.9,0.9,0.9,0.9,0.9,0.9,0.9,0.9,0.9,0.9,0.9,0.9,0.9,0.9,0.9,0.9,0.9,0.9,0.9,0.9,0.9,0.9,0.9,0.9,0.9,0.9,0.9,0.9,0.9,0.9,0.9,0.9,0.9,0.9,0.9,0.9,0.9,0.9,0.9,0.9,0.9,0.9,0.9,0.9,0.9,0.9,0.9,0.9,0.9,0.9,0.9,0.9,0.9,0.9,0.9,0.9,0.9,0.9,0.9,0.9,0.9,0.9,0.9,0.9,0.9,0.9,0.9,0.9,0.9,0.9,0.9,0.9,0.9,0.9,0.9,0.9,0.9,0.9,0.9,0.9,0.9,0.9,0.9,0.9,0.9,0.9,0.9,0.9,0.9,0.9,0.9,0.9,0.9,0.9,0.9,0.9,0.9,0.9,0.9,0.9,0.9,0.9,0.9,0.9,0.9,0.9,0.9,0.9,0.9,0.9,0.9,0.9,0.9,0.9,0.9,0.9,0.9,0.9,0.9,0.9,0.9,0.9,0.9,0.9,0.9,0.9,0.9,0.9,0.9,0.9,0.9,0.9,0.9,0.9,0.9,0.9,0.9,0.9,0.9,0.9,0.9,0.9,0.9,0.9,0.9,0.9,0.9,0.9,0.9,0.9,0.9,0.9,0.9,0.9,0.9,0.9,0.9,0.9,0.9,0.9,0.9,0.9,0.9,0.9,0.9,0.9,0.9,0.9,0.9,0.9,0.9,0.9,0.9,0.9,0.9,0.9,0.9,0.9,0.9,0.9,0.9,0.9,0.9,0.9,0.9,0.9,0.9,0.9,0.9,0.9,0.9,0.9,0.9,0.9,0.9,0.9,0.9,0.9,0.9,0.9,0.9,0.9,0.9,0.9,0.9,0.9,0.9,0.9,0.9,0.9,0.9,0.9,0.9,0.9,0.9,0.9,0.9,0.9,0.9,0.9,0.9,0.9,0.9,0.9,0.9,0.9,0.9,0.9,0.9,0.9,0.9,0.9,0.9,0.9,0.9,0.9,0.9,0.9,0.9,0.9,0.9,0.9,0.9,0.9,0.9,0.9,0.9,0.9,0.9,0.9,0.9,0.9,0.9,0.9,0.9,0.9,0.9,0.9,0.9,0.9,0.9,0.9,0.9,0.9,0.9,0.9,0.9,0.9,0.9,0.9,0.9,0.9,0.9,0.9,0.9,0.9,0.9,0.9,0.9,0.9,0.9,0.9,0.9,0.9,0.9,0.9,0.9,0.9,0.9,0.9,0.9,0.9,0.9,0.9,0.9,0.9,0.9,0.9,0.9,0.9,0.9,0.9,0.9,0.9,0.9,0.9,0.9,0.9,0.9,0.9,0.9,0.9,0.9,0.9,0.9,0.9,0.9,0.9,0.9,0.9,0.9,0.9,0.9,0.9,0.9,0.9,0.9,0.9,0.9,0.9,0.9,0.9,0.9,0.9,0.9,0.9,0.9,0.9,0.9,0.9,0.9,0.9,0.9,0.9,0.9,0.9,0.9,0.9,0.9,0.9,0.9,0.9,0.9,0.9,0.9,0.9,0.9,0.9,0.9,0.9,0.9,0.9,0.9,0.9,0.9,0.9,0.9,0.9,0.9,0.9,0.9,0.9,0.9,0.9,0.9,0.9,0.9,0.9,0.9,0.9,0.9,0.9,0.9,0.9,0.9,0.9,0.9,0.9,0.9,0.9,0.9,0.9,0.9,0.9,0.9,0.9,0.9,0.9,0.9,0.9,0.9,0.9,0.9,0.9,0.9,0.9,0.9,0.9,0.9,0.9,0.9,0.9,0.9,0.9,0.9,0.9,0.9,0.9,0.9,0.9,0.9,0.9,0.9,0.9,0.9,0.9,0.9,0.9,0.9,0.9,0.9,0.9,0.9,0.9,0.9,0.9,0.9,0.9,0.9,0.9,0.9,0.9,0.9,0.9,0.9,0.9,0.9,0.9,0.9,0.9,0.9,0.9,0.9,0.9,0.9,0.9,0.9,0.9,0.9,0.9,0.9,0.9,0.9,0.9,0.9,0.9,0.9,0.9,0.9,0.9,0.9,0.9,0.9,0.9,0.9,0.9,0.9,0.9,0.9,0.9,0.9,0.9,0.9,0.9,0.9,0.9,0.9,0.9,0.9,0.9,0.9,0.9,0.9,0.9,0.9,0.9,0.9,0.9,0.9,0.9,0.9,0.9,0.9,0.9,0.9,0.9,0.9,0.9,0.9,0.9,0.9,0.9,0.9,0.9,0.9,0.9,0.9,0.9,0.9,0.9,0.9,0.9,0.9,0.9,0.9,0.9,0.9,0.9,0.9,0.9,0.9,0.9,0.9,0.9,0.9,0.9,0.9,0.9,0.9,0.9,0.9,0.9,0.9,0.9,0.9,0.9,0.9,0.9,0.9,0.9,0.9,0.9,0.9,0.9,0.9,0.9,0.9,0.9,0.9,0.9,0.9,0.9,0.9,0.9,0.9,0.9,0.9,0.9,0.9,0.9,0.9,0.9,0.9,0.9,0.9,0.9,0.9,0.9,0.9,0.9,0.9,0.9,0.9,0.9,0.9,0.9,0.9,0.9,0.9,0.9,0.9,0.9,0.9,0.9,0.9,0.9,0.9,0.9,0.9,0.9,0.9,0.9,0.9,0.9,0.9,0.9,0.9,0.9,0.9,0.9,0.9,0.9,0.9,0.9,0.9,0.9,0.9,0.9,0.9,0.9,0.9,0.9,0.9,0.9,0.9,0.9,0.9,0.9,0.9,0.9,0.9,0.9,0.9,0.9,0.9,0.9,0.9,0.9,0.9,0.9,0.9,0.9,0.9,0.9,0.9,0.9,0.9,0.9,0.9,0.9,0.9,0.9,0.9,0.9,0.9,0.9,0.9,0.9,0.9,0.9,0.9,0.9,0.9,0.9,0.9,0.9,0.9,0.9,0.9,0.9,0.9,0.9,0.9,0.9,0.9,0.9,0.9,0.9,0.9,0.9,0.9,0.9,0.9,0.9,0.9,0.9,0.9,0.9,0.9,0.9,0.9,0.9,0.9,0.9,0.9,0.9,0.9,0.9,0.9,0.9,0.9,0.9,0.9,0.9,0.9,0.9,0.9,0.9,0.9,0.9,0.9,0.9,0.9,0.9,0.9,0.9,0.9,0.9,0.9,0.9,0.9,0.9,0.9,0.9,0.9,0.9,0.9,0.9,0.9,0.9,0.9,0.9,0.9,0.9,0.9,0.9,0.9,0.9,0.9,0.9,0.9,0.9,0.9,0.9,0.9,0.9,0.9,0.9,0.9,0.9,0.9,0.9,0.9,0.9,0.9,0.9,0.9,0.9,0.9,0.9,0.9,0.9,0.9,0.9,0.9,0.9,0.9,0.9,0.9,0.9,0.9,0.9,0.9,0.9,0.9,0.9,0.9,0.9,0.9,0.9,0.9,0.9,0.9,0.9,0.9,0.9,0.9,0.9,0.9,0.9,0.9,0.9,0.9,0.9,0.9,0.9,0.9,0.9,0.9,0.9,0.9,0.9,0.9,0.9,0.9,0.9,0.9,0.9,0.9,0.9,0.9,0.9,0.9,0.9,0.9,0.9,0.9,0.9,0.9,0.9,0.9,0.9,0.9,0.9,0.9,0.9,0.9,0.9,0.9,0.9,0.9,0.9,0.9,0.9,0.9,0.9,0.9,0.9,0.9,0.9,0.9,0.9,0.9,0.9,0.9,0.9,0.9,0.9,0.9,0.9,0.9,0.9,0.9,0.9,0.9,0.9,0.9,0.9,0.9,0.9,0.9,0.9,0.9,0.9,0.9,0.9,0.9,0.9,0.9,0.9,0.9,0.9,0.9,0.9,0.9,0.9,0.9,0.9,0.9,0.9,0.9,0.9,0.9,0.9,0.9,0.9,0.9,0.9,0.9,0.9,0.9,0.9,0.9,0.9,0.9,0.9,0.9,0.9,0.9,0.9,0.9,0.9,0.9,0.9,0.9,0.9,0.9,0.9,0.9,0.9,0.9,0.9,0.9,0.9,0.9,0.9,0.9,0.9,0.9,0.9,0.9,0.9,0.9,0.9,0.9,0.9,0.9,0.9,0.9,0.9,0.9,0.9,0.9,0.9,0.9,0.9,0.9,0.9,0.9,0.9,0.9,0.9,0.9,0.9,0.9,0.9,0.9,0.9,0.9,0.9,0.9,0.9,0.9,0.9,0.9,0.9,0.9,0.9,0.9,0.9,0.9,0.9,0.9,0.9,0.9,0.9,0.9,0.9,0.9,0.9,0.9,0.9,0.9,0.9,0.9,0.9,0.9,0.9],"timestamp":"2025-12-04T04:00:00.000-05:00"},"meters_to_target":9100,"non_wear_time":0,"resting_time":0,"score":59,"sedentary_met_minutes":0,"sedentary_time":0,"steps":0,"target_calories":500,"target_meters":10000,"timestamp":"2025-12-04T04:00:00.000-05:00","total_calories":1889}
Heart rate data received: {}
[2025-12-05T05:05:11Z] [INFO] Oura metrics fetched successfully
[2025-12-05T05:05:11Z] [INFO] Oura metrics fetched successfully
[2025-12-05T05:05:11Z] [INFO] Scores - Sleep: 50, Readiness: 60, Activity: 59
[2025-12-05T05:05:11Z] [INFO] Scores - Sleep: 50, Readiness: 60, Activity: 59
[2025-12-05T05:05:11Z] [INFO] ============================================================
[2025-12-05T05:05:11Z] [INFO] ============================================================
[2025-12-05T05:05:11Z] [INFO] Workflow: Oura Health - Fetch Data - COMPLETED SUCCESSFULLY
[2025-12-05T05:05:11Z] [INFO] Workflow: Oura Health - Fetch Data - COMPLETED SUCCESSFULLY
[2025-12-05T05:05:11Z] [INFO] Ended at: 2025-12-05T05:05:11Z
[2025-12-05T05:05:11Z] [INFO] Ended at: 2025-12-05T05:05:11Z
[2025-12-05T05:05:11Z] [INFO] ============================================================
[2025-12-05T05:05:11Z] [INFO] ============================================================
Logging initialized: logs/oura/oura.log
[2025-12-05T06:29:17Z] [INFO] ============================================================
[2025-12-05T06:29:17Z] [INFO] ============================================================
[2025-12-05T06:29:17Z] [INFO] Workflow: Oura Health - Fetch Data
[2025-12-05T06:29:17Z] [INFO] Workflow: Oura Health - Fetch Data
[2025-12-05T06:29:17Z] [INFO] Started at: 2025-12-05T06:29:17Z
[2025-12-05T06:29:17Z] [INFO] Started at: 2025-12-05T06:29:17Z
[2025-12-05T06:29:17Z] [INFO] ============================================================
[2025-12-05T06:29:17Z] [INFO] ============================================================
[2025-12-05T06:29:17Z] [INFO] Date range: 2025-11-28 to 2025-12-05
[2025-12-05T06:29:17Z] [INFO] Date range: 2025-11-28 to 2025-12-05
Start date: 2025-11-28
End date: 2025-12-05
Starting Oura data fetch...
Date range: 2025-11-28 to 2025-12-05
[2025-12-05T06:29:17Z] [INFO] Performing Oura API health check...
[2025-12-05T06:29:17Z] [INFO] Performing Oura API health check...
🔍 Health check: Oura API...
✅ Oura API is healthy (HTTP 200)
Fetching personal info...
Fetching from: https://api.ouraring.com/v2/usercollection/personal_info
Personal info JSON saved to raw_personal_info.json
Fetching daily sleep data...
Fetching from: https://api.ouraring.com/v2/usercollection/daily_sleep?start_date=2025-11-28&end_date=2025-12-05
Sleep JSON saved to raw_sleep.json
Fetching daily readiness data...
Fetching from: https://api.ouraring.com/v2/usercollection/daily_readiness?start_date=2025-11-28&end_date=2025-12-05
Readiness JSON saved to raw_readiness.json
Fetching daily activity data...
Fetching from: https://api.ouraring.com/v2/usercollection/daily_activity?start_date=2025-11-28&end_date=2025-12-05
Activity JSON saved to raw_activity.json
Fetching heart rate data...
Fetching from: https://api.ouraring.com/v2/usercollection/heart_rate?start_datetime=2025-11-28T00:00:00&end_datetime=2025-12-05T23:59:59
⚠️  Recorded failure #1 for Oura API
⛔ Circuit breaker is OPEN for Oura API (1 failures, retry in 300s)
Error: Failed to fetch from Oura API endpoint after retries: heart_rate
Warning: Could not fetch heart rate data, continuing without it
Personal info received: {"id":"b72c5bd11a0342c1a85d8b76757874b5c268","age":31,"weight":81.6,"height":1.8,"biological_sex":"male","email":"szmyty@gmail.com"}
Sleep data received: {"id":"306e8e9d-28f2-4075-8e0a-e102ab838e53","contributors":{"deep_sleep":69,"efficiency":98,"latency":83,"rem_sleep":28,"restfulness":90,"timing":1,"total_sleep":25},"day":"2025-12-05","score":50,"timestamp":"2025-12-05T00:00:00.000+00:00"}
Readiness data received: {"id":"c908f24b-239a-483e-aac7-80c1010b41c8","contributors":{"activity_balance":100,"body_temperature":83,"hrv_balance":43,"previous_day_activity":87,"previous_night":48,"recovery_index":26,"resting_heart_rate":72,"sleep_balance":54,"sleep_regularity":null},"day":"2025-12-05","score":60,"temperature_deviation":0.26,"temperature_trend_deviation":0.11,"timestamp":"2025-12-05T00:00:00.000+00:00"}
Activity data received: {"id":"0498943f-0857-45eb-b044-c6f2455dd3f1","active_calories":0,"average_met_minutes":0.0,"class_5_min":"","contributors":{"meet_daily_targets":32,"move_every_hour":100,"recovery_time":100,"stay_active":74,"training_frequency":1,"training_volume":34},"day":"2025-12-04","equivalent_walking_distance":0,"high_activity_met_minutes":0,"high_activity_time":0,"inactivity_alerts":0,"low_activity_met_minutes":0,"low_activity_time":0,"medium_activity_met_minutes":0,"medium_activity_time":0,"met":{"interval":60.0,"items":[0.9,0.9,0.9,0.9,0.9,0.9,0.9,0.9,0.9,0.9,0.9,0.9,0.9,0.9,0.9,0.9,0.9,0.9,0.9,0.9,0.9,0.9,0.9,0.9,0.9,0.9,0.9,0.9,0.9,0.9,0.9,0.9,0.9,0.9,0.9,0.9,0.9,0.9,0.9,0.9,0.9,0.9,0.9,0.9,0.9,0.9,0.9,0.9,0.9,0.9,0.9,0.9,0.9,0.9,0.9,0.9,0.9,0.9,0.9,0.9,0.9,0.9,0.9,0.9,0.9,0.9,0.9,0.9,0.9,0.9,0.9,0.9,0.9,0.9,0.9,0.9,0.9,0.9,0.9,0.9,0.9,0.9,0.9,0.9,0.9,0.9,0.9,0.9,0.9,0.9,0.9,0.9,0.9,0.9,0.9,0.9,0.9,0.9,0.9,0.9,0.9,0.9,0.9,0.9,0.9,0.9,0.9,0.9,0.9,0.9,0.9,0.9,0.9,0.9,0.9,0.9,0.9,0.9,0.9,0.9,0.9,0.9,0.9,0.9,0.9,0.9,0.9,0.9,0.9,0.9,0.9,0.9,0.9,0.9,0.9,0.9,0.9,0.9,0.9,0.9,0.9,0.9,0.9,0.9,0.9,0.9,0.9,0.9,0.9,0.9,0.9,0.9,0.9,0.9,0.9,0.9,0.9,0.9,0.9,0.9,0.9,0.9,0.9,0.9,0.9,0.9,0.9,0.9,0.9,0.9,0.9,0.9,0.9,0.9,0.9,0.9,0.9,0.9,0.9,0.9,0.9,0.9,0.9,0.9,0.9,0.9,0.9,0.9,0.9,0.9,0.9,0.9,0.9,0.9,0.9,0.9,0.9,0.9,0.9,0.9,0.9,0.9,0.9,0.9,0.9,0.9,0.9,0.9,0.9,0.9,0.9,0.9,0.9,0.9,0.9,0.9,0.9,0.9,0.9,0.9,0.9,0.9,0.9,0.9,0.9,0.9,0.9,0.9,0.9,0.9,0.9,0.9,0.9,0.9,0.9,0.9,0.9,0.9,0.9,0.9,0.9,0.9,0.9,0.9,0.9,0.9,0.9,0.9,0.9,0.9,0.9,0.9,0.9,0.9,0.9,0.9,0.9,0.9,0.9,0.9,0.9,0.9,0.9,0.9,0.9,0.9,0.9,0.9,0.9,0.9,0.9,0.9,0.9,0.9,0.9,0.9,0.9,0.9,0.9,0.9,0.9,0.9,0.9,0.9,0.9,0.9,0.9,0.9,0.9,0.9,0.9,0.9,0.9,0.9,0.9,0.9,0.9,0.9,0.9,0.9,0.9,0.9,0.9,0.9,0.9,0.9,0.9,0.9,0.9,0.9,0.9,0.9,0.9,0.9,0.9,0.9,0.9,0.9,0.9,0.9,0.9,0.9,0.9,0.9,0.9,0.9,0.9,0.9,0.9,0.9,0.9,0.9,0.9,0.9,0.9,0.9,0.9,0.9,0.9,0.9,0.9,0.9,0.9,0.9,0.9,0.9,0.9,0.9,0.9,0.9,0.9,0.9,0.9,0.9,0.9,0.9,0.9,0.9,0.9,0.9,0.9,0.9,0.9,0.9,0.9,0.9,0.9,0.9,0.9,0.9,0.9,0.9,0.9,0.9,0.9,0.9,0.9,0.9,0.9,0.9,0.9,0.9,0.9,0.9,0.9,0.9,0.9,0.9,0.9,0.9,0.9,0.9,0.9,0.9,0.9,0.9,0.9,0.9,0.9,0.9,0.9,0.9,0.9,0.9,0.9,0.9,0.9,0.9,0.9,0.9,0.9,0.9,0.9,0.9,0.9,0.9,0.9,0.9,0.9,0.9,0.9,0.9,0.9,0.9,0.9,0.9,0.9,0.9,0.9,0.9,0.9,0.9,0.9,0.9,0.9,0.9,0.9,0.9,0.9,0.9,0.9,0.9,0.9,0.9,0.9,0.9,0.9,0.9,0.9,0.9,0.9,0.9,0.9,0.9,0.9,0.9,0.9,0.9,0.9,0.9,0.9,0.9,0.9,0.9,0.9,0.9,0.9,0.9,0.9,0.9,0.9,0.9,0.9,0.9,0.9,0.9,0.9,0.9,0.9,0.9,0.9,0.9,0.9,0.9,0.9,0.9,0.9,0.9,0.9,0.9,0.9,0.9,0.9,0.9,0.9,0.9,0.9,0.9,0.9,0.9,0.9,0.9,0.9,0.9,0.9,0.9,0.9,0.9,0.9,0.9,0.9,0.9,0.9,0.9,0.9,0.9,0.9,0.9,0.9,0.9,0.9,0.9,0.9,0.9,0.9,0.9,0.9,0.9,0.9,0.9,0.9,0.9,0.9,0.9,0.9,0.9,0.9,0.9,0.9,0.9,0.9,0.9,0.9,0.9,0.9,0.9,0.9,0.9,0.9,0.9,0.9,0.9,0.9,0.9,0.9,0.9,0.9,0.9,0.9,0.9,0.9,0.9,0.9,0.9,0.9,0.9,0.9,0.9,0.9,0.9,0.9,0.9,0.9,0.9,0.9,0.9,0.9,0.9,0.9,0.9,0.9,0.9,0.9,0.9,0.9,0.9,0.9,0.9,0.9,0.9,0.9,0.9,0.9,0.9,0.9,0.9,0.9,0.9,0.9,0.9,0.9,0.9,0.9,0.9,0.9,0.9,0.9,0.9,0.9,0.9,0.9,0.9,0.9,0.9,0.9,0.9,0.9,0.9,0.9,0.9,0.9,0.9,0.9,0.9,0.9,0.9,0.9,0.9,0.9,0.9,0.9,0.9,0.9,0.9,0.9,0.9,0.9,0.9,0.9,0.9,0.9,0.9,0.9,0.9,0.9,0.9,0.9,0.9,0.9,0.9,0.9,0.9,0.9,0.9,0.9,0.9,0.9,0.9,0.9,0.9,0.9,0.9,0.9,0.9,0.9,0.9,0.9,0.9,0.9,0.9,0.9,0.9,0.9,0.9,0.9,0.9,0.9,0.9,0.9,0.9,0.9,0.9,0.9,0.9,0.9,0.9,0.9,0.9,0.9,0.9,0.9,0.9,0.9,0.9,0.9,0.9,0.9,0.9,0.9,0.9,0.9,0.9,0.9,0.9,0.9,0.9,0.9,0.9,0.9,0.9,0.9,0.9,0.9,0.9,0.9,0.9,0.9,0.9,0.9,0.9,0.9,0.9,0.9,0.9,0.9,0.9,0.9,0.9,0.9,0.9,0.9,0.9,0.9,0.9,0.9,0.9,0.9,0.9,0.9,0.9,0.9,0.9,0.9,0.9,0.9,0.9,0.9,0.9,0.9,0.9,0.9,0.9,0.9,0.9,0.9,0.9,0.9,0.9,0.9,0.9,0.9,0.9,0.9,0.9,0.9,0.9,0.9,0.9,0.9,0.9,0.9,0.9,0.9,0.9,0.9,0.9,0.9,0.9,0.9,0.9,0.9,0.9,0.9,0.9,0.9,0.9,0.9,0.9,0.9,0.9,0.9,0.9,0.9,0.9,0.9,0.9,0.9,0.9,0.9,0.9,0.9,0.9,0.9,0.9,0.9,0.9,0.9,0.9,0.9,0.9,0.9,0.9,0.9,0.9,0.9,0.9,0.9,0.9,0.9,0.9,0.9,0.9,0.9,0.9,0.9,0.9,0.9,0.9,0.9,0.9,0.9,0.9,0.9,0.9,0.9,0.9,0.9,0.9,0.9,0.9,0.9,0.9,0.9,0.9,0.9,0.9,0.9,0.9,0.9,0.9,0.9,0.9,0.9,0.9,0.9,0.9,0.9,0.9,0.9,0.9,0.9,0.9,0.9,0.9,0.9,0.9,0.9,0.9,0.9,0.9,0.9,0.9,0.9,0.9,0.9,0.9,0.9,0.9,0.9,0.9,0.9,0.9,0.9,0.9,0.9,0.9,0.9,0.9,0.9,0.9,0.9,0.9,0.9,0.9,0.9,0.9,0.9,0.9,0.9,0.9,0.9,0.9,0.9,0.9,0.9,0.9,0.9,0.9,0.9,0.9,0.9,0.9,0.9,0.9,0.9,0.9,0.9,0.9,0.9,0.9,0.9,0.9,0.9,0.9,0.9,0.9,0.9,0.9,0.9,0.9,0.9,0.9,0.9,0.9,0.9,0.9,0.9,0.9,0.9,0.9,0.9,0.9,0.9,0.9,0.9,0.9,0.9,0.9,0.9,0.9,0.9,0.9,0.9,0.9,0.9,0.9,0.9,0.9,0.9,0.9,0.9,0.9,0.9,0.9,0.9,0.9,0.9,0.9,0.9,0.9,0.9,0.9,0.9,0.9,0.9,0.9,0.9,0.9,0.9,0.9,0.9,0.9,0.9,0.9,0.9,0.9,0.9,0.9,0.9,0.9,0.9,0.9,0.9,0.9,0.9,0.9,0.9,0.9,0.9,0.9,0.9,0.9,0.9,0.9,0.9,0.9,0.9,0.9,0.9,0.9,0.9,0.9,0.9,0.9,0.9,0.9,0.9,0.9,0.9,0.9,0.9,0.9,0.9,0.9,0.9,0.9,0.9,0.9,0.9,0.9,0.9,0.9,0.9,0.9,0.9,0.9,0.9,0.9,0.9,0.9,0.9,0.9,0.9,0.9,0.9,0.9,0.9,0.9,0.9,0.9,0.9,0.9,0.9,0.9,0.9,0.9,0.9,0.9,0.9,0.9,0.9,0.9,0.9,0.9,0.9,0.9,0.9,0.9,0.9,0.9,0.9,0.9,0.9,0.9,0.9,0.9,0.9,0.9,0.9,0.9,0.9,0.9,0.9,0.9,0.9,0.9,0.9,0.9,0.9,0.9,0.9,0.9,0.9,0.9,0.9,0.9,0.9,0.9,0.9,0.9,0.9,0.9,0.9,0.9,0.9,0.9,0.9,0.9,0.9,0.9,0.9,0.9,0.9,0.9,0.9,0.9,0.9,0.9,0.9,0.9,0.9,0.9,0.9,0.9,0.9,0.9,0.9,0.9,0.9,0.9,0.9,0.9,0.9,0.9,0.9,0.9,0.9,0.9,0.9,0.9,0.9,0.9,0.9,0.9,0.9,0.9,0.9,0.9,0.9,0.9,0.9,0.9,0.9,0.9,0.9,0.9,0.9,0.9,0.9,0.9,0.9,0.9,0.9,0.9,0.9,0.9,0.9,0.9,0.9,0.9,0.9,0.9,0.9,0.9,0.9,0.9,0.9,0.9,0.9,0.9,0.9,0.9,0.9,0.9,0.9,0.9,0.9,0.9,0.9,0.9,0.9,0.9,0.9,0.9,0.9,0.9,0.9,0.9,0.9,0.9,0.9,0.9,0.9,0.9,0.9,0.9,0.9,0.9,0.9,0.9,0.9,0.9,0.9,0.9,0.9,0.9,0.9,0.9,0.9,0.9,0.9,0.9,0.9,0.9,0.9,0.9,0.9,0.9,0.9,0.9,0.9,0.9,0.9,0.9,0.9,0.9,0.9,0.9,0.9,0.9,0.9,0.9,0.9,0.9,0.9,0.9,0.9,0.9,0.9,0.9,0.9,0.9,0.9,0.9,0.9,0.9,0.9,0.9,0.9,0.9,0.9,0.9,0.9,0.9,0.9,0.9,0.9,0.9,0.9,0.9,0.9,0.9,0.9,0.9,0.9,0.9,0.9,0.9,0.9,0.9,0.9,0.9,0.9,0.9,0.9,0.9,0.9,0.9,0.9,0.9,0.9,0.9,0.9,0.9,0.9,0.9,0.9,0.9,0.9,0.9,0.9,0.9,0.9,0.9,0.9,0.9,0.9,0.9,0.9,0.9,0.9,0.9,0.9,0.9,0.9,0.9,0.9,0.9,0.9,0.9,0.9,0.9,0.9,0.9,0.9,0.9,0.9,0.9,0.9,0.9,0.9,0.9,0.9,0.9,0.9,0.9,0.9,0.9,0.9,0.9,0.9,0.9,0.9,0.9,0.9,0.9,0.9,0.9,0.9,0.9,0.9,0.9,0.9,0.9,0.9,0.9,0.9,0.9,0.9,0.9,0.9,0.9,0.9,0.9,0.9,0.9,0.9,0.9,0.9,0.9,0.9,0.9,0.9,0.9,0.9,0.9,0.9,0.9,0.9,0.9,0.9,0.9,0.9,0.9,0.9,0.9,0.9,0.9,0.9,0.9,0.9,0.9,0.9,0.9,0.9,0.9,0.9,0.9,0.9,0.9,0.9,0.9,0.9,0.9,0.9,0.9,0.9,0.9,0.9,0.9,0.9,0.9,0.9,0.9,0.9,0.9,0.9,0.9,0.9,0.9,0.9,0.9,0.9,0.9,0.9,0.9,0.9,0.9,0.9,0.9,0.9,0.9,0.9,0.9,0.9,0.9,0.9,0.9,0.9,0.9],"timestamp":"2025-12-04T04:00:00.000-05:00"},"meters_to_target":9100,"non_wear_time":0,"resting_time":0,"score":59,"sedentary_met_minutes":0,"sedentary_time":0,"steps":0,"target_calories":500,"target_meters":10000,"timestamp":"2025-12-04T04:00:00.000-05:00","total_calories":1889}
Heart rate data received: {}
[2025-12-05T06:29:20Z] [INFO] Oura metrics fetched successfully
[2025-12-05T06:29:20Z] [INFO] Oura metrics fetched successfully
[2025-12-05T06:29:20Z] [INFO] Scores - Sleep: 50, Readiness: 60, Activity: 59
[2025-12-05T06:29:20Z] [INFO] Scores - Sleep: 50, Readiness: 60, Activity: 59
[2025-12-05T06:29:20Z] [INFO] ============================================================
[2025-12-05T06:29:20Z] [INFO] ============================================================
[2025-12-05T06:29:20Z] [INFO] Workflow: Oura Health - Fetch Data - COMPLETED SUCCESSFULLY
[2025-12-05T06:29:20Z] [INFO] Workflow: Oura Health - Fetch Data - COMPLETED SUCCESSFULLY
[2025-12-05T06:29:20Z] [INFO] Ended at: 2025-12-05T06:29:20Z
[2025-12-05T06:29:20Z] [INFO] Ended at: 2025-12-05T06:29:20Z
[2025-12-05T06:29:20Z] [INFO] ============================================================
[2025-12-05T06:29:20Z] [INFO] ============================================================
Logging initialized: logs/oura/oura.log
[2025-12-05T07:26:29Z] [INFO] ============================================================
[2025-12-05T07:26:29Z] [INFO] ============================================================
[2025-12-05T07:26:29Z] [INFO] Workflow: Oura Health - Fetch Data
[2025-12-05T07:26:29Z] [INFO] Workflow: Oura Health - Fetch Data
[2025-12-05T07:26:29Z] [INFO] Started at: 2025-12-05T07:26:29Z
[2025-12-05T07:26:29Z] [INFO] Started at: 2025-12-05T07:26:29Z
[2025-12-05T07:26:29Z] [INFO] ============================================================
[2025-12-05T07:26:29Z] [INFO] ============================================================
[2025-12-05T07:26:29Z] [INFO] Date range: 2025-11-28 to 2025-12-05
[2025-12-05T07:26:29Z] [INFO] Date range: 2025-11-28 to 2025-12-05
Start date: 2025-11-28
End date: 2025-12-05
Starting Oura data fetch...
Date range: 2025-11-28 to 2025-12-05
[2025-12-05T07:26:29Z] [INFO] Performing Oura API health check...
[2025-12-05T07:26:29Z] [INFO] Performing Oura API health check...
🔍 Health check: Oura API...
✅ Oura API is healthy (HTTP 200)
Fetching personal info...
Fetching from: https://api.ouraring.com/v2/usercollection/personal_info
Personal info JSON saved to raw_personal_info.json
Fetching daily sleep data...
Fetching from: https://api.ouraring.com/v2/usercollection/daily_sleep?start_date=2025-11-28&end_date=2025-12-05
Sleep JSON saved to raw_sleep.json
Fetching daily readiness data...
Fetching from: https://api.ouraring.com/v2/usercollection/daily_readiness?start_date=2025-11-28&end_date=2025-12-05
Readiness JSON saved to raw_readiness.json
Fetching daily activity data...
Fetching from: https://api.ouraring.com/v2/usercollection/daily_activity?start_date=2025-11-28&end_date=2025-12-05
Activity JSON saved to raw_activity.json
Fetching heart rate data...
Fetching from: https://api.ouraring.com/v2/usercollection/heart_rate?start_datetime=2025-11-28T00:00:00&end_datetime=2025-12-05T23:59:59
⚠️  Recorded failure #1 for Oura API
⛔ Circuit breaker is OPEN for Oura API (1 failures, retry in 300s)
Error: Failed to fetch from Oura API endpoint after retries: heart_rate
Warning: Could not fetch heart rate data, continuing without it
Personal info received: {"id":"b72c5bd11a0342c1a85d8b76757874b5c268","age":31,"weight":81.6,"height":1.8,"biological_sex":"male","email":"szmyty@gmail.com"}
Sleep data received: {"id":"306e8e9d-28f2-4075-8e0a-e102ab838e53","contributors":{"deep_sleep":69,"efficiency":98,"latency":83,"rem_sleep":28,"restfulness":90,"timing":1,"total_sleep":25},"day":"2025-12-05","score":50,"timestamp":"2025-12-05T00:00:00.000+00:00"}
Readiness data received: {"id":"c908f24b-239a-483e-aac7-80c1010b41c8","contributors":{"activity_balance":100,"body_temperature":83,"hrv_balance":43,"previous_day_activity":87,"previous_night":48,"recovery_index":26,"resting_heart_rate":72,"sleep_balance":54,"sleep_regularity":null},"day":"2025-12-05","score":60,"temperature_deviation":0.26,"temperature_trend_deviation":0.11,"timestamp":"2025-12-05T00:00:00.000+00:00"}
Activity data received: {"id":"0498943f-0857-45eb-b044-c6f2455dd3f1","active_calories":0,"average_met_minutes":0.0,"class_5_min":"","contributors":{"meet_daily_targets":32,"move_every_hour":100,"recovery_time":100,"stay_active":74,"training_frequency":1,"training_volume":34},"day":"2025-12-04","equivalent_walking_distance":0,"high_activity_met_minutes":0,"high_activity_time":0,"inactivity_alerts":0,"low_activity_met_minutes":0,"low_activity_time":0,"medium_activity_met_minutes":0,"medium_activity_time":0,"met":{"interval":60.0,"items":[0.9,0.9,0.9,0.9,0.9,0.9,0.9,0.9,0.9,0.9,0.9,0.9,0.9,0.9,0.9,0.9,0.9,0.9,0.9,0.9,0.9,0.9,0.9,0.9,0.9,0.9,0.9,0.9,0.9,0.9,0.9,0.9,0.9,0.9,0.9,0.9,0.9,0.9,0.9,0.9,0.9,0.9,0.9,0.9,0.9,0.9,0.9,0.9,0.9,0.9,0.9,0.9,0.9,0.9,0.9,0.9,0.9,0.9,0.9,0.9,0.9,0.9,0.9,0.9,0.9,0.9,0.9,0.9,0.9,0.9,0.9,0.9,0.9,0.9,0.9,0.9,0.9,0.9,0.9,0.9,0.9,0.9,0.9,0.9,0.9,0.9,0.9,0.9,0.9,0.9,0.9,0.9,0.9,0.9,0.9,0.9,0.9,0.9,0.9,0.9,0.9,0.9,0.9,0.9,0.9,0.9,0.9,0.9,0.9,0.9,0.9,0.9,0.9,0.9,0.9,0.9,0.9,0.9,0.9,0.9,0.9,0.9,0.9,0.9,0.9,0.9,0.9,0.9,0.9,0.9,0.9,0.9,0.9,0.9,0.9,0.9,0.9,0.9,0.9,0.9,0.9,0.9,0.9,0.9,0.9,0.9,0.9,0.9,0.9,0.9,0.9,0.9,0.9,0.9,0.9,0.9,0.9,0.9,0.9,0.9,0.9,0.9,0.9,0.9,0.9,0.9,0.9,0.9,0.9,0.9,0.9,0.9,0.9,0.9,0.9,0.9,0.9,0.9,0.9,0.9,0.9,0.9,0.9,0.9,0.9,0.9,0.9,0.9,0.9,0.9,0.9,0.9,0.9,0.9,0.9,0.9,0.9,0.9,0.9,0.9,0.9,0.9,0.9,0.9,0.9,0.9,0.9,0.9,0.9,0.9,0.9,0.9,0.9,0.9,0.9,0.9,0.9,0.9,0.9,0.9,0.9,0.9,0.9,0.9,0.9,0.9,0.9,0.9,0.9,0.9,0.9,0.9,0.9,0.9,0.9,0.9,0.9,0.9,0.9,0.9,0.9,0.9,0.9,0.9,0.9,0.9,0.9,0.9,0.9,0.9,0.9,0.9,0.9,0.9,0.9,0.9,0.9,0.9,0.9,0.9,0.9,0.9,0.9,0.9,0.9,0.9,0.9,0.9,0.9,0.9,0.9,0.9,0.9,0.9,0.9,0.9,0.9,0.9,0.9,0.9,0.9,0.9,0.9,0.9,0.9,0.9,0.9,0.9,0.9,0.9,0.9,0.9,0.9,0.9,0.9,0.9,0.9,0.9,0.9,0.9,0.9,0.9,0.9,0.9,0.9,0.9,0.9,0.9,0.9,0.9,0.9,0.9,0.9,0.9,0.9,0.9,0.9,0.9,0.9,0.9,0.9,0.9,0.9,0.9,0.9,0.9,0.9,0.9,0.9,0.9,0.9,0.9,0.9,0.9,0.9,0.9,0.9,0.9,0.9,0.9,0.9,0.9,0.9,0.9,0.9,0.9,0.9,0.9,0.9,0.9,0.9,0.9,0.9,0.9,0.9,0.9,0.9,0.9,0.9,0.9,0.9,0.9,0.9,0.9,0.9,0.9,0.9,0.9,0.9,0.9,0.9,0.9,0.9,0.9,0.9,0.9,0.9,0.9,0.9,0.9,0.9,0.9,0.9,0.9,0.9,0.9,0.9,0.9,0.9,0.9,0.9,0.9,0.9,0.9,0.9,0.9,0.9,0.9,0.9,0.9,0.9,0.9,0.9,0.9,0.9,0.9,0.9,0.9,0.9,0.9,0.9,0.9,0.9,0.9,0.9,0.9,0.9,0.9,0.9,0.9,0.9,0.9,0.9,0.9,0.9,0.9,0.9,0.9,0.9,0.9,0.9,0.9,0.9,0.9,0.9,0.9,0.9,0.9,0.9,0.9,0.9,0.9,0.9,0.9,0.9,0.9,0.9,0.9,0.9,0.9,0.9,0.9,0.9,0.9,0.9,0.9,0.9,0.9,0.9,0.9,0.9,0.9,0.9,0.9,0.9,0.9,0.9,0.9,0.9,0.9,0.9,0.9,0.9,0.9,0.9,0.9,0.9,0.9,0.9,0.9,0.9,0.9,0.9,0.9,0.9,0.9,0.9,0.9,0.9,0.9,0.9,0.9,0.9,0.9,0.9,0.9,0.9,0.9,0.9,0.9,0.9,0.9,0.9,0.9,0.9,0.9,0.9,0.9,0.9,0.9,0.9,0.9,0.9,0.9,0.9,0.9,0.9,0.9,0.9,0.9,0.9,0.9,0.9,0.9,0.9,0.9,0.9,0.9,0.9,0.9,0.9,0.9,0.9,0.9,0.9,0.9,0.9,0.9,0.9,0.9,0.9,0.9,0.9,0.9,0.9,0.9,0.9,0.9,0.9,0.9,0.9,0.9,0.9,0.9,0.9,0.9,0.9,0.9,0.9,0.9,0.9,0.9,0.9,0.9,0.9,0.9,0.9,0.9,0.9,0.9,0.9,0.9,0.9,0.9,0.9,0.9,0.9,0.9,0.9,0.9,0.9,0.9,0.9,0.9,0.9,0.9,0.9,0.9,0.9,0.9,0.9,0.9,0.9,0.9,0.9,0.9,0.9,0.9,0.9,0.9,0.9,0.9,0.9,0.9,0.9,0.9,0.9,0.9,0.9,0.9,0.9,0.9,0.9,0.9,0.9,0.9,0.9,0.9,0.9,0.9,0.9,0.9,0.9,0.9,0.9,0.9,0.9,0.9,0.9,0.9,0.9,0.9,0.9,0.9,0.9,0.9,0.9,0.9,0.9,0.9,0.9,0.9,0.9,0.9,0.9,0.9,0.9,0.9,0.9,0.9,0.9,0.9,0.9,0.9,0.9,0.9,0.9,0.9,0.9,0.9,0.9,0.9,0.9,0.9,0.9,0.9,0.9,0.9,0.9,0.9,0.9,0.9,0.9,0.9,0.9,0.9,0.9,0.9,0.9,0.9,0.9,0.9,0.9,0.9,0.9,0.9,0.9,0.9,0.9,0.9,0.9,0.9,0.9,0.9,0.9,0.9,0.9,0.9,0.9,0.9,0.9,0.9,0.9,0.9,0.9,0.9,0.9,0.9,0.9,0.9,0.9,0.9,0.9,0.9,0.9,0.9,0.9,0.9,0.9,0.9,0.9,0.9,0.9,0.9,0.9,0.9,0.9,0.9,0.9,0.9,0.9,0.9,0.9,0.9,0.9,0.9,0.9,0.9,0.9,0.9,0.9,0.9,0.9,0.9,0.9,0.9,0.9,0.9,0.9,0.9,0.9,0.9,0.9,0.9,0.9,0.9,0.9,0.9,0.9,0.9,0.9,0.9,0.9,0.9,0.9,0.9,0.9,0.9,0.9,0.9,0.9,0.9,0.9,0.9,0.9,0.9,0.9,0.9,0.9,0.9,0.9,0.9,0.9,0.9,0.9,0.9,0.9,0.9,0.9,0.9,0.9,0.9,0.9,0.9,0.9,0.9,0.9,0.9,0.9,0.9,0.9,0.9,0.9,0.9,0.9,0.9,0.9,0.9,0.9,0.9,0.9,0.9,0.9,0.9,0.9,0.9,0.9,0.9,0.9,0.9,0.9,0.9,0.9,0.9,0.9,0.9,0.9,0.9,0.9,0.9,0.9,0.9,0.9,0.9,0.9,0.9,0.9,0.9,0.9,0.9,0.9,0.9,0.9,0.9,0.9,0.9,0.9,0.9,0.9,0.9,0.9,0.9,0.9,0.9,0.9,0.9,0.9,0.9,0.9,0.9,0.9,0.9,0.9,0.9,0.9,0.9,0.9,0.9,0.9,0.9,0.9,0.9,0.9,0.9,0.9,0.9,0.9,0.9,0.9,0.9,0.9,0.9,0.9,0.9,0.9,0.9,0.9,0.9,0.9,0.9,0.9,0.9,0.9,0.9,0.9,0.9,0.9,0.9,0.9,0.9,0.9,0.9,0.9,0.9,0.9,0.9,0.9,0.9,0.9,0.9,0.9,0.9,0.9,0.9,0.9,0.9,0.9,0.9,0.9,0.9,0.9,0.9,0.9,0.9,0.9,0.9,0.9,0.9,0.9,0.9,0.9,0.9,0.9,0.9,0.9,0.9,0.9,0.9,0.9,0.9,0.9,0.9,0.9,0.9,0.9,0.9,0.9,0.9,0.9,0.9,0.9,0.9,0.9,0.9,0.9,0.9,0.9,0.9,0.9,0.9,0.9,0.9,0.9,0.9,0.9,0.9,0.9,0.9,0.9,0.9,0.9,0.9,0.9,0.9,0.9,0.9,0.9,0.9,0.9,0.9,0.9,0.9,0.9,0.9,0.9,0.9,0.9,0.9,0.9,0.9,0.9,0.9,0.9,0.9,0.9,0.9,0.9,0.9,0.9,0.9,0.9,0.9,0.9,0.9,0.9,0.9,0.9,0.9,0.9,0.9,0.9,0.9,0.9,0.9,0.9,0.9,0.9,0.9,0.9,0.9,0.9,0.9,0.9,0.9,0.9,0.9,0.9,0.9,0.9,0.9,0.9,0.9,0.9,0.9,0.9,0.9,0.9,0.9,0.9,0.9,0.9,0.9,0.9,0.9,0.9,0.9,0.9,0.9,0.9,0.9,0.9,0.9,0.9,0.9,0.9,0.9,0.9,0.9,0.9,0.9,0.9,0.9,0.9,0.9,0.9,0.9,0.9,0.9,0.9,0.9,0.9,0.9,0.9,0.9,0.9,0.9,0.9,0.9,0.9,0.9,0.9,0.9,0.9,0.9,0.9,0.9,0.9,0.9,0.9,0.9,0.9,0.9,0.9,0.9,0.9,0.9,0.9,0.9,0.9,0.9,0.9,0.9,0.9,0.9,0.9,0.9,0.9,0.9,0.9,0.9,0.9,0.9,0.9,0.9,0.9,0.9,0.9,0.9,0.9,0.9,0.9,0.9,0.9,0.9,0.9,0.9,0.9,0.9,0.9,0.9,0.9,0.9,0.9,0.9,0.9,0.9,0.9,0.9,0.9,0.9,0.9,0.9,0.9,0.9,0.9,0.9,0.9,0.9,0.9,0.9,0.9,0.9,0.9,0.9,0.9,0.9,0.9,0.9,0.9,0.9,0.9,0.9,0.9,0.9,0.9,0.9,0.9,0.9,0.9,0.9,0.9,0.9,0.9,0.9,0.9,0.9,0.9,0.9,0.9,0.9,0.9,0.9,0.9,0.9,0.9,0.9,0.9,0.9,0.9,0.9,0.9,0.9,0.9,0.9,0.9,0.9,0.9,0.9,0.9,0.9,0.9,0.9,0.9,0.9,0.9,0.9,0.9,0.9,0.9,0.9,0.9,0.9,0.9,0.9,0.9,0.9,0.9,0.9,0.9,0.9,0.9,0.9,0.9,0.9,0.9,0.9,0.9,0.9,0.9,0.9,0.9,0.9,0.9,0.9,0.9,0.9,0.9,0.9,0.9,0.9,0.9,0.9,0.9,0.9,0.9,0.9,0.9,0.9,0.9,0.9,0.9,0.9,0.9,0.9,0.9,0.9,0.9,0.9,0.9,0.9,0.9,0.9,0.9,0.9,0.9,0.9,0.9,0.9,0.9,0.9,0.9,0.9,0.9,0.9,0.9,0.9,0.9,0.9,0.9,0.9,0.9,0.9,0.9,0.9,0.9,0.9,0.9,0.9,0.9,0.9,0.9,0.9,0.9,0.9,0.9,0.9,0.9,0.9,0.9,0.9,0.9,0.9,0.9,0.9,0.9,0.9,0.9,0.9,0.9,0.9,0.9,0.9,0.9,0.9,0.9,0.9,0.9,0.9,0.9,0.9,0.9,0.9,0.9,0.9,0.9,0.9,0.9,0.9,0.9,0.9,0.9,0.9,0.9,0.9,0.9,0.9,0.9,0.9,0.9,0.9,0.9,0.9,0.9,0.9,0.9,0.9,0.9,0.9,0.9,0.9,0.9,0.9,0.9,0.9,0.9,0.9,0.9,0.9,0.9,0.9,0.9,0.9,0.9,0.9,0.9,0.9,0.9,0.9,0.9,0.9,0.9,0.9,0.9,0.9,0.9,0.9,0.9,0.9,0.9,0.9,0.9,0.9,0.9,0.9,0.9,0.9,0.9,0.9,0.9,0.9,0.9,0.9,0.9,0.9,0.9,0.9,0.9,0.9,0.9,0.9,0.9,0.9,0.9,0.9,0.9,0.9,0.9,0.9,0.9,0.9,0.9,0.9,0.9,0.9,0.9,0.9,0.9,0.9,0.9,0.9,0.9,0.9,0.9,0.9,0.9,0.9,0.9,0.9,0.9,0.9,0.9,0.9,0.9,0.9,0.9,0.9,0.9,0.9,0.9,0.9],"timestamp":"2025-12-04T04:00:00.000-05:00"},"meters_to_target":9100,"non_wear_time":0,"resting_time":0,"score":59,"sedentary_met_minutes":0,"sedentary_time":0,"steps":0,"target_calories":500,"target_meters":10000,"timestamp":"2025-12-04T04:00:00.000-05:00","total_calories":1889}
Heart rate data received: {}
[2025-12-05T07:26:31Z] [INFO] Oura metrics fetched successfully
[2025-12-05T07:26:31Z] [INFO] Oura metrics fetched successfully
[2025-12-05T07:26:31Z] [INFO] Scores - Sleep: 50, Readiness: 60, Activity: 59
[2025-12-05T07:26:31Z] [INFO] Scores - Sleep: 50, Readiness: 60, Activity: 59
[2025-12-05T07:26:31Z] [INFO] ============================================================
[2025-12-05T07:26:31Z] [INFO] ============================================================
[2025-12-05T07:26:31Z] [INFO] Workflow: Oura Health - Fetch Data - COMPLETED SUCCESSFULLY
[2025-12-05T07:26:31Z] [INFO] Workflow: Oura Health - Fetch Data - COMPLETED SUCCESSFULLY
[2025-12-05T07:26:31Z] [INFO] Ended at: 2025-12-05T07:26:31Z
[2025-12-05T07:26:31Z] [INFO] Ended at: 2025-12-05T07:26:31Z
[2025-12-05T07:26:31Z] [INFO] ============================================================
[2025-12-05T07:26:31Z] [INFO] ============================================================
Logging initialized: logs/oura/oura.log
[2025-12-06T01:30:02Z] [INFO] ============================================================
[2025-12-06T01:30:02Z] [INFO] ============================================================
[2025-12-06T01:30:02Z] [INFO] Workflow: Oura Health - Fetch Data
[2025-12-06T01:30:02Z] [INFO] Workflow: Oura Health - Fetch Data
[2025-12-06T01:30:02Z] [INFO] Started at: 2025-12-06T01:30:02Z
[2025-12-06T01:30:02Z] [INFO] Started at: 2025-12-06T01:30:02Z
[2025-12-06T01:30:02Z] [INFO] ============================================================
[2025-12-06T01:30:02Z] [INFO] ============================================================
[2025-12-06T01:30:02Z] [INFO] Date range: 2025-11-29 to 2025-12-06
[2025-12-06T01:30:02Z] [INFO] Date range: 2025-11-29 to 2025-12-06
Start date: 2025-11-29
End date: 2025-12-06
Starting Oura data fetch...
Date range: 2025-11-29 to 2025-12-06
[2025-12-06T01:30:02Z] [INFO] Performing Oura API health check...
[2025-12-06T01:30:02Z] [INFO] Performing Oura API health check...
🔍 Health check: Oura API...
✅ Oura API is healthy (HTTP 200)
Fetching personal info...
Fetching from: https://api.ouraring.com/v2/usercollection/personal_info
Personal info JSON saved to raw_personal_info.json
Fetching daily sleep data...
Fetching from: https://api.ouraring.com/v2/usercollection/daily_sleep?start_date=2025-11-29&end_date=2025-12-06
Sleep JSON saved to raw_sleep.json
Fetching daily readiness data...
Fetching from: https://api.ouraring.com/v2/usercollection/daily_readiness?start_date=2025-11-29&end_date=2025-12-06
Readiness JSON saved to raw_readiness.json
Fetching daily activity data...
Fetching from: https://api.ouraring.com/v2/usercollection/daily_activity?start_date=2025-11-29&end_date=2025-12-06
Activity JSON saved to raw_activity.json
Fetching heart rate data...
Fetching from: https://api.ouraring.com/v2/usercollection/heart_rate?start_datetime=2025-11-29T00:00:00&end_datetime=2025-12-06T23:59:59
⚠️  Recorded failure #1 for Oura API
⛔ Circuit breaker is OPEN for Oura API (1 failures, retry in 300s)
Error: Failed to fetch from Oura API endpoint after retries: heart_rate
Warning: Could not fetch heart rate data, continuing without it
Personal info received: {"id":"b72c5bd11a0342c1a85d8b76757874b5c268","age":31,"weight":81.6,"height":1.8,"biological_sex":"male","email":"szmyty@gmail.com"}
Sleep data received: {"id":"306e8e9d-28f2-4075-8e0a-e102ab838e53","contributors":{"deep_sleep":69,"efficiency":98,"latency":83,"rem_sleep":28,"restfulness":90,"timing":1,"total_sleep":25},"day":"2025-12-05","score":50,"timestamp":"2025-12-05T00:00:00.000+00:00"}
Readiness data received: {"id":"c908f24b-239a-483e-aac7-80c1010b41c8","contributors":{"activity_balance":100,"body_temperature":83,"hrv_balance":43,"previous_day_activity":87,"previous_night":48,"recovery_index":26,"resting_heart_rate":72,"sleep_balance":54,"sleep_regularity":null},"day":"2025-12-05","score":60,"temperature_deviation":0.26,"temperature_trend_deviation":0.11,"timestamp":"2025-12-05T00:00:00.000+00:00"}
Activity data received: {"id":"3446d92a-32c1-4828-b7b0-6d9aad07a11d","active_calories":0,"average_met_minutes":0.0,"class_5_min":"","contributors":{"meet_daily_targets":28,"move_every_hour":100,"recovery_time":100,"stay_active":96,"training_frequency":1,"training_volume":35},"day":"2025-12-05","equivalent_walking_distance":0,"high_activity_met_minutes":0,"high_activity_time":0,"inactivity_alerts":0,"low_activity_met_minutes":0,"low_activity_time":0,"medium_activity_met_minutes":0,"medium_activity_time":0,"met":{"interval":60.0,"items":[0.9,0.9,0.9,0.9,0.9,0.9,0.9,0.9,0.9,0.9,0.9,0.9,0.9,0.9,0.9,0.9,0.9,0.9,0.9,0.9,0.9,0.9,0.9,0.9,0.9,0.9,0.9,0.9,0.9,0.9,0.9,0.9,0.9,0.9,0.9,0.9,0.9,0.9,0.9,0.9,0.9,0.9,0.9,0.9,0.9,0.9,0.9,0.9,0.9,0.9,0.9,0.9,0.9,0.9,0.9,0.9,0.9,0.9,0.9,0.9,0.9,0.9,0.9,0.9,0.9,0.9,0.9,0.9,0.9,0.9,0.9,0.9,0.9,0.9,0.9,0.9,0.9,0.9,0.9,0.9,0.9,0.9,0.9,0.9,0.9,0.9,0.9,0.9,0.9,0.9,0.9,0.9,0.9,0.9,0.9,0.9,0.9,0.9,0.9,0.9,0.9,0.9,0.9,0.9,0.9,0.9,0.9,0.9,0.9,0.9,0.9,0.9,0.9,0.9,0.9,0.9,0.9,0.9,0.9,0.9,0.9,0.9,0.9,0.9,0.9,0.9,0.9,0.9,0.9,0.9,0.9,0.9,0.9,0.9,0.9,0.9,0.9,0.9,0.9,0.9,0.9,0.9,0.9,0.9,0.9,0.9,0.9,0.9,0.9,0.9,0.9,0.9,0.9,0.9,0.9,0.9,0.9,0.9,0.9,0.9,0.9,0.9,0.9,0.9,0.9,0.9,0.9,0.9,0.9,0.9,0.9,0.9,0.9,0.9,0.9,0.9,0.9,0.9,0.9,0.9,0.9,0.9,0.9,0.9,0.9,0.9,0.9,0.9,0.9,0.9,0.9,0.9,0.9,0.9,0.9,0.9,0.9,0.9,0.9,0.9,0.9,0.9,0.9,0.9,0.9,0.9,0.9,0.9,0.9,0.9,0.9,0.9,0.9,0.9,0.9,0.9,0.9,0.9,0.9,0.9,0.9,0.9,0.9,0.9,0.9,0.9,0.9,0.9,0.9,0.9,0.9,0.9,0.9,0.9,0.9,0.9,0.9,0.9,0.9,0.9,0.9,0.9,0.9,0.9,0.9,0.9,0.9,0.9,0.9,0.9,0.9,0.9,0.9,0.9,0.9,0.9,0.9,0.9,0.9,0.9,0.9,0.9,0.9,0.9,0.9,0.9,0.9,0.9,0.9,0.9,0.9,0.9,0.9,0.9,0.9,0.9,0.9,0.9,0.9,0.9,0.9,0.9,0.9,0.9,0.9,0.9,0.9,0.9,0.9,0.9,0.9,0.9,0.9,0.9,0.9,0.9,0.9,0.9,0.9,0.9,0.9,0.9,0.9,0.9,0.9,0.9,0.9,0.9,0.9,0.9,0.9,0.9,0.9,0.9,0.9,0.9,0.9,0.9,0.9,0.9,0.9,0.9,0.9,0.9,0.9,0.9,0.9,0.9,0.9,0.9,0.9,0.9,0.9,0.9,0.9,0.9,0.9,0.9,0.9,0.9,0.9,0.9,0.9,0.9,0.9,0.9,0.9,0.9,0.9,0.9,0.9,0.9,0.9,0.9,0.9,0.9,0.9,0.9,0.9,0.9,0.9,0.9,0.9,0.9,0.9,0.9,0.9,0.9,0.9,0.9,0.9,0.9,0.9,0.9,0.9,0.9,0.9,0.9,0.9,0.9,0.9,0.9,0.9,0.9,0.9,0.9,0.9,0.9,0.9,0.9,0.9,0.9,0.9,0.9,0.9,0.9,0.9,0.9,0.9,0.9,0.9,0.9,0.9,0.9,0.9,0.9,0.9,0.9,0.9,0.9,0.9,0.9,0.9,0.9,0.9,0.9,0.9,0.9,0.9,0.9,0.9,0.9,0.9,0.9,0.9,0.9,0.9,0.9,0.9,0.9,0.9,0.9,0.9,0.9,0.9,0.9,0.9,0.9,0.9,0.9,0.9,0.9,0.9,0.9,0.9,0.9,0.9,0.9,0.9,0.9,0.9,0.9,0.9,0.9,0.9,0.9,0.9,0.9,0.9,0.9,0.9,0.9,0.9,0.9,0.9,0.9,0.9,0.9,0.9,0.9,0.9,0.9,0.9,0.9,0.9,0.9,0.9,0.9,0.9,0.9,0.9,0.9,0.9,0.9,0.9,0.9,0.9,0.9,0.9,0.9,0.9,0.9,0.9,0.9,0.9,0.9,0.9,0.9,0.9,0.9,0.9,0.9,0.9,0.9,0.9,0.9,0.9,0.9,0.9,0.9,0.9,0.9,0.9,0.9,0.9,0.9,0.9,0.9,0.9,0.9,0.9,0.9,0.9,0.9,0.9,0.9,0.9,0.9,0.9,0.9,0.9,0.9,0.9,0.9,0.9,0.9,0.9,0.9,0.9,0.9,0.9,0.9,0.9,0.9,0.9,0.9,0.9,0.9,0.9,0.9,0.9,0.9,0.9,0.9,0.9,0.9,0.9,0.9,0.9,0.9,0.9,0.9,0.9,0.9,0.9,0.9,0.9,0.9,0.9,0.9,0.9,0.9,0.9,0.9,0.9,0.9,0.9,0.9,0.9,0.9,0.9,0.9,0.9,0.9,0.9,0.9,0.9,0.9,0.9,0.9,0.9,0.9,0.9,0.9,0.9,0.9,0.9,0.9,0.9,0.9,0.9,0.9,0.9,0.9,0.9,0.9,0.9,0.9,0.9,0.9,0.9,0.9,0.9,0.9,0.9,0.9,0.9,0.9,0.9,0.9,0.9,0.9,0.9,0.9,0.9,0.9,0.9,0.9,0.9,0.9,0.9,0.9,0.9,0.9,0.9,0.9,0.9,0.9,0.9,0.9,0.9,0.9,0.9,0.9,0.9,0.9,0.9,0.9,0.9,0.9,0.9,0.9,0.9,0.9,0.9,0.9,0.9,0.9,0.9,0.9,0.9,0.9,0.9,0.9,0.9,0.9,0.9,0.9,0.9,0.9,0.9,0.9,0.9,0.9,0.9,0.9,0.9,0.9,0.9,0.9,0.9,0.9,0.9,0.9,0.9,0.9,0.9,0.9,0.9,0.9,0.9,0.9,0.9,0.9,0.9,0.9,0.9,0.9,0.9,0.9,0.9,0.9,0.9,0.9,0.9,0.9,0.9,0.9,0.9,0.9,0.9,0.9,0.9,0.9,0.9,0.9,0.9,0.9,0.9,0.9,0.9,0.9,0.9,0.9,0.9,0.9,0.9,0.9,0.9,0.9,0.9,0.9,0.9,0.9,0.9,0.9,0.9,0.9,0.9,0.9,0.9,0.9,0.9,0.9,0.9,0.9,0.9,0.9,0.9,0.9,0.9,0.9,0.9,0.9,0.9,0.9,0.9,0.9,0.9,0.9,0.9,0.9,0.9,0.9,0.9,0.9,0.9,0.9,0.9,0.9,0.9,0.9,0.9,0.9,0.9,0.9,0.9,0.9,0.9,0.9,0.9,0.9,0.9,0.9,0.9,0.9,0.9,0.9,0.9,0.9,0.9,0.9,0.9,0.9,0.9,0.9,0.9,0.9,0.9,0.9,0.9,0.9,0.9,0.9,0.9,0.9,0.9,0.9,0.9,0.9,0.9,0.9,0.9,0.9,0.9,0.9,0.9,0.9,0.9,0.9,0.9,0.9,0.9,0.9,0.9,0.9,0.9,0.9,0.9,0.9,0.9,0.9,0.9,0.9,0.9,0.9,0.9,0.9,0.9,0.9,0.9,0.9,0.9,0.9,0.9,0.9,0.9,0.9,0.9,0.9,0.9,0.9,0.9,0.9,0.9,0.9,0.9,0.9,0.9,0.9,0.9,0.9,0.9,0.9,0.9,0.9,0.9,0.9,0.9,0.9,0.9,0.9,0.9,0.9,0.9,0.9,0.9,0.9,0.9,0.9,0.9,0.9,0.9,0.9,0.9,0.9,0.9,0.9,0.9,0.9,0.9,0.9,0.9,0.9,0.9,0.9,0.9,0.9,0.9,0.9,0.9,0.9,0.9,0.9,0.9,0.9,0.9,0.9,0.9,0.9,0.9,0.9,0.9,0.9,0.9,0.9,0.9,0.9,0.9,0.9,0.9,0.9,0.9,0.9,0.9,0.9,0.9,0.9,0.9,0.9,0.9,0.9,0.9,0.9,0.9,0.9,0.9,0.9,0.9,0.9,0.9,0.9,0.9,0.9,0.9,0.9,0.9,0.9,0.9,0.9,0.9,0.9,0.9,0.9,0.9,0.9,0.9,0.9,0.9,0.9,0.9,0.9,0.9,0.9,0.9,0.9,0.9,0.9,0.9,0.9,0.9,0.9,0.9,0.9,0.9,0.9,0.9,0.9,0.9,0.9,0.9,0.9,0.9,0.9,0.9,0.9,0.9,0.9,0.9,0.9,0.9,0.9,0.9,0.9,0.9,0.9,0.9,0.9,0.9,0.9,0.9,0.9,0.9,0.9,0.9,0.9,0.9,0.9,0.9,0.9,0.9,0.9,0.9,0.9,0.9,0.9,0.9,0.9,0.9,0.9,0.9,0.9,0.9,0.9,0.9,0.9,0.9,0.9,0.9,0.9,0.9,0.9,0.9,0.9,0.9,0.9,0.9,0.9,0.9,0.9,0.9,0.9,0.9,0.9,0.9,0.9,0.9,0.9,0.9,0.9,0.9,0.9,0.9,0.9,0.9,0.9,0.9,0.9,0.9,0.9,0.9,0.9,0.9,0.9,0.9,0.9,0.9,0.9,0.9,0.9,0.9,0.9,0.9,0.9,0.9,0.9,0.9,0.9,0.9,0.9,0.9,0.9,0.9,0.9,0.9,0.9,0.9,0.9,0.9,0.9,0.9,0.9,0.9,0.9,0.9,0.9,0.9,0.9,0.9,0.9,0.9,0.9,0.9,0.9,0.9,0.9,0.9,0.9,0.9,0.9,0.9,0.9,0.9,0.9,0.9,0.9,0.9,0.9,0.9,0.9,0.9,0.9,0.9,0.9,0.9,0.9,0.9,0.9,0.9,0.9,0.9,0.9,0.9,0.9,0.9,0.9,0.9,0.9,0.9,0.9,0.9,0.9,0.9,0.9,0.9,0.9,0.9,0.9,0.9,0.9,0.9,0.9,0.9,0.9,0.9,0.9,0.9,0.9,0.9,0.9,0.9,0.9,0.9,0.9,0.9,0.9,0.9,0.9,0.9,0.9,0.9,0.9,0.9,0.9,0.9,0.9,0.9,0.9,0.9,0.9,0.9,0.9,0.9,0.9,0.9,0.9,0.9,0.9,0.9,0.9,0.9,0.9,0.9,0.9,0.9,0.9,0.9,0.9,0.9,0.9,0.9,0.9,0.9,0.9,0.9,0.9,0.9,0.9,0.9,0.9,0.9,0.9,0.9,0.9,0.9,0.9,0.9,0.9,0.9,0.9,0.9,0.9,0.9,0.9,0.9,0.9,0.9,0.9,0.9,0.9,0.9,0.9,0.9,0.9,0.9,0.9,0.9,0.9,0.9,0.9,0.9,0.9,0.9,0.9,0.9,0.9,0.9,0.9,0.9,0.9,0.9,0.9,0.9,0.9,0.9,0.9,0.9,0.9,0.9,0.9,0.9,0.9,0.9,0.9,0.9,0.9,0.9,0.9,0.9,0.9,0.9,0.9,0.9,0.9,0.9,0.9,0.9,0.9,0.9,0.9,0.9,0.9,0.9,0.9,0.9,0.9,0.9,0.9,0.9,0.9,0.9,0.9,0.9,0.9,0.9,0.9,0.9,0.9,0.9,0.9,0.9,0.9,0.9,0.9,0.9,0.9,0.9,0.9,0.9,0.9,0.9,0.9,0.9,0.9,0.9,0.9,0.9,0.9,0.9,0.9,0.9,0.9,0.9,0.9,0.9,0.9,0.9,0.9,0.9,0.9,0.9,0.9,0.9,0.9,0.9,0.9,0.9,0.9,0.9,0.9,0.9,0.9,0.9,0.9,0.9,0.9,0.9,0.9,0.9,0.9,0.9,0.9,0.9,0.9,0.9,0.9,0.9,0.9,0.9,0.9,0.9,0.9,0.9,0.9,0.9,0.9,0.9,0.9,0.9,0.9,0.9,0.9,0.9,0.9,0.9,0.9,0.9,0.9,0.9,0.9,0.9,0.9,0.9,0.9,0.9,0.9,0.9,0.9,0.9,0.9,0.9,0.9,0.9,0.9,0.9,0.9,0.9,0.9,0.9,0.9,0.9,0.9,0.9,0.9,0.9,0.9,0.9,0.9,0.9,0.9,0.9,0.9,0.9,0.9,0.9,0.9,0.9,0.9,0.9,0.9,0.9,0.9,0.9,0.9,0.9,0.9,0.9,0.9,0.9,0.9,0.9,0.9,0.9,0.9,0.9,0.9,0.9,0.9,0.9,0.9],"timestamp":"2025-12-05T04:00:00.000-05:00"},"meters_to_target":5500,"non_wear_time":0,"resting_time":0,"score":62,"sedentary_met_minutes":0,"sedentary_time":0,"steps":0,"target_calories":300,"target_meters":6000,"timestamp":"2025-12-05T04:00:00.000-05:00","total_calories":1889}
Heart rate data received: {}
[2025-12-06T01:30:05Z] [INFO] Oura metrics fetched successfully
[2025-12-06T01:30:05Z] [INFO] Oura metrics fetched successfully
[2025-12-06T01:30:05Z] [INFO] Scores - Sleep: 50, Readiness: 60, Activity: 62
[2025-12-06T01:30:05Z] [INFO] Scores - Sleep: 50, Readiness: 60, Activity: 62
[2025-12-06T01:30:05Z] [INFO] ============================================================
[2025-12-06T01:30:05Z] [INFO] ============================================================
[2025-12-06T01:30:05Z] [INFO] Workflow: Oura Health - Fetch Data - COMPLETED SUCCESSFULLY
[2025-12-06T01:30:05Z] [INFO] Workflow: Oura Health - Fetch Data - COMPLETED SUCCESSFULLY
[2025-12-06T01:30:05Z] [INFO] Ended at: 2025-12-06T01:30:05Z
[2025-12-06T01:30:05Z] [INFO] Ended at: 2025-12-06T01:30:05Z
[2025-12-06T01:30:05Z] [INFO] ============================================================
[2025-12-06T01:30:05Z] [INFO] ============================================================
Logging initialized: logs/oura/oura.log
[2025-12-06T04:20:37Z] [INFO] ============================================================
[2025-12-06T04:20:37Z] [INFO] ============================================================
[2025-12-06T04:20:37Z] [INFO] Workflow: Oura Health - Fetch Data
[2025-12-06T04:20:37Z] [INFO] Workflow: Oura Health - Fetch Data
[2025-12-06T04:20:37Z] [INFO] Started at: 2025-12-06T04:20:37Z
[2025-12-06T04:20:37Z] [INFO] Started at: 2025-12-06T04:20:37Z
[2025-12-06T04:20:37Z] [INFO] ============================================================
[2025-12-06T04:20:37Z] [INFO] ============================================================
[2025-12-06T04:20:37Z] [INFO] Date range: 2025-11-29 to 2025-12-06
[2025-12-06T04:20:37Z] [INFO] Date range: 2025-11-29 to 2025-12-06
Start date: 2025-11-29
End date: 2025-12-06
Starting Oura data fetch...
Date range: 2025-11-29 to 2025-12-06
[2025-12-06T04:20:37Z] [INFO] Performing Oura API health check...
[2025-12-06T04:20:37Z] [INFO] Performing Oura API health check...
🔍 Health check: Oura API...
✅ Oura API is healthy (HTTP 200)
Fetching personal info...
Fetching from: https://api.ouraring.com/v2/usercollection/personal_info
Personal info JSON saved to raw_personal_info.json
Fetching daily sleep data...
Fetching from: https://api.ouraring.com/v2/usercollection/daily_sleep?start_date=2025-11-29&end_date=2025-12-06
Sleep JSON saved to raw_sleep.json
Fetching daily readiness data...
Fetching from: https://api.ouraring.com/v2/usercollection/daily_readiness?start_date=2025-11-29&end_date=2025-12-06
Readiness JSON saved to raw_readiness.json
Fetching daily activity data...
Fetching from: https://api.ouraring.com/v2/usercollection/daily_activity?start_date=2025-11-29&end_date=2025-12-06
Activity JSON saved to raw_activity.json
Fetching heart rate data...
Fetching from: https://api.ouraring.com/v2/usercollection/heart_rate?start_datetime=2025-11-29T00:00:00&end_datetime=2025-12-06T23:59:59
⚠️  Recorded failure #1 for Oura API
⛔ Circuit breaker is OPEN for Oura API (1 failures, retry in 300s)
Error: Failed to fetch from Oura API endpoint after retries: heart_rate
Warning: Could not fetch heart rate data, continuing without it
Personal info received: {"id":"b72c5bd11a0342c1a85d8b76757874b5c268","age":31,"weight":81.6,"height":1.8,"biological_sex":"male","email":"szmyty@gmail.com"}
Sleep data received: {"id":"306e8e9d-28f2-4075-8e0a-e102ab838e53","contributors":{"deep_sleep":69,"efficiency":98,"latency":83,"rem_sleep":28,"restfulness":90,"timing":1,"total_sleep":25},"day":"2025-12-05","score":50,"timestamp":"2025-12-05T00:00:00.000+00:00"}
Readiness data received: {"id":"c908f24b-239a-483e-aac7-80c1010b41c8","contributors":{"activity_balance":100,"body_temperature":83,"hrv_balance":43,"previous_day_activity":87,"previous_night":48,"recovery_index":26,"resting_heart_rate":72,"sleep_balance":54,"sleep_regularity":null},"day":"2025-12-05","score":60,"temperature_deviation":0.26,"temperature_trend_deviation":0.11,"timestamp":"2025-12-05T00:00:00.000+00:00"}
Activity data received: {"id":"3446d92a-32c1-4828-b7b0-6d9aad07a11d","active_calories":0,"average_met_minutes":0.0,"class_5_min":"","contributors":{"meet_daily_targets":28,"move_every_hour":100,"recovery_time":100,"stay_active":96,"training_frequency":1,"training_volume":35},"day":"2025-12-05","equivalent_walking_distance":0,"high_activity_met_minutes":0,"high_activity_time":0,"inactivity_alerts":0,"low_activity_met_minutes":0,"low_activity_time":0,"medium_activity_met_minutes":0,"medium_activity_time":0,"met":{"interval":60.0,"items":[0.9,0.9,0.9,0.9,0.9,0.9,0.9,0.9,0.9,0.9,0.9,0.9,0.9,0.9,0.9,0.9,0.9,0.9,0.9,0.9,0.9,0.9,0.9,0.9,0.9,0.9,0.9,0.9,0.9,0.9,0.9,0.9,0.9,0.9,0.9,0.9,0.9,0.9,0.9,0.9,0.9,0.9,0.9,0.9,0.9,0.9,0.9,0.9,0.9,0.9,0.9,0.9,0.9,0.9,0.9,0.9,0.9,0.9,0.9,0.9,0.9,0.9,0.9,0.9,0.9,0.9,0.9,0.9,0.9,0.9,0.9,0.9,0.9,0.9,0.9,0.9,0.9,0.9,0.9,0.9,0.9,0.9,0.9,0.9,0.9,0.9,0.9,0.9,0.9,0.9,0.9,0.9,0.9,0.9,0.9,0.9,0.9,0.9,0.9,0.9,0.9,0.9,0.9,0.9,0.9,0.9,0.9,0.9,0.9,0.9,0.9,0.9,0.9,0.9,0.9,0.9,0.9,0.9,0.9,0.9,0.9,0.9,0.9,0.9,0.9,0.9,0.9,0.9,0.9,0.9,0.9,0.9,0.9,0.9,0.9,0.9,0.9,0.9,0.9,0.9,0.9,0.9,0.9,0.9,0.9,0.9,0.9,0.9,0.9,0.9,0.9,0.9,0.9,0.9,0.9,0.9,0.9,0.9,0.9,0.9,0.9,0.9,0.9,0.9,0.9,0.9,0.9,0.9,0.9,0.9,0.9,0.9,0.9,0.9,0.9,0.9,0.9,0.9,0.9,0.9,0.9,0.9,0.9,0.9,0.9,0.9,0.9,0.9,0.9,0.9,0.9,0.9,0.9,0.9,0.9,0.9,0.9,0.9,0.9,0.9,0.9,0.9,0.9,0.9,0.9,0.9,0.9,0.9,0.9,0.9,0.9,0.9,0.9,0.9,0.9,0.9,0.9,0.9,0.9,0.9,0.9,0.9,0.9,0.9,0.9,0.9,0.9,0.9,0.9,0.9,0.9,0.9,0.9,0.9,0.9,0.9,0.9,0.9,0.9,0.9,0.9,0.9,0.9,0.9,0.9,0.9,0.9,0.9,0.9,0.9,0.9,0.9,0.9,0.9,0.9,0.9,0.9,0.9,0.9,0.9,0.9,0.9,0.9,0.9,0.9,0.9,0.9,0.9,0.9,0.9,0.9,0.9,0.9,0.9,0.9,0.9,0.9,0.9,0.9,0.9,0.9,0.9,0.9,0.9,0.9,0.9,0.9,0.9,0.9,0.9,0.9,0.9,0.9,0.9,0.9,0.9,0.9,0.9,0.9,0.9,0.9,0.9,0.9,0.9,0.9,0.9,0.9,0.9,0.9,0.9,0.9,0.9,0.9,0.9,0.9,0.9,0.9,0.9,0.9,0.9,0.9,0.9,0.9,0.9,0.9,0.9,0.9,0.9,0.9,0.9,0.9,0.9,0.9,0.9,0.9,0.9,0.9,0.9,0.9,0.9,0.9,0.9,0.9,0.9,0.9,0.9,0.9,0.9,0.9,0.9,0.9,0.9,0.9,0.9,0.9,0.9,0.9,0.9,0.9,0.9,0.9,0.9,0.9,0.9,0.9,0.9,0.9,0.9,0.9,0.9,0.9,0.9,0.9,0.9,0.9,0.9,0.9,0.9,0.9,0.9,0.9,0.9,0.9,0.9,0.9,0.9,0.9,0.9,0.9,0.9,0.9,0.9,0.9,0.9,0.9,0.9,0.9,0.9,0.9,0.9,0.9,0.9,0.9,0.9,0.9,0.9,0.9,0.9,0.9,0.9,0.9,0.9,0.9,0.9,0.9,0.9,0.9,0.9,0.9,0.9,0.9,0.9,0.9,0.9,0.9,0.9,0.9,0.9,0.9,0.9,0.9,0.9,0.9,0.9,0.9,0.9,0.9,0.9,0.9,0.9,0.9,0.9,0.9,0.9,0.9,0.9,0.9,0.9,0.9,0.9,0.9,0.9,0.9,0.9,0.9,0.9,0.9,0.9,0.9,0.9,0.9,0.9,0.9,0.9,0.9,0.9,0.9,0.9,0.9,0.9,0.9,0.9,0.9,0.9,0.9,0.9,0.9,0.9,0.9,0.9,0.9,0.9,0.9,0.9,0.9,0.9,0.9,0.9,0.9,0.9,0.9,0.9,0.9,0.9,0.9,0.9,0.9,0.9,0.9,0.9,0.9,0.9,0.9,0.9,0.9,0.9,0.9,0.9,0.9,0.9,0.9,0.9,0.9,0.9,0.9,0.9,0.9,0.9,0.9,0.9,0.9,0.9,0.9,0.9,0.9,0.9,0.9,0.9,0.9,0.9,0.9,0.9,0.9,0.9,0.9,0.9,0.9,0.9,0.9,0.9,0.9,0.9,0.9,0.9,0.9,0.9,0.9,0.9,0.9,0.9,0.9,0.9,0.9,0.9,0.9,0.9,0.9,0.9,0.9,0.9,0.9,0.9,0.9,0.9,0.9,0.9,0.9,0.9,0.9,0.9,0.9,0.9,0.9,0.9,0.9,0.9,0.9,0.9,0.9,0.9,0.9,0.9,0.9,0.9,0.9,0.9,0.9,0.9,0.9,0.9,0.9,0.9,0.9,0.9,0.9,0.9,0.9,0.9,0.9,0.9,0.9,0.9,0.9,0.9,0.9,0.9,0.9,0.9,0.9,0.9,0.9,0.9,0.9,0.9,0.9,0.9,0.9,0.9,0.9,0.9,0.9,0.9,0.9,0.9,0.9,0.9,0.9,0.9,0.9,0.9,0.9,0.9,0.9,0.9,0.9,0.9,0.9,0.9,0.9,0.9,0.9,0.9,0.9,0.9,0.9,0.9,0.9,0.9,0.9,0.9,0.9,0.9,0.9,0.9,0.9,0.9,0.9,0.9,0.9,0.9,0.9,0.9,0.9,0.9,0.9,0.9,0.9,0.9,0.9,0.9,0.9,0.9,0.9,0.9,0.9,0.9,0.9,0.9,0.9,0.9,0.9,0.9,0.9,0.9,0.9,0.9,0.9,0.9,0.9,0.9,0.9,0.9,0.9,0.9,0.9,0.9,0.9,0.9,0.9,0.9,0.9,0.9,0.9,0.9,0.9,0.9,0.9,0.9,0.9,0.9,0.9,0.9,0.9,0.9,0.9,0.9,0.9,0.9,0.9,0.9,0.9,0.9,0.9,0.9,0.9,0.9,0.9,0.9,0.9,0.9,0.9,0.9,0.9,0.9,0.9,0.9,0.9,0.9,0.9,0.9,0.9,0.9,0.9,0.9,0.9,0.9,0.9,0.9,0.9,0.9,0.9,0.9,0.9,0.9,0.9,0.9,0.9,0.9,0.9,0.9,0.9,0.9,0.9,0.9,0.9,0.9,0.9,0.9,0.9,0.9,0.9,0.9,0.9,0.9,0.9,0.9,0.9,0.9,0.9,0.9,0.9,0.9,0.9,0.9,0.9,0.9,0.9,0.9,0.9,0.9,0.9,0.9,0.9,0.9,0.9,0.9,0.9,0.9,0.9,0.9,0.9,0.9,0.9,0.9,0.9,0.9,0.9,0.9,0.9,0.9,0.9,0.9,0.9,0.9,0.9,0.9,0.9,0.9,0.9,0.9,0.9,0.9,0.9,0.9,0.9,0.9,0.9,0.9,0.9,0.9,0.9,0.9,0.9,0.9,0.9,0.9,0.9,0.9,0.9,0.9,0.9,0.9,0.9,0.9,0.9,0.9,0.9,0.9,0.9,0.9,0.9,0.9,0.9,0.9,0.9,0.9,0.9,0.9,0.9,0.9,0.9,0.9,0.9,0.9,0.9,0.9,0.9,0.9,0.9,0.9,0.9,0.9,0.9,0.9,0.9,0.9,0.9,0.9,0.9,0.9,0.9,0.9,0.9,0.9,0.9,0.9,0.9,0.9,0.9,0.9,0.9,0.9,0.9,0.9,0.9,0.9,0.9,0.9,0.9,0.9,0.9,0.9,0.9,0.9,0.9,0.9,0.9,0.9,0.9,0.9,0.9,0.9,0.9,0.9,0.9,0.9,0.9,0.9,0.9,0.9,0.9,0.9,0.9,0.9,0.9,0.9,0.9,0.9,0.9,0.9,0.9,0.9,0.9,0.9,0.9,0.9,0.9,0.9,0.9,0.9,0.9,0.9,0.9,0.9,0.9,0.9,0.9,0.9,0.9,0.9,0.9,0.9,0.9,0.9,0.9,0.9,0.9,0.9,0.9,0.9,0.9,0.9,0.9,0.9,0.9,0.9,0.9,0.9,0.9,0.9,0.9,0.9,0.9,0.9,0.9,0.9,0.9,0.9,0.9,0.9,0.9,0.9,0.9,0.9,0.9,0.9,0.9,0.9,0.9,0.9,0.9,0.9,0.9,0.9,0.9,0.9,0.9,0.9,0.9,0.9,0.9,0.9,0.9,0.9,0.9,0.9,0.9,0.9,0.9,0.9,0.9,0.9,0.9,0.9,0.9,0.9,0.9,0.9,0.9,0.9,0.9,0.9,0.9,0.9,0.9,0.9,0.9,0.9,0.9,0.9,0.9,0.9,0.9,0.9,0.9,0.9,0.9,0.9,0.9,0.9,0.9,0.9,0.9,0.9,0.9,0.9,0.9,0.9,0.9,0.9,0.9,0.9,0.9,0.9,0.9,0.9,0.9,0.9,0.9,0.9,0.9,0.9,0.9,0.9,0.9,0.9,0.9,0.9,0.9,0.9,0.9,0.9,0.9,0.9,0.9,0.9,0.9,0.9,0.9,0.9,0.9,0.9,0.9,0.9,0.9,0.9,0.9,0.9,0.9,0.9,0.9,0.9,0.9,0.9,0.9,0.9,0.9,0.9,0.9,0.9,0.9,0.9,0.9,0.9,0.9,0.9,0.9,0.9,0.9,0.9,0.9,0.9,0.9,0.9,0.9,0.9,0.9,0.9,0.9,0.9,0.9,0.9,0.9,0.9,0.9,0.9,0.9,0.9,0.9,0.9,0.9,0.9,0.9,0.9,0.9,0.9,0.9,0.9,0.9,0.9,0.9,0.9,0.9,0.9,0.9,0.9,0.9,0.9,0.9,0.9,0.9,0.9,0.9,0.9,0.9,0.9,0.9,0.9,0.9,0.9,0.9,0.9,0.9,0.9,0.9,0.9,0.9,0.9,0.9,0.9,0.9,0.9,0.9,0.9,0.9,0.9,0.9,0.9,0.9,0.9,0.9,0.9,0.9,0.9,0.9,0.9,0.9,0.9,0.9,0.9,0.9,0.9,0.9,0.9,0.9,0.9,0.9,0.9,0.9,0.9,0.9,0.9,0.9,0.9,0.9,0.9,0.9,0.9,0.9,0.9,0.9,0.9,0.9,0.9,0.9,0.9,0.9,0.9,0.9,0.9,0.9,0.9,0.9,0.9,0.9,0.9,0.9,0.9,0.9,0.9,0.9,0.9,0.9,0.9,0.9,0.9,0.9,0.9,0.9,0.9,0.9,0.9,0.9,0.9,0.9,0.9,0.9,0.9,0.9,0.9,0.9,0.9,0.9,0.9,0.9,0.9,0.9,0.9,0.9,0.9,0.9,0.9,0.9,0.9,0.9,0.9,0.9,0.9,0.9,0.9,0.9,0.9,0.9,0.9,0.9,0.9,0.9,0.9,0.9,0.9,0.9,0.9,0.9,0.9,0.9,0.9,0.9,0.9,0.9,0.9,0.9,0.9,0.9,0.9,0.9,0.9,0.9,0.9,0.9,0.9,0.9,0.9,0.9,0.9,0.9,0.9,0.9,0.9,0.9,0.9,0.9,0.9,0.9,0.9,0.9,0.9,0.9,0.9,0.9,0.9,0.9,0.9,0.9,0.9,0.9,0.9,0.9,0.9,0.9,0.9,0.9,0.9,0.9,0.9,0.9,0.9,0.9,0.9,0.9,0.9,0.9,0.9,0.9,0.9,0.9,0.9,0.9,0.9,0.9,0.9,0.9,0.9,0.9,0.9,0.9,0.9,0.9,0.9,0.9,0.9,0.9,0.9,0.9,0.9,0.9,0.9,0.9,0.9,0.9,0.9,0.9,0.9,0.9,0.9,0.9,0.9,0.9,0.9,0.9,0.9,0.9,0.9,0.9,0.9,0.9,0.9,0.9,0.9,0.9,0.9,0.9,0.9,0.9,0.9,0.9,0.9,0.9,0.9,0.9,0.9,0.9,0.9,0.9,0.9,0.9,0.9,0.9,0.9,0.9,0.9,0.9,0.9,0.9,0.9,0.9,0.9,0.9,0.9,0.9,0.9,0.9,0.9,0.9,0.9,0.9,0.9,0.9,0.9,0.9,0.9,0.9,0.9,0.9,0.9,0.9,0.9,0.9,0.9,0.9,0.9],"timestamp":"2025-12-05T04:00:00.000-05:00"},"meters_to_target":5500,"non_wear_time":0,"resting_time":0,"score":62,"sedentary_met_minutes":0,"sedentary_time":0,"steps":0,"target_calories":300,"target_meters":6000,"timestamp":"2025-12-05T04:00:00.000-05:00","total_calories":1889}
Heart rate data received: {}
[2025-12-06T04:20:40Z] [INFO] Oura metrics fetched successfully
[2025-12-06T04:20:40Z] [INFO] Oura metrics fetched successfully
[2025-12-06T04:20:40Z] [INFO] Scores - Sleep: 50, Readiness: 60, Activity: 62
[2025-12-06T04:20:40Z] [INFO] Scores - Sleep: 50, Readiness: 60, Activity: 62
[2025-12-06T04:20:40Z] [INFO] ============================================================
[2025-12-06T04:20:40Z] [INFO] ============================================================
[2025-12-06T04:20:40Z] [INFO] Workflow: Oura Health - Fetch Data - COMPLETED SUCCESSFULLY
[2025-12-06T04:20:40Z] [INFO] Workflow: Oura Health - Fetch Data - COMPLETED SUCCESSFULLY
[2025-12-06T04:20:40Z] [INFO] Ended at: 2025-12-06T04:20:40Z
[2025-12-06T04:20:40Z] [INFO] Ended at: 2025-12-06T04:20:40Z
[2025-12-06T04:20:40Z] [INFO] ============================================================
[2025-12-06T04:20:40Z] [INFO] ============================================================
Logging initialized: logs/oura/oura.log
[2025-12-06T06:09:05Z] [INFO] ============================================================
[2025-12-06T06:09:05Z] [INFO] ============================================================
[2025-12-06T06:09:05Z] [INFO] Workflow: Oura Health - Fetch Data
[2025-12-06T06:09:05Z] [INFO] Workflow: Oura Health - Fetch Data
[2025-12-06T06:09:05Z] [INFO] Started at: 2025-12-06T06:09:05Z
[2025-12-06T06:09:05Z] [INFO] Started at: 2025-12-06T06:09:05Z
[2025-12-06T06:09:05Z] [INFO] ============================================================
[2025-12-06T06:09:05Z] [INFO] ============================================================
[2025-12-06T06:09:05Z] [INFO] Date range: 2025-11-29 to 2025-12-06
[2025-12-06T06:09:05Z] [INFO] Date range: 2025-11-29 to 2025-12-06
Start date: 2025-11-29
End date: 2025-12-06
Starting Oura data fetch...
Date range: 2025-11-29 to 2025-12-06
[2025-12-06T06:09:05Z] [INFO] Performing Oura API health check...
[2025-12-06T06:09:05Z] [INFO] Performing Oura API health check...
🔍 Health check: Oura API...
✅ Oura API is healthy (HTTP 200)
Fetching personal info...
Fetching from: https://api.ouraring.com/v2/usercollection/personal_info
Personal info JSON saved to raw_personal_info.json
Fetching daily sleep data...
Fetching from: https://api.ouraring.com/v2/usercollection/daily_sleep?start_date=2025-11-29&end_date=2025-12-06
Sleep JSON saved to raw_sleep.json
Fetching daily readiness data...
Fetching from: https://api.ouraring.com/v2/usercollection/daily_readiness?start_date=2025-11-29&end_date=2025-12-06
Readiness JSON saved to raw_readiness.json
Fetching daily activity data...
Fetching from: https://api.ouraring.com/v2/usercollection/daily_activity?start_date=2025-11-29&end_date=2025-12-06
Activity JSON saved to raw_activity.json
Fetching heart rate data...
Fetching from: https://api.ouraring.com/v2/usercollection/heart_rate?start_datetime=2025-11-29T00:00:00&end_datetime=2025-12-06T23:59:59
⚠️  Recorded failure #1 for Oura API
⛔ Circuit breaker is OPEN for Oura API (1 failures, retry in 300s)
Error: Failed to fetch from Oura API endpoint after retries: heart_rate
Warning: Could not fetch heart rate data, continuing without it
Personal info received: {"id":"b72c5bd11a0342c1a85d8b76757874b5c268","age":31,"weight":81.6,"height":1.8,"biological_sex":"male","email":"szmyty@gmail.com"}
Sleep data received: {"id":"306e8e9d-28f2-4075-8e0a-e102ab838e53","contributors":{"deep_sleep":69,"efficiency":98,"latency":83,"rem_sleep":28,"restfulness":90,"timing":1,"total_sleep":25},"day":"2025-12-05","score":50,"timestamp":"2025-12-05T00:00:00.000+00:00"}
Readiness data received: {"id":"c908f24b-239a-483e-aac7-80c1010b41c8","contributors":{"activity_balance":100,"body_temperature":83,"hrv_balance":43,"previous_day_activity":87,"previous_night":48,"recovery_index":26,"resting_heart_rate":72,"sleep_balance":54,"sleep_regularity":null},"day":"2025-12-05","score":60,"temperature_deviation":0.26,"temperature_trend_deviation":0.11,"timestamp":"2025-12-05T00:00:00.000+00:00"}
Activity data received: {"id":"3446d92a-32c1-4828-b7b0-6d9aad07a11d","active_calories":0,"average_met_minutes":0.0,"class_5_min":"","contributors":{"meet_daily_targets":28,"move_every_hour":100,"recovery_time":100,"stay_active":96,"training_frequency":1,"training_volume":35},"day":"2025-12-05","equivalent_walking_distance":0,"high_activity_met_minutes":0,"high_activity_time":0,"inactivity_alerts":0,"low_activity_met_minutes":0,"low_activity_time":0,"medium_activity_met_minutes":0,"medium_activity_time":0,"met":{"interval":60.0,"items":[0.9,0.9,0.9,0.9,0.9,0.9,0.9,0.9,0.9,0.9,0.9,0.9,0.9,0.9,0.9,0.9,0.9,0.9,0.9,0.9,0.9,0.9,0.9,0.9,0.9,0.9,0.9,0.9,0.9,0.9,0.9,0.9,0.9,0.9,0.9,0.9,0.9,0.9,0.9,0.9,0.9,0.9,0.9,0.9,0.9,0.9,0.9,0.9,0.9,0.9,0.9,0.9,0.9,0.9,0.9,0.9,0.9,0.9,0.9,0.9,0.9,0.9,0.9,0.9,0.9,0.9,0.9,0.9,0.9,0.9,0.9,0.9,0.9,0.9,0.9,0.9,0.9,0.9,0.9,0.9,0.9,0.9,0.9,0.9,0.9,0.9,0.9,0.9,0.9,0.9,0.9,0.9,0.9,0.9,0.9,0.9,0.9,0.9,0.9,0.9,0.9,0.9,0.9,0.9,0.9,0.9,0.9,0.9,0.9,0.9,0.9,0.9,0.9,0.9,0.9,0.9,0.9,0.9,0.9,0.9,0.9,0.9,0.9,0.9,0.9,0.9,0.9,0.9,0.9,0.9,0.9,0.9,0.9,0.9,0.9,0.9,0.9,0.9,0.9,0.9,0.9,0.9,0.9,0.9,0.9,0.9,0.9,0.9,0.9,0.9,0.9,0.9,0.9,0.9,0.9,0.9,0.9,0.9,0.9,0.9,0.9,0.9,0.9,0.9,0.9,0.9,0.9,0.9,0.9,0.9,0.9,0.9,0.9,0.9,0.9,0.9,0.9,0.9,0.9,0.9,0.9,0.9,0.9,0.9,0.9,0.9,0.9,0.9,0.9,0.9,0.9,0.9,0.9,0.9,0.9,0.9,0.9,0.9,0.9,0.9,0.9,0.9,0.9,0.9,0.9,0.9,0.9,0.9,0.9,0.9,0.9,0.9,0.9,0.9,0.9,0.9,0.9,0.9,0.9,0.9,0.9,0.9,0.9,0.9,0.9,0.9,0.9,0.9,0.9,0.9,0.9,0.9,0.9,0.9,0.9,0.9,0.9,0.9,0.9,0.9,0.9,0.9,0.9,0.9,0.9,0.9,0.9,0.9,0.9,0.9,0.9,0.9,0.9,0.9,0.9,0.9,0.9,0.9,0.9,0.9,0.9,0.9,0.9,0.9,0.9,0.9,0.9,0.9,0.9,0.9,0.9,0.9,0.9,0.9,0.9,0.9,0.9,0.9,0.9,0.9,0.9,0.9,0.9,0.9,0.9,0.9,0.9,0.9,0.9,0.9,0.9,0.9,0.9,0.9,0.9,0.9,0.9,0.9,0.9,0.9,0.9,0.9,0.9,0.9,0.9,0.9,0.9,0.9,0.9,0.9,0.9,0.9,0.9,0.9,0.9,0.9,0.9,0.9,0.9,0.9,0.9,0.9,0.9,0.9,0.9,0.9,0.9,0.9,0.9,0.9,0.9,0.9,0.9,0.9,0.9,0.9,0.9,0.9,0.9,0.9,0.9,0.9,0.9,0.9,0.9,0.9,0.9,0.9,0.9,0.9,0.9,0.9,0.9,0.9,0.9,0.9,0.9,0.9,0.9,0.9,0.9,0.9,0.9,0.9,0.9,0.9,0.9,0.9,0.9,0.9,0.9,0.9,0.9,0.9,0.9,0.9,0.9,0.9,0.9,0.9,0.9,0.9,0.9,0.9,0.9,0.9,0.9,0.9,0.9,0.9,0.9,0.9,0.9,0.9,0.9,0.9,0.9,0.9,0.9,0.9,0.9,0.9,0.9,0.9,0.9,0.9,0.9,0.9,0.9,0.9,0.9,0.9,0.9,0.9,0.9,0.9,0.9,0.9,0.9,0.9,0.9,0.9,0.9,0.9,0.9,0.9,0.9,0.9,0.9,0.9,0.9,0.9,0.9,0.9,0.9,0.9,0.9,0.9,0.9,0.9,0.9,0.9,0.9,0.9,0.9,0.9,0.9,0.9,0.9,0.9,0.9,0.9,0.9,0.9,0.9,0.9,0.9,0.9,0.9,0.9,0.9,0.9,0.9,0.9,0.9,0.9,0.9,0.9,0.9,0.9,0.9,0.9,0.9,0.9,0.9,0.9,0.9,0.9,0.9,0.9,0.9,0.9,0.9,0.9,0.9,0.9,0.9,0.9,0.9,0.9,0.9,0.9,0.9,0.9,0.9,0.9,0.9,0.9,0.9,0.9,0.9,0.9,0.9,0.9,0.9,0.9,0.9,0.9,0.9,0.9,0.9,0.9,0.9,0.9,0.9,0.9,0.9,0.9,0.9,0.9,0.9,0.9,0.9,0.9,0.9,0.9,0.9,0.9,0.9,0.9,0.9,0.9,0.9,0.9,0.9,0.9,0.9,0.9,0.9,0.9,0.9,0.9,0.9,0.9,0.9,0.9,0.9,0.9,0.9,0.9,0.9,0.9,0.9,0.9,0.9,0.9,0.9,0.9,0.9,0.9,0.9,0.9,0.9,0.9,0.9,0.9,0.9,0.9,0.9,0.9,0.9,0.9,0.9,0.9,0.9,0.9,0.9,0.9,0.9,0.9,0.9,0.9,0.9,0.9,0.9,0.9,0.9,0.9,0.9,0.9,0.9,0.9,0.9,0.9,0.9,0.9,0.9,0.9,0.9,0.9,0.9,0.9,0.9,0.9,0.9,0.9,0.9,0.9,0.9,0.9,0.9,0.9,0.9,0.9,0.9,0.9,0.9,0.9,0.9,0.9,0.9,0.9,0.9,0.9,0.9,0.9,0.9,0.9,0.9,0.9,0.9,0.9,0.9,0.9,0.9,0.9,0.9,0.9,0.9,0.9,0.9,0.9,0.9,0.9,0.9,0.9,0.9,0.9,0.9,0.9,0.9,0.9,0.9,0.9,0.9,0.9,0.9,0.9,0.9,0.9,0.9,0.9,0.9,0.9,0.9,0.9,0.9,0.9,0.9,0.9,0.9,0.9,0.9,0.9,0.9,0.9,0.9,0.9,0.9,0.9,0.9,0.9,0.9,0.9,0.9,0.9,0.9,0.9,0.9,0.9,0.9,0.9,0.9,0.9,0.9,0.9,0.9,0.9,0.9,0.9,0.9,0.9,0.9,0.9,0.9,0.9,0.9,0.9,0.9,0.9,0.9,0.9,0.9,0.9,0.9,0.9,0.9,0.9,0.9,0.9,0.9,0.9,0.9,0.9,0.9,0.9,0.9,0.9,0.9,0.9,0.9,0.9,0.9,0.9,0.9,0.9,0.9,0.9,0.9,0.9,0.9,0.9,0.9,0.9,0.9,0.9,0.9,0.9,0.9,0.9,0.9,0.9,0.9,0.9,0.9,0.9,0.9,0.9,0.9,0.9,0.9,0.9,0.9,0.9,0.9,0.9,0.9,0.9,0.9,0.9,0.9,0.9,0.9,0.9,0.9,0.9,0.9,0.9,0.9,0.9,0.9,0.9,0.9,0.9,0.9,0.9,0.9,0.9,0.9,0.9,0.9,0.9,0.9,0.9,0.9,0.9,0.9,0.9,0.9,0.9,0.9,0.9,0.9,0.9,0.9,0.9,0.9,0.9,0.9,0.9,0.9,0.9,0.9,0.9,0.9,0.9,0.9,0.9,0.9,0.9,0.9,0.9,0.9,0.9,0.9,0.9,0.9,0.9,0.9,0.9,0.9,0.9,0.9,0.9,0.9,0.9,0.9,0.9,0.9,0.9,0.9,0.9,0.9,0.9,0.9,0.9,0.9,0.9,0.9,0.9,0.9,0.9,0.9,0.9,0.9,0.9,0.9,0.9,0.9,0.9,0.9,0.9,0.9,0.9,0.9,0.9,0.9,0.9,0.9,0.9,0.9,0.9,0.9,0.9,0.9,0.9,0.9,0.9,0.9,0.9,0.9,0.9,0.9,0.9,0.9,0.9,0.9,0.9,0.9,0.9,0.9,0.9,0.9,0.9,0.9,0.9,0.9,0.9,0.9,0.9,0.9,0.9,0.9,0.9,0.9,0.9,0.9,0.9,0.9,0.9,0.9,0.9,0.9,0.9,0.9,0.9,0.9,0.9,0.9,0.9,0.9,0.9,0.9,0.9,0.9,0.9,0.9,0.9,0.9,0.9,0.9,0.9,0.9,0.9,0.9,0.9,0.9,0.9,0.9,0.9,0.9,0.9,0.9,0.9,0.9,0.9,0.9,0.9,0.9,0.9,0.9,0.9,0.9,0.9,0.9,0.9,0.9,0.9,0.9,0.9,0.9,0.9,0.9,0.9,0.9,0.9,0.9,0.9,0.9,0.9,0.9,0.9,0.9,0.9,0.9,0.9,0.9,0.9,0.9,0.9,0.9,0.9,0.9,0.9,0.9,0.9,0.9,0.9,0.9,0.9,0.9,0.9,0.9,0.9,0.9,0.9,0.9,0.9,0.9,0.9,0.9,0.9,0.9,0.9,0.9,0.9,0.9,0.9,0.9,0.9,0.9,0.9,0.9,0.9,0.9,0.9,0.9,0.9,0.9,0.9,0.9,0.9,0.9,0.9,0.9,0.9,0.9,0.9,0.9,0.9,0.9,0.9,0.9,0.9,0.9,0.9,0.9,0.9,0.9,0.9,0.9,0.9,0.9,0.9,0.9,0.9,0.9,0.9,0.9,0.9,0.9,0.9,0.9,0.9,0.9,0.9,0.9,0.9,0.9,0.9,0.9,0.9,0.9,0.9,0.9,0.9,0.9,0.9,0.9,0.9,0.9,0.9,0.9,0.9,0.9,0.9,0.9,0.9,0.9,0.9,0.9,0.9,0.9,0.9,0.9,0.9,0.9,0.9,0.9,0.9,0.9,0.9,0.9,0.9,0.9,0.9,0.9,0.9,0.9,0.9,0.9,0.9,0.9,0.9,0.9,0.9,0.9,0.9,0.9,0.9,0.9,0.9,0.9,0.9,0.9,0.9,0.9,0.9,0.9,0.9,0.9,0.9,0.9,0.9,0.9,0.9,0.9,0.9,0.9,0.9,0.9,0.9,0.9,0.9,0.9,0.9,0.9,0.9,0.9,0.9,0.9,0.9,0.9,0.9,0.9,0.9,0.9,0.9,0.9,0.9,0.9,0.9,0.9,0.9,0.9,0.9,0.9,0.9,0.9,0.9,0.9,0.9,0.9,0.9,0.9,0.9,0.9,0.9,0.9,0.9,0.9,0.9,0.9,0.9,0.9,0.9,0.9,0.9,0.9,0.9,0.9,0.9,0.9,0.9,0.9,0.9,0.9,0.9,0.9,0.9,0.9,0.9,0.9,0.9,0.9,0.9,0.9,0.9,0.9,0.9,0.9,0.9,0.9,0.9,0.9,0.9,0.9,0.9,0.9,0.9,0.9,0.9,0.9,0.9,0.9,0.9,0.9,0.9,0.9,0.9,0.9,0.9,0.9,0.9,0.9,0.9,0.9,0.9,0.9,0.9,0.9,0.9,0.9,0.9,0.9,0.9,0.9,0.9,0.9,0.9,0.9,0.9,0.9,0.9,0.9,0.9,0.9,0.9,0.9,0.9,0.9,0.9,0.9,0.9,0.9,0.9,0.9,0.9,0.9,0.9,0.9,0.9,0.9,0.9,0.9,0.9,0.9,0.9,0.9,0.9,0.9,0.9,0.9,0.9,0.9,0.9,0.9,0.9,0.9,0.9,0.9,0.9,0.9,0.9,0.9,0.9,0.9,0.9,0.9,0.9,0.9,0.9,0.9,0.9,0.9,0.9,0.9,0.9,0.9,0.9,0.9,0.9,0.9,0.9,0.9,0.9,0.9,0.9,0.9,0.9,0.9,0.9,0.9,0.9,0.9,0.9,0.9,0.9,0.9,0.9,0.9,0.9,0.9,0.9,0.9,0.9,0.9,0.9,0.9,0.9,0.9,0.9,0.9,0.9,0.9,0.9,0.9,0.9,0.9,0.9,0.9,0.9,0.9,0.9,0.9,0.9,0.9,0.9,0.9,0.9,0.9,0.9,0.9,0.9,0.9,0.9,0.9,0.9,0.9,0.9,0.9,0.9,0.9,0.9,0.9,0.9,0.9,0.9,0.9,0.9,0.9,0.9,0.9,0.9,0.9,0.9,0.9,0.9,0.9,0.9,0.9,0.9,0.9,0.9,0.9,0.9,0.9,0.9,0.9,0.9,0.9,0.9,0.9,0.9,0.9,0.9,0.9,0.9,0.9,0.9,0.9,0.9,0.9,0.9,0.9,0.9,0.9,0.9,0.9,0.9,0.9,0.9,0.9,0.9,0.9,0.9,0.9,0.9,0.9,0.9,0.9,0.9,0.9,0.9,0.9,0.9,0.9,0.9,0.9,0.9,0.9,0.9,0.9,0.9,0.9,0.9,0.9,0.9,0.9,0.9],"timestamp":"2025-12-05T04:00:00.000-05:00"},"meters_to_target":5500,"non_wear_time":0,"resting_time":0,"score":62,"sedentary_met_minutes":0,"sedentary_time":0,"steps":0,"target_calories":300,"target_meters":6000,"timestamp":"2025-12-05T04:00:00.000-05:00","total_calories":1889}
Heart rate data received: {}
[2025-12-06T06:09:08Z] [INFO] Oura metrics fetched successfully
[2025-12-06T06:09:08Z] [INFO] Oura metrics fetched successfully
[2025-12-06T06:09:08Z] [INFO] Scores - Sleep: 50, Readiness: 60, Activity: 62
[2025-12-06T06:09:08Z] [INFO] Scores - Sleep: 50, Readiness: 60, Activity: 62
[2025-12-06T06:09:08Z] [INFO] ============================================================
[2025-12-06T06:09:08Z] [INFO] ============================================================
[2025-12-06T06:09:08Z] [INFO] Workflow: Oura Health - Fetch Data - COMPLETED SUCCESSFULLY
[2025-12-06T06:09:08Z] [INFO] Workflow: Oura Health - Fetch Data - COMPLETED SUCCESSFULLY
[2025-12-06T06:09:08Z] [INFO] Ended at: 2025-12-06T06:09:08Z
[2025-12-06T06:09:08Z] [INFO] Ended at: 2025-12-06T06:09:08Z
[2025-12-06T06:09:08Z] [INFO] ============================================================
[2025-12-06T06:09:08Z] [INFO] ============================================================
Logging initialized: logs/oura/oura.log
[2025-12-06T12:07:26Z] [INFO] ============================================================
[2025-12-06T12:07:26Z] [INFO] ============================================================
[2025-12-06T12:07:26Z] [INFO] Workflow: Oura Health - Fetch Data
[2025-12-06T12:07:26Z] [INFO] Workflow: Oura Health - Fetch Data
[2025-12-06T12:07:26Z] [INFO] Started at: 2025-12-06T12:07:26Z
[2025-12-06T12:07:26Z] [INFO] Started at: 2025-12-06T12:07:26Z
[2025-12-06T12:07:26Z] [INFO] ============================================================
[2025-12-06T12:07:26Z] [INFO] ============================================================
[2025-12-06T12:07:26Z] [INFO] Date range: 2025-11-29 to 2025-12-06
[2025-12-06T12:07:26Z] [INFO] Date range: 2025-11-29 to 2025-12-06
Start date: 2025-11-29
End date: 2025-12-06
Starting Oura data fetch...
Date range: 2025-11-29 to 2025-12-06
[2025-12-06T12:07:26Z] [INFO] Performing Oura API health check...
[2025-12-06T12:07:26Z] [INFO] Performing Oura API health check...
🔍 Health check: Oura API...
✅ Oura API is healthy (HTTP 200)
Fetching personal info...
Fetching from: https://api.ouraring.com/v2/usercollection/personal_info
Personal info JSON saved to raw_personal_info.json
Fetching daily sleep data...
Fetching from: https://api.ouraring.com/v2/usercollection/daily_sleep?start_date=2025-11-29&end_date=2025-12-06
Sleep JSON saved to raw_sleep.json
Fetching daily readiness data...
Fetching from: https://api.ouraring.com/v2/usercollection/daily_readiness?start_date=2025-11-29&end_date=2025-12-06
Readiness JSON saved to raw_readiness.json
Fetching daily activity data...
Fetching from: https://api.ouraring.com/v2/usercollection/daily_activity?start_date=2025-11-29&end_date=2025-12-06
Activity JSON saved to raw_activity.json
Fetching heart rate data...
Fetching from: https://api.ouraring.com/v2/usercollection/heart_rate?start_datetime=2025-11-29T00:00:00&end_datetime=2025-12-06T23:59:59
⚠️  Recorded failure #1 for Oura API
⛔ Circuit breaker is OPEN for Oura API (1 failures, retry in 300s)
Error: Failed to fetch from Oura API endpoint after retries: heart_rate
Warning: Could not fetch heart rate data, continuing without it
Personal info received: {"id":"b72c5bd11a0342c1a85d8b76757874b5c268","age":31,"weight":81.6,"height":1.8,"biological_sex":"male","email":"szmyty@gmail.com"}
Sleep data received: {"id":"306e8e9d-28f2-4075-8e0a-e102ab838e53","contributors":{"deep_sleep":100,"efficiency":93,"latency":70,"rem_sleep":55,"restfulness":83,"timing":11,"total_sleep":100},"day":"2025-12-05","score":81,"timestamp":"2025-12-05T00:00:00.000+00:00"}
Readiness data received: {"id":"c908f24b-239a-483e-aac7-80c1010b41c8","contributors":{"activity_balance":97,"body_temperature":99,"hrv_balance":67,"previous_day_activity":87,"previous_night":86,"recovery_index":100,"resting_heart_rate":100,"sleep_balance":100,"sleep_regularity":null},"day":"2025-12-05","score":90,"temperature_deviation":-0.18,"temperature_trend_deviation":-0.05,"timestamp":"2025-12-05T00:00:00.000+00:00"}
Activity data received: {"id":"3446d92a-32c1-4828-b7b0-6d9aad07a11d","active_calories":334,"average_met_minutes":1.40625,"class_5_min":"232222222222223333332211111111111111111111111111111122111111111111122111111111111111111111111111111111121233222222222222000000000000000000000000000000000000333333333332222223322233333322333332222333333222222233333332322222234223332222222222222222222322222222222333222223232222222222222221","contributors":{"meet_daily_targets":48,"move_every_hour":95,"recovery_time":100,"stay_active":80,"training_frequency":1,"training_volume":45},"day":"2025-12-05","equivalent_walking_distance":5945,"high_activity_met_minutes":0,"high_activity_time":0,"inactivity_alerts":1,"low_activity_met_minutes":203,"low_activity_time":14640,"medium_activity_met_minutes":41,"medium_activity_time":720,"met":{"interval":60.0,"items":[1.4,1.7,1.8,1.2,1.3,1.3,1.2,1.6,3.4,1.3,1.7,1.3,1.2,1.2,1.2,1.2,1.2,1.2,1.2,1.3,1.2,1.2,1.2,1.2,1.2,1.1,1.2,1.2,1.2,1.2,1.2,1.2,1.3,1.2,1.2,1.2,1.2,1.2,1.2,1.2,1.2,1.1,1.2,1.2,1.2,1.2,1.2,1.2,1.2,1.2,1.1,1.2,1.2,1.2,1.2,1.2,1.2,1.2,1.2,1.1,1.2,1.2,2.6,1.4,1.4,1.3,1.2,1.3,1.4,1.3,1.4,1.3,1.2,1.3,2.1,4.8,4.0,3.3,2.3,2.3,2.3,3.6,2.1,2.3,1.9,1.7,2.3,1.9,1.8,1.8,1.6,1.9,2.5,1.9,1.7,1.9,1.8,1.7,1.6,1.6,1.5,1.6,1.5,1.3,1.4,1.6,1.5,1.2,1.2,1.2,1.1,0.9,0.9,0.9,0.9,0.9,0.9,0.9,0.9,0.9,0.9,0.9,0.9,0.9,0.9,0.9,0.9,0.9,0.9,0.9,0.9,0.9,0.9,0.9,0.9,0.9,0.9,0.9,0.9,0.9,0.9,0.9,0.9,0.9,0.9,0.9,0.9,0.9,0.9,0.9,0.9,0.9,0.9,0.9,0.9,0.9,0.9,0.9,0.9,0.9,1.1,0.9,0.9,1.0,0.9,0.9,0.9,0.9,0.9,0.9,0.9,0.9,0.9,0.9,0.9,0.9,0.9,0.9,0.9,0.9,0.9,0.9,0.9,0.9,0.9,0.9,1.1,1.1,0.9,1.1,1.1,1.0,1.0,0.9,1.1,0.9,1.0,1.1,0.9,0.9,1.1,0.9,1.0,1.3,0.9,0.9,0.9,0.9,0.9,0.9,0.9,0.9,0.9,0.9,0.9,0.9,0.9,0.9,0.9,0.9,0.9,0.9,0.9,0.9,0.9,0.9,0.9,0.9,0.9,0.9,0.9,0.9,0.9,0.9,0.9,0.9,0.9,0.9,0.9,0.9,0.9,0.9,0.9,0.9,0.9,0.9,0.9,0.9,0.9,0.9,0.9,0.9,0.9,0.9,0.9,0.9,0.9,0.9,1.2,0.9,0.9,1.3,0.9,1.0,0.9,1.3,1.7,1.3,1.2,1.2,1.1,0.9,0.9,0.9,0.9,0.9,0.9,0.9,0.9,0.9,1.1,0.9,0.9,0.9,0.9,0.9,0.9,0.9,0.9,0.9,0.9,1.0,0.9,0.9,0.9,0.9,0.9,0.9,0.9,0.9,0.9,0.9,1.1,1.2,0.9,1.1,0.9,1.0,1.0,1.1,1.1,0.9,1.1,0.9,1.0,0.9,0.9,0.9,1.1,0.9,1.2,1.0,0.9,1.1,1.0,0.9,1.2,1.1,1.0,0.9,0.9,0.9,0.9,0.9,0.9,1.2,1.0,1.1,0.9,1.0,1.0,1.2,1.3,1.0,1.0,1.0,0.9,0.9,0.9,0.9,0.9,0.9,0.9,1.1,1.2,0.9,0.9,1.2,0.9,0.9,0.9,0.9,0.9,1.0,1.0,0.9,0.9,0.9,0.9,0.9,0.9,0.9,0.9,0.9,0.9,0.9,0.9,1.1,0.9,0.9,0.9,0.9,0.9,0.9,0.9,1.0,0.9,0.9,0.9,0.9,0.9,0.9,0.9,0.9,0.9,0.9,0.9,0.9,0.9,1.1,0.9,0.9,1.0,1.0,0.9,1.1,1.1,1.0,1.0,1.0,0.9,0.9,0.9,0.9,0.9,0.9,1.1,1.0,1.1,0.9,1.1,0.9,0.9,0.9,1.2,0.9,0.9,0.9,0.9,0.9,0.9,0.9,0.9,0.9,0.9,0.9,0.9,0.9,0.9,0.9,0.9,0.9,0.9,0.9,0.9,0.9,0.9,0.9,1.1,0.9,0.9,0.9,0.9,0.9,0.9,0.9,0.9,0.9,0.9,0.9,0.9,0.9,0.9,0.9,0.9,0.9,0.9,0.9,0.9,0.9,0.9,0.9,0.9,0.9,0.9,0.9,0.9,0.9,0.9,0.9,0.9,0.9,0.9,0.9,0.9,0.9,0.9,0.9,0.9,0.9,0.9,0.9,0.9,0.9,1.3,0.9,0.9,0.9,1.2,1.0,0.9,1.0,0.9,0.9,1.1,0.9,1.0,1.1,1.0,0.9,1.0,0.9,1.0,0.9,0.9,1.0,0.9,1.0,1.4,0.9,1.1,0.9,1.1,0.9,0.9,1.1,0.9,1.2,0.9,0.9,0.9,1.6,1.3,1.3,2.8,2.3,2.3,2.8,3.9,1.6,1.2,1.2,1.2,1.3,1.6,1.2,1.3,1.2,1.2,1.2,1.2,1.2,1.2,1.3,1.4,1.3,1.3,1.2,1.2,1.2,1.2,1.2,1.2,1.2,1.2,1.2,1.2,1.3,1.2,1.2,1.2,1.2,1.2,1.2,1.1,1.2,1.2,1.2,1.1,1.2,1.3,1.3,1.2,1.2,1.3,1.4,1.2,1.2,1.2,1.2,1.2,1.2,1.2,1.3,1.7,1.2,1.2,3.2,1.7,1.3,0.1,0.1,0.1,0.1,0.1,0.1,0.1,0.1,0.1,0.1,0.1,0.1,0.1,0.1,0.1,0.1,0.1,0.1,0.1,0.1,0.1,0.1,0.1,0.1,0.1,0.1,0.1,0.1,0.1,0.1,0.1,0.1,0.1,0.1,0.1,0.1,0.1,0.1,0.1,0.1,0.1,0.1,0.1,0.1,0.1,0.1,0.1,0.1,0.1,0.1,0.1,0.1,0.1,0.1,0.1,0.1,0.1,0.1,0.1,0.1,0.1,0.1,0.1,0.1,0.1,0.1,0.1,0.1,0.1,0.1,0.1,0.1,0.1,0.1,0.1,0.1,0.1,0.1,0.1,0.1,0.1,0.1,0.1,0.1,0.1,0.1,0.1,0.1,0.1,0.1,0.1,0.1,0.1,0.1,0.1,0.1,0.1,0.1,0.1,0.1,0.1,0.1,0.1,0.1,0.1,0.1,0.1,0.1,0.1,0.1,0.1,0.1,0.1,0.1,0.1,0.1,0.1,0.1,0.1,0.1,0.1,0.1,0.1,0.1,0.1,0.1,0.1,0.1,0.1,0.1,0.1,0.1,0.1,0.1,0.1,0.1,0.1,0.1,0.1,0.1,0.1,0.1,0.1,0.1,0.1,0.1,0.1,0.1,0.1,0.1,0.1,0.1,0.1,0.1,0.1,0.1,0.1,0.1,0.1,0.1,0.1,0.1,0.1,0.1,0.1,0.1,0.1,0.1,0.1,0.1,0.1,0.1,0.1,0.1,0.1,0.1,0.1,0.1,0.1,0.1,0.1,0.1,0.1,0.9,2.5,2.2,1.9,1.9,1.9,1.8,2.7,3.2,1.7,2.4,3.2,3.7,2.3,2.8,2.6,1.9,3.3,2.5,2.2,2.1,3.1,2.4,1.9,1.9,4.0,3.0,3.2,2.3,4.3,3.1,2.9,2.9,2.2,5.5,4.2,2.9,5.4,3.3,4.1,4.0,2.9,3.5,1.7,2.8,1.9,1.5,2.1,3.9,2.3,2.1,1.9,1.3,1.2,1.2,1.2,1.2,1.2,1.2,1.1,1.2,1.2,1.7,1.4,1.3,1.3,2.7,1.3,1.4,1.3,1.5,1.4,2.5,1.4,1.4,1.2,1.2,1.2,1.2,1.4,1.3,1.2,1.2,1.2,1.3,1.2,1.2,1.2,2.8,4.6,1.4,1.3,1.2,1.2,1.2,1.3,1.5,1.5,1.8,1.2,1.2,1.4,1.2,1.2,1.2,1.2,1.2,1.3,2.1,1.5,1.8,1.6,1.4,1.5,1.2,3.7,1.2,1.2,1.9,1.5,1.3,4.0,2.9,1.3,1.9,2.6,1.6,1.9,1.7,2.6,4.0,3.0,2.4,1.6,3.0,1.8,3.6,1.6,1.6,1.3,1.3,1.2,1.2,1.3,1.3,1.2,1.2,1.2,1.3,1.8,1.6,3.1,1.9,3.7,1.8,2.8,2.9,1.6,2.4,2.8,1.9,2.4,2.4,2.5,1.9,1.7,1.6,2.5,2.1,1.4,1.9,1.6,1.2,1.2,1.3,1.3,1.7,1.7,1.5,1.2,1.4,1.2,1.2,1.2,1.3,1.4,1.5,1.3,1.5,1.2,1.3,1.3,1.3,1.3,1.2,1.9,1.9,1.7,1.8,2.5,3.5,5.1,2.4,2.6,3.9,3.3,2.4,3.0,3.3,1.6,1.8,4.1,4.6,4.0,3.3,3.0,2.1,2.5,1.7,1.9,3.9,3.9,1.7,1.4,1.5,1.3,1.6,1.3,1.4,1.4,1.3,1.2,1.2,1.2,1.3,1.2,1.2,1.2,1.2,1.2,1.2,1.3,1.3,1.2,1.2,1.2,1.2,1.2,1.2,1.2,1.2,1.2,1.2,1.2,1.2,1.1,1.2,1.2,1.2,1.2,1.2,2.1,1.6,1.8,2.9,3.8,2.9,2.3,3.0,2.8,4.4,2.6,2.5,3.0,1.5,2.3,1.7,1.6,1.7,1.2,1.2,1.7,2.3,2.5,1.9,4.4,3.0,1.4,2.6,4.6,1.6,1.3,1.2,1.3,1.3,1.5,1.7,1.3,1.3,2.9,2.1,1.7,1.4,1.4,1.7,1.7,1.5,2.3,1.3,1.5,1.5,1.6,1.5,1.4,1.4,1.3,1.3,1.4,1.4,1.2,1.2,1.2,1.3,1.3,1.6,1.3,1.3,1.7,1.3,1.2,1.3,1.3,1.5,1.3,1.2,1.2,1.3,5.0,4.0,5.4,1.3,1.2,1.2,1.3,1.2,1.2,1.3,1.2,1.2,1.2,1.2,1.2,1.3,1.3,1.3,1.3,1.3,2.3,2.6,3.7,3.3,1.9,5.0,1.9,1.5,1.3,1.2,1.7,1.4,1.3,1.5,1.4,1.3,1.2,1.2,1.7,1.5,1.8,1.5,1.5,1.4,1.7,1.6,1.2,1.3,1.3,1.2,1.2,1.1,1.2,1.2,1.2,1.4,1.5,1.3,1.3,1.3,1.4,1.2,1.4,1.3,1.2,1.8,1.6,1.5,1.5,1.3,1.4,1.2,1.3,1.2,1.3,1.4,1.4,1.2,1.5,1.2,1.2,1.4,1.3,1.2,1.2,1.2,1.3,1.2,1.3,1.3,1.3,1.3,1.6,1.3,1.2,1.3,1.3,1.5,1.4,1.7,1.4,1.3,1.2,1.2,1.4,1.5,1.2,1.2,1.2,1.5,1.4,1.4,1.3,1.4,1.3,1.2,1.5,1.7,1.6,1.7,1.4,1.5,1.5,1.5,1.5,1.7,1.7,1.8,1.6,1.8,1.3,1.4,1.7,1.7,1.4,1.5,1.6,1.3,1.4,1.3,1.3,1.4,1.4,1.2,1.4,1.4,1.5,1.2,1.5,1.4,1.4,1.3,1.3,1.2,1.4,1.5,1.7,1.3,1.9,1.3,1.7,1.3,1.6,1.3,1.2,1.3,1.3,1.3,1.2,1.5,1.7,1.3,1.4,1.5,1.5,1.8,1.4,1.3,1.3,1.4,1.4,1.5,1.3,1.3,1.3,1.5,1.5,1.4,2.3,1.5,3.5,3.3,1.7,1.7,2.5,1.5,2.8,1.9,2.5,2.0,1.5,1.7,1.3,1.2,1.3,1.3,1.2,1.2,1.2,1.4,1.2,1.2,1.2,1.2,1.2,1.2,1.2,1.2,1.2,1.6,2.5,1.5,1.5,1.4,1.5,1.5,1.2,1.5,1.9,1.9,1.9,1.7,1.5,1.3,1.4,1.4,1.5,1.8,1.9,1.6,1.6,1.4,1.7,1.8,1.4,1.9,1.3,1.3,1.3,1.2,1.2,1.3,1.3,1.2,1.2,1.4,1.4,1.5,1.7,1.6,1.5,1.5,1.7,1.5,1.6,1.3,1.5,1.3,1.7,1.3,1.5,1.4,1.5,1.7,1.5,1.5,1.6,1.3,1.6,1.4,1.7,1.6,1.8,1.7,1.7,1.7,1.4,1.3,1.3,1.4,1.3,1.4,1.3,1.5,1.5,1.6,1.3,1.3,1.3,1.6,1.4,1.2,1.2,1.7,1.5,1.6,1.5,1.7,1.5,1.4,1.6,1.5,1.9,1.7,1.4,1.5,1.3,1.2,1.4,0.9],"timestamp":"2025-12-05T04:00:00.000-05:00"},"meters_to_target":5800,"non_wear_time":10980,"resting_time":25440,"score":65,"sedentary_met_minutes":11,"sedentary_time":34620,"steps":4851,"target_calories":650,"target_meters":12000,"timestamp":"2025-12-05T04:00:00.000-05:00","total_calories":2592}
Heart rate data received: {}
[2025-12-06T12:07:28Z] [INFO] Oura metrics fetched successfully
[2025-12-06T12:07:28Z] [INFO] Oura metrics fetched successfully
[2025-12-06T12:07:28Z] [INFO] Scores - Sleep: 81, Readiness: 90, Activity: 65
[2025-12-06T12:07:28Z] [INFO] Scores - Sleep: 81, Readiness: 90, Activity: 65
[2025-12-06T12:07:28Z] [INFO] ============================================================
[2025-12-06T12:07:28Z] [INFO] ============================================================
[2025-12-06T12:07:28Z] [INFO] Workflow: Oura Health - Fetch Data - COMPLETED SUCCESSFULLY
[2025-12-06T12:07:28Z] [INFO] Workflow: Oura Health - Fetch Data - COMPLETED SUCCESSFULLY
[2025-12-06T12:07:28Z] [INFO] Ended at: 2025-12-06T12:07:28Z
[2025-12-06T12:07:28Z] [INFO] Ended at: 2025-12-06T12:07:28Z
[2025-12-06T12:07:28Z] [INFO] ============================================================
[2025-12-06T12:07:28Z] [INFO] ============================================================
