[2025-12-05T05:04:48Z] [INFO] Logging initialized: logs/developer/developer.log
[2025-12-05T05:04:48Z] [INFO] Logging initialized: logs/developer/developer.log
[2025-12-05T05:04:48Z] [INFO] ============================================================
[2025-12-05T05:04:48Z] [INFO] ============================================================
[2025-12-05T05:04:48Z] [INFO] Workflow: developer
[2025-12-05T05:04:48Z] [INFO] Workflow: developer
[2025-12-05T05:04:48Z] [INFO] Description: Developer Statistics - Fetch Data
[2025-12-05T05:04:48Z] [INFO] Description: Developer Statistics - Fetch Data
[2025-12-05T05:04:48Z] [INFO] Started at: 2025-12-05T05:04:48.392168+00:00Z
[2025-12-05T05:04:48Z] [INFO] Started at: 2025-12-05T05:04:48.392168+00:00Z
[2025-12-05T05:04:48Z] [INFO] ============================================================
[2025-12-05T05:04:48Z] [INFO] ============================================================
[2025-12-05T05:04:48Z] [INFO] Fetching developer statistics for: szmyty
[2025-12-05T05:04:48Z] [INFO] Fetching developer statistics for: szmyty
Fetching data for user: szmyty
Fetching repositories...
Fetching events...
Calculating language statistics...
Fetching top repositories...
[2025-12-05T05:05:00Z] [INFO] Developer stats saved to: developer/stats.json.tmp
[2025-12-05T05:05:00Z] [INFO] Developer stats saved to: developer/stats.json.tmp
[2025-12-05T05:05:00Z] [INFO] Total repositories: N/A
[2025-12-05T05:05:00Z] [INFO] Total repositories: N/A
[2025-12-05T05:05:00Z] [INFO] Total commits (30 days): 0
[2025-12-05T05:05:00Z] [INFO] Total commits (30 days): 0
Developer stats saved to: developer/stats.json.tmp
Saved raw data: developer/raw/stats_raw.json
[2025-12-05T05:05:00Z] [INFO] ============================================================
[2025-12-05T05:05:00Z] [INFO] ============================================================
[2025-12-05T05:05:00Z] [INFO] Workflow: developer - COMPLETED SUCCESSFULLY
[2025-12-05T05:05:00Z] [INFO] Workflow: developer - COMPLETED SUCCESSFULLY
[2025-12-05T05:05:00Z] [INFO] Ended at: 2025-12-05T05:05:00.366092+00:00Z
[2025-12-05T05:05:00Z] [INFO] Ended at: 2025-12-05T05:05:00.366092+00:00Z
[2025-12-05T05:05:00Z] [INFO] ============================================================
[2025-12-05T05:05:00Z] [INFO] ============================================================
