[2025-12-05T05:04:48Z] [INFO] Logging initialized: logs/developer/developer.log
[2025-12-05T05:04:48Z] [INFO] Logging initialized: logs/developer/developer.log
[2025-12-05T05:04:48Z] [INFO] ============================================================
[2025-12-05T05:04:48Z] [INFO] ============================================================
[2025-12-05T05:04:48Z] [INFO] Workflow: developer
[2025-12-05T05:04:48Z] [INFO] Workflow: developer
[2025-12-05T05:04:48Z] [INFO] Description: Developer Statistics - Fetch Data
[2025-12-05T05:04:48Z] [INFO] Description: Developer Statistics - Fetch Data
[2025-12-05T05:04:48Z] [INFO] Started at: 2025-12-05T05:04:48.392168+00:00Z
[2025-12-05T05:04:48Z] [INFO] Started at: 2025-12-05T05:04:48.392168+00:00Z
[2025-12-05T05:04:48Z] [INFO] ============================================================
[2025-12-05T05:04:48Z] [INFO] ============================================================
[2025-12-05T05:04:48Z] [INFO] Fetching developer statistics for: szmyty
[2025-12-05T05:04:48Z] [INFO] Fetching developer statistics for: szmyty
Fetching data for user: szmyty
Fetching repositories...
Fetching events...
Calculating language statistics...
Fetching top repositories...
[2025-12-05T05:05:00Z] [INFO] Developer stats saved to: developer/stats.json.tmp
[2025-12-05T05:05:00Z] [INFO] Developer stats saved to: developer/stats.json.tmp
[2025-12-05T05:05:00Z] [INFO] Total repositories: N/A
[2025-12-05T05:05:00Z] [INFO] Total repositories: N/A
[2025-12-05T05:05:00Z] [INFO] Total commits (30 days): 0
[2025-12-05T05:05:00Z] [INFO] Total commits (30 days): 0
Developer stats saved to: developer/stats.json.tmp
Saved raw data: developer/raw/stats_raw.json
[2025-12-05T05:05:00Z] [INFO] ============================================================
[2025-12-05T05:05:00Z] [INFO] ============================================================
[2025-12-05T05:05:00Z] [INFO] Workflow: developer - COMPLETED SUCCESSFULLY
[2025-12-05T05:05:00Z] [INFO] Workflow: developer - COMPLETED SUCCESSFULLY
[2025-12-05T05:05:00Z] [INFO] Ended at: 2025-12-05T05:05:00.366092+00:00Z
[2025-12-05T05:05:00Z] [INFO] Ended at: 2025-12-05T05:05:00.366092+00:00Z
[2025-12-05T05:05:00Z] [INFO] ============================================================
[2025-12-05T05:05:00Z] [INFO] ============================================================
[2025-12-05T06:29:02Z] [INFO] Logging initialized: logs/developer/developer.log
[2025-12-05T06:29:02Z] [INFO] Logging initialized: logs/developer/developer.log
[2025-12-05T06:29:02Z] [INFO] ============================================================
[2025-12-05T06:29:02Z] [INFO] ============================================================
[2025-12-05T06:29:02Z] [INFO] Workflow: developer
[2025-12-05T06:29:02Z] [INFO] Workflow: developer
[2025-12-05T06:29:02Z] [INFO] Description: Developer Statistics - Fetch Data
[2025-12-05T06:29:02Z] [INFO] Description: Developer Statistics - Fetch Data
[2025-12-05T06:29:02Z] [INFO] Started at: 2025-12-05T06:29:02.328548+00:00Z
[2025-12-05T06:29:02Z] [INFO] Started at: 2025-12-05T06:29:02.328548+00:00Z
[2025-12-05T06:29:02Z] [INFO] ============================================================
[2025-12-05T06:29:02Z] [INFO] ============================================================
[2025-12-05T06:29:02Z] [INFO] Fetching developer statistics for: szmyty
[2025-12-05T06:29:02Z] [INFO] Fetching developer statistics for: szmyty
Fetching data for user: szmyty
Fetching repositories...
Fetching events...
Calculating language statistics...
Fetching top repositories...
Traceback (most recent call last):
  File "/home/runner/work/profile/profile/scripts/fetch-developer-stats.py", line 412, in <module>
    main()
  File "/home/runner/work/profile/profile/scripts/fetch-developer-stats.py", line 388, in main
    stats = fetch_developer_stats(username)
            ^^^^^^^^^^^^^^^^^^^^^^^^^^^^^^^
  File "/home/runner/work/profile/profile/scripts/fetch-developer-stats.py", line 314, in fetch_developer_stats
    top_repos = get_top_repos_by_commits(repos, username, headers, 5)
                ^^^^^^^^^^^^^^^^^^^^^^^^^^^^^^^^^^^^^^^^^^^^^^^^^^^^^
  File "/home/runner/work/profile/profile/scripts/fetch-developer-stats.py", line 261, in get_top_repos_by_commits
    contributor = fetch_contributor_stats(username, repo_name, headers)
                  ^^^^^^^^^^^^^^^^^^^^^^^^^^^^^^^^^^^^^^^^^^^^^^^^^^^^^
  File "/home/runner/work/profile/profile/scripts/fetch-developer-stats.py", line 128, in fetch_contributor_stats
    if contributor.get("author", {}).get("login", "").lower() == username.lower():
       ^^^^^^^^^^^^^^^^^^^^^^^^^^^^^^^^^
AttributeError: 'NoneType' object has no attribute 'get'
