Results of git_diff linter (version 2.47.2)
See documentation on https://megalinter.io/8.8.0/descriptors/repository_git_diff/
-----------------------------------------------

❌ [ERROR] for workspace /github/workspace
Linter raw log:
warning: in the working copy of 'logs/megalinter/linters_logs/WARNING-REPOSITORY_KICS.log', CRLF will be replaced by LF the next time Git touches it
logs/megalinter/linters_logs/WARNING-BASH_SHFMT.log:10: trailing whitespace.
+     
logs/megalinter/linters_logs/WARNING-BASH_SHFMT.log:16: trailing whitespace.
+     
logs/megalinter/linters_logs/WARNING-BASH_SHFMT.log:25: trailing whitespace.
+     
logs/megalinter/linters_logs/WARNING-BASH_SHFMT.log:34: trailing whitespace.
+     
logs/megalinter/linters_logs/WARNING-BASH_SHFMT.log:45: trailing whitespace.
+    -    
logs/megalinter/linters_logs/WARNING-BASH_SHFMT.log:51: trailing whitespace.
+    -    
logs/megalinter/linters_logs/WARNING-BASH_SHFMT.log:54: trailing whitespace.
+    -    
logs/megalinter/linters_logs/WARNING-BASH_SHFMT.log:63: trailing whitespace.
+    -    
logs/megalinter/linters_logs/WARNING-BASH_SHFMT.log:69: trailing whitespace.
+     
logs/megalinter/linters_logs/WARNING-EDITORCONFIG_EDITORCONFIG_CHECKER.log:14: space before tab in indent.
+    	13-15: Wrong amount of left-padding spaces(want multiple of 4)
logs/megalinter/linters_logs/WARNING-EDITORCONFIG_EDITORCONFIG_CHECKER.log:15: space before tab in indent.
+    	17: Wrong amount of left-padding spaces(want multiple of 4)
logs/megalinter/linters_logs/WARNING-EDITORCONFIG_EDITORCONFIG_CHECKER.log:16: space before tab in indent.
+    	19: Wrong amount of left-padding spaces(want multiple of 4)
logs/megalinter/linters_logs/WARNING-EDITORCONFIG_EDITORCONFIG_CHECKER.log:17: space before tab in indent.
+    	21: Wrong amount of left-padding spaces(want multiple of 4)
logs/megalinter/linters_logs/WARNING-EDITORCONFIG_EDITORCONFIG_CHECKER.log:18: space before tab in indent.
+    	30-31: Wrong amount of left-padding spaces(want multiple of 4)
logs/megalinter/linters_logs/WARNING-EDITORCONFIG_EDITORCONFIG_CHECKER.log:20: space before tab in indent.
+    	41: Wrong amount of left-padding spaces(want multiple of 4)
logs/megalinter/linters_logs/WARNING-EDITORCONFIG_EDITORCONFIG_CHECKER.log:21: space before tab in indent.
+    	43: Wrong amount of left-padding spaces(want multiple of 4)
logs/megalinter/linters_logs/WARNING-EDITORCONFIG_EDITORCONFIG_CHECKER.log:22: space before tab in indent.
+    	45: Wrong amount of left-padding spaces(want multiple of 4)
logs/megalinter/linters_logs/WARNING-EDITORCONFIG_EDITORCONFIG_CHECKER.log:23: space before tab in indent.
+    	47: Wrong amount of left-padding spaces(want multiple of 4)
logs/megalinter/linters_logs/WARNING-EDITORCONFIG_EDITORCONFIG_CHECKER.log:24: space before tab in indent.
+    	49: Wrong amount of left-padding spaces(want multiple of 4)
logs/megalinter/linters_logs/WARNING-EDITORCONFIG_EDITORCONFIG_CHECKER.log:25: space before tab in indent.
+    	51: Wrong amount of left-padding spaces(want multiple of 4)
logs/megalinter/linters_logs/WARNING-EDITORCONFIG_EDITORCONFIG_CHECKER.log:26: space before tab in indent.
+    	53: Wrong amount of left-padding spaces(want multiple of 4)
logs/megalinter/linters_logs/WARNING-EDITORCONFIG_EDITORCONFIG_CHECKER.log:103: space before tab in indent.
+    	137: Wrong amount of left-padding spaces(want multiple of 4)
logs/megalinter/linters_logs/WARNING-EDITORCONFIG_EDITORCONFIG_CHECKER.log:104: space before tab in indent.
+    	140-141: Wrong amount of left-padding spaces(want multiple of 4)
logs/megalinter/linters_logs/WARNING-EDITORCONFIG_EDITORCONFIG_CHECKER.log:105: space before tab in indent.
+    	200-202: Wrong amount of left-padding spaces(want multiple of 4)
logs/megalinter/linters_logs/WARNING-EDITORCONFIG_EDITORCONFIG_CHECKER.log:106: space before tab in indent.
+    	205-207: Wrong amount of left-padding spaces(want multiple of 4)
logs/megalinter/linters_logs/WARNING-EDITORCONFIG_EDITORCONFIG_CHECKER.log:107: space before tab in indent.
+    	210-212: Wrong amount of left-padding spaces(want multiple of 4)
logs/megalinter/linters_logs/WARNING-EDITORCONFIG_EDITORCONFIG_CHECKER.log:108: space before tab in indent.
+    	215-217: Wrong amount of left-padding spaces(want multiple of 4)
logs/megalinter/linters_logs/WARNING-EDITORCONFIG_EDITORCONFIG_CHECKER.log:109: trailing whitespace.
+    
logs/megalinter/linters_logs/WARNING-EDITORCONFIG_EDITORCONFIG_CHECKER.log:114: space before tab in indent.
+    	43: Wrong amount of left-padding spaces(want multiple of 4)
logs/megalinter/linters_logs/WARNING-EDITORCONFIG_EDITORCONFIG_CHECKER.log:115: space before tab in indent.
+    	46-47: Wrong amount of left-padding spaces(want multiple of 4)
logs/megalinter/linters_logs/WARNING-EDITORCONFIG_EDITORCONFIG_CHECKER.log:116: space before tab in indent.
+    	49-51: Wrong amount of left-padding spaces(want multiple of 4)
logs/megalinter/linters_logs/WARNING-EDITORCONFIG_EDITORCONFIG_CHECKER.log:117: trailing whitespace.
+    
logs/megalinter/linters_logs/WARNING-EDITORCONFIG_EDITORCONFIG_CHECKER.log:123: space before tab in indent.
+    	114-117: Wrong amount of left-padding spaces(want multiple of 4)
logs/megalinter/linters_logs/WARNING-EDITORCONFIG_EDITORCONFIG_CHECKER.log:124: space before tab in indent.
+    	120-122: Wrong amount of left-padding spaces(want multiple of 4)
logs/megalinter/linters_logs/WARNING-EDITORCONFIG_EDITORCONFIG_CHECKER.log:125: space before tab in indent.
+    	125-127: Wrong amount of left-padding spaces(want multiple of 4)
logs/megalinter/linters_logs/WARNING-EDITORCONFIG_EDITORCONFIG_CHECKER.log:126: space before tab in indent.
+    	130-133: Wrong amount of left-padding spaces(want multiple of 4)
logs/megalinter/linters_logs/WARNING-EDITORCONFIG_EDITORCONFIG_CHECKER.log:127: trailing whitespace.
+    
logs/megalinter/linters_logs/WARNING-EDITORCONFIG_EDITORCONFIG_CHECKER.log:258: space before tab in indent.
+    	25: Trailing whitespace
logs/megalinter/linters_logs/WARNING-EDITORCONFIG_EDITORCONFIG_CHECKER.log:259: space before tab in indent.
+    	30: Trailing whitespace
logs/megalinter/linters_logs/WARNING-EDITORCONFIG_EDITORCONFIG_CHECKER.log:260: space before tab in indent.
+    	35: Trailing whitespace
logs/megalinter/linters_logs/WARNING-EDITORCONFIG_EDITORCONFIG_CHECKER.log:261: space before tab in indent.
+    	48: Trailing whitespace
logs/megalinter/linters_logs/WARNING-EDITORCONFIG_EDITORCONFIG_CHECKER.log:262: space before tab in indent.
+    	53: Trailing whitespace
logs/megalinter/linters_logs/WARNING-EDITORCONFIG_EDITORCONFIG_CHECKER.log:263: space before tab in indent.
+    	58: Trailing whitespace
logs/megalinter/linters_logs/WARNING-EDITORCONFIG_EDITORCONFIG_CHECKER.log:264: space before tab in indent.
+    	62: Trailing whitespace
logs/megalinter/linters_logs/WARNING-EDITORCONFIG_EDITORCONFIG_CHECKER.log:265: space before tab in indent.
+    	67: Trailing whitespace
logs/megalinter/linters_logs/WARNING-EDITORCONFIG_EDITORCONFIG_CHECKER.log:266: space before tab in indent.
+    	81: Trailing whitespace
logs/megalinter/linters_logs/WARNING-EDITORCONFIG_EDITORCONFIG_CHECKER.log:267: space before tab in indent.
+    	86: Trailing whitespace
logs/megalinter/linters_logs/WARNING-EDITORCONFIG_EDITORCONFIG_CHECKER.log:268: space before tab in indent.
+    	90: Trailing whitespace
logs/megalinter/linters_logs/WARNING-EDITORCONFIG_EDITORCONFIG_CHECKER.log:269: space before tab in indent.
+    	97: Trailing whitespace
logs/megalinter/linters_logs/WARNING-EDITORCONFIG_EDITORCONFIG_CHECKER.log:270: space before tab in indent.
+    	101: Trailing whitespace
logs/megalinter/linters_logs/WARNING-EDITORCONFIG_EDITORCONFIG_CHECKER.log:271: space before tab in indent.
+    	122: Trailing whitespace
logs/megalinter/linters_logs/WARNING-EDITORCONFIG_EDITORCONFIG_CHECKER.log:272: space before tab in indent.
+    	127: Trailing whitespace
logs/megalinter/linters_logs/WARNING-EDITORCONFIG_EDITORCONFIG_CHECKER.log:273: trailing whitespace.
+    
logs/megalinter/linters_logs/WARNING-EDITORCONFIG_EDITORCONFIG_CHECKER.log:278: space before tab in indent.
+    	2-4: Wrong amount of left-padding spaces(want multiple of 4)
logs/megalinter/linters_logs/WARNING-EDITORCONFIG_EDITORCONFIG_CHECKER.log:279: space before tab in indent.
+    	10: Wrong amount of left-padding spaces(want multiple of 4)
logs/megalinter/linters_logs/WARNING-EDITORCONFIG_EDITORCONFIG_CHECKER.log:280: space before tab in indent.
+    	13-14: Wrong amount of left-padding spaces(want multiple of 4)
logs/megalinter/linters_logs/WARNING-EDITORCONFIG_EDITORCONFIG_CHECKER.log:281: space before tab in indent.
+    	17-18: Wrong amount of left-padding spaces(want multiple of 4)
logs/megalinter/linters_logs/WARNING-EDITORCONFIG_EDITORCONFIG_CHECKER.log:282: space before tab in indent.
+    	20-21: Wrong amount of left-padding spaces(want multiple of 4)
logs/megalinter/linters_logs/WARNING-EDITORCONFIG_EDITORCONFIG_CHECKER.log:283: space before tab in indent.
+    	25-26: Wrong amount of left-padding spaces(want multiple of 4)
logs/megalinter/linters_logs/WARNING-EDITORCONFIG_EDITORCONFIG_CHECKER.log:284: space before tab in indent.
+    	28: Wrong amount of left-padding spaces(want multiple of 4)
logs/megalinter/linters_logs/WARNING-EDITORCONFIG_EDITORCONFIG_CHECKER.log:285: trailing whitespace.
+    
logs/megalinter/linters_logs/WARNING-EDITORCONFIG_EDITORCONFIG_CHECKER.log:290: space before tab in indent.
+    	2: Wrong amount of left-padding spaces(want multiple of 4)
logs/megalinter/linters_logs/WARNING-EDITORCONFIG_EDITORCONFIG_CHECKER.log:291: space before tab in indent.
+    	5-6: Wrong amount of left-padding spaces(want multiple of 4)
logs/megalinter/linters_logs/WARNING-EDITORCONFIG_EDITORCONFIG_CHECKER.log:292: space before tab in indent.
+    	10-11: Wrong amount of left-padding spaces(want multiple of 4)
logs/megalinter/linters_logs/WARNING-EDITORCONFIG_EDITORCONFIG_CHECKER.log:293: space before tab in indent.
+    	13-20: Wrong amount of left-padding spaces(want multiple of 4)
logs/megalinter/linters_logs/WARNING-EDITORCONFIG_EDITORCONFIG_CHECKER.log:294: trailing whitespace.
+    
logs/megalinter/linters_logs/WARNING-EDITORCONFIG_EDITORCONFIG_CHECKER.log:299: space before tab in indent.
+    	2-4: Wrong amount of left-padding spaces(want multiple of 4)
logs/megalinter/linters_logs/WARNING-EDITORCONFIG_EDITORCONFIG_CHECKER.log:300: space before tab in indent.
+    	8-9: Wrong amount of left-padding spaces(want multiple of 4)
logs/megalinter/linters_logs/WARNING-EDITORCONFIG_EDITORCONFIG_CHECKER.log:301: space before tab in indent.
+    	11: Wrong amount of left-padding spaces(want multiple of 4)
logs/megalinter/linters_logs/WARNING-EDITORCONFIG_EDITORCONFIG_CHECKER.log:302: trailing whitespace.
+    
logs/megalinter/linters_logs/WARNING-EDITORCONFIG_EDITORCONFIG_CHECKER.log:484: space before tab in indent.
+    	76-82: Wrong amount of left-padding spaces(want multiple of 4)
logs/megalinter/linters_logs/WARNING-EDITORCONFIG_EDITORCONFIG_CHECKER.log:485: space before tab in indent.
+    	86-90: Wrong amount of left-padding spaces(want multiple of 4)
logs/megalinter/linters_logs/WARNING-EDITORCONFIG_EDITORCONFIG_CHECKER.log:486: space before tab in indent.
+    	93-98: Wrong amount of left-padding spaces(want multiple of 4)
logs/megalinter/linters_logs/WARNING-EDITORCONFIG_EDITORCONFIG_CHECKER.log:487: space before tab in indent.
+    	101-105: Wrong amount of left-padding spaces(want multiple of 4)
logs/megalinter/linters_logs/WARNING-EDITORCONFIG_EDITORCONFIG_CHECKER.log:488: space before tab in indent.
+    	108-112: Wrong amount of left-padding spaces(want multiple of 4)
logs/megalinter/linters_logs/WARNING-EDITORCONFIG_EDITORCONFIG_CHECKER.log:489: trailing whitespace.
+    
logs/megalinter/linters_logs/WARNING-EDITORCONFIG_EDITORCONFIG_CHECKER.log:1053: space before tab in indent.
+    	259-260: Wrong amount of left-padding spaces(want multiple of 4)
logs/megalinter/linters_logs/WARNING-EDITORCONFIG_EDITORCONFIG_CHECKER.log:1739: space before tab in indent.
+    	259-260: Wrong amount of left-padding spaces(want multiple of 4)
logs/megalinter/linters_logs/WARNING-EDITORCONFIG_EDITORCONFIG_CHECKER.log:1854: space before tab in indent.
+    	179: Wrong amount of left-padding spaces(want multiple of 4)
logs/megalinter/linters_logs/WARNING-EDITORCONFIG_EDITORCONFIG_CHECKER.log:1855: space before tab in indent.
+    	334-337: Wrong amount of left-padding spaces(want multiple of 4)
logs/megalinter/linters_logs/WARNING-EDITORCONFIG_EDITORCONFIG_CHECKER.log:1856: space before tab in indent.
+    	340-341: Wrong amount of left-padding spaces(want multiple of 4)
logs/megalinter/linters_logs/WARNING-EDITORCONFIG_EDITORCONFIG_CHECKER.log:1857: space before tab in indent.
+    	344: Wrong amount of left-padding spaces(want multiple of 4)
logs/megalinter/linters_logs/WARNING-EDITORCONFIG_EDITORCONFIG_CHECKER.log:1858: trailing whitespace.
+    
logs/megalinter/linters_logs/WARNING-EDITORCONFIG_EDITORCONFIG_CHECKER.log:2594: space before tab in indent.
+    	64: Trailing whitespace
logs/megalinter/linters_logs/WARNING-EDITORCONFIG_EDITORCONFIG_CHECKER.log:2595: space before tab in indent.
+    	69: Trailing whitespace
logs/megalinter/linters_logs/WARNING-EDITORCONFIG_EDITORCONFIG_CHECKER.log:2596: space before tab in indent.
+    	71: Trailing whitespace
logs/megalinter/linters_logs/WARNING-EDITORCONFIG_EDITORCONFIG_CHECKER.log:2597: space before tab in indent.
+    	81: Trailing whitespace
logs/megalinter/linters_logs/WARNING-EDITORCONFIG_EDITORCONFIG_CHECKER.log:2598: trailing whitespace.
+    
logs/megalinter/linters_logs/WARNING-MARKDOWN_MARKDOWN_LINK_CHECK.log:50: trailing whitespace.
+    
logs/megalinter/linters_logs/WARNING-SPELL_LYCHEE.log:438: trailing whitespace.
+    
logs/megalinter/linters_logs/WARNING-SPELL_LYCHEE.log:452: trailing whitespace.
+    
logs/megalinter/linters_logs/WARNING-SPELL_LYCHEE.log:464: trailing whitespace.
+    
logs/megalinter/linters_logs/WARNING-SPELL_LYCHEE.log:470: trailing whitespace.
+    
logs/megalinter/linters_logs/WARNING-SPELL_LYCHEE.log:476: trailing whitespace.
+    
logs/megalinter/linters_logs/WARNING-SPELL_LYCHEE.log:486: trailing whitespace.
+    
logs/megalinter/linters_logs/WARNING-SPELL_LYCHEE.log:546: trailing whitespace.
+    
logs/megalinter/linters_logs/WARNING-SPELL_LYCHEE.log:552: trailing whitespace.
+    
logs/megalinter/linters_logs/WARNING-SPELL_LYCHEE.log:558: trailing whitespace.
+    
logs/megalinter/linters_logs/WARNING-SPELL_LYCHEE.log:1465: trailing whitespace.
+    
logs/megalinter/mega-linter.log:13413: trailing whitespace.
+ 
logs/megalinter/mega-linter.log:13419: trailing whitespace.
+ 
logs/megalinter/mega-linter.log:13429: trailing whitespace.
+ 
logs/megalinter/mega-linter.log:13438: trailing whitespace.
+ 
logs/megalinter/mega-linter.log:13449: trailing whitespace.
+-    
logs/megalinter/mega-linter.log:13455: trailing whitespace.
+-    
logs/megalinter/mega-linter.log:13458: trailing whitespace.
+-    
logs/megalinter/mega-linter.log:13467: trailing whitespace.
+-    
logs/megalinter/mega-linter.log:13473: trailing whitespace.
+ 
logs/megalinter/mega-linter.log:17757: trailing whitespace.
+44	
logs/megalinter/mega-linter.log:17767: trailing whitespace.
+48	
logs/megalinter/mega-linter.log:17777: trailing whitespace.
+52	
logs/megalinter/mega-linter.log:17787: trailing whitespace.
+56	
logs/megalinter/mega-linter.log:17797: trailing whitespace.
+60	
logs/megalinter/mega-linter.log:17807: trailing whitespace.
+64	
logs/megalinter/mega-linter.log:17817: trailing whitespace.
+68	
logs/megalinter/mega-linter.log:17827: trailing whitespace.
+72	
logs/megalinter/mega-linter.log:17837: trailing whitespace.
+76	
logs/megalinter/mega-linter.log:17847: trailing whitespace.
+84	
logs/megalinter/mega-linter.log:17867: trailing whitespace.
+89	
logs/megalinter/mega-linter.log:17877: trailing whitespace.
+93	
logs/megalinter/mega-linter.log:17917: trailing whitespace.
+101	
logs/megalinter/mega-linter.log:17927: trailing whitespace.
+105	
logs/megalinter/mega-linter.log:17957: trailing whitespace.
+111	
logs/megalinter/mega-linter.log:17977: trailing whitespace.
+116	
logs/megalinter/mega-linter.log:18050: trailing whitespace.
+41	            
logs/megalinter/mega-linter.log:18070: trailing whitespace.
+52	    
logs/megalinter/mega-linter.log:18140: trailing whitespace.
+148	    
logs/megalinter/mega-linter.log:18148: trailing whitespace.
+157	            
logs/megalinter/mega-linter.log:18150: trailing whitespace.
+159	    
logs/megalinter/mega-linter.log:18160: trailing whitespace.
+168	            
logs/megalinter/mega-linter.log:18170: trailing whitespace.
+171	
logs/megalinter/mega-linter.log:18180: trailing whitespace.
+189	    
logs/megalinter/mega-linter.log:18190: trailing whitespace.
+206	    
logs/megalinter/mega-linter.log:18200: trailing whitespace.
+225	
logs/megalinter/mega-linter.log:18210: trailing whitespace.
+249	    
logs/megalinter/mega-linter.log:18220: trailing whitespace.
+263	    
logs/megalinter/mega-linter.log:18230: trailing whitespace.
+283	
logs/megalinter/mega-linter.log:18240: trailing whitespace.
+292	        
logs/megalinter/mega-linter.log:18254: trailing whitespace.
+310	            
logs/megalinter/mega-linter.log:18268: trailing whitespace.
+310	            
logs/megalinter/mega-linter.log:18321: trailing whitespace.
+29	    
logs/megalinter/mega-linter.log:18341: trailing whitespace.
+34	    
logs/megalinter/mega-linter.log:18401: trailing whitespace.
+43	    
logs/megalinter/mega-linter.log:18451: trailing whitespace.
+51	
logs/megalinter/mega-linter.log:18461: trailing whitespace.
+63	    
logs/megalinter/mega-linter.log:18471: trailing whitespace.
+71	    
logs/megalinter/mega-linter.log:18481: trailing whitespace.
+79	    
logs/megalinter/mega-linter.log:18491: trailing whitespace.
+87	
logs/megalinter/mega-linter.log:18501: trailing whitespace.
+98	    
logs/megalinter/mega-linter.log:18521: trailing whitespace.
+106	    
logs/megalinter/mega-linter.log:18541: trailing whitespace.
+114	    
logs/megalinter/mega-linter.log:18561: trailing whitespace.
+122	
logs/megalinter/mega-linter.log:18591: trailing whitespace.
+132	    
logs/megalinter/mega-linter.log:18601: trailing whitespace.
+136	    
logs/megalinter/mega-linter.log:18611: trailing whitespace.
+140	    
logs/megalinter/mega-linter.log:18631: trailing whitespace.
+145	    
logs/megalinter/mega-linter.log:18651: trailing whitespace.
+150	    
logs/megalinter/mega-linter.log:18661: trailing whitespace.
+154	
logs/megalinter/mega-linter.log:18669: trailing whitespace.
+173	        
logs/megalinter/mega-linter.log:18701: trailing whitespace.
+178	    
logs/megalinter/mega-linter.log:18709: trailing whitespace.
+185	        
logs/megalinter/mega-linter.log:18721: trailing whitespace.
+188	    
logs/megalinter/mega-linter.log:18729: trailing whitespace.
+194	        
logs/megalinter/mega-linter.log:18751: trailing whitespace.
+198	    
logs/megalinter/mega-linter.log:18759: trailing whitespace.
+211	        
logs/megalinter/mega-linter.log:18801: trailing whitespace.
+217	    
logs/megalinter/mega-linter.log:18809: trailing whitespace.
+229	        
logs/megalinter/mega-linter.log:18831: trailing whitespace.
+233	    
logs/megalinter/mega-linter.log:18874: trailing whitespace.
+35	
logs/megalinter/mega-linter.log:18894: trailing whitespace.
+40	
logs/megalinter/mega-linter.log:18904: trailing whitespace.
+44	
logs/megalinter/mega-linter.log:18934: trailing whitespace.
+50	
logs/megalinter/mega-linter.log:18944: trailing whitespace.
+54	
logs/megalinter/mega-linter.log:18964: trailing whitespace.
+59	
logs/megalinter/mega-linter.log:18984: trailing whitespace.
+64	
logs/megalinter/mega-linter.log:19044: trailing whitespace.
+122	
logs/megalinter/mega-linter.log:19054: trailing whitespace.
+141	
logs/megalinter/mega-linter.log:19074: trailing whitespace.
+176	
logs/megalinter/mega-linter.log:19082: trailing whitespace.
+180	        
logs/megalinter/mega-linter.log:19125: trailing whitespace.
+38	
logs/megalinter/mega-linter.log:19137: trailing whitespace.
+41	
logs/megalinter/mega-linter.log:19145: trailing whitespace.
+47	
logs/megalinter/mega-linter.log:19167: trailing whitespace.
+51	
logs/megalinter/mega-linter.log:19175: trailing whitespace.
+58	
logs/megalinter/mega-linter.log:19187: trailing whitespace.
+61	
logs/megalinter/mega-linter.log:19195: trailing whitespace.
+68	
logs/megalinter/mega-linter.log:19207: trailing whitespace.
+71	
logs/megalinter/mega-linter.log:19217: trailing whitespace.
+95	
logs/megalinter/mega-linter.log:19237: trailing whitespace.
+106	
logs/megalinter/mega-linter.log:19245: trailing whitespace.
+137	
logs/megalinter/mega-linter.log:19257: trailing whitespace.
+140	
logs/megalinter/mega-linter.log:19265: trailing whitespace.
+148	
logs/megalinter/mega-linter.log:19277: trailing whitespace.
+151	
logs/megalinter/mega-linter.log:19285: trailing whitespace.
+160	
logs/megalinter/mega-linter.log:19297: trailing whitespace.
+163	
logs/megalinter/mega-linter.log:19305: trailing whitespace.
+172	
logs/megalinter/mega-linter.log:19307: trailing whitespace.
+174	
logs/megalinter/mega-linter.log:19315: trailing whitespace.
+178	
logs/megalinter/mega-linter.log:19317: trailing whitespace.
+180	
logs/megalinter/mega-linter.log:19325: trailing whitespace.
+185	
logs/megalinter/mega-linter.log:19327: trailing whitespace.
+187	
logs/megalinter/mega-linter.log:19335: trailing whitespace.
+192	
logs/megalinter/mega-linter.log:19337: trailing whitespace.
+194	
logs/megalinter/mega-linter.log:19345: trailing whitespace.
+199	
logs/megalinter/mega-linter.log:19347: trailing whitespace.
+201	
logs/megalinter/mega-linter.log:19355: trailing whitespace.
+206	
logs/megalinter/mega-linter.log:19357: trailing whitespace.
+208	
logs/megalinter/mega-linter.log:19397: trailing whitespace.
+222	
logs/megalinter/mega-linter.log:19417: trailing whitespace.
+235	
logs/megalinter/mega-linter.log:19427: trailing whitespace.
+243	
logs/megalinter/mega-linter.log:19435: trailing whitespace.
+265	
logs/megalinter/mega-linter.log:19457: trailing whitespace.
+269	
logs/megalinter/mega-linter.log:19465: trailing whitespace.
+285	
logs/megalinter/mega-linter.log:19477: trailing whitespace.
+289	
logs/megalinter/mega-linter.log:19485: trailing whitespace.
+308	
logs/megalinter/mega-linter.log:19497: trailing whitespace.
+311	
logs/megalinter/mega-linter.log:19505: trailing whitespace.
+330	
logs/megalinter/mega-linter.log:19517: trailing whitespace.
+333	
logs/megalinter/mega-linter.log:19525: trailing whitespace.
+352	
logs/megalinter/mega-linter.log:19537: trailing whitespace.
+355	
logs/megalinter/mega-linter.log:19545: trailing whitespace.
+372	
logs/megalinter/mega-linter.log:19547: trailing whitespace.
+374	
logs/megalinter/mega-linter.log:19555: trailing whitespace.
+392	
logs/megalinter/mega-linter.log:19608: trailing whitespace.
+67	        
logs/megalinter/mega-linter.log:19615: trailing whitespace.
+74	        
logs/megalinter/mega-linter.log:19623: trailing whitespace.
+67	        
logs/megalinter/mega-linter.log:19630: trailing whitespace.
+74	        
logs/megalinter/mega-linter.log:19638: trailing whitespace.
+74	        
logs/megalinter/mega-linter.log:19670: trailing whitespace.
+79	
logs/megalinter/mega-linter.log:19678: trailing whitespace.
+90	        
logs/megalinter/mega-linter.log:19685: trailing whitespace.
+97	        
logs/megalinter/mega-linter.log:19693: trailing whitespace.
+90	        
logs/megalinter/mega-linter.log:19700: trailing whitespace.
+97	        
logs/megalinter/mega-linter.log:19708: trailing whitespace.
+97	        
logs/megalinter/mega-linter.log:19730: trailing whitespace.
+101	
logs/megalinter/mega-linter.log:19738: trailing whitespace.
+113	        
logs/megalinter/mega-linter.log:19745: trailing whitespace.
+120	        
logs/megalinter/mega-linter.log:19753: trailing whitespace.
+113	        
logs/megalinter/mega-linter.log:19760: trailing whitespace.
+120	        
logs/megalinter/mega-linter.log:19768: trailing whitespace.
+120	        
logs/megalinter/mega-linter.log:19780: trailing whitespace.
+123	
logs/megalinter/mega-linter.log:19788: trailing whitespace.
+135	        
logs/megalinter/mega-linter.log:19795: trailing whitespace.
+142	        
logs/megalinter/mega-linter.log:19803: trailing whitespace.
+135	        
logs/megalinter/mega-linter.log:19810: trailing whitespace.
+142	        
logs/megalinter/mega-linter.log:19818: trailing whitespace.
+142	        
logs/megalinter/mega-linter.log:19830: trailing whitespace.
+145	
logs/megalinter/mega-linter.log:19838: trailing whitespace.
+153	        
logs/megalinter/mega-linter.log:19845: trailing whitespace.
+160	        
logs/megalinter/mega-linter.log:19853: trailing whitespace.
+153	        
logs/megalinter/mega-linter.log:19860: trailing whitespace.
+160	        
logs/megalinter/mega-linter.log:19868: trailing whitespace.
+160	        
logs/megalinter/mega-linter.log:19900: trailing whitespace.
+165	
logs/megalinter/mega-linter.log:19908: trailing whitespace.
+174	        
logs/megalinter/mega-linter.log:19915: trailing whitespace.
+181	        
logs/megalinter/mega-linter.log:19923: trailing whitespace.
+174	        
logs/megalinter/mega-linter.log:19930: trailing whitespace.
+181	        
logs/megalinter/mega-linter.log:19938: trailing whitespace.
+181	        
logs/megalinter/mega-linter.log:19980: trailing whitespace.
+187	        
logs/megalinter/mega-linter.log:20000: trailing whitespace.
+193	
logs/megalinter/mega-linter.log:20008: trailing whitespace.
+204	        
logs/megalinter/mega-linter.log:20015: trailing whitespace.
+211	        
logs/megalinter/mega-linter.log:20023: trailing whitespace.
+204	        
logs/megalinter/mega-linter.log:20030: trailing whitespace.
+211	        
logs/megalinter/mega-linter.log:20038: trailing whitespace.
+211	        
logs/megalinter/mega-linter.log:20050: trailing whitespace.
+214	
logs/megalinter/mega-linter.log:20100: trailing whitespace.
+238	
logs/megalinter/mega-linter.log:20162: trailing whitespace.
+28	
logs/megalinter/mega-linter.log:20184: trailing whitespace.
+32	
logs/megalinter/mega-linter.log:20192: trailing whitespace.
+37	
logs/megalinter/mega-linter.log:20204: trailing whitespace.
+40	
logs/megalinter/mega-linter.log:20212: trailing whitespace.
+55	
logs/megalinter/mega-linter.log:20244: trailing whitespace.
+60	
logs/megalinter/mega-linter.log:20252: trailing whitespace.
+75	
logs/megalinter/mega-linter.log:20264: trailing whitespace.
+78	
logs/megalinter/mega-linter.log:20272: trailing whitespace.
+101	
logs/megalinter/mega-linter.log:20294: trailing whitespace.
+105	
logs/megalinter/mega-linter.log:20302: trailing whitespace.
+120	
logs/megalinter/mega-linter.log:20314: trailing whitespace.
+123	
logs/megalinter/mega-linter.log:20322: trailing whitespace.
+138	
logs/megalinter/mega-linter.log:20374: trailing whitespace.
+145	
logs/megalinter/mega-linter.log:20382: trailing whitespace.
+155	
logs/megalinter/mega-linter.log:20424: trailing whitespace.
+161	
logs/megalinter/mega-linter.log:20432: trailing whitespace.
+165	
logs/megalinter/mega-linter.log:20514: trailing whitespace.
+175	
logs/megalinter/mega-linter.log:20522: trailing whitespace.
+185	
logs/megalinter/mega-linter.log:20524: trailing whitespace.
+187	
logs/megalinter/mega-linter.log:20554: trailing whitespace.
+193	
logs/megalinter/mega-linter.log:20597: trailing whitespace.
+58	        
logs/megalinter/mega-linter.log:20627: trailing whitespace.
+64	
logs/megalinter/mega-linter.log:20637: trailing whitespace.
+82	            
logs/megalinter/mega-linter.log:20657: trailing whitespace.
+87	
logs/megalinter/mega-linter.log:20677: trailing whitespace.
+101	
logs/megalinter/mega-linter.log:20697: trailing whitespace.
+115	
logs/megalinter/mega-linter.log:20705: trailing whitespace.
+125	        
logs/megalinter/mega-linter.log:20707: trailing whitespace.
+127	
logs/megalinter/mega-linter.log:20717: trailing whitespace.
+146	        
logs/megalinter/mega-linter.log:20731: trailing whitespace.
+156	        
logs/megalinter/mega-linter.log:20739: trailing whitespace.
+156	        
logs/megalinter/mega-linter.log:20751: trailing whitespace.
+159	        
logs/megalinter/mega-linter.log:20771: trailing whitespace.
+164	
logs/megalinter/mega-linter.log:20781: trailing whitespace.
+168	        
logs/megalinter/mega-linter.log:20795: trailing whitespace.
+177	        
logs/megalinter/mega-linter.log:20803: trailing whitespace.
+177	        
logs/megalinter/mega-linter.log:20815: trailing whitespace.
+180	
logs/megalinter/mega-linter.log:20825: trailing whitespace.
+184	        
logs/megalinter/mega-linter.log:20839: trailing whitespace.
+194	        
logs/megalinter/mega-linter.log:20847: trailing whitespace.
+194	        
logs/megalinter/mega-linter.log:20849: trailing whitespace.
+196	
logs/megalinter/mega-linter.log:20881: trailing whitespace.
+52	        
logs/megalinter/mega-linter.log:20953: trailing whitespace.
+61	    
logs/megalinter/mega-linter.log:20961: trailing whitespace.
+81	        
logs/megalinter/mega-linter.log:20993: trailing whitespace.
+86	
logs/megalinter/mega-linter.log:21001: trailing whitespace.
+98	        
logs/megalinter/mega-linter.log:21073: trailing whitespace.
+107	    
logs/megalinter/mega-linter.log:21081: trailing whitespace.
+115	        
logs/megalinter/mega-linter.log:21153: trailing whitespace.
+124	    
logs/megalinter/mega-linter.log:21163: trailing whitespace.
+130	        
logs/megalinter/mega-linter.log:21173: trailing whitespace.
+134	        
logs/megalinter/mega-linter.log:21183: trailing whitespace.
+138	    
logs/megalinter/mega-linter.log:21191: trailing whitespace.
+147	        
logs/megalinter/mega-linter.log:21213: trailing whitespace.
+151	    
logs/megalinter/mega-linter.log:21223: trailing whitespace.
+157	        
logs/megalinter/mega-linter.log:21233: trailing whitespace.
+163	    
logs/megalinter/mega-linter.log:21253: trailing whitespace.
+174	        
logs/megalinter/mega-linter.log:21283: trailing whitespace.
+184	    
logs/megalinter/mega-linter.log:21293: trailing whitespace.
+193	
logs/megalinter/mega-linter.log:21301: trailing whitespace.
+202	        
logs/megalinter/mega-linter.log:21303: trailing whitespace.
+204	    
logs/megalinter/mega-linter.log:21311: trailing whitespace.
+209	        
logs/megalinter/mega-linter.log:21313: trailing whitespace.
+211	    
logs/megalinter/mega-linter.log:21321: trailing whitespace.
+215	        
logs/megalinter/mega-linter.log:21333: trailing whitespace.
+218	
logs/megalinter/mega-linter.log:21343: trailing whitespace.
+234	
logs/megalinter/mega-linter.log:21353: trailing whitespace.
+243	    
logs/megalinter/mega-linter.log:21361: trailing whitespace.
+252	        
logs/megalinter/mega-linter.log:21436: trailing whitespace.
+28	
logs/megalinter/mega-linter.log:21456: trailing whitespace.
+36	
logs/megalinter/mega-linter.log:21466: trailing whitespace.
+42	
logs/megalinter/mega-linter.log:21474: trailing whitespace.
+51	        
logs/megalinter/mega-linter.log:21506: trailing whitespace.
+56	
logs/megalinter/mega-linter.log:21514: trailing whitespace.
+66	        
logs/megalinter/mega-linter.log:21516: trailing whitespace.
+68	
logs/megalinter/mega-linter.log:21526: trailing whitespace.
+81	
logs/megalinter/mega-linter.log:21556: trailing whitespace.
+98	
logs/megalinter/mega-linter.log:21596: trailing whitespace.
+111	            
logs/megalinter/mega-linter.log:21636: trailing whitespace.
+117	
logs/megalinter/mega-linter.log:21646: trailing whitespace.
+122	        
logs/megalinter/mega-linter.log:21654: trailing whitespace.
+125	        
logs/megalinter/mega-linter.log:21666: trailing whitespace.
+128	        
logs/megalinter/mega-linter.log:21726: trailing whitespace.
+137	
logs/megalinter/mega-linter.log:21760: trailing whitespace.
+40	
logs/megalinter/mega-linter.log:21790: trailing whitespace.
+46	
logs/megalinter/mega-linter.log:21800: trailing whitespace.
+51	
logs/megalinter/mega-linter.log:21810: trailing whitespace.
+116	
logs/megalinter/mega-linter.log:21830: trailing whitespace.
+143	
logs/megalinter/mega-linter.log:21840: trailing whitespace.
+190	
logs/megalinter/mega-linter.log:21850: trailing whitespace.
+237	
logs/megalinter/mega-linter.log:21860: trailing whitespace.
+291	
logs/megalinter/mega-linter.log:21880: trailing whitespace.
+336	
logs/megalinter/mega-linter.log:21910: trailing whitespace.
+348	
logs/megalinter/mega-linter.log:21918: trailing whitespace.
+370	        
logs/megalinter/mega-linter.log:21920: trailing whitespace.
+372	
logs/megalinter/mega-linter.log:21973: trailing whitespace.
+20	
logs/megalinter/mega-linter.log:21983: trailing whitespace.
+28	
logs/megalinter/mega-linter.log:21993: trailing whitespace.
+36	
logs/megalinter/mega-linter.log:22003: trailing whitespace.
+44	
logs/megalinter/mega-linter.log:22013: trailing whitespace.
+52	
logs/megalinter/mega-linter.log:22023: trailing whitespace.
+60	
logs/megalinter/mega-linter.log:22033: trailing whitespace.
+68	
logs/megalinter/mega-linter.log:22043: trailing whitespace.
+76	
logs/megalinter/mega-linter.log:22053: trailing whitespace.
+84	
logs/megalinter/mega-linter.log:22063: trailing whitespace.
+92	
logs/megalinter/mega-linter.log:22073: trailing whitespace.
+100	
logs/megalinter/mega-linter.log:22083: trailing whitespace.
+105	
logs/megalinter/mega-linter.log:22093: trailing whitespace.
+110	
logs/megalinter/mega-linter.log:22103: trailing whitespace.
+118	
logs/megalinter/mega-linter.log:22113: trailing whitespace.
+126	
logs/megalinter/mega-linter.log:22123: trailing whitespace.
+137	
logs/megalinter/mega-linter.log:22133: trailing whitespace.
+145	
logs/megalinter/mega-linter.log:22143: trailing whitespace.
+153	
logs/megalinter/mega-linter.log:22153: trailing whitespace.
+161	
logs/megalinter/mega-linter.log:22163: trailing whitespace.
+169	
logs/megalinter/mega-linter.log:22173: trailing whitespace.
+177	
logs/megalinter/mega-linter.log:22183: trailing whitespace.
+185	
logs/megalinter/mega-linter.log:22193: trailing whitespace.
+193	
logs/megalinter/mega-linter.log:22203: trailing whitespace.
+201	
logs/megalinter/mega-linter.log:22213: trailing whitespace.
+206	
logs/megalinter/mega-linter.log:22223: trailing whitespace.
+211	
logs/megalinter/mega-linter.log:22233: trailing whitespace.
+219	
logs/megalinter/mega-linter.log:22276: trailing whitespace.
+30	
logs/megalinter/mega-linter.log:22286: trailing whitespace.
+34	
logs/megalinter/mega-linter.log:22296: trailing whitespace.
+38	
logs/megalinter/mega-linter.log:22306: trailing whitespace.
+42	
logs/megalinter/mega-linter.log:22316: trailing whitespace.
+46	
logs/megalinter/mega-linter.log:22326: trailing whitespace.
+52	
logs/megalinter/mega-linter.log:22336: trailing whitespace.
+56	
logs/megalinter/mega-linter.log:22346: trailing whitespace.
+60	
logs/megalinter/mega-linter.log:22356: trailing whitespace.
+64	
logs/megalinter/mega-linter.log:22376: trailing whitespace.
+77	
logs/megalinter/mega-linter.log:22386: trailing whitespace.
+82	
logs/megalinter/mega-linter.log:22396: trailing whitespace.
+87	
logs/megalinter/mega-linter.log:22406: trailing whitespace.
+92	
logs/megalinter/mega-linter.log:22416: trailing whitespace.
+97	
logs/megalinter/mega-linter.log:22426: trailing whitespace.
+102	
logs/megalinter/mega-linter.log:22436: trailing whitespace.
+107	
logs/megalinter/mega-linter.log:22446: trailing whitespace.
+112	
logs/megalinter/mega-linter.log:22456: trailing whitespace.
+117	
logs/megalinter/mega-linter.log:22466: trailing whitespace.
+122	
logs/megalinter/mega-linter.log:22476: trailing whitespace.
+127	
logs/megalinter/mega-linter.log:22486: trailing whitespace.
+135	
logs/megalinter/mega-linter.log:22496: trailing whitespace.
+139	
logs/megalinter/mega-linter.log:22506: trailing whitespace.
+143	
logs/megalinter/mega-linter.log:22516: trailing whitespace.
+147	
logs/megalinter/mega-linter.log:22526: trailing whitespace.
+151	
logs/megalinter/mega-linter.log:22536: trailing whitespace.
+155	
logs/megalinter/mega-linter.log:22546: trailing whitespace.
+159	
logs/megalinter/mega-linter.log:22566: trailing whitespace.
+171	
logs/megalinter/mega-linter.log:22576: trailing whitespace.
+177	
logs/megalinter/mega-linter.log:22586: trailing whitespace.
+182	
logs/megalinter/mega-linter.log:22616: trailing whitespace.
+191	
logs/megalinter/mega-linter.log:22626: trailing whitespace.
+198	
logs/megalinter/mega-linter.log:22646: trailing whitespace.
+206	
logs/megalinter/mega-linter.log:22656: trailing whitespace.
+212	
logs/megalinter/mega-linter.log:22666: trailing whitespace.
+219	
logs/megalinter/mega-linter.log:22686: trailing whitespace.
+228	
logs/megalinter/mega-linter.log:22696: trailing whitespace.
+236	
logs/megalinter/mega-linter.log:22706: trailing whitespace.
+236	
logs/megalinter/mega-linter.log:24926: trailing whitespace.
+Linting 0/1 files ┈┈┈┈┈┈┈┈┈┈ 00:00                                          Linting 1/1 files ━━━━━━━━━━ 00:00    Linting 1/1 files ━━━━━━━━━━ 00:00    
logs/megalinter/mega-linter.log:24940: trailing whitespace.
+Linting 0/1 files ┈┈┈┈┈┈┈┈┈┈ 00:00                                          Linting 1/1 files ━━━━━━━━━━ 00:00    Linting 1/1 files ━━━━━━━━━━ 00:00    
logs/megalinter/sbom/syft.txt:7: trailing whitespace.
+actions/checkout                     v4                                        github-action  (+2 duplicates)   
logs/megalinter/sbom/syft.txt:14: trailing whitespace.
+actions/setup-python                 v5                                        github-action  (+2 duplicates)   

