Results of gitleaks linter (version 8.27.2)
See documentation on https://megalinter.io/8.8.0/descriptors/repository_gitleaks/
-----------------------------------------------

❌ [ERROR] for workspace /github/workspace
Linter raw log:

    ○
    │╲
    │ ○
    ○ ░
    ░    gitleaks

Finding:     - Image Revision: REDACTED
Secret:      REDACTED
RuleID:      sourcegraph-access-token
Entropy:     3.846439
File:        logs/megalinter/updated_sources/logs/megalinter/updated_sources/logs/megalinter/mega-linter.log
Line:        5
Commit:      HIDDEN_BY_MEGALINTERAuthor:      Alan Szmyt
Email:       szmyty@gmail.com
Date:        2025-12-05T06:19:54Z
Fingerprint: 087220919dcc3b20421d95663b9392771b1459de:logs/megalinter/updated_sources/logs/megalinter/updated_sources/logs/megalinter/mega-linter.log:sourcegraph-access-token:5
Link:        https://github.com/szmyty/profile/blob/087220919dcc3b20421d95663b9392771b1459de/logs/megalinter/updated_sources/logs/megalinter/updated_sources/logs/megalinter/mega-linter.log#L5

Finding:     - Image Revision: REDACTED
Secret:      REDACTED
RuleID:      sourcegraph-access-token
Entropy:     3.846439
File:        logs/megalinter/mega-linter.log
Line:        5
Commit:      HIDDEN_BY_MEGALINTERAuthor:      Alan Szmyt
Email:       szmyty@gmail.com
Date:        2025-12-05T06:19:54Z
Fingerprint: 087220919dcc3b20421d95663b9392771b1459de:logs/megalinter/mega-linter.log:sourcegraph-access-token:5
Link:        https://github.com/szmyty/profile/blob/087220919dcc3b20421d95663b9392771b1459de/logs/megalinter/mega-linter.log#L5

Finding:     - Image Revision: REDACTED
Secret:      REDACTED
RuleID:      sourcegraph-access-token
Entropy:     3.846439
File:        logs/megalinter/updated_sources/logs/megalinter/mega-linter.log
Line:        5
Commit:      HIDDEN_BY_MEGALINTERAuthor:      Alan Szmyt
Email:       szmyty@gmail.com
Date:        2025-12-05T06:19:54Z
Fingerprint: 087220919dcc3b20421d95663b9392771b1459de:logs/megalinter/updated_sources/logs/megalinter/mega-linter.log:sourcegraph-access-token:5
Link:        https://github.com/szmyty/profile/blob/087220919dcc3b20421d95663b9392771b1459de/logs/megalinter/updated_sources/logs/megalinter/mega-linter.log#L5

6:36AM INF 1 commits scanned.
6:36AM INF scanned ~25690920 bytes (25.69 MB) in 1m0.1s
6:36AM WRN leaks found: 3

