Results of gitleaks linter (version 8.27.2)
See documentation on https://megalinter.io/8.8.0/descriptors/repository_gitleaks/
-----------------------------------------------

❌ [ERROR] for workspace /github/workspace
Linter raw log:

    ○
    │╲
    │ ○
    ○ ░
    ░    gitleaks

Finding:     - Image Revision: REDACTED
Secret:      REDACTED
RuleID:      sourcegraph-access-token
Entropy:     3.846439
File:        logs/megalinter/mega-linter.log
Line:        5
Commit:      HIDDEN_BY_MEGALINTERAuthor:      Alan Szmyt
Email:       szmyty@gmail.com
Date:        2025-12-05T07:23:03Z
Fingerprint: 98d67a9df13d4f10076600a6121be2fbcb5b0e9d:logs/megalinter/mega-linter.log:sourcegraph-access-token:5
Link:        https://github.com/szmyty/profile/blob/98d67a9df13d4f10076600a6121be2fbcb5b0e9d/logs/megalinter/mega-linter.log#L5

Finding:     - Image Revision: REDACTED
Secret:      REDACTED
RuleID:      sourcegraph-access-token
Entropy:     3.846439
File:        logs/megalinter/updated_sources/logs/megalinter/mega-linter.log
Line:        5
Commit:      HIDDEN_BY_MEGALINTERAuthor:      Alan Szmyt
Email:       szmyty@gmail.com
Date:        2025-12-05T07:23:03Z
Fingerprint: 98d67a9df13d4f10076600a6121be2fbcb5b0e9d:logs/megalinter/updated_sources/logs/megalinter/mega-linter.log:sourcegraph-access-token:5
Link:        https://github.com/szmyty/profile/blob/98d67a9df13d4f10076600a6121be2fbcb5b0e9d/logs/megalinter/updated_sources/logs/megalinter/mega-linter.log#L5

Finding:     - Image Revision: REDACTED
Secret:      REDACTED
RuleID:      sourcegraph-access-token
Entropy:     3.846439
File:        logs/megalinter/updated_sources/logs/megalinter/updated_sources/logs/megalinter/mega-linter.log
Line:        5
Commit:      HIDDEN_BY_MEGALINTERAuthor:      Alan Szmyt
Email:       szmyty@gmail.com
Date:        2025-12-05T07:23:03Z
Fingerprint: 98d67a9df13d4f10076600a6121be2fbcb5b0e9d:logs/megalinter/updated_sources/logs/megalinter/updated_sources/logs/megalinter/mega-linter.log:sourcegraph-access-token:5
Link:        https://github.com/szmyty/profile/blob/98d67a9df13d4f10076600a6121be2fbcb5b0e9d/logs/megalinter/updated_sources/logs/megalinter/updated_sources/logs/megalinter/mega-linter.log#L5

Finding:     - Image Revision: REDACTED
Secret:      REDACTED
RuleID:      sourcegraph-access-token
Entropy:     3.846439
File:        logs/megalinter/updated_sources/logs/megalinter/updated_sources/logs/megalinter/updated_sources/logs/megalinter/mega-linter.log
Line:        5
Commit:      HIDDEN_BY_MEGALINTERAuthor:      Alan Szmyt
Email:       szmyty@gmail.com
Date:        2025-12-05T07:23:03Z
Fingerprint: 98d67a9df13d4f10076600a6121be2fbcb5b0e9d:logs/megalinter/updated_sources/logs/megalinter/updated_sources/logs/megalinter/updated_sources/logs/megalinter/mega-linter.log:sourcegraph-access-token:5
Link:        https://github.com/szmyty/profile/blob/98d67a9df13d4f10076600a6121be2fbcb5b0e9d/logs/megalinter/updated_sources/logs/megalinter/updated_sources/logs/megalinter/updated_sources/logs/megalinter/mega-linter.log#L5

7:33AM INF 1 commits scanned.
7:33AM INF scanned ~32618649 bytes (32.62 MB) in 1m7.3s
7:33AM WRN leaks found: 4

