Results of yamllint linter (version 1.37.1)
See documentation on https://megalinter.io/8.8.0/descriptors/yaml_yamllint/
-----------------------------------------------

✅ [SUCCESS] .github/FUNDING.yml
✅ [SUCCESS] .github/actionlint.yaml
❌ [ERROR] .github/actions/pip-install/action.yml
    .github/actions/pip-install/action.yml
      1:1       warning  missing document start "---"  (document-start)
      2:81      error    line too long (94 > 80 characters)  (line-length)
      5:81      error    line too long (97 > 80 characters)  (line-length)
      8:81      error    line too long (86 > 80 characters)  (line-length)
      32:81     error    line too long (87 > 80 characters)  (line-length)
      33:1      error    trailing spaces  (trailing-spaces)
      35:81     error    line too long (94 > 80 characters)  (line-length)
      36:1      error    trailing spaces  (trailing-spaces)
      38:81     error    line too long (111 > 80 characters)  (line-length)
      42:1      error    trailing spaces  (trailing-spaces)
      55:81     error    line too long (86 > 80 characters)  (line-length)
      62:1      error    trailing spaces  (trailing-spaces)
      70:1      error    trailing spaces  (trailing-spaces)
      73:1      error    trailing spaces  (trailing-spaces)

❌ [ERROR] .github/actions/setup-environment/action.yml
    .github/actions/setup-environment/action.yml
      1:1       warning  missing document start "---"  (document-start)
      2:81      error    line too long (89 > 80 characters)  (line-length)
      17:81     error    line too long (122 > 80 characters)  (line-length)
      33:71     warning  too few spaces before comment: expected 2  (comments)
      38:75     warning  too few spaces before comment: expected 2  (comments)
      70:1      error    trailing spaces  (trailing-spaces)
      75:81     error    line too long (83 > 80 characters)  (line-length)
      78:1      error    trailing spaces  (trailing-spaces)

❌ [ERROR] .github/workflows/_archive/deploy-dashboard.yml
    .github/workflows/_archive/deploy-dashboard.yml
      1:1       warning  missing document start "---"  (document-start)
      3:1       warning  truthy value should be one of [false, true]  (truthy)
      28:81     error    line too long (107 > 80 characters)  (line-length)
      29:81     error    line too long (103 > 80 characters)  (line-length)
      37:1      error    trailing spaces  (trailing-spaces)
      41:1      error    trailing spaces  (trailing-spaces)
      48:1      error    trailing spaces  (trailing-spaces)
      53:1      error    trailing spaces  (trailing-spaces)
      64:1      error    trailing spaces  (trailing-spaces)
      66:81     error    line too long (144 > 80 characters)  (line-length)
      67:81     error    line too long (142 > 80 characters)  (line-length)
      68:81     error    line too long (147 > 80 characters)  (line-length)
      69:81     error    line too long (133 > 80 characters)  (line-length)
      70:81     error    line too long (127 > 80 characters)  (line-length)
      72:1      error    trailing spaces  (trailing-spaces)
      75:81     error    line too long (151 > 80 characters)  (line-length)
      76:1      error    trailing spaces  (trailing-spaces)
      83:1      error    trailing spaces  (trailing-spaces)
      88:1      error    trailing spaces  (trailing-spaces)
      91:1      error    trailing spaces  (trailing-spaces)
      103:1     error    trailing spaces  (trailing-spaces)

❌ [ERROR] .github/workflows/_archive/developer.yml
    .github/workflows/_archive/developer.yml
      1:1       warning  missing document start "---"  (document-start)
      3:1       warning  truthy value should be one of [false, true]  (truthy)
      23:1      error    trailing spaces  (trailing-spaces)
      29:1      error    trailing spaces  (trailing-spaces)
      47:1      error    trailing spaces  (trailing-spaces)
      49:81     error    line too long (151 > 80 characters)  (line-length)
      54:1      error    trailing spaces  (trailing-spaces)
      61:1      error    trailing spaces  (trailing-spaces)
      64:1      error    trailing spaces  (trailing-spaces)
      70:81     error    line too long (111 > 80 characters)  (line-length)
      78:81     error    line too long (89 > 80 characters)  (line-length)
      80:81     error    line too long (147 > 80 characters)  (line-length)
      92:81     error    line too long (83 > 80 characters)  (line-length)
      96:81     error    line too long (86 > 80 characters)  (line-length)
      98:1      error    trailing spaces  (trailing-spaces)
      100:81    error    line too long (82 > 80 characters)  (line-length)
      101:1     error    trailing spaces  (trailing-spaces)
      106:1     error    trailing spaces  (trailing-spaces)
      109:1     error    trailing spaces  (trailing-spaces)
      115:81    error    line too long (82 > 80 characters)  (line-length)
      116:81    error    line too long (100 > 80 characters)  (line-length)

❌ [ERROR] .github/workflows/_archive/location-card.yml
    .github/workflows/_archive/location-card.yml
      1:1       warning  missing document start "---"  (document-start)
      3:1       warning  truthy value should be one of [false, true]  (truthy)
      23:1      error    trailing spaces  (trailing-spaces)
      29:1      error    trailing spaces  (trailing-spaces)
      41:81     error    line too long (93 > 80 characters)  (line-length)
      44:81     error    line too long (87 > 80 characters)  (line-length)
      45:1      error    trailing spaces  (trailing-spaces)
      65:1      error    trailing spaces  (trailing-spaces)
      67:81     error    line too long (106 > 80 characters)  (line-length)
      72:1      error    trailing spaces  (trailing-spaces)
      79:1      error    trailing spaces  (trailing-spaces)
      82:1      error    trailing spaces  (trailing-spaces)
      98:81     error    line too long (167 > 80 characters)  (line-length)
      109:81    error    line too long (147 > 80 characters)  (line-length)
      127:81    error    line too long (86 > 80 characters)  (line-length)
      129:1     error    trailing spaces  (trailing-spaces)
      131:81    error    line too long (103 > 80 characters)  (line-length)
      132:1     error    trailing spaces  (trailing-spaces)
      135:1     error    trailing spaces  (trailing-spaces)
      138:1     error    trailing spaces  (trailing-spaces)

❌ [ERROR] .github/workflows/_archive/megalinter.yml
    .github/workflows/_archive/megalinter.yml
      1:1       warning  missing document start "---"  (document-start)
      3:1       warning  truthy value should be one of [false, true]  (truthy)
      60:81     error    line too long (100 > 80 characters)  (line-length)
      65:81     error    line too long (98 > 80 characters)  (line-length)
      72:81     error    line too long (84 > 80 characters)  (line-length)
      75:81     error    line too long (92 > 80 characters)  (line-length)
      113:81    error    line too long (86 > 80 characters)  (line-length)

❌ [ERROR] .github/workflows/_archive/oura.yml
    .github/workflows/_archive/oura.yml
      1:1       warning  missing document start "---"  (document-start)
      3:1       warning  truthy value should be one of [false, true]  (truthy)
      23:1      error    trailing spaces  (trailing-spaces)
      29:1      error    trailing spaces  (trailing-spaces)
      42:1      error    trailing spaces  (trailing-spaces)
      44:81     error    line too long (89 > 80 characters)  (line-length)
      49:1      error    trailing spaces  (trailing-spaces)
      56:1      error    trailing spaces  (trailing-spaces)
      59:1      error    trailing spaces  (trailing-spaces)
      73:81     error    line too long (96 > 80 characters)  (line-length)
      77:81     error    line too long (149 > 80 characters)  (line-length)
      85:81     error    line too long (150 > 80 characters)  (line-length)
      96:81     error    line too long (164 > 80 characters)  (line-length)
      98:81     error    line too long (82 > 80 characters)  (line-length)
      101:81    error    line too long (81 > 80 characters)  (line-length)
      110:1     error    trailing spaces  (trailing-spaces)
      117:81    error    line too long (86 > 80 characters)  (line-length)
      119:1     error    trailing spaces  (trailing-spaces)
      121:81    error    line too long (136 > 80 characters)  (line-length)
      122:1     error    trailing spaces  (trailing-spaces)
      125:1     error    trailing spaces  (trailing-spaces)
      132:81    error    line too long (82 > 80 characters)  (line-length)

❌ [ERROR] .github/workflows/_archive/parallel-fetch.yml
    .github/workflows/_archive/parallel-fetch.yml
      1:1       warning  missing document start "---"  (document-start)
      3:1       warning  truthy value should be one of [false, true]  (truthy)
      36:1      error    trailing spaces  (trailing-spaces)
      48:1      error    trailing spaces  (trailing-spaces)
      50:81     error    line too long (89 > 80 characters)  (line-length)
      55:1      error    trailing spaces  (trailing-spaces)
      62:1      error    trailing spaces  (trailing-spaces)
      65:1      error    trailing spaces  (trailing-spaces)
      83:1      error    trailing spaces  (trailing-spaces)
      92:81     error    line too long (93 > 80 characters)  (line-length)
      95:81     error    line too long (86 > 80 characters)  (line-length)
      96:1      error    trailing spaces  (trailing-spaces)
      114:1     error    trailing spaces  (trailing-spaces)
      116:81    error    line too long (101 > 80 characters)  (line-length)
      121:1     error    trailing spaces  (trailing-spaces)
      128:1     error    trailing spaces  (trailing-spaces)
      131:1     error    trailing spaces  (trailing-spaces)
      150:1     error    trailing spaces  (trailing-spaces)
      165:1     error    trailing spaces  (trailing-spaces)
      167:81    error    line too long (110 > 80 characters)  (line-length)
      172:1     error    trailing spaces  (trailing-spaces)
      179:1     error    trailing spaces  (trailing-spaces)
      196:18    warning  too few spaces before comment: expected 2  (comments)
      202:1     error    trailing spaces  (trailing-spaces)
      241:81    error    line too long (96 > 80 characters)  (line-length)
      242:81    error    line too long (105 > 80 characters)  (line-length)
      244:81    error    line too long (108 > 80 characters)  (line-length)
      250:81    error    line too long (96 > 80 characters)  (line-length)
      256:81    error    line too long (119 > 80 characters)  (line-length)
      304:1     error    trailing spaces  (trailing-spaces)
      306:81    error    line too long (87 > 80 characters)  (line-length)
      307:81    error    line too long (111 > 80 characters)  (line-length)
      316:81    error    line too long (113 > 80 characters)  (line-length)
      330:1     error    trailing spaces  (trailing-spaces)
      336:1     error    trailing spaces  (trailing-spaces)
      342:1     error    trailing spaces  (trailing-spaces)
      345:81    error    line too long (101 > 80 characters)  (line-length)
      354:81    error    line too long (86 > 80 characters)  (line-length)
      356:1     error    trailing spaces  (trailing-spaces)
      358:81    error    line too long (139 > 80 characters)  (line-length)
      359:1     error    trailing spaces  (trailing-spaces)

❌ [ERROR] .github/workflows/_archive/soundcloud-card.yml
    .github/workflows/_archive/soundcloud-card.yml
      1:1       warning  missing document start "---"  (document-start)
      3:1       warning  truthy value should be one of [false, true]  (truthy)
      23:1      error    trailing spaces  (trailing-spaces)
      29:1      error    trailing spaces  (trailing-spaces)
      45:1      error    trailing spaces  (trailing-spaces)
      47:81     error    line too long (110 > 80 characters)  (line-length)
      52:1      error    trailing spaces  (trailing-spaces)
      59:1      error    trailing spaces  (trailing-spaces)
      73:81     error    line too long (162 > 80 characters)  (line-length)
      83:81     error    line too long (147 > 80 characters)  (line-length)
      95:81     error    line too long (99 > 80 characters)  (line-length)
      96:1      error    trailing spaces  (trailing-spaces)
      103:81    error    line too long (86 > 80 characters)  (line-length)
      105:1     error    trailing spaces  (trailing-spaces)
      107:81    error    line too long (105 > 80 characters)  (line-length)
      108:1     error    trailing spaces  (trailing-spaces)
      111:1     error    trailing spaces  (trailing-spaces)

❌ [ERROR] .github/workflows/_archive/weather.yml
    .github/workflows/_archive/weather.yml
      1:1       warning  missing document start "---"  (document-start)
      3:1       warning  truthy value should be one of [false, true]  (truthy)
      23:1      error    trailing spaces  (trailing-spaces)
      29:1      error    trailing spaces  (trailing-spaces)
      38:81     error    line too long (93 > 80 characters)  (line-length)
      41:81     error    line too long (86 > 80 characters)  (line-length)
      42:1      error    trailing spaces  (trailing-spaces)
      58:1      error    trailing spaces  (trailing-spaces)
      61:1      error    trailing spaces  (trailing-spaces)
      62:81     error    line too long (128 > 80 characters)  (line-length)
      64:1      error    trailing spaces  (trailing-spaces)
      66:1      error    trailing spaces  (trailing-spaces)
      72:1      error    trailing spaces  (trailing-spaces)
      75:1      error    trailing spaces  (trailing-spaces)
      83:81     error    line too long (88 > 80 characters)  (line-length)
      90:1      error    trailing spaces  (trailing-spaces)
      92:81     error    line too long (101 > 80 characters)  (line-length)
      97:1      error    trailing spaces  (trailing-spaces)
      104:1     error    trailing spaces  (trailing-spaces)
      107:1     error    trailing spaces  (trailing-spaces)
      112:81    error    line too long (88 > 80 characters)  (line-length)
      121:81    error    line too long (88 > 80 characters)  (line-length)
      123:81    error    line too long (136 > 80 characters)  (line-length)
      126:81    error    line too long (88 > 80 characters)  (line-length)
      134:81    error    line too long (147 > 80 characters)  (line-length)
      143:81    error    line too long (88 > 80 characters)  (line-length)
      150:81    error    line too long (88 > 80 characters)  (line-length)
      152:81    error    line too long (86 > 80 characters)  (line-length)
      154:1     error    trailing spaces  (trailing-spaces)
      157:1     error    trailing spaces  (trailing-spaces)
      160:1     error    trailing spaces  (trailing-spaces)

❌ [ERROR] .github/workflows/act-demo.yml
    .github/workflows/act-demo.yml
      5:1       warning  missing document start "---"  (document-start)
      7:1       warning  truthy value should be one of [false, true]  (truthy)
      25:1      error    trailing spaces  (trailing-spaces)
      30:1      error    trailing spaces  (trailing-spaces)
      35:1      error    trailing spaces  (trailing-spaces)
      48:1      error    trailing spaces  (trailing-spaces)
      53:1      error    trailing spaces  (trailing-spaces)
      58:1      error    trailing spaces  (trailing-spaces)
      61:81     error    line too long (92 > 80 characters)  (line-length)
      62:1      error    trailing spaces  (trailing-spaces)
      67:1      error    trailing spaces  (trailing-spaces)
      70:81     error    line too long (87 > 80 characters)  (line-length)
      81:1      error    trailing spaces  (trailing-spaces)
      86:1      error    trailing spaces  (trailing-spaces)
      90:1      error    trailing spaces  (trailing-spaces)
      95:81     error    line too long (105 > 80 characters)  (line-length)
      97:1      error    trailing spaces  (trailing-spaces)
      101:1     error    trailing spaces  (trailing-spaces)
      122:1     error    trailing spaces  (trailing-spaces)
      127:1     error    trailing spaces  (trailing-spaces)
      140:81    error    line too long (82 > 80 characters)  (line-length)

❌ [ERROR] .github/workflows/build-profile.yml
    .github/workflows/build-profile.yml
      1:1       warning  missing document start "---"  (document-start)
      3:1       warning  truthy value should be one of [false, true]  (truthy)
      27:1      error    trailing spaces  (trailing-spaces)
      36:1      error    trailing spaces  (trailing-spaces)
      46:1      error    trailing spaces  (trailing-spaces)
      51:1      error    trailing spaces  (trailing-spaces)
      61:1      error    trailing spaces  (trailing-spaces)
      65:1      error    trailing spaces  (trailing-spaces)
      72:1      error    trailing spaces  (trailing-spaces)
      78:1      error    trailing spaces  (trailing-spaces)
      83:81     error    line too long (144 > 80 characters)  (line-length)
      87:1      error    trailing spaces  (trailing-spaces)
      98:1      error    trailing spaces  (trailing-spaces)
      100:81    error    line too long (145 > 80 characters)  (line-length)
      104:81    error    line too long (121 > 80 characters)  (line-length)
      119:1     error    trailing spaces  (trailing-spaces)
      126:81    error    line too long (89 > 80 characters)  (line-length)
      130:1     error    trailing spaces  (trailing-spaces)
      140:1     error    trailing spaces  (trailing-spaces)
      150:1     error    trailing spaces  (trailing-spaces)
      152:81    error    line too long (101 > 80 characters)  (line-length)
      171:1     error    trailing spaces  (trailing-spaces)
      182:1     error    trailing spaces  (trailing-spaces)
      184:81    error    line too long (106 > 80 characters)  (line-length)
      203:1     error    trailing spaces  (trailing-spaces)
      211:1     error    trailing spaces  (trailing-spaces)
      213:81    error    line too long (110 > 80 characters)  (line-length)
      232:1     error    trailing spaces  (trailing-spaces)
      240:1     error    trailing spaces  (trailing-spaces)
      242:81    error    line too long (89 > 80 characters)  (line-length)
      261:1     error    trailing spaces  (trailing-spaces)
      269:1     error    trailing spaces  (trailing-spaces)
      271:81    error    line too long (99 > 80 characters)  (line-length)
      275:81    error    line too long (202 > 80 characters)  (line-length)
      290:1     error    trailing spaces  (trailing-spaces)
      297:1     error    trailing spaces  (trailing-spaces)
      299:1     error    trailing spaces  (trailing-spaces)
      301:81    error    line too long (152 > 80 characters)  (line-length)
      313:1     error    trailing spaces  (trailing-spaces)
      320:1     error    trailing spaces  (trailing-spaces)
      333:1     error    trailing spaces  (trailing-spaces)
      341:81    error    line too long (120 > 80 characters)  (line-length)
      346:81    error    line too long (219 > 80 characters)  (line-length)
      349:1     error    trailing spaces  (trailing-spaces)
      354:81    error    line too long (96 > 80 characters)  (line-length)
      359:81    error    line too long (198 > 80 characters)  (line-length)
      362:1     error    trailing spaces  (trailing-spaces)
      367:81    error    line too long (145 > 80 characters)  (line-length)
      372:81    error    line too long (204 > 80 characters)  (line-length)
      375:1     error    trailing spaces  (trailing-spaces)
      380:81    error    line too long (176 > 80 characters)  (line-length)
      385:81    error    line too long (206 > 80 characters)  (line-length)
      388:1     error    trailing spaces  (trailing-spaces)
      393:81    error    line too long (171 > 80 characters)  (line-length)
      398:81    error    line too long (208 > 80 characters)  (line-length)
      401:1     error    trailing spaces  (trailing-spaces)
      406:81    error    line too long (105 > 80 characters)  (line-length)
      408:1     error    trailing spaces  (trailing-spaces)
      410:81    error    line too long (160 > 80 characters)  (line-length)
      414:81    error    line too long (210 > 80 characters)  (line-length)
      420:1     error    trailing spaces  (trailing-spaces)
      425:81    error    line too long (86 > 80 characters)  (line-length)
      427:1     error    trailing spaces  (trailing-spaces)
      429:81    error    line too long (161 > 80 characters)  (line-length)
      433:81    error    line too long (206 > 80 characters)  (line-length)
      439:1     error    trailing spaces  (trailing-spaces)
      446:1     error    trailing spaces  (trailing-spaces)
      490:1     error    trailing spaces  (trailing-spaces)
      492:81    error    line too long (115 > 80 characters)  (line-length)
      496:81    error    line too long (94 > 80 characters)  (line-length)
      498:81    error    line too long (82 > 80 characters)  (line-length)
      499:81    error    line too long (82 > 80 characters)  (line-length)
      500:81    error    line too long (89 > 80 characters)  (line-length)
      501:81    error    line too long (115 > 80 characters)  (line-length)
      507:1     error    trailing spaces  (trailing-spaces)
      514:1     error    trailing spaces  (trailing-spaces)
      519:81    error    line too long (93 > 80 characters)  (line-length)
      521:1     error    trailing spaces  (trailing-spaces)
      528:1     error    trailing spaces  (trailing-spaces)
      533:81    error    line too long (81 > 80 characters)  (line-length)
      535:1     error    trailing spaces  (trailing-spaces)
      542:1     error    trailing spaces  (trailing-spaces)
      544:81    error    line too long (87 > 80 characters)  (line-length)
      546:81    error    line too long (101 > 80 characters)  (line-length)
      551:1     error    trailing spaces  (trailing-spaces)
      556:81    error    line too long (87 > 80 characters)  (line-length)
      558:1     error    trailing spaces  (trailing-spaces)
      563:81    error    line too long (83 > 80 characters)  (line-length)
      565:1     error    trailing spaces  (trailing-spaces)
      568:1     error    trailing spaces  (trailing-spaces)
      583:1     error    trailing spaces  (trailing-spaces)
      585:81    error    line too long (121 > 80 characters)  (line-length)
      586:81    error    line too long (119 > 80 characters)  (line-length)
      587:81    error    line too long (124 > 80 characters)  (line-length)
      588:81    error    line too long (110 > 80 characters)  (line-length)
      589:81    error    line too long (104 > 80 characters)  (line-length)
      590:81    error    line too long (112 > 80 characters)  (line-length)
      591:1     error    trailing spaces  (trailing-spaces)
      594:81    error    line too long (151 > 80 characters)  (line-length)
      595:1     error    trailing spaces  (trailing-spaces)
      600:1     error    trailing spaces  (trailing-spaces)
      603:1     error    trailing spaces  (trailing-spaces)
      614:1     error    trailing spaces  (trailing-spaces)
      618:1     error    trailing spaces  (trailing-spaces)
      624:1     error    trailing spaces  (trailing-spaces)
      629:1     error    trailing spaces  (trailing-spaces)
      637:1     error    trailing spaces  (trailing-spaces)
      650:1     error    trailing spaces  (trailing-spaces)
      653:81    error    line too long (106 > 80 characters)  (line-length)
      654:1     error    trailing spaces  (trailing-spaces)
      662:1     error    trailing spaces  (trailing-spaces)
      673:1     error    trailing spaces  (trailing-spaces)
      679:81    error    line too long (86 > 80 characters)  (line-length)
      681:1     error    trailing spaces  (trailing-spaces)
      683:81    error    line too long (92 > 80 characters)  (line-length)
      685:81    error    line too long (84 > 80 characters)  (line-length)
      686:81    error    line too long (113 > 80 characters)  (line-length)
      687:81    error    line too long (115 > 80 characters)  (line-length)
      688:81    error    line too long (146 > 80 characters)  (line-length)
      690:1     error    trailing spaces  (trailing-spaces)
      693:1     error    trailing spaces  (trailing-spaces)
      697:1     error    trailing spaces  (trailing-spaces)
      704:81    error    line too long (83 > 80 characters)  (line-length)
      705:1     error    trailing spaces  (trailing-spaces)
      709:81    error    line too long (89 > 80 characters)  (line-length)
      711:81    error    line too long (95 > 80 characters)  (line-length)
      713:1     error    trailing spaces  (trailing-spaces)
      719:1     error    trailing spaces  (trailing-spaces)
      724:1     error    trailing spaces  (trailing-spaces)
      731:1     error    trailing spaces  (trailing-spaces)
      743:81    error    line too long (110 > 80 characters)  (line-length)
      744:81    error    line too long (107 > 80 characters)  (line-length)
      745:81    error    line too long (105 > 80 characters)  (line-length)
      746:81    error    line too long (107 > 80 characters)  (line-length)
      747:81    error    line too long (111 > 80 characters)  (line-length)
      748:81    error    line too long (106 > 80 characters)  (line-length)
      751:81    error    line too long (120 > 80 characters)  (line-length)
      752:81    error    line too long (112 > 80 characters)  (line-length)
      753:81    error    line too long (98 > 80 characters)  (line-length)
      754:81    error    line too long (101 > 80 characters)  (line-length)
      755:81    error    line too long (105 > 80 characters)  (line-length)
      756:81    error    line too long (116 > 80 characters)  (line-length)
      757:81    error    line too long (110 > 80 characters)  (line-length)
      760:81    error    line too long (113 > 80 characters)  (line-length)
      763:81    error    line too long (111 > 80 characters)  (line-length)

❌ [ERROR] .github/workflows/greetings.yml
    .github/workflows/greetings.yml
      1:1       warning  missing document start "---"  (document-start)
      3:1       warning  truthy value should be one of [false, true]  (truthy)
      25:55     error    trailing spaces  (trailing-spaces)
      26:81     error    line too long (138 > 80 characters)  (line-length)
      26:137    error    trailing spaces  (trailing-spaces)
      28:81     error    line too long (115 > 80 characters)  (line-length)
      28:114    error    trailing spaces  (trailing-spaces)
      36:42     error    trailing spaces  (trailing-spaces)
      37:55     error    trailing spaces  (trailing-spaces)
      38:46     error    trailing spaces  (trailing-spaces)
      39:47     error    trailing spaces  (trailing-spaces)
      40:43     error    trailing spaces  (trailing-spaces)
      42:78     error    trailing spaces  (trailing-spaces)
      43:81     error    line too long (97 > 80 characters)  (line-length)

❌ [ERROR] .github/workflows/monitoring.yml
    .github/workflows/monitoring.yml
      1:1       warning  missing document start "---"  (document-start)
      3:1       warning  truthy value should be one of [false, true]  (truthy)
      35:81     error    line too long (86 > 80 characters)  (line-length)
      38:81     error    line too long (85 > 80 characters)  (line-length)
      63:81     error    line too long (99 > 80 characters)  (line-length)
      64:81     error    line too long (103 > 80 characters)  (line-length)
      74:81     error    line too long (89 > 80 characters)  (line-length)
      104:81    error    line too long (87 > 80 characters)  (line-length)
      117:81    error    line too long (108 > 80 characters)  (line-length)
      140:81    error    line too long (83 > 80 characters)  (line-length)
      145:81    error    line too long (85 > 80 characters)  (line-length)
      158:81    error    line too long (82 > 80 characters)  (line-length)
      163:81    error    line too long (94 > 80 characters)  (line-length)
      167:81    error    line too long (95 > 80 characters)  (line-length)
      173:81    error    line too long (164 > 80 characters)  (line-length)
      175:81    error    line too long (102 > 80 characters)  (line-length)
      180:81    error    line too long (137 > 80 characters)  (line-length)

❌ [ERROR] .github/workflows/release.yml
    .github/workflows/release.yml
      1:1       warning  missing document start "---"  (document-start)
      3:1       warning  truthy value should be one of [false, true]  (truthy)
      23:1      error    trailing spaces  (trailing-spaces)
      27:1      error    trailing spaces  (trailing-spaces)
      38:1      error    trailing spaces  (trailing-spaces)
      43:1      error    trailing spaces  (trailing-spaces)
      46:1      error    trailing spaces  (trailing-spaces)
      48:81     error    line too long (93 > 80 characters)  (line-length)
      52:1      error    trailing spaces  (trailing-spaces)
      57:81     error    line too long (82 > 80 characters)  (line-length)
      61:1      error    trailing spaces  (trailing-spaces)
      66:1      error    trailing spaces  (trailing-spaces)
      70:1      error    trailing spaces  (trailing-spaces)
      74:1      error    trailing spaces  (trailing-spaces)
      78:1      error    trailing spaces  (trailing-spaces)
      81:81     error    line too long (94 > 80 characters)  (line-length)
      87:1      error    trailing spaces  (trailing-spaces)
      93:1      error    trailing spaces  (trailing-spaces)
      103:1     error    trailing spaces  (trailing-spaces)
      108:1     error    trailing spaces  (trailing-spaces)
      112:81    error    line too long (111 > 80 characters)  (line-length)
      113:81    error    line too long (84 > 80 characters)  (line-length)
      122:1     error    trailing spaces  (trailing-spaces)
      127:1     error    trailing spaces  (trailing-spaces)
      134:81    error    line too long (115 > 80 characters)  (line-length)
      135:1     error    trailing spaces  (trailing-spaces)
      137:1     error    trailing spaces  (trailing-spaces)
      149:1     error    trailing spaces  (trailing-spaces)

✅ [SUCCESS] .github/workflows/tests.yml
❌ [ERROR] .megalinter.yml
    .megalinter.yml
      2:81      error    line too long (164 > 80 characters)  (line-length)
      5:81      error    line too long (85 > 80 characters)  (line-length)
      142:81    error    line too long (84 > 80 characters)  (line-length)
      352:81    error    line too long (100 > 80 characters)  (line-length)

❌ [ERROR] .pre-commit-config.yaml
    .pre-commit-config.yaml
      5:1       warning  missing document start "---"  (document-start)
      66:60     error    too few spaces after comma  (commas)

✅ [SUCCESS] config/analysis_options.yml
✅ [SUCCESS] config/styles/proselint/Airlinese.yml
❌ [ERROR] config/styles/proselint/AnimalLabels.yml
    config/styles/proselint/AnimalLabels.yml
      1:1       warning  missing document start "---"  (document-start)
      7:21      error    too many spaces after colon  (colons)
      11:14     error    too many spaces after colon  (colons)
      12:19     error    too many spaces after colon  (colons)
      13:14     error    too many spaces after colon  (colons)
      14:19     error    too many spaces after colon  (colons)
      15:14     error    too many spaces after colon  (colons)
      16:15     error    too many spaces after colon  (colons)
      17:19     error    too many spaces after colon  (colons)
      18:16     error    too many spaces after colon  (colons)
      19:11     error    too many spaces after colon  (colons)
      20:14     error    too many spaces after colon  (colons)
      21:13     error    too many spaces after colon  (colons)
      22:14     error    too many spaces after colon  (colons)
      23:14     error    too many spaces after colon  (colons)
      24:15     error    too many spaces after colon  (colons)
      25:14     error    too many spaces after colon  (colons)
      26:14     error    too many spaces after colon  (colons)
      27:14     error    too many spaces after colon  (colons)
      28:22     error    too many spaces after colon  (colons)
      29:16     error    too many spaces after colon  (colons)
      30:18     error    too many spaces after colon  (colons)
      31:15     error    too many spaces after colon  (colons)
      32:17     error    too many spaces after colon  (colons)
      33:17     error    too many spaces after colon  (colons)
      34:19     error    too many spaces after colon  (colons)
      35:21     error    too many spaces after colon  (colons)
      36:15     error    too many spaces after colon  (colons)
      37:15     error    too many spaces after colon  (colons)
      38:15     error    too many spaces after colon  (colons)
      39:17     error    too many spaces after colon  (colons)
      40:17     error    too many spaces after colon  (colons)
      41:15     error    too many spaces after colon  (colons)
      42:15     error    too many spaces after colon  (colons)
      43:15     error    too many spaces after colon  (colons)
      44:17     error    too many spaces after colon  (colons)
      45:14     error    too many spaces after colon  (colons)
      46:14     error    too many spaces after colon  (colons)
      47:20     error    too many spaces after colon  (colons)
      48:15     error    too many spaces after colon  (colons)

✅ [SUCCESS] config/styles/proselint/Annotations.yml
✅ [SUCCESS] config/styles/proselint/Apologizing.yml
✅ [SUCCESS] config/styles/proselint/Archaisms.yml
✅ [SUCCESS] config/styles/proselint/But.yml
✅ [SUCCESS] config/styles/proselint/Cliches.yml
✅ [SUCCESS] config/styles/proselint/CorporateSpeak.yml
✅ [SUCCESS] config/styles/proselint/Currency.yml
✅ [SUCCESS] config/styles/proselint/Cursing.yml
✅ [SUCCESS] config/styles/proselint/DateCase.yml
✅ [SUCCESS] config/styles/proselint/DateMidnight.yml
✅ [SUCCESS] config/styles/proselint/DateRedundancy.yml
✅ [SUCCESS] config/styles/proselint/DateSpacing.yml
❌ [ERROR] config/styles/proselint/DenizenLabels.yml
    config/styles/proselint/DenizenLabels.yml
      1:1       warning  missing document start "---"  (document-start)
      7:41      error    too many spaces after colon  (colons)
      8:41      error    too many spaces after colon  (colons)
      9:41      error    too many spaces after colon  (colons)
      10:41     error    too many spaces after colon  (colons)
      12:41     error    too many spaces after colon  (colons)
      13:41     error    too many spaces after colon  (colons)
      14:41     error    too many spaces after colon  (colons)
      15:41     error    too many spaces after colon  (colons)
      17:41     error    too many spaces after colon  (colons)
      18:41     error    too many spaces after colon  (colons)
      19:41     error    too many spaces after colon  (colons)
      20:41     error    too many spaces after colon  (colons)
      21:41     error    too many spaces after colon  (colons)
      22:41     error    too many spaces after colon  (colons)
      23:41     error    too many spaces after colon  (colons)
      24:41     error    too many spaces after colon  (colons)
      25:41     error    too many spaces after colon  (colons)
      26:41     error    too many spaces after colon  (colons)
      27:41     error    too many spaces after colon  (colons)
      28:41     error    too many spaces after colon  (colons)
      29:41     error    too many spaces after colon  (colons)
      30:41     error    too many spaces after colon  (colons)
      31:41     error    too many spaces after colon  (colons)
      32:41     error    too many spaces after colon  (colons)
      33:41     error    too many spaces after colon  (colons)
      34:41     error    too many spaces after colon  (colons)
      35:41     error    too many spaces after colon  (colons)
      36:41     error    too many spaces after colon  (colons)
      37:41     error    too many spaces after colon  (colons)
      38:41     error    too many spaces after colon  (colons)
      39:41     error    too many spaces after colon  (colons)
      40:41     error    too many spaces after colon  (colons)
      41:41     error    too many spaces after colon  (colons)
      42:41     error    too many spaces after colon  (colons)
      43:41     error    too many spaces after colon  (colons)
      44:41     error    too many spaces after colon  (colons)
      45:41     error    too many spaces after colon  (colons)
      46:41     error    too many spaces after colon  (colons)
      47:41     error    too many spaces after colon  (colons)
      48:41     error    too many spaces after colon  (colons)
      49:41     error    too many spaces after colon  (colons)
      50:41     error    too many spaces after colon  (colons)
      51:41     error    too many spaces after colon  (colons)
      52:41     error    too many spaces after colon  (colons)

✅ [SUCCESS] config/styles/proselint/Diacritical.yml
❌ [ERROR] config/styles/proselint/GenderBias.yml
    config/styles/proselint/GenderBias.yml
      1:1       warning  missing document start "---"  (document-start)
      8:31      error    too many spaces after colon  (colons)
      9:31      error    too many spaces after colon  (colons)
      10:31     error    too many spaces after colon  (colons)
      11:31     error    too many spaces after colon  (colons)
      12:31     error    too many spaces after colon  (colons)
      13:31     error    too many spaces after colon  (colons)
      14:31     error    too many spaces after colon  (colons)
      16:31     error    too many spaces after colon  (colons)
      17:31     error    too many spaces after colon  (colons)
      18:31     error    too many spaces after colon  (colons)
      19:31     error    too many spaces after colon  (colons)
      20:31     error    too many spaces after colon  (colons)
      21:31     error    too many spaces after colon  (colons)
      22:31     error    too many spaces after colon  (colons)
      23:31     error    too many spaces after colon  (colons)
      24:31     error    too many spaces after colon  (colons)
      25:31     error    too many spaces after colon  (colons)
      26:31     error    too many spaces after colon  (colons)
      27:31     error    too many spaces after colon  (colons)
      28:31     error    too many spaces after colon  (colons)
      29:31     error    too many spaces after colon  (colons)
      30:31     error    too many spaces after colon  (colons)
      31:31     error    too many spaces after colon  (colons)
      32:31     error    too many spaces after colon  (colons)
      33:31     error    too many spaces after colon  (colons)
      34:31     error    too many spaces after colon  (colons)
      35:31     error    too many spaces after colon  (colons)
      36:31     error    too many spaces after colon  (colons)
      37:31     error    too many spaces after colon  (colons)
      38:31     error    too many spaces after colon  (colons)
      39:31     error    too many spaces after colon  (colons)
      40:31     error    too many spaces after colon  (colons)
      41:31     error    too many spaces after colon  (colons)
      42:31     error    too many spaces after colon  (colons)
      43:31     error    too many spaces after colon  (colons)
      44:31     error    too many spaces after colon  (colons)
      45:31     error    too many spaces after colon  (colons)

❌ [ERROR] config/styles/proselint/GroupTerms.yml
    config/styles/proselint/GroupTerms.yml
      1:1       warning  missing document start "---"  (document-start)
      7:45      error    too many spaces after colon  (colons)
      8:45      error    too many spaces after colon  (colons)
      9:45      error    too many spaces after colon  (colons)
      10:45     error    too many spaces after colon  (colons)
      11:45     error    too many spaces after colon  (colons)
      12:45     error    too many spaces after colon  (colons)
      13:45     error    too many spaces after colon  (colons)
      14:45     error    too many spaces after colon  (colons)
      16:45     error    too many spaces after colon  (colons)
      17:45     error    too many spaces after colon  (colons)
      18:45     error    too many spaces after colon  (colons)
      19:45     error    too many spaces after colon  (colons)
      20:45     error    too many spaces after colon  (colons)
      21:45     error    too many spaces after colon  (colons)
      23:45     error    too many spaces after colon  (colons)
      24:45     error    too many spaces after colon  (colons)
      25:45     error    too many spaces after colon  (colons)
      26:45     error    too many spaces after colon  (colons)
      27:45     error    too many spaces after colon  (colons)
      28:45     error    too many spaces after colon  (colons)
      29:45     error    too many spaces after colon  (colons)
      30:45     error    too many spaces after colon  (colons)
      31:45     error    too many spaces after colon  (colons)
      32:45     error    too many spaces after colon  (colons)
      33:45     error    too many spaces after colon  (colons)
      34:45     error    too many spaces after colon  (colons)
      35:45     error    too many spaces after colon  (colons)
      36:45     error    too many spaces after colon  (colons)
      37:45     error    too many spaces after colon  (colons)
      38:45     error    too many spaces after colon  (colons)
      39:45     error    too many spaces after colon  (colons)

✅ [SUCCESS] config/styles/proselint/Hedging.yml
✅ [SUCCESS] config/styles/proselint/Hyperbole.yml
✅ [SUCCESS] config/styles/proselint/Jargon.yml
✅ [SUCCESS] config/styles/proselint/LGBTOffensive.yml
❌ [ERROR] config/styles/proselint/LGBTTerms.yml
    config/styles/proselint/LGBTTerms.yml
      1:1       warning  missing document start "---"  (document-start)
      7:45      error    too many spaces after colon  (colons)
      8:45      error    too many spaces after colon  (colons)
      9:45      error    too many spaces after colon  (colons)
      10:45     error    too many spaces after colon  (colons)
      11:45     error    too many spaces after colon  (colons)
      12:45     error    too many spaces after colon  (colons)
      13:45     error    too many spaces after colon  (colons)
      15:45     error    too many spaces after colon  (colons)

✅ [SUCCESS] config/styles/proselint/Malapropisms.yml
✅ [SUCCESS] config/styles/proselint/Needless.yml
✅ [SUCCESS] config/styles/proselint/Nonwords.yml
✅ [SUCCESS] config/styles/proselint/Oxymorons.yml
✅ [SUCCESS] config/styles/proselint/P-Value.yml
❌ [ERROR] config/styles/proselint/RASSyndrome.yml
    config/styles/proselint/RASSyndrome.yml
      1:1       warning  missing document start "---"  (document-start)
      7:4       error    wrong indentation: expected 4 but found 3  (indentation)

✅ [SUCCESS] config/styles/proselint/Skunked.yml
✅ [SUCCESS] config/styles/proselint/Spelling.yml
✅ [SUCCESS] config/styles/proselint/Typography.yml
❌ [ERROR] config/styles/proselint/Uncomparables.yml
    config/styles/proselint/Uncomparables.yml
      1:1       warning  missing document start "---"  (document-start)
      8:4       error    wrong indentation: expected 4 but found 3  (indentation)
      12:81     error    line too long (125 > 80 characters)  (line-length)

✅ [SUCCESS] config/styles/proselint/Very.yml
✅ [SUCCESS] config/styles/write-good/Cliches.yml
✅ [SUCCESS] config/styles/write-good/E-Prime.yml
✅ [SUCCESS] config/styles/write-good/Illusions.yml
✅ [SUCCESS] config/styles/write-good/Passive.yml
✅ [SUCCESS] config/styles/write-good/So.yml
✅ [SUCCESS] config/styles/write-good/ThereIs.yml
✅ [SUCCESS] config/styles/write-good/TooWordy.yml
✅ [SUCCESS] config/styles/write-good/Weasel.yml
✅ [SUCCESS] config/trivy-sbom.yaml
✅ [SUCCESS] config/trivy.yaml
