Results of prettier linter (version 3.5.3)
See documentation on https://megalinter.io/8.8.0/descriptors/yaml_prettier/
-----------------------------------------------

✅ [SUCCESS] .github/FUNDING.yml
✅ [SUCCESS] .github/actionlint.yaml
❌ [ERROR] .github/actions/pip-install/action.yml
    Checking formatting...
    [warn] .github/actions/pip-install/action.yml
    [warn] Code style issues found in the above file. Run Prettier with --write to fix.

❌ [ERROR] .github/actions/setup-environment/action.yml
    Checking formatting...
    [warn] .github/actions/setup-environment/action.yml
    [warn] Code style issues found in the above file. Run Prettier with --write to fix.

❌ [ERROR] .github/workflows/_archive/deploy-dashboard.yml
    Checking formatting...
    [warn] .github/workflows/_archive/deploy-dashboard.yml
    [warn] Code style issues found in the above file. Run Prettier with --write to fix.

❌ [ERROR] .github/workflows/_archive/developer.yml
    Checking formatting...
    [warn] .github/workflows/_archive/developer.yml
    [warn] Code style issues found in the above file. Run Prettier with --write to fix.

❌ [ERROR] .github/workflows/_archive/location-card.yml
    Checking formatting...
    [warn] .github/workflows/_archive/location-card.yml
    [warn] Code style issues found in the above file. Run Prettier with --write to fix.

✅ [SUCCESS] .github/workflows/_archive/megalinter.yml
❌ [ERROR] .github/workflows/_archive/oura.yml
    Checking formatting...
    [warn] .github/workflows/_archive/oura.yml
    [warn] Code style issues found in the above file. Run Prettier with --write to fix.

❌ [ERROR] .github/workflows/_archive/parallel-fetch.yml
    Checking formatting...
    [warn] .github/workflows/_archive/parallel-fetch.yml
    [warn] Code style issues found in the above file. Run Prettier with --write to fix.

❌ [ERROR] .github/workflows/_archive/soundcloud-card.yml
    Checking formatting...
    [warn] .github/workflows/_archive/soundcloud-card.yml
    [warn] Code style issues found in the above file. Run Prettier with --write to fix.

❌ [ERROR] .github/workflows/_archive/weather.yml
    Checking formatting...
    [warn] .github/workflows/_archive/weather.yml
    [warn] Code style issues found in the above file. Run Prettier with --write to fix.

❌ [ERROR] .github/workflows/act-demo.yml
    Checking formatting...
    [warn] .github/workflows/act-demo.yml
    [warn] Code style issues found in the above file. Run Prettier with --write to fix.

❌ [ERROR] .github/workflows/build-profile.yml
    Checking formatting...
    [warn] .github/workflows/build-profile.yml
    [warn] Code style issues found in the above file. Run Prettier with --write to fix.

✅ [SUCCESS] .github/workflows/greetings.yml
❌ [ERROR] .github/workflows/monitoring.yml
    Checking formatting...
    [warn] .github/workflows/monitoring.yml
    [warn] Code style issues found in the above file. Run Prettier with --write to fix.

❌ [ERROR] .github/workflows/release.yml
    Checking formatting...
    [warn] .github/workflows/release.yml
    [warn] Code style issues found in the above file. Run Prettier with --write to fix.

❌ [ERROR] .github/workflows/tests.yml
    Checking formatting...
    [warn] .github/workflows/tests.yml
    [warn] Code style issues found in the above file. Run Prettier with --write to fix.

✅ [SUCCESS] .megalinter.yml
❌ [ERROR] .pre-commit-config.yaml
    Checking formatting...
    [warn] .pre-commit-config.yaml
    [warn] Code style issues found in the above file. Run Prettier with --write to fix.

✅ [SUCCESS] config/analysis_options.yml
✅ [SUCCESS] config/styles/proselint/Airlinese.yml
❌ [ERROR] config/styles/proselint/AnimalLabels.yml
    Checking formatting...
    [warn] config/styles/proselint/AnimalLabels.yml
    [warn] Code style issues found in the above file. Run Prettier with --write to fix.

✅ [SUCCESS] config/styles/proselint/Annotations.yml
✅ [SUCCESS] config/styles/proselint/Apologizing.yml
✅ [SUCCESS] config/styles/proselint/Archaisms.yml
✅ [SUCCESS] config/styles/proselint/But.yml
✅ [SUCCESS] config/styles/proselint/Cliches.yml
✅ [SUCCESS] config/styles/proselint/CorporateSpeak.yml
✅ [SUCCESS] config/styles/proselint/Currency.yml
✅ [SUCCESS] config/styles/proselint/Cursing.yml
✅ [SUCCESS] config/styles/proselint/DateCase.yml
✅ [SUCCESS] config/styles/proselint/DateMidnight.yml
✅ [SUCCESS] config/styles/proselint/DateRedundancy.yml
✅ [SUCCESS] config/styles/proselint/DateSpacing.yml
❌ [ERROR] config/styles/proselint/DenizenLabels.yml
    Checking formatting...
    [warn] config/styles/proselint/DenizenLabels.yml
    [warn] Code style issues found in the above file. Run Prettier with --write to fix.

✅ [SUCCESS] config/styles/proselint/Diacritical.yml
❌ [ERROR] config/styles/proselint/GenderBias.yml
    Checking formatting...
    [warn] config/styles/proselint/GenderBias.yml
    [warn] Code style issues found in the above file. Run Prettier with --write to fix.

❌ [ERROR] config/styles/proselint/GroupTerms.yml
    Checking formatting...
    [warn] config/styles/proselint/GroupTerms.yml
    [warn] Code style issues found in the above file. Run Prettier with --write to fix.

❌ [ERROR] config/styles/proselint/Hedging.yml
    Checking formatting...
    [warn] config/styles/proselint/Hedging.yml
    [warn] Code style issues found in the above file. Run Prettier with --write to fix.

❌ [ERROR] config/styles/proselint/Hyperbole.yml
    Checking formatting...
    [warn] config/styles/proselint/Hyperbole.yml
    [warn] Code style issues found in the above file. Run Prettier with --write to fix.

✅ [SUCCESS] config/styles/proselint/Jargon.yml
✅ [SUCCESS] config/styles/proselint/LGBTOffensive.yml
❌ [ERROR] config/styles/proselint/LGBTTerms.yml
    Checking formatting...
    [warn] config/styles/proselint/LGBTTerms.yml
    [warn] Code style issues found in the above file. Run Prettier with --write to fix.

✅ [SUCCESS] config/styles/proselint/Malapropisms.yml
❌ [ERROR] config/styles/proselint/Needless.yml
    Checking formatting...
    [warn] config/styles/proselint/Needless.yml
    [warn] Code style issues found in the above file. Run Prettier with --write to fix.

✅ [SUCCESS] config/styles/proselint/Nonwords.yml
✅ [SUCCESS] config/styles/proselint/Oxymorons.yml
✅ [SUCCESS] config/styles/proselint/P-Value.yml
❌ [ERROR] config/styles/proselint/RASSyndrome.yml
    Checking formatting...
    [warn] config/styles/proselint/RASSyndrome.yml
    [warn] Code style issues found in the above file. Run Prettier with --write to fix.

✅ [SUCCESS] config/styles/proselint/Skunked.yml
✅ [SUCCESS] config/styles/proselint/Spelling.yml
❌ [ERROR] config/styles/proselint/Typography.yml
    Checking formatting...
    [warn] config/styles/proselint/Typography.yml
    [warn] Code style issues found in the above file. Run Prettier with --write to fix.

❌ [ERROR] config/styles/proselint/Uncomparables.yml
    Checking formatting...
    [warn] config/styles/proselint/Uncomparables.yml
    [warn] Code style issues found in the above file. Run Prettier with --write to fix.

✅ [SUCCESS] config/styles/proselint/Very.yml
✅ [SUCCESS] config/styles/write-good/Cliches.yml
✅ [SUCCESS] config/styles/write-good/E-Prime.yml
✅ [SUCCESS] config/styles/write-good/Illusions.yml
✅ [SUCCESS] config/styles/write-good/Passive.yml
✅ [SUCCESS] config/styles/write-good/So.yml
✅ [SUCCESS] config/styles/write-good/ThereIs.yml
✅ [SUCCESS] config/styles/write-good/TooWordy.yml
✅ [SUCCESS] config/styles/write-good/Weasel.yml
✅ [SUCCESS] config/trivy-sbom.yaml
✅ [SUCCESS] config/trivy.yaml
