Results of lychee linter (version 0.18.0)
See documentation on https://megalinter.io/8.8.0/descriptors/spell_lychee/
-----------------------------------------------

❌ [ERROR] .devcontainer/devcontainer.json
    Error: Cannot write status output to file
    
    Caused by:
        No such file or directory (os error 2)

❌ [ERROR] .github/FUNDING.yml
    Error: Cannot write status output to file
    
    Caused by:
        No such file or directory (os error 2)

❌ [ERROR] .github/GOVERNANCE.md
    [EXCLUDED] file://.github/CODE_OF_CONDUCT.md
    [EXCLUDED] file://.github/CONTRIBUTING.md
    Error: Cannot write status output to file
    
    Caused by:
        No such file or directory (os error 2)

❌ [ERROR] .github/actionlint.yaml
    Error: Cannot write status output to file
    
    Caused by:
        No such file or directory (os error 2)

❌ [ERROR] .github/actions/pip-install/README.md
    Error: Cannot write status output to file
    
    Caused by:
        No such file or directory (os error 2)

❌ [ERROR] .github/actions/pip-install/action.yml
    Error: Cannot write status output to file
    
    Caused by:
        No such file or directory (os error 2)

❌ [ERROR] .github/actions/setup-environment/README.md
    [EXCLUDED] file://.github/actions/pip-install/README.md
    Error: Cannot write status output to file
    
    Caused by:
        No such file or directory (os error 2)

❌ [ERROR] .github/actions/setup-environment/action.yml
    Error: Cannot write status output to file
    
    Caused by:
        No such file or directory (os error 2)

❌ [ERROR] .github/workflows/_archive/README.md
    Error: Cannot write status output to file
    
    Caused by:
        No such file or directory (os error 2)

❌ [ERROR] .github/workflows/_archive/deploy-dashboard.yml
    Error: Cannot write status output to file
    
    Caused by:
        No such file or directory (os error 2)

❌ [ERROR] .github/workflows/_archive/developer.yml
    Error: Cannot write status output to file
    
    Caused by:
        No such file or directory (os error 2)

❌ [ERROR] .github/workflows/_archive/location-card.yml
    [404] https://api.github.com/users/$ | Network error: Not Found
    Error: Cannot write status output to file
    
    Caused by:
        No such file or directory (os error 2)

❌ [ERROR] .github/workflows/_archive/megalinter.yml
    Error: Cannot write status output to file
    
    Caused by:
        No such file or directory (os error 2)

❌ [ERROR] .github/workflows/_archive/oura.yml
    Error: Cannot write status output to file
    
    Caused by:
        No such file or directory (os error 2)

❌ [ERROR] .github/workflows/_archive/parallel-fetch.yml
    [404] https://api.github.com/users/$ | Network error: Not Found
    Error: Cannot write status output to file
    
    Caused by:
        No such file or directory (os error 2)

❌ [ERROR] .github/workflows/_archive/soundcloud-card.yml
    Error: Cannot write status output to file
    
    Caused by:
        No such file or directory (os error 2)

❌ [ERROR] .github/workflows/_archive/weather.yml
    [404] https://api.github.com/users/$ | Network error: Not Found
    [200] https://nominatim.openstreetmap.org/search?q=${ENCODED_LOCATION}&format=json&limit=1
    Error: Cannot write status output to file
    
    Caused by:
        No such file or directory (os error 2)

❌ [ERROR] .github/workflows/build-profile.yml
    [EXCLUDED] http://www.w3.org/2000/svg
    [404] https://api.github.com/users/$%7BGITHUB_REPOSITORY_OWNER%7D | Network error: Not Found
    Error: Cannot write status output to file
    
    Caused by:
        No such file or directory (os error 2)

❌ [ERROR] .github/workflows/greetings.yml
    Error: Cannot write status output to file
    
    Caused by:
        No such file or directory (os error 2)

❌ [ERROR] .github/workflows/monitoring.yml
    [404] https://github.com/$%7Bcontext.repo.owner%7D/$%7Bcontext.repo.repo%7D/actions/workflows/$%7Bworkflow%7D.yml | Network error: Not Found
    Error: Cannot write status output to file
    
    Caused by:
        No such file or directory (os error 2)

❌ [ERROR] .github/workflows/release.yml
    [200] https://szmyty.github.io/profile/
    Error: Cannot write status output to file
    
    Caused by:
        No such file or directory (os error 2)

❌ [ERROR] .github/workflows/tests.yml
    Error: Cannot write status output to file
    
    Caused by:
        No such file or directory (os error 2)

❌ [ERROR] .megalinter.yml
    [200] https://mypy.readthedocs.io/en/stable/
    [200] https://megalinter.io/latest/descriptors/raku_raku/
    [200] https://megalinter.io/latest/supported-linters/
    [200] https://megalinter.io/latest/descriptors/clojure_cljstyle/
    [200] https://prettier.io/
    [200] https://phpstan.org/
    [200] https://megalinter.io/latest/descriptors/repository_secretlint/
    [200] https://megalinter.io/latest/descriptors/puppet_puppet_lint/
    [200] https://megalinter.io/latest/descriptors/yaml_yamllint/
    [200] https://megalinter.io/latest/descriptors/copypaste_jscpd/
    [200] https://megalinter.io/latest/descriptors/spell_vale/
    [200] https://eslint.org/
    [200] https://megalinter.io/latest/descriptors/latex_chktex/
    [404] https://megalinter.io/latest/descriptors/coffee_coffee_lint/ | Network error: Not Found
    [200] https://megalinter.io/latest/descriptors/makefile_checkmake/
    [200] https://megalinter.io/latest/descriptors/arm_arm_ttk/
    [200] https://megalinter.io/latest/descriptors/php_phplint/
    [200] https://megalinter.io/latest/descriptors/lua_luacheck/
    [200] https://pylint.pycqa.org/en/latest/
    [200] https://megalinter.io/latest/descriptors/cpp_clang_format/
    [200] https://rubocop.org/
    [200] https://yamllint.readthedocs.io/en/stable/
    [200] https://github.com/kucherenko/jscpd
    [200] https://github.com/coffeelint/coffeelint
    [200] https://megalinter.io/latest/descriptors/markdown_markdownlint/
    [200] https://megalinter.io/latest/descriptors/graphql_graphql_schema_linter/
    [200] https://megalinter.io/latest/descriptors/typescript_prettier/
    [200] https://megalinter.io/latest/descriptors/spell_proselint/
    [200] https://github.com/forcedotcom/code-analyzer
    [200] https://megalinter.io/latest/descriptors/python_black/
    [200] https://github.com/tsqllint/tsqllint
    [200] https://megalinter.io/latest/descriptors/php_psalm/
    [200] https://black.readthedocs.io/en/stable/
    [200] https://megalinter.io/latest/descriptors/javascript_prettier/
    [200] https://github.com/
    [200] https://megalinter.io/latest/descriptors/php_phpcs/
    [200] https://megalinter.io/latest/descriptors/powershell_powershell/
    [200] https://megalinter.io/latest/descriptors/python_bandit/
    [200] https://megalinter.io/latest/descriptors/repository_trufflehog/
    [200] https://megalinter.io/latest/descriptors/powershell_powershell_formatter/
    [200] https://megalinter.io/latest/descriptors/jsx_eslint/
    [200] https://megalinter.io/latest/descriptors/clojure_clj_kondo/
    [200] https://github.com/PHPCSStandards/PHP_CodeSniffer/
    [200] https://github.com/cjoudrey/graphql-schema-linter
    [200] https://github.com/PowerShell/PSScriptAnalyzer
    [200] https://github.com/snakemake/snakefmt
    [200] https://megalinter.io/latest/descriptors/repository_trivy_sbom/
    [200] https://github.com/checkmake/checkmake
    [200] https://megalinter.io/latest/descriptors/swift_swiftlint/
    [200] https://github.com/tcort/markdown-link-check
    [200] https://megalinter.io/latest/descriptors/json_prettier/
    [200] https://github.com/DavidAnson/markdownlint
    [200] https://megalinter.io/latest/descriptors/ruby_rubocop/
    [200] https://megalinter.io/latest/descriptors/python_flake8/
    [200] https://megalinter.io/latest/descriptors/repository_grype/
    [200] https://megalinter.io/latest/descriptors/yaml_prettier/
    [200] https://megalinter.io/latest/descriptors/action_actionlint/
    [200] https://megalinter.io/latest/descriptors/editorconfig_editorconfig_checker/
    [200] https://github.com/rstcheck/rstcheck
    [200] https://megalinter.io/latest/descriptors/html_htmlhint/
    [200] https://github.com/trufflesecurity/trufflehog
    [EXCLUDED] mailto:szmyty@gmail.com
    [200] https://github.com/terraform-linters/tflint
    [200] https://megalinter.io/latest/descriptors/repository_devskim/
    [200] https://megalinter.io/latest/descriptors/tekton_tekton_lint/
    [200] https://github.com/scalacenter/scalafix
    [200] https://github.com/realm/SwiftLint
    [200] https://megalinter.io/latest/descriptors/repository_trivy/
    [200] https://github.com/puppetlabs/puppet-lint
    [200] https://github.com/streetsidesoftware/cspell
    [200] https://megalinter.io/latest/config-variables/
    [200] https://github.com/Lightning-Flow-Scanner/lightning-flow-scanner-sfdx
    [200] https://flake8.pycqa.org/en/latest/
    [200] https://github.com/gitleaks/gitleaks
    [200] https://megalinter.io/latest/descriptors/repository_checkov/
    [200] https://github.com/clj-kondo/clj-kondo
    [200] https://bandit.readthedocs.io/en/latest/
    [200] https://megalinter.io/latest/descriptors/c_clang_format/
    [200] https://pmd.github.io/
    [200] https://megalinter.io/latest/descriptors/python_ruff/
    [200] https://megalinter.io/latest/descriptors/r_lintr/
    [200] https://megalinter.io/latest/descriptors/ansible_ansible_lint/
    [200] https://github.com/ota-meshi/eslint-plugin-jsonc
    [200] https://github.com/hadolint/hadolint
    [200] https://megalinter.io/latest/descriptors/typescript_eslint/
    [200] https://github.com/anchore/syft
    [200] https://megalinter.io/latest/descriptors/snakemake_snakefmt/
    [200] https://github.com/rhysd/actionlint
    [200] https://github.com/IBM/tekton-lint
    [200] https://megalinter.io/latest/descriptors/terraform_tflint/
    [200] https://megalinter.io/latest/descriptors/repository_syft/
    [200] https://megalinter.io/latest/descriptors/python_isort/
    [200] https://megalinter.io/latest/descriptors/python_mypy/
    [200] https://raku.org/
    [200] https://clang.llvm.org/docs/ClangFormat.html
    [200] https://megalinter.io/latest/descriptors/yaml_v8r/
    [200] https://github.com/mpeterv/luacheck
    [200] https://www.checkov.io/
    [200] https://github.com/chris48s/v8r
    [200] https://github.com/nvuillam/npm-groovy-lint
    [200] https://megalinter.io/latest/descriptors/rst_rstcheck/
    [200] https://megalinter.io/latest/descriptors/groovy_npm_groovy_lint/
    [200] https://megalinter.io/latest/json-schemas/configuration.html
    [200] https://megalinter.io/latest/descriptors/repository_kics/
    [200] https://megalinter.io/latest/descriptors/api_spectral/
    [200] https://psalm.dev/
    [200] https://github.com/sqlfluff/sqlfluff
    [200] https://megalinter.io/latest/descriptors/css_stylelint/
    [200] https://megalinter.io/latest/descriptors/scala_scalafix/
    [200] https://megalinter.io/latest/descriptors/terraform_terrascan/
    [200] https://megalinter.io/latest/descriptors/python_pyright/
    [200] https://github.com/rust-lang/rust-clippy
    [200] https://github.com/zaach/jsonlint
    [200] https://github.com/amperser/proselint
    [200] https://megalinter.io/latest/descriptors/salesforce_lightning_flow_scanner/
    [200] https://github.com/overtrue/phplint
    [200] https://megalinter.io/latest/descriptors/dart_dartanalyzer/
    [200] https://pycqa.github.io/isort/
    [200] https://github.com/anchore/grype
    [200] https://github.com/gruntwork-io/terragrunt
    [200] https://megalinter.io/latest/descriptors/salesforce_sfdx_scanner_apex/
    [200] https://github.com/remarkjs/remark-lint
    [200] https://ansible.readthedocs.io/projects/lint/
    [200] https://megalinter.io/latest/descriptors/java_pmd/
    [200] https://megalinter.io/latest/descriptors/cloudformation_cfn_lint/
    [200] https://megalinter.io/latest/descriptors/rust_clippy/
    [200] https://github.com/gherkin-lint/gherkin-lint
    [200] https://megalinter.io/latest/descriptors/spell_lychee/
    [200] https://raw.githubusercontent.com/megalinter/megalinter/main/megalinter/descriptors/schemas/megalinter-configuration.jsonschema.json
    [200] https://github.com/yoheimuta/protolint
    [200] https://megalinter.io/latest/descriptors/json_npm_package_json_lint/
    [200] https://github.com/greglook/cljstyle
    [200] https://megalinter.io/latest/descriptors/gherkin_gherkin_lint/
    [200] https://dart.dev/tools/dart-analyze
    [200] https://github.com/tenable/terrascan
    [200] https://megalinter.io/latest/descriptors/sql_sqlfluff/
    [200] https://megalinter.io/latest/descriptors/terraform_terragrunt/
    [200] https://github.com/errata-ai/vale
    [200] https://megalinter.io/latest/descriptors/javascript_eslint/
    [200] https://ruff.rs/
    [200] https://megalinter.io/latest/descriptors/php_phpstan/
    [200] https://megalinter.io/latest/descriptors/java_checkstyle/
    [200] https://www.nongnu.org/chktex/
    [200] https://megalinter.io/latest/descriptors/sql_tsqllint/
    [200] https://github.com/editorconfig-checker/editorconfig-checker
    [200] https://checkstyle.org/
    [200] https://megalinter.io/latest/descriptors/spell_cspell/
    [200] https://megalinter.io/latest/descriptors/markdown_remark_lint/
    [200] https://github.com/tclindner/npm-package-json-lint
    [200] https://megalinter.io/latest/descriptors/json_jsonlint/
    [200] https://api.github.com/
    [200] https://megalinter.io/latest/descriptors/json_eslint_plugin_jsonc/
    [200] https://stoplight.io/open-source/spectral
    [200] https://megalinter.io/latest/descriptors/python_pylint/
    [200] https://megalinter.io/latest/descriptors/protobuf_protolint/
    [200] https://megalinter.io/latest/descriptors/go_revive/
    [ERROR] https://pyrightlang.org/ | Network error: error sending request for url (https://pyrightlang.org/) Maybe a certificate error?
    [200] https://github.com/lycheeverse/lychee
    [404] https://megalinter.io/latest/descriptors/markdown_markdown_link_check/ | Network error: Not Found
    [200] https://megalinter.io/latest/descriptors/dockerfile_hadolint/
    [200] https://megalinter.io/latest/descriptors/repository_gitleaks/
    [200] https://github.com/microsoft/DevSkim
    [200] https://github.com/r-lib/lintr
    [200] https://github.com/aws-cloudformation/cfn-lint
    [200] https://stylelint.io/
    [200] https://github.com/checkmarx/kics
    [200] https://github.com/aquasecurity/trivy
    [200] https://github.com/mgechev/revive
    [200] https://github.com/Azure/arm-ttk
    Error: Cannot write status output to file
    
    Caused by:
        No such file or directory (os error 2)

❌ [ERROR] .pre-commit-config.yaml
    [200] https://github.com/psf/black
    [200] https://github.com/pre-commit/pre-commit-hooks
    [200] https://github.com/shellcheck-py/shellcheck-py
    [200] https://github.com/python-jsonschema/check-jsonschema
    [200] https://github.com/pycqa/isort
    [200] https://github.com/pre-commit/mirrors-prettier
    [200] https://github.com/pycqa/flake8
    Error: Cannot write status output to file
    
    Caused by:
        No such file or directory (os error 2)

❌ [ERROR] .vscode/extensions.json
    Error: Cannot write status output to file
    
    Caused by:
        No such file or directory (os error 2)

❌ [ERROR] .vscode/launch.json
    Error: Cannot write status output to file
    
    Caused by:
        No such file or directory (os error 2)

❌ [ERROR] .vscode/settings.json
    [200] https://raw.githubusercontent.com/SchemaStore/schemastore/master/src/schemas/json/pyproject.json
    [200] https://www.schemastore.org/markdown-link-check.json
    [200] https://www.schemastore.org/yamllint.json
    [200] https://json.schemastore.org/htmlhint.json
    [200] https://json.schemastore.org/prettierrc.json
    [404] https://json.schemastore.org/npm-package-json-lint.json | Network error: Not Found
    [404] https://json.schemastore.org/luacheckrc.json | Network error: Not Found
    [200] https://json.schemastore.org/web-manifest-combined.json
    Error: Cannot write status output to file
    
    Caused by:
        No such file or directory (os error 2)

❌ [ERROR] .vscode/tasks.json
    [200] https://www.schemastore.org/task.json
    Error: Cannot write status output to file
    
    Caused by:
        No such file or directory (os error 2)

❌ [ERROR] CHANGELOG.md
    [200] https://semver.org/spec/v2.0.0.html
    [200] https://szmyty.github.io/profile/
    [200] https://keepachangelog.com/en/1.0.0/
    [404] https://github.com/szmyty/profile/releases/tag/v1.0.0 | Network error: Not Found
    [404] https://github.com/szmyty/profile/compare/v1.0.0...HEAD | Network error: Not Found
    Error: Cannot write status output to file
    
    Caused by:
        No such file or directory (os error 2)

❌ [ERROR] CONSOLIDATION_SUMMARY.md
    [EXCLUDED] file://docs/UNIFIED_WORKFLOW_MIGRATION.md
    [EXCLUDED] file://docs/architecture.md
    [EXCLUDED] file://docs/TROUBLESHOOTING.md
    [EXCLUDED] file://docs/MONITORING.md
    [EXCLUDED] file://.github/workflows/_archive/README.md
    [EXCLUDED] file://docs/WORKFLOW_CACHING.md
    [EXCLUDED] file://docs/cards.md
    [EXCLUDED] file://docs/workflows.md
    Error: Cannot write status output to file
    
    Caused by:
        No such file or directory (os error 2)

❌ [ERROR] GITHUB_MARKDOWN_AUDIT_COMPLETE.md
    [EXCLUDED] file://GITHUB_MARKDOWN_AUDIT_COMPLETE.md
    [EXCLUDED] file://docs/markdown_valid_elements.md
    [EXCLUDED] file://footer/README.md
    [EXCLUDED] file://docs/README_LAYOUT_CHANGELOG.md
    [EXCLUDED] file://logs/markdown_audit/invalid_html.txt
    [EXCLUDED] file://docs/README_LAYOUT_BEFORE_AFTER.md
    Error: Cannot write status output to file
    
    Caused by:
        No such file or directory (os error 2)

❌ [ERROR] IMPLEMENTATION_SUMMARY.md
    Error: Cannot write status output to file
    
    Caused by:
        No such file or directory (os error 2)

❌ [ERROR] PERFORMANCE_IMPROVEMENTS_SUMMARY.md
    [EXCLUDED] file://docs/OPTIMIZATION_GUIDE.md
    [200] https://docs.github.com/en/actions/using-workflows/caching-dependencies-to-speed-up-workflows
    [200] https://github.com/svg/svgo
    [200] https://github.com/szmyty/profile/issues/XXX
    Error: Cannot write status output to file
    
    Caused by:
        No such file or directory (os error 2)

❌ [ERROR] README.md
    [EXCLUDED] file://branding/footer.svg
    [EXCLUDED] mailto:szmyty@gmail.com
    [EXCLUDED] file://branding/header.svg
    [EXCLUDED] https://github.com/szmyty/profile/actions/workflows/build-profile.yml
    [EXCLUDED] file://docs/CACHING_BENCHMARKS.md
    [200] https://img.shields.io/badge/OSI-Open%20Source-3da639?style=for-the-badge&logo=opensourceinitiative&logoColor=white
    [200] https://img.shields.io/github/stars/szmyty?style=for-the-badge&logo=github&logoColor=white&labelColor=1a1a2e&color=4a4e69
    [200] https://img.shields.io/badge/Automated%20with-Poetry-60A5FA?style=flat-square&logo=poetry&logoColor=white
    [200] https://img.shields.io/badge/Powered%20by-GitHub%20Actions-2088FF?style=flat-square&logo=github-actions&logoColor=white
    [200] https://img.shields.io/badge/LinkedIn-Connect-0A66C2?style=for-the-badge&logo=linkedin&logoColor=white
    [EXCLUDED] file://data/mock/README.md
    [EXCLUDED] file://dashboard.svg
    [EXCLUDED] https://github.com/szmyty/profile/actions/workflows/build-profile.yml/badge.svg
    [200] https://img.shields.io/badge/FSF-Free%20Software-0d47a1?style=for-the-badge&logo=gnu&logoColor=white
    [200] https://img.shields.io/github/followers/szmyty?style=for-the-badge&logo=github&logoColor=white&labelColor=1a1a2e&color=4a4e69
    [EXCLUDED] file://.github/workflows/build-profile.yml
    [EXCLUDED] file://docs/WORKFLOWS.md
    [200] https://img.shields.io/badge/GitHub-szmyty-181717?style=for-the-badge&logo=github&logoColor=white
    [200] https://img.shields.io/badge/CNCF-Cloud%20Native-436fb5?style=for-the-badge&logo=cncf&logoColor=white
    [200] https://img.shields.io/badge/Mozilla-Contributor-000000?style=for-the-badge&logo=mozilla&logoColor=white
    [200] https://img.shields.io/badge/Email-Contact-D14836?style=for-the-badge&logo=gmail&logoColor=white
    [999] https://www.linkedin.com/in/szmyty | Unknown status (999 <unknown status code>)
    [200] https://img.shields.io/badge/Linux%20Foundation-Member-003366?style=for-the-badge&logo=linux&logoColor=white
    [EXCLUDED] file://.github/workflows/_archive/README.md
    [200] https://img.shields.io/badge/Creative%20Commons-Supporter-ef9421?style=for-the-badge&logo=creativecommons&logoColor=white
    [EXCLUDED] file://docs/WORKFLOW_CACHING.md
    [200] https://www.mozilla.org/
    [200] https://img.shields.io/badge/Made%20with-Python-3776AB?style=flat-square&logo=python&logoColor=white
    [200] https://img.shields.io/badge/EFF-Digital%20Rights-d32027?style=for-the-badge&logo=eff&logoColor=white
    [EXCLUDED] file://docs/MONITORING.md
    [EXCLUDED] file://docs/OPTIMIZATION_GUIDE.md
    [200] https://img.shields.io/github/v/tag/szmyty/profile?style=for-the-badge&logo=semver&logoColor=white&labelColor=1a1a2e&color=4a4e69&label=version
    [EXCLUDED] file://docs/TROUBLESHOOTING.md
    [200] https://creativecommons.org/
    [200] https://szmyty.github.io/profile/
    [200] https://www.apache.org/
    [200] https://github.com/szmyty/profile/actions/workflows/tests.yml/badge.svg
    [200] https://www.cncf.io/
    [200] https://www.eff.org/
    [200] https://img.shields.io/badge/Apache-Foundation-d22128?style=for-the-badge&logo=apache&logoColor=white
    [200] https://github.com/szmyty/profile/releases
    [200] https://img.shields.io/badge/Open%20Collective-Supporter-7fadf2?style=for-the-badge&logo=opencollective&logoColor=white
    [200] https://github.com/szmyty/profile/actions/workflows/monitoring.yml/badge.svg
    [200] https://github.com/szmyty
    [200] https://opencollective.com/
    [200] https://www.linuxfoundation.org/
    [200] https://img.shields.io/github/actions/workflow/status/szmyty/szmyty/metrics.yml?style=for-the-badge&logo=github-actions&logoColor=white&labelColor=1a1a2e&color=4a4e69&label=CI
    [200] https://opensource.org/
    [200] https://github.com/szmyty?tab=followers
    [200] https://www.fsf.org/
    [200] https://github.com/szmyty?tab=repositories
    [200] https://github.com/szmyty/szmyty/actions
    [200] https://komarev.com/ghpvc/?username=szmyty&style=for-the-badge&color=4a4e69&labelColor=1a1a2e
    Error: Cannot write status output to file
    
    Caused by:
        No such file or directory (os error 2)

❌ [ERROR] REFACTORING_REPORT.md
    Error: Cannot write status output to file
    
    Caused by:
        No such file or directory (os error 2)

❌ [ERROR] REPORT.md
    Error: Cannot write status output to file
    
    Caused by:
        No such file or directory (os error 2)

❌ [ERROR] SECURITY_SUMMARY.md
    Error: Cannot write status output to file
    
    Caused by:
        No such file or directory (os error 2)

❌ [ERROR] SECURITY_SUMMARY_API_RESILIENCE.md
    Error: Cannot write status output to file
    
    Caused by:
        No such file or directory (os error 2)

❌ [ERROR] assets/metadata.json
    [200] https://i1.sndcdn.com/artworks-U5KDnSThJNapSDwO-F08hwA-large.png
    [200] https://soundcloud.com/playfunction/prescience_v2
    Error: Cannot write status output to file
    
    Caused by:
        No such file or directory (os error 2)

❌ [ERROR] config/META6.json
    [EXCLUDED] mailto:you@example.com
    [404] https://github.com/yourusername/your-module-name/issues | Network error: Not Found
    [404] https://github.com/yourusername/your-module-name | Network error: Not Found
    [404] https://github.com/yourusername/your-module-name.git | Network error: Not Found
    Error: Cannot write status output to file
    
    Caused by:
        No such file or directory (os error 2)

❌ [ERROR] config/analysis_options.yml
    Error: Cannot write status output to file
    
    Caused by:
        No such file or directory (os error 2)

❌ [ERROR] config/pyrightconfig.json
    [200] https://raw.githubusercontent.com/microsoft/pyright/main/packages/vscode-pyright/schemas/pyrightconfig.schema.json
    Error: Cannot write status output to file
    
    Caused by:
        No such file or directory (os error 2)

❌ [ERROR] config/styles/proselint/Airlinese.yml
    Error: Cannot write status output to file
    
    Caused by:
        No such file or directory (os error 2)

❌ [ERROR] config/styles/proselint/AnimalLabels.yml
    Error: Cannot write status output to file
    
    Caused by:
        No such file or directory (os error 2)

❌ [ERROR] config/styles/proselint/Annotations.yml
    Error: Cannot write status output to file
    
    Caused by:
        No such file or directory (os error 2)

❌ [ERROR] config/styles/proselint/Apologizing.yml
    Error: Cannot write status output to file
    
    Caused by:
        No such file or directory (os error 2)

❌ [ERROR] config/styles/proselint/Archaisms.yml
    Error: Cannot write status output to file
    
    Caused by:
        No such file or directory (os error 2)

❌ [ERROR] config/styles/proselint/But.yml
    Error: Cannot write status output to file
    
    Caused by:
        No such file or directory (os error 2)

❌ [ERROR] config/styles/proselint/Cliches.yml
    Error: Cannot write status output to file
    
    Caused by:
        No such file or directory (os error 2)

❌ [ERROR] config/styles/proselint/CorporateSpeak.yml
    Error: Cannot write status output to file
    
    Caused by:
        No such file or directory (os error 2)

❌ [ERROR] config/styles/proselint/Currency.yml
    Error: Cannot write status output to file
    
    Caused by:
        No such file or directory (os error 2)

❌ [ERROR] config/styles/proselint/Cursing.yml
    Error: Cannot write status output to file
    
    Caused by:
        No such file or directory (os error 2)

❌ [ERROR] config/styles/proselint/DateCase.yml
    Error: Cannot write status output to file
    
    Caused by:
        No such file or directory (os error 2)

❌ [ERROR] config/styles/proselint/DateMidnight.yml
    Error: Cannot write status output to file
    
    Caused by:
        No such file or directory (os error 2)

❌ [ERROR] config/styles/proselint/DateRedundancy.yml
    Error: Cannot write status output to file
    
    Caused by:
        No such file or directory (os error 2)

❌ [ERROR] config/styles/proselint/DateSpacing.yml
    Error: Cannot write status output to file
    
    Caused by:
        No such file or directory (os error 2)

❌ [ERROR] config/styles/proselint/DenizenLabels.yml
    Error: Cannot write status output to file
    
    Caused by:
        No such file or directory (os error 2)

❌ [ERROR] config/styles/proselint/Diacritical.yml
    Error: Cannot write status output to file
    
    Caused by:
        No such file or directory (os error 2)

❌ [ERROR] config/styles/proselint/GenderBias.yml
    Error: Cannot write status output to file
    
    Caused by:
        No such file or directory (os error 2)

❌ [ERROR] config/styles/proselint/GroupTerms.yml
    Error: Cannot write status output to file
    
    Caused by:
        No such file or directory (os error 2)

❌ [ERROR] config/styles/proselint/Hedging.yml
    Error: Cannot write status output to file
    
    Caused by:
        No such file or directory (os error 2)

❌ [ERROR] config/styles/proselint/Hyperbole.yml
    Error: Cannot write status output to file
    
    Caused by:
        No such file or directory (os error 2)

❌ [ERROR] config/styles/proselint/Jargon.yml
    Error: Cannot write status output to file
    
    Caused by:
        No such file or directory (os error 2)

❌ [ERROR] config/styles/proselint/LGBTOffensive.yml
    Error: Cannot write status output to file
    
    Caused by:
        No such file or directory (os error 2)

❌ [ERROR] config/styles/proselint/LGBTTerms.yml
    Error: Cannot write status output to file
    
    Caused by:
        No such file or directory (os error 2)

❌ [ERROR] config/styles/proselint/Malapropisms.yml
    Error: Cannot write status output to file
    
    Caused by:
        No such file or directory (os error 2)

❌ [ERROR] config/styles/proselint/Needless.yml
    Error: Cannot write status output to file
    
    Caused by:
        No such file or directory (os error 2)

❌ [ERROR] config/styles/proselint/Nonwords.yml
    Error: Cannot write status output to file
    
    Caused by:
        No such file or directory (os error 2)

❌ [ERROR] config/styles/proselint/Oxymorons.yml
    Error: Cannot write status output to file
    
    Caused by:
        No such file or directory (os error 2)

❌ [ERROR] config/styles/proselint/P-Value.yml
    Error: Cannot write status output to file
    
    Caused by:
        No such file or directory (os error 2)

❌ [ERROR] config/styles/proselint/RASSyndrome.yml
    Error: Cannot write status output to file
    
    Caused by:
        No such file or directory (os error 2)

❌ [ERROR] config/styles/proselint/README.md
    Error: Cannot write status output to file
    
    Caused by:
        No such file or directory (os error 2)

❌ [ERROR] config/styles/proselint/Skunked.yml
    Error: Cannot write status output to file
    
    Caused by:
        No such file or directory (os error 2)

❌ [ERROR] config/styles/proselint/Spelling.yml
    Error: Cannot write status output to file
    
    Caused by:
        No such file or directory (os error 2)

❌ [ERROR] config/styles/proselint/Typography.yml
    Error: Cannot write status output to file
    
    Caused by:
        No such file or directory (os error 2)

❌ [ERROR] config/styles/proselint/Uncomparables.yml
    Error: Cannot write status output to file
    
    Caused by:
        No such file or directory (os error 2)

❌ [ERROR] config/styles/proselint/Very.yml
    Error: Cannot write status output to file
    
    Caused by:
        No such file or directory (os error 2)

❌ [ERROR] config/styles/proselint/meta.json
    [EXCLUDED] mailto:support@errata.ai
    [200] https://github.com/amperser/proselint
    [200] https://github.com/errata-ai/proselint/issues/new
    [200] https://github.com/errata-ai/proselint/releases/latest/download/proselint.zip
    [200] https://github.com/errata-ai/proselint/releases.atom
    Error: Cannot write status output to file
    
    Caused by:
        No such file or directory (os error 2)

❌ [ERROR] config/styles/write-good/Cliches.yml
    Error: Cannot write status output to file
    
    Caused by:
        No such file or directory (os error 2)

❌ [ERROR] config/styles/write-good/E-Prime.yml
    Error: Cannot write status output to file
    
    Caused by:
        No such file or directory (os error 2)

❌ [ERROR] config/styles/write-good/Illusions.yml
    Error: Cannot write status output to file
    
    Caused by:
        No such file or directory (os error 2)

❌ [ERROR] config/styles/write-good/Passive.yml
    Error: Cannot write status output to file
    
    Caused by:
        No such file or directory (os error 2)

❌ [ERROR] config/styles/write-good/README.md
    [200] https://github.com/btford/write-good
    Error: Cannot write status output to file
    
    Caused by:
        No such file or directory (os error 2)

❌ [ERROR] config/styles/write-good/So.yml
    Error: Cannot write status output to file
    
    Caused by:
        No such file or directory (os error 2)

❌ [ERROR] config/styles/write-good/ThereIs.yml
    Error: Cannot write status output to file
    
    Caused by:
        No such file or directory (os error 2)

❌ [ERROR] config/styles/write-good/TooWordy.yml
    Error: Cannot write status output to file
    
    Caused by:
        No such file or directory (os error 2)

❌ [ERROR] config/styles/write-good/Weasel.yml
    Error: Cannot write status output to file
    
    Caused by:
        No such file or directory (os error 2)

❌ [ERROR] config/styles/write-good/meta.json
    [200] https://github.com/errata-ai/write-good/releases.atom
    Error: Cannot write status output to file
    
    Caused by:
        No such file or directory (os error 2)

❌ [ERROR] config/theme.json
    Error: Cannot write status output to file
    
    Caused by:
        No such file or directory (os error 2)

❌ [ERROR] config/trivy-sbom.yaml
    Error: Cannot write status output to file
    
    Caused by:
        No such file or directory (os error 2)

❌ [ERROR] config/trivy.yaml
    Error: Cannot write status output to file
    
    Caused by:
        No such file or directory (os error 2)

❌ [ERROR] dashboard-app/README.md
    [200] https://react.dev/learn/react-compiler/installation
    [200] https://babeljs.io/
    [200] https://vite.dev/guide/rolldown
    [200] https://swc.rs/
    [200] https://oxc.rs/
    [200] https://github.com/Rel1cx/eslint-react/tree/main/packages/plugins/eslint-plugin-react-x
    [200] https://github.com/Rel1cx/eslint-react/tree/main/packages/plugins/eslint-plugin-react-dom
    [200] https://github.com/vitejs/vite-plugin-react/blob/main/packages/plugin-react
    [200] https://github.com/vitejs/vite-plugin-react/blob/main/packages/plugin-react-swc
    Error: Cannot write status output to file
    
    Caused by:
        No such file or directory (os error 2)

❌ [ERROR] dashboard-app/index.html
       [WARN ] Error creating request: InvalidPathToUri("/vite.svg")
    Error: Cannot write status output to file
    
    Caused by:
        No such file or directory (os error 2)

❌ [ERROR] dashboard-app/package-lock.json
    [EXCLUDED] https://registry.npmjs.org/@esbuild/linux-s390x/-/linux-s390x-0.25.12.tgz
    [EXCLUDED] https://registry.npmjs.org/@esbuild/freebsd-x64/-/freebsd-x64-0.25.12.tgz
    [EXCLUDED] https://registry.npmjs.org/@esbuild/sunos-x64/-/sunos-x64-0.25.12.tgz
    [200] https://registry.npmjs.org/concat-map/-/concat-map-0.0.1.tgz
    [200] https://registry.npmjs.org/color-convert/-/color-convert-2.0.1.tgz
    [200] https://registry.npmjs.org/postcss/-/postcss-8.5.6.tgz
    [200] https://registry.npmjs.org/browserslist/-/browserslist-4.28.1.tgz
    [200] https://registry.npmjs.org/caniuse-lite/-/caniuse-lite-1.0.30001759.tgz
    [200] https://registry.npmjs.org/zod-validation-error/-/zod-validation-error-4.0.2.tgz
    [200] https://registry.npmjs.org/mime-db/-/mime-db-1.52.0.tgz
    [200] https://registry.npmjs.org/flat-cache/-/flat-cache-4.0.1.tgz
    [200] https://registry.npmjs.org/levn/-/levn-0.4.1.tgz
    [200] https://registry.npmjs.org/p-locate/-/p-locate-5.0.0.tgz
    [200] https://registry.npmjs.org/tinyglobby/-/tinyglobby-0.2.15.tgz
    [200] https://registry.npmjs.org/yocto-queue/-/yocto-queue-0.1.0.tgz
    [200] https://registry.npmjs.org/proxy-from-env/-/proxy-from-env-1.1.0.tgz
    [200] https://registry.npmjs.org/@types/estree/-/estree-1.0.8.tgz
    [200] https://registry.npmjs.org/@types/babel__traverse/-/babel__traverse-7.28.0.tgz
    [200] https://registry.npmjs.org/@jridgewell/sourcemap-codec/-/sourcemap-codec-1.5.5.tgz
    [200] https://registry.npmjs.org/node-releases/-/node-releases-2.0.27.tgz
    [EXCLUDED] https://registry.npmjs.org/@esbuild/netbsd-x64/-/netbsd-x64-0.25.12.tgz
    [EXCLUDED] https://registry.npmjs.org/@esbuild/win32-arm64/-/win32-arm64-0.25.12.tgz
    [200] https://registry.npmjs.org/update-browserslist-db/-/update-browserslist-db-1.2.1.tgz
    [200] https://registry.npmjs.org/source-map-js/-/source-map-js-1.2.1.tgz
    [200] https://registry.npmjs.org/is-extglob/-/is-extglob-2.1.1.tgz
    [200] https://registry.npmjs.org/typescript-eslint/-/typescript-eslint-8.48.1.tgz
    [EXCLUDED] https://registry.npmjs.org/@esbuild/openbsd-arm64/-/openbsd-arm64-0.25.12.tgz
    [200] https://registry.npmjs.org/convert-source-map/-/convert-source-map-2.0.0.tgz
    [200] https://registry.npmjs.org/math-intrinsics/-/math-intrinsics-1.1.0.tgz
    [200] https://registry.npmjs.org/hermes-parser/-/hermes-parser-0.25.1.tgz
    [200] https://registry.npmjs.org/esrecurse/-/esrecurse-4.3.0.tgz
    [200] https://registry.npmjs.org/is-glob/-/is-glob-4.0.3.tgz
    [200] https://registry.npmjs.org/semver/-/semver-6.3.1.tgz
    [200] https://registry.npmjs.org/@types/babel__generator/-/babel__generator-7.27.0.tgz
    [EXCLUDED] https://registry.npmjs.org/@esbuild/openbsd-x64/-/openbsd-x64-0.25.12.tgz
    [200] https://registry.npmjs.org/@rollup/rollup-linux-arm64-gnu/-/rollup-linux-arm64-gnu-4.53.3.tgz
    [200] https://registry.npmjs.org/@typescript-eslint/parser/-/parser-8.48.1.tgz
    [200] https://registry.npmjs.org/@babel/helper-validator-identifier/-/helper-validator-identifier-7.28.5.tgz
    [200] https://registry.npmjs.org/@eslint/plugin-kit/-/plugin-kit-0.4.1.tgz
    [200] https://registry.npmjs.org/@rollup/rollup-linux-s390x-gnu/-/rollup-linux-s390x-gnu-4.53.3.tgz
    [200] https://registry.npmjs.org/color-name/-/color-name-1.1.4.tgz
    [200] https://registry.npmjs.org/fast-levenshtein/-/fast-levenshtein-2.0.6.tgz
    [200] https://registry.npmjs.org/optionator/-/optionator-0.9.4.tgz
    [EXCLUDED] https://registry.npmjs.org/@esbuild/linux-x64/-/linux-x64-0.25.12.tgz
    [200] https://registry.npmjs.org/acorn-jsx/-/acorn-jsx-5.3.2.tgz
    [200] https://registry.npmjs.org/has-flag/-/has-flag-4.0.0.tgz
    [200] https://registry.npmjs.org/@babel/types/-/types-7.28.5.tgz
    [200] https://registry.npmjs.org/@types/babel__core/-/babel__core-7.20.5.tgz
    [200] https://registry.npmjs.org/react-refresh/-/react-refresh-0.18.0.tgz
    [200] https://registry.npmjs.org/form-data/-/form-data-4.0.5.tgz
    [200] https://registry.npmjs.org/parent-module/-/parent-module-1.0.1.tgz
    [200] https://registry.npmjs.org/scheduler/-/scheduler-0.27.0.tgz
    [200] https://registry.npmjs.org/@typescript-eslint/types/-/types-8.48.1.tgz
    [200] https://registry.npmjs.org/@babel/template/-/template-7.27.2.tgz
    [200] https://registry.npmjs.org/gensync/-/gensync-1.0.0-beta.2.tgz
    [EXCLUDED] https://registry.npmjs.org/@esbuild/android-arm64/-/android-arm64-0.25.12.tgz
    [200] https://registry.npmjs.org/@humanfs/core/-/core-0.19.1.tgz
    [200] https://registry.npmjs.org/combined-stream/-/combined-stream-1.0.8.tgz
    [200] https://registry.npmjs.org/baseline-browser-mapping/-/baseline-browser-mapping-2.9.0.tgz
    [200] https://registry.npmjs.org/@humanwhocodes/module-importer/-/module-importer-1.0.1.tgz
    [200] https://registry.npmjs.org/p-limit/-/p-limit-3.1.0.tgz
    [200] https://registry.npmjs.org/isexe/-/isexe-2.0.0.tgz
    [200] https://registry.npmjs.org/@babel/plugin-transform-react-jsx-self/-/plugin-transform-react-jsx-self-7.27.1.tgz
    [200] https://registry.npmjs.org/path-exists/-/path-exists-4.0.0.tgz
    [200] https://registry.npmjs.org/@typescript-eslint/type-utils/-/type-utils-8.48.1.tgz
    [200] https://registry.npmjs.org/brace-expansion/-/brace-expansion-2.0.2.tgz
    [200] https://registry.npmjs.org/eslint-scope/-/eslint-scope-8.4.0.tgz
    [200] https://registry.npmjs.org/mime-types/-/mime-types-2.1.35.tgz
    [200] https://registry.npmjs.org/@typescript-eslint/tsconfig-utils/-/tsconfig-utils-8.48.1.tgz
    [200] https://registry.npmjs.org/uri-js/-/uri-js-4.4.1.tgz
    [200] https://registry.npmjs.org/@eslint/eslintrc/-/eslintrc-3.3.3.tgz
    [EXCLUDED] https://registry.npmjs.org/@esbuild/linux-loong64/-/linux-loong64-0.25.12.tgz
    [200] https://registry.npmjs.org/@babel/code-frame/-/code-frame-7.27.1.tgz
    [200] https://registry.npmjs.org/@babel/parser/-/parser-7.28.5.tgz
    [200] https://registry.npmjs.org/@typescript-eslint/visitor-keys/-/visitor-keys-8.48.1.tgz
    [200] https://registry.npmjs.org/@jridgewell/remapping/-/remapping-2.3.5.tgz
    [200] https://registry.npmjs.org/callsites/-/callsites-3.1.0.tgz
    [EXCLUDED] https://registry.npmjs.org/@esbuild/aix-ppc64/-/aix-ppc64-0.25.12.tgz
    [200] https://opencollective.com/babel
    [200] https://registry.npmjs.org/csstype/-/csstype-3.2.3.tgz
    [200] https://registry.npmjs.org/js-tokens/-/js-tokens-4.0.0.tgz
    [200] https://registry.npmjs.org/ts-api-utils/-/ts-api-utils-2.1.0.tgz
    [200] https://registry.npmjs.org/@rollup/rollup-darwin-arm64/-/rollup-darwin-arm64-4.53.3.tgz
    [EXCLUDED] https://registry.npmjs.org/@esbuild/win32-x64/-/win32-x64-0.25.12.tgz
    [200] https://registry.npmjs.org/@babel/helper-string-parser/-/helper-string-parser-7.27.1.tgz
    [200] https://registry.npmjs.org/function-bind/-/function-bind-1.1.2.tgz
    [EXCLUDED] https://registry.npmjs.org/@esbuild/freebsd-arm64/-/freebsd-arm64-0.25.12.tgz
    [200] https://registry.npmjs.org/ansi-styles/-/ansi-styles-4.3.0.tgz
    [200] https://registry.npmjs.org/argparse/-/argparse-2.0.1.tgz
    [EXCLUDED] https://registry.npmjs.org/@esbuild/openharmony-arm64/-/openharmony-arm64-0.25.12.tgz
    [200] https://registry.npmjs.org/@humanwhocodes/retry/-/retry-0.4.3.tgz
    [200] https://registry.npmjs.org/@jridgewell/trace-mapping/-/trace-mapping-0.3.31.tgz
    [200] https://registry.npmjs.org/ajv/-/ajv-6.12.6.tgz
    [200] https://registry.npmjs.org/es-errors/-/es-errors-1.3.0.tgz
    [200] https://registry.npmjs.org/@babel/helper-compilation-targets/-/helper-compilation-targets-7.27.2.tgz
    [200] https://registry.npmjs.org/chalk/-/chalk-4.1.2.tgz
    [200] https://registry.npmjs.org/@rollup/rollup-linux-loong64-gnu/-/rollup-linux-loong64-gnu-4.53.3.tgz
    [200] https://github.com/chalk/chalk?sponsor=1
    [EXCLUDED] https://registry.npmjs.org/@esbuild/linux-arm/-/linux-arm-0.25.12.tgz
    [200] https://registry.npmjs.org/zod/-/zod-4.1.13.tgz
    [200] https://registry.npmjs.org/has-symbols/-/has-symbols-1.1.0.tgz
    [200] https://registry.npmjs.org/@eslint/config-array/-/config-array-0.21.1.tgz
    [200] https://registry.npmjs.org/ignore/-/ignore-7.0.5.tgz
    [200] https://registry.npmjs.org/dunder-proto/-/dunder-proto-1.0.1.tgz
    [200] https://registry.npmjs.org/lru-cache/-/lru-cache-5.1.1.tgz
    [200] https://registry.npmjs.org/json5/-/json5-2.2.3.tgz
    [200] https://registry.npmjs.org/picomatch/-/picomatch-4.0.3.tgz
    [200] https://registry.npmjs.org/es-object-atoms/-/es-object-atoms-1.1.1.tgz
    [200] https://github.com/sponsors/RubenVerborgh
    [200] https://registry.npmjs.org/esquery/-/esquery-1.6.0.tgz
    [200] https://registry.npmjs.org/typescript/-/typescript-5.9.3.tgz
    [200] https://registry.npmjs.org/react/-/react-19.2.1.tgz
    [200] https://registry.npmjs.org/eslint-plugin-react-refresh/-/eslint-plugin-react-refresh-0.4.24.tgz
    [200] https://registry.npmjs.org/hermes-estree/-/hermes-estree-0.25.1.tgz
    [200] https://registry.npmjs.org/gopd/-/gopd-1.2.0.tgz
    [200] https://registry.npmjs.org/locate-path/-/locate-path-6.0.0.tgz
    [200] https://registry.npmjs.org/@rollup/rollup-win32-x64-gnu/-/rollup-win32-x64-gnu-4.53.3.tgz
    [200] https://tidelift.com/funding/github/npm/postcss
    [200] https://registry.npmjs.org/@babel/generator/-/generator-7.28.5.tgz
    [200] https://registry.npmjs.org/@eslint-community/regexpp/-/regexpp-4.12.2.tgz
    [200] https://registry.npmjs.org/@jridgewell/resolve-uri/-/resolve-uri-3.1.2.tgz
    [200] https://registry.npmjs.org/@types/react-dom/-/react-dom-19.2.3.tgz
    [200] https://registry.npmjs.org/acorn/-/acorn-8.15.0.tgz
    [200] https://registry.npmjs.org/@typescript-eslint/typescript-estree/-/typescript-estree-8.48.1.tgz
    [200] https://registry.npmjs.org/shebang-command/-/shebang-command-2.0.0.tgz
    [200] https://registry.npmjs.org/@rollup/rollup-linux-arm-musleabihf/-/rollup-linux-arm-musleabihf-4.53.3.tgz
    [EXCLUDED] https://registry.npmjs.org/@esbuild/netbsd-arm64/-/netbsd-arm64-0.25.12.tgz
    [200] https://github.com/sponsors/ai
    [200] https://registry.npmjs.org/eslint-visitor-keys/-/eslint-visitor-keys-4.2.1.tgz
    [200] https://registry.npmjs.org/import-fresh/-/import-fresh-3.3.1.tgz
    [200] https://registry.npmjs.org/brace-expansion/-/brace-expansion-1.1.12.tgz
    [200] https://registry.npmjs.org/@eslint-community/eslint-utils/-/eslint-utils-4.9.0.tgz
    [200] https://registry.npmjs.org/@babel/traverse/-/traverse-7.28.5.tgz
    [200] https://registry.npmjs.org/deep-is/-/deep-is-0.1.4.tgz
    [200] https://registry.npmjs.org/semver/-/semver-7.7.3.tgz
    [200] https://registry.npmjs.org/undici-types/-/undici-types-7.16.0.tgz
    [200] https://registry.npmjs.org/@humanfs/node/-/node-0.16.7.tgz
    [200] https://registry.npmjs.org/@jridgewell/gen-mapping/-/gen-mapping-0.3.13.tgz
    [200] https://registry.npmjs.org/@rollup/rollup-freebsd-x64/-/rollup-freebsd-x64-4.53.3.tgz
    [200] https://registry.npmjs.org/jsesc/-/jsesc-3.1.0.tgz
    [200] https://registry.npmjs.org/fast-json-stable-stringify/-/fast-json-stable-stringify-2.1.0.tgz
    [200] https://registry.npmjs.org/@typescript-eslint/scope-manager/-/scope-manager-8.48.1.tgz
    [200] https://registry.npmjs.org/type-check/-/type-check-0.4.0.tgz
    [200] https://registry.npmjs.org/get-intrinsic/-/get-intrinsic-1.3.0.tgz
    [200] https://registry.npmjs.org/path-key/-/path-key-3.1.1.tgz
    [200] https://registry.npmjs.org/esutils/-/esutils-2.0.3.tgz
    [200] https://registry.npmjs.org/@rollup/rollup-linux-riscv64-musl/-/rollup-linux-riscv64-musl-4.53.3.tgz
    [200] https://registry.npmjs.org/@rollup/rollup-win32-arm64-msvc/-/rollup-win32-arm64-msvc-4.53.3.tgz
    [EXCLUDED] https://registry.npmjs.org/esbuild/-/esbuild-0.25.12.tgz
    [200] https://opencollective.com/typescript-eslint
    [200] https://registry.npmjs.org/shebang-regex/-/shebang-regex-3.0.0.tgz
    [200] https://registry.npmjs.org/graphemer/-/graphemer-1.4.0.tgz
    [200] https://registry.npmjs.org/json-buffer/-/json-buffer-3.0.1.tgz
    [200] https://registry.npmjs.org/yallist/-/yallist-3.1.1.tgz
    [200] https://registry.npmjs.org/@rollup/rollup-linux-arm-gnueabihf/-/rollup-linux-arm-gnueabihf-4.53.3.tgz
    [200] https://registry.npmjs.org/ms/-/ms-2.1.3.tgz
    [200] https://registry.npmjs.org/keyv/-/keyv-4.5.4.tgz
    [200] https://github.com/chalk/ansi-styles?sponsor=1
    [200] https://registry.npmjs.org/minimatch/-/minimatch-3.1.2.tgz
    [200] https://registry.npmjs.org/@vitejs/plugin-react/-/plugin-react-5.1.1.tgz
    [EXCLUDED] https://registry.npmjs.org/@esbuild/android-arm/-/android-arm-0.25.12.tgz
    [EXCLUDED] https://registry.npmjs.org/@esbuild/linux-riscv64/-/linux-riscv64-0.25.12.tgz
    [200] https://registry.npmjs.org/@rollup/rollup-win32-ia32-msvc/-/rollup-win32-ia32-msvc-4.53.3.tgz
    [200] https://tidelift.com/funding/github/npm/browserslist
    [200] https://registry.npmjs.org/@babel/core/-/core-7.28.5.tgz
    [EXCLUDED] https://registry.npmjs.org/@esbuild/darwin-arm64/-/darwin-arm64-0.25.12.tgz
    [200] https://registry.npmjs.org/follow-redirects/-/follow-redirects-1.15.11.tgz
    [200] https://registry.npmjs.org/flatted/-/flatted-3.3.3.tgz
    [200] https://registry.npmjs.org/call-bind-apply-helpers/-/call-bind-apply-helpers-1.0.2.tgz
    [200] https://registry.npmjs.org/@types/json-schema/-/json-schema-7.0.15.tgz
    [200] https://registry.npmjs.org/json-stable-stringify-without-jsonify/-/json-stable-stringify-without-jsonify-1.0.1.tgz
    [200] https://registry.npmjs.org/electron-to-chromium/-/electron-to-chromium-1.5.264.tgz
    [200] https://registry.npmjs.org/minimatch/-/minimatch-9.0.5.tgz
    [200] https://registry.npmjs.org/@babel/helper-plugin-utils/-/helper-plugin-utils-7.27.1.tgz
    [200] https://github.com/sponsors/ljharb
    [200] https://registry.npmjs.org/@eslint/core/-/core-0.17.0.tgz
    [200] https://registry.npmjs.org/debug/-/debug-4.4.3.tgz
    [EXCLUDED] https://registry.npmjs.org/@esbuild/darwin-x64/-/darwin-x64-0.25.12.tgz
    [200] https://github.com/sponsors/isaacs
    [200] https://registry.npmjs.org/@rollup/rollup-freebsd-arm64/-/rollup-freebsd-arm64-4.53.3.tgz
    [200] https://registry.npmjs.org/@types/node/-/node-24.10.1.tgz
    [200] https://registry.npmjs.org/get-proto/-/get-proto-1.0.1.tgz
    [200] https://registry.npmjs.org/find-up/-/find-up-5.0.0.tgz
    [200] https://registry.npmjs.org/@rollup/rollup-openharmony-arm64/-/rollup-openharmony-arm64-4.53.3.tgz
    [200] https://registry.npmjs.org/punycode/-/punycode-2.3.1.tgz
    [200] https://registry.npmjs.org/file-entry-cache/-/file-entry-cache-8.0.0.tgz
    [200] https://registry.npmjs.org/which/-/which-2.0.2.tgz
    [200] https://registry.npmjs.org/@rollup/rollup-linux-ppc64-gnu/-/rollup-linux-ppc64-gnu-4.53.3.tgz
    [200] https://registry.npmjs.org/@rollup/rollup-win32-x64-msvc/-/rollup-win32-x64-msvc-4.53.3.tgz
    [200] https://registry.npmjs.org/json-schema-traverse/-/json-schema-traverse-0.4.1.tgz
    [200] https://registry.npmjs.org/eslint-plugin-react-hooks/-/eslint-plugin-react-hooks-7.0.1.tgz
    [200] https://registry.npmjs.org/rollup/-/rollup-4.53.3.tgz
    [200] https://registry.npmjs.org/ignore/-/ignore-5.3.2.tgz
    [200] https://registry.npmjs.org/@typescript-eslint/utils/-/utils-8.48.1.tgz
    [200] https://registry.npmjs.org/es-define-property/-/es-define-property-1.0.1.tgz
    [200] https://registry.npmjs.org/fsevents/-/fsevents-2.3.3.tgz
    [200] https://registry.npmjs.org/@babel/plugin-transform-react-jsx-source/-/plugin-transform-react-jsx-source-7.27.1.tgz
    [200] https://registry.npmjs.org/globals/-/globals-14.0.0.tgz
    [EXCLUDED] https://registry.npmjs.org/@esbuild/win32-ia32/-/win32-ia32-0.25.12.tgz
    [200] https://registry.npmjs.org/supports-color/-/supports-color-7.2.0.tgz
    [200] https://registry.npmjs.org/@rollup/rollup-darwin-x64/-/rollup-darwin-x64-4.53.3.tgz
    [200] https://github.com/sponsors/jonschlinkert
    [200] https://registry.npmjs.org/axios/-/axios-1.13.2.tgz
    [200] https://registry.npmjs.org/@babel/helpers/-/helpers-7.28.4.tgz
    [200] https://registry.npmjs.org/@rollup/rollup-android-arm-eabi/-/rollup-android-arm-eabi-4.53.3.tgz
    [200] https://registry.npmjs.org/@types/react/-/react-19.2.7.tgz
    [200] https://registry.npmjs.org/asynckit/-/asynckit-0.4.0.tgz
    [200] https://github.com/sponsors/epoberezkin
    [200] https://registry.npmjs.org/@babel/helper-module-transforms/-/helper-module-transforms-7.28.3.tgz
    [200] https://registry.npmjs.org/escape-string-regexp/-/escape-string-regexp-4.0.0.tgz
    [200] https://registry.npmjs.org/cross-spawn/-/cross-spawn-7.0.6.tgz
    [200] https://github.com/vitejs/vite?sponsor=1
    [200] https://registry.npmjs.org/@rollup/rollup-linux-arm64-musl/-/rollup-linux-arm64-musl-4.53.3.tgz
    [200] https://registry.npmjs.org/@typescript-eslint/eslint-plugin/-/eslint-plugin-8.48.1.tgz
    [200] https://registry.npmjs.org/nanoid/-/nanoid-3.3.11.tgz
    [200] https://registry.npmjs.org/espree/-/espree-10.4.0.tgz
    [200] https://registry.npmjs.org/@eslint/js/-/js-9.39.1.tgz
    [EXCLUDED] https://registry.npmjs.org/@esbuild/linux-ia32/-/linux-ia32-0.25.12.tgz
    [200] https://registry.npmjs.org/vite/-/vite-7.2.6.tgz
    [200] https://registry.npmjs.org/lodash.merge/-/lodash.merge-4.6.2.tgz
    [200] https://registry.npmjs.org/@babel/helper-globals/-/helper-globals-7.28.0.tgz
    [200] https://registry.npmjs.org/@rollup/rollup-linux-x64-musl/-/rollup-linux-x64-musl-4.53.3.tgz
    [200] https://registry.npmjs.org/es-set-tostringtag/-/es-set-tostringtag-2.1.0.tgz
    [200] https://registry.npmjs.org/eslint/-/eslint-9.39.1.tgz
    [200] https://registry.npmjs.org/imurmurhash/-/imurmurhash-0.1.4.tgz
    [200] https://registry.npmjs.org/@rollup/rollup-linux-riscv64-gnu/-/rollup-linux-riscv64-gnu-4.53.3.tgz
    [200] https://registry.npmjs.org/hasown/-/hasown-2.0.2.tgz
    [200] https://registry.npmjs.org/fast-deep-equal/-/fast-deep-equal-3.1.3.tgz
    [200] https://registry.npmjs.org/escalade/-/escalade-3.2.0.tgz
    [200] https://registry.npmjs.org/@types/babel__template/-/babel__template-7.4.4.tgz
    [200] https://registry.npmjs.org/@eslint/object-schema/-/object-schema-2.1.7.tgz
    [EXCLUDED] https://registry.npmjs.org/@esbuild/linux-ppc64/-/linux-ppc64-0.25.12.tgz
    [200] https://registry.npmjs.org/@rollup/rollup-linux-x64-gnu/-/rollup-linux-x64-gnu-4.53.3.tgz
    [200] https://registry.npmjs.org/glob-parent/-/glob-parent-6.0.2.tgz
    [200] https://registry.npmjs.org/strip-json-comments/-/strip-json-comments-3.1.1.tgz
    [200] https://registry.npmjs.org/estraverse/-/estraverse-5.3.0.tgz
    [200] https://registry.npmjs.org/@rolldown/pluginutils/-/pluginutils-1.0.0-beta.47.tgz
    [EXCLUDED] https://registry.npmjs.org/@esbuild/android-x64/-/android-x64-0.25.12.tgz
    [200] https://registry.npmjs.org/@babel/helper-module-imports/-/helper-module-imports-7.27.1.tgz
    [200] https://registry.npmjs.org/fdir/-/fdir-6.5.0.tgz
    [EXCLUDED] https://registry.npmjs.org/@esbuild/linux-mips64el/-/linux-mips64el-0.25.12.tgz
    [200] https://registry.npmjs.org/resolve-from/-/resolve-from-4.0.0.tgz
    [200] https://tidelift.com/funding/github/npm/caniuse-lite
    [200] https://registry.npmjs.org/picocolors/-/picocolors-1.1.1.tgz
    [EXCLUDED] https://registry.npmjs.org/@esbuild/linux-arm64/-/linux-arm64-0.25.12.tgz
    [200] https://registry.npmjs.org/react-dom/-/react-dom-19.2.1.tgz
    [200] https://registry.npmjs.org/@babel/helper-validator-option/-/helper-validator-option-7.27.1.tgz
    [200] https://registry.npmjs.org/delayed-stream/-/delayed-stream-1.0.0.tgz
    [200] https://registry.npmjs.org/@rollup/rollup-android-arm64/-/rollup-android-arm64-4.53.3.tgz
    [200] https://registry.npmjs.org/eslint-visitor-keys/-/eslint-visitor-keys-3.4.3.tgz
    [200] https://registry.npmjs.org/globals/-/globals-16.5.0.tgz
    [200] https://registry.npmjs.org/natural-compare/-/natural-compare-1.4.0.tgz
    [200] https://registry.npmjs.org/balanced-match/-/balanced-match-1.0.2.tgz
    [200] https://registry.npmjs.org/prelude-ls/-/prelude-ls-1.2.1.tgz
    [200] https://registry.npmjs.org/word-wrap/-/word-wrap-1.2.5.tgz
    [200] https://registry.npmjs.org/has-tostringtag/-/has-tostringtag-1.0.2.tgz
    [200] https://eslint.org/donate
    [200] https://registry.npmjs.org/js-yaml/-/js-yaml-4.1.1.tgz
    [200] https://registry.npmjs.org/@typescript-eslint/project-service/-/project-service-8.48.1.tgz
    [200] https://registry.npmjs.org/@babel/compat-data/-/compat-data-7.28.5.tgz
    [200] https://github.com/sponsors/SuperchupuDev
    [200] https://registry.npmjs.org/@eslint/config-helpers/-/config-helpers-0.4.2.tgz
    [200] https://opencollective.com/browserslist
    [200] https://github.com/sponsors/sindresorhus
    [200] https://github.com/sponsors/colinhacks
    [200] https://github.com/sponsors/nzakas
    [200] https://opencollective.com/eslint
    [200] https://opencollective.com/postcss/
    Error: Cannot write status output to file
    
    Caused by:
        No such file or directory (os error 2)

❌ [ERROR] dashboard-app/package.json
    Error: Cannot write status output to file
    
    Caused by:
        No such file or directory (os error 2)

❌ [ERROR] dashboard-app/public/achievements/achievements.json
    Error: Cannot write status output to file
    
    Caused by:
        No such file or directory (os error 2)

❌ [ERROR] dashboard-app/public/ai/identity.json
    Error: Cannot write status output to file
    
    Caused by:
        No such file or directory (os error 2)

❌ [ERROR] dashboard-app/public/config/theme.json
    Error: Cannot write status output to file
    
    Caused by:
        No such file or directory (os error 2)

❌ [ERROR] dashboard-app/public/developer/stats.json
    [200] https://avatars.githubusercontent.com/u/14865041?v=4
    Error: Cannot write status output to file
    
    Caused by:
        No such file or directory (os error 2)

❌ [ERROR] dashboard-app/public/location/location.json
    Error: Cannot write status output to file
    
    Caused by:
        No such file or directory (os error 2)

❌ [ERROR] dashboard-app/public/oura/metrics.json
    [EXCLUDED] mailto:szmyty@gmail.com
    Error: Cannot write status output to file
    
    Caused by:
        No such file or directory (os error 2)

❌ [ERROR] dashboard-app/public/oura/mood.json
    Error: Cannot write status output to file
    
    Caused by:
        No such file or directory (os error 2)

❌ [ERROR] dashboard-app/public/soundcloud/latest.json
    [200] https://soundcloud.com/example/midnight-vibes
    Error: Cannot write status output to file
    
    Caused by:
        No such file or directory (os error 2)

❌ [ERROR] dashboard-app/public/weather/weather.json
    Error: Cannot write status output to file
    
    Caused by:
        No such file or directory (os error 2)

❌ [ERROR] dashboard-app/tsconfig.app.json
    Error: Cannot write status output to file
    
    Caused by:
        No such file or directory (os error 2)

❌ [ERROR] dashboard-app/tsconfig.json
    Error: Cannot write status output to file
    
    Caused by:
        No such file or directory (os error 2)

❌ [ERROR] dashboard-app/tsconfig.node.json
    Error: Cannot write status output to file
    
    Caused by:
        No such file or directory (os error 2)

❌ [ERROR] data/metrics/developer.json
    Error: Cannot write status output to file
    
    Caused by:
        No such file or directory (os error 2)

❌ [ERROR] data/metrics/location.json
    Error: Cannot write status output to file
    
    Caused by:
        No such file or directory (os error 2)

❌ [ERROR] data/metrics/oura.json
    Error: Cannot write status output to file
    
    Caused by:
        No such file or directory (os error 2)

❌ [ERROR] data/metrics/parallel-fetch.json
    Error: Cannot write status output to file
    
    Caused by:
        No such file or directory (os error 2)

❌ [ERROR] data/metrics/soundcloud.json
    Error: Cannot write status output to file
    
    Caused by:
        No such file or directory (os error 2)

❌ [ERROR] data/metrics/test-workflow.json
    Error: Cannot write status output to file
    
    Caused by:
        No such file or directory (os error 2)

❌ [ERROR] data/metrics/weather.json
    Error: Cannot write status output to file
    
    Caused by:
        No such file or directory (os error 2)

❌ [ERROR] data/mock/README.md
    [EXCLUDED] file://schemas/developer-stats.schema.json
    [EXCLUDED] file://schemas/weather.schema.json
    [EXCLUDED] file://schemas/oura-metrics.schema.json
    [EXCLUDED] file://schemas/soundcloud-track.schema.json
    Error: Cannot write status output to file
    
    Caused by:
        No such file or directory (os error 2)

❌ [ERROR] data/mock/developer-stats.json
    [404] https://github.com/identicons/mockdev.png | Network error: Not Found
    Error: Cannot write status output to file
    
    Caused by:
        No such file or directory (os error 2)

❌ [ERROR] data/mock/oura-metrics.json
    [EXCLUDED] mailto:mock@example.com
    Error: Cannot write status output to file
    
    Caused by:
        No such file or directory (os error 2)

❌ [ERROR] data/mock/soundcloud-metadata.json
    [200] https://soundcloud.com/mock-artist/mock-track
    Error: Cannot write status output to file
    
    Caused by:
        No such file or directory (os error 2)

❌ [ERROR] data/mock/weather.json
    Error: Cannot write status output to file
    
    Caused by:
        No such file or directory (os error 2)

❌ [ERROR] data/quotes/quotes.json
    Error: Cannot write status output to file
    
    Caused by:
        No such file or directory (os error 2)

❌ [ERROR] data/snapshots/README.md
    Error: Cannot write status output to file
    
    Caused by:
        No such file or directory (os error 2)

❌ [ERROR] data/snapshots/daily/2025/12/2025-12-03.json
    Error: Cannot write status output to file
    
    Caused by:
        No such file or directory (os error 2)

❌ [ERROR] data/snapshots/monthly/2025-12.json
    Error: Cannot write status output to file
    
    Caused by:
        No such file or directory (os error 2)

❌ [ERROR] data/snapshots/weekly/2025-W49.json
    Error: Cannot write status output to file
    
    Caused by:
        No such file or directory (os error 2)

❌ [ERROR] data/timezone.json
    Error: Cannot write status output to file
    
    Caused by:
        No such file or directory (os error 2)

❌ [ERROR] developer/stats.json
    [200] https://avatars.githubusercontent.com/u/14865041?v=4
    Error: Cannot write status output to file
    
    Caused by:
        No such file or directory (os error 2)

❌ [ERROR] docs/API_RESILIENCE.md
    [200] https://martinfowler.com/bliki/CircuitBreaker.html
    [200] https://developer.mozilla.org/en-US/docs/Web/HTTP/Status/429
    [200] https://cloud.google.com/architecture/rate-limiting-strategies-techniques
    Error: Cannot write status output to file
    
    Caused by:
        No such file or directory (os error 2)

❌ [ERROR] docs/API_TIMEOUT_RETRY_GUIDE.md
    [200] https://en.wikipedia.org/wiki/Exponential_backoff
    [200] https://curl.se/docs/manpage.html#-m
    [200] https://operations.osmfoundation.org/policies/nominatim/
    Error: Cannot write status output to file
    
    Caused by:
        No such file or directory (os error 2)

❌ [ERROR] docs/CACHING_BENCHMARKS.md
    [EXCLUDED] file://docs/WORKFLOW_CACHING.md
    [EXCLUDED] file://.github/actions/pip-install/README.md
    [EXCLUDED] file://.github/actions/setup-environment/README.md
    Error: Cannot write status output to file
    
    Caused by:
        No such file or directory (os error 2)

❌ [ERROR] docs/CACHING_QUICK_REFERENCE.md
    [EXCLUDED] file://docs/WORKFLOW_CACHING.md
    [EXCLUDED] file://.github/actions/pip-install/README.md
    [EXCLUDED] file://docs/CACHING_BENCHMARKS.md
    [EXCLUDED] file://.github/actions/setup-environment/README.md
    Error: Cannot write status output to file
    
    Caused by:
        No such file or directory (os error 2)

❌ [ERROR] docs/INTEGRATION_EXAMPLE.md
    [EXCLUDED] file://docs/WORKFLOWS.md
    [EXCLUDED] file://docs/OPTIMIZATION_GUIDE.md
    [EXCLUDED] file://docs/MONITORING.md
    Error: Cannot write status output to file
    
    Caused by:
        No such file or directory (os error 2)

❌ [ERROR] docs/LOCATION_CARD_CHANGES.md
    Error: Cannot write status output to file
    
    Caused by:
        No such file or directory (os error 2)

❌ [ERROR] docs/MONITORING.md
    [EXCLUDED] file://docs/WORKFLOWS.md
    [EXCLUDED] file://docs/OPTIMIZATION_GUIDE.md
    [EXCLUDED] file://docs/TROUBLESHOOTING.md
    [EXCLUDED] file://README.md#development
    Error: Cannot write status output to file
    
    Caused by:
        No such file or directory (os error 2)

❌ [ERROR] docs/OPTIMIZATION_GUIDE.md
    [200] https://docs.github.com/en/actions/using-workflows/caching-dependencies-to-speed-up-workflows
    [200] https://github.com/svg/svgo
    [200] https://github.com/actions/setup-python
    Error: Cannot write status output to file
    
    Caused by:
        No such file or directory (os error 2)

❌ [ERROR] docs/README_LAYOUT_BEFORE_AFTER.md
    [EXCLUDED] file://footer/README.md
    [EXCLUDED] file://logs/markdown_audit/invalid_html.txt
    [EXCLUDED] file://docs/README_LAYOUT_CHANGELOG.md
    [EXCLUDED] file://docs/markdown_valid_elements.md
    Error: Cannot write status output to file
    
    Caused by:
        No such file or directory (os error 2)

❌ [ERROR] docs/README_LAYOUT_CHANGELOG.md
    [EXCLUDED] file://docs/markdown_valid_elements.md
    [EXCLUDED] file://footer/README.md
    [EXCLUDED] file://logs/markdown_audit/invalid_html.txt
    [EXCLUDED] file://README.md
    Error: Cannot write status output to file
    
    Caused by:
        No such file or directory (os error 2)

❌ [ERROR] docs/README_SECTION_CHANGES.md
    [EXCLUDED] file://docs/README_SECTION_CHANGES.md#about-me
    [EXCLUDED] file://docs/README_SECTION_CHANGES.md#developer-experience
    [EXCLUDED] file://docs/README_SECTION_CHANGES.md#dashboard-cards
    [EXCLUDED] file://docs/README_SECTION_CHANGES.md#hero-section
    [EXCLUDED] file://docs/README_SECTION_CHANGES.md#system-status
    [EXCLUDED] file://docs/README_SECTION_CHANGES.md#performance--monitoring
    [EXCLUDED] file://docs/README_SECTION_CHANGES.md#development
    [EXCLUDED] file://docs/README_SECTION_CHANGES.md#footer
    [EXCLUDED] file://docs/README_LAYOUT_CHANGELOG.md
    [EXCLUDED] file://docs/README_LAYOUT_BEFORE_AFTER.md
    [EXCLUDED] file://docs/markdown_valid_elements.md
    [EXCLUDED] file://docs/README_SECTION_CHANGES.md#logs
    Error: Cannot write status output to file
    
    Caused by:
        No such file or directory (os error 2)

❌ [ERROR] docs/RELEASES.md
    [200] https://keepachangelog.com/
    [200] https://semver.org/
    [200] https://www.conventionalcommits.org/
    [200] https://github.com/szmyty/profile/actions
    Error: Cannot write status output to file
    
    Caused by:
        No such file or directory (os error 2)

❌ [ERROR] docs/ROBUSTNESS_IMPROVEMENTS.md
    Error: Cannot write status output to file
    
    Caused by:
        No such file or directory (os error 2)

❌ [ERROR] docs/TROUBLESHOOTING.md
    [EXCLUDED] file://docs/TROUBLESHOOTING.md#themejson-errors
    [EXCLUDED] file://docs/TROUBLESHOOTING.md#timeout-handling
    [EXCLUDED] file://docs/TROUBLESHOOTING.md#invalid-json-errors
    [EXCLUDED] file://docs/API_TIMEOUT_RETRY_GUIDE.md
    [EXCLUDED] file://docs/TROUBLESHOOTING.md#missing-schema-validation
    [EXCLUDED] file://docs/TROUBLESHOOTING.md#missing-keys-in-data
    [EXCLUDED] file://docs/ROBUSTNESS_IMPROVEMENTS.md
    [EXCLUDED] file://docs/workflows.md
    [EXCLUDED] file://docs/TROUBLESHOOTING.md#workflow-concurrency-collisions
    [EXCLUDED] file://docs/MONITORING.md
    [EXCLUDED] file://docs/TROUBLESHOOTING.md#rate-limiting-issues
    [EXCLUDED] file://docs/TROUBLESHOOTING.md#external-api-failures
    [200] https://docs.github.com/en/actions
    [200] https://stedolan.github.io/jq/manual/
    [200] https://curl.se/docs/manpage.html
    [200] https://open-meteo.com/en/docs
    [200] https://operations.osmfoundation.org/policies/nominatim/
    [200] https://cloud.ouraring.com/docs
    [200] https://cloud.ouraring.com/personal-access-tokens
    Error: Cannot write status output to file
    
    Caused by:
        No such file or directory (os error 2)

❌ [ERROR] docs/UNIFIED_WORKFLOW_MIGRATION.md
    [EXCLUDED] file://.github/workflows/_archive/README.md
    [EXCLUDED] file://docs/TROUBLESHOOTING.md
    [EXCLUDED] file://docs/MONITORING.md
    [EXCLUDED] file://docs/WORKFLOW_CACHING.md
    Error: Cannot write status output to file
    
    Caused by:
        No such file or directory (os error 2)

❌ [ERROR] docs/WORKFLOWS.md
    Error: Cannot write status output to file
    
    Caused by:
        No such file or directory (os error 2)

❌ [ERROR] docs/WORKFLOW_CACHING.md
    [EXCLUDED] file://docs/.github/actions/setup-environment/README.md
    [EXCLUDED] file://docs/.github/actions/pip-install/README.md
    [200] https://docs.github.com/en/actions/using-workflows/caching-dependencies-to-speed-up-workflows
    [200] https://github.com/actions/setup-python
    Error: Cannot write status output to file
    
    Caused by:
        No such file or directory (os error 2)

❌ [ERROR] docs/architecture.md
    [EXCLUDED] file://docs/UNIFIED_WORKFLOW_MIGRATION.md
    Error: Cannot write status output to file
    
    Caused by:
        No such file or directory (os error 2)

❌ [ERROR] docs/cards.md
    Error: Cannot write status output to file
    
    Caused by:
        No such file or directory (os error 2)

❌ [ERROR] docs/markdown_valid_elements.md
    [200] https://shields.io/
    [200] https://github.github.com/gfm/
    [200] https://spec.commonmark.org/
    [200] https://github.com/gjtorikian/html-pipeline
    Error: Cannot write status output to file
    
    Caused by:
        No such file or directory (os error 2)

❌ [ERROR] docs/style-guide.md
    Error: Cannot write status output to file
    
    Caused by:
        No such file or directory (os error 2)

❌ [ERROR] docs/workflows.md
    [EXCLUDED] file://docs/MONITORING.md
    [EXCLUDED] file://docs/architecture.md
    [EXCLUDED] file://docs/TROUBLESHOOTING.md
    [EXCLUDED] file://docs/UNIFIED_WORKFLOW_MIGRATION.md
    [EXCLUDED] file://docs/WORKFLOW_CACHING.md
    [EXCLUDED] file://docs/cards.md
    [200] https://github.com/szmyty/profile/actions
    Error: Cannot write status output to file
    
    Caused by:
        No such file or directory (os error 2)

❌ [ERROR] footer/README.md
    [EXCLUDED] file://docs/markdown_valid_elements.md
    Error: Cannot write status output to file
    
    Caused by:
        No such file or directory (os error 2)

❌ [ERROR] footer/footer.html
    [EXCLUDED] file://footer/branding/footer.svg
    Error: Cannot write status output to file
    
    Caused by:
        No such file or directory (os error 2)

❌ [ERROR] location/location.json
    Error: Cannot write status output to file
    
    Caused by:
        No such file or directory (os error 2)

❌ [ERROR] oura/health_snapshot.json
    Error: Cannot write status output to file
    
    Caused by:
        No such file or directory (os error 2)

❌ [ERROR] oura/metrics.json
    [EXCLUDED] mailto:szmyty@gmail.com
    Error: Cannot write status output to file
    
    Caused by:
        No such file or directory (os error 2)

❌ [ERROR] oura/mood.json
    Error: Cannot write status output to file
    
    Caused by:
        No such file or directory (os error 2)

❌ [ERROR] quotes/quote.json
    Error: Cannot write status output to file
    
    Caused by:
        No such file or directory (os error 2)

❌ [ERROR] requirements-dev.txt
    Error: Cannot write status output to file
    
    Caused by:
        No such file or directory (os error 2)

❌ [ERROR] requirements.txt
    Error: Cannot write status output to file
    
    Caused by:
        No such file or directory (os error 2)

❌ [ERROR] schemas/README.md
    [200] https://json-schema.org/draft/2020-12/schema
    Error: Cannot write status output to file
    
    Caused by:
        No such file or directory (os error 2)

❌ [ERROR] schemas/developer-stats.schema.json
    [404] https://github.com/szmyty/profile/schemas/developer-stats.schema.json | Network error: Not Found
    [200] https://json-schema.org/draft/2020-12/schema
    Error: Cannot write status output to file
    
    Caused by:
        No such file or directory (os error 2)

❌ [ERROR] schemas/health-snapshot.schema.json
    [200] https://json-schema.org/draft/2020-12/schema
    [404] https://github.com/szmyty/profile/schemas/health-snapshot.schema.json | Network error: Not Found
    Error: Cannot write status output to file
    
    Caused by:
        No such file or directory (os error 2)

❌ [ERROR] schemas/oura-metrics.schema.json
    [200] https://json-schema.org/draft/2020-12/schema
    [404] https://github.com/szmyty/profile/schemas/oura-metrics.schema.json | Network error: Not Found
    Error: Cannot write status output to file
    
    Caused by:
        No such file or directory (os error 2)

❌ [ERROR] schemas/soundcloud-track.schema.json
    [404] https://github.com/szmyty/profile/schemas/soundcloud-track.schema.json | Network error: Not Found
    [200] https://json-schema.org/draft/2020-12/schema
    Error: Cannot write status output to file
    
    Caused by:
        No such file or directory (os error 2)

❌ [ERROR] schemas/theme.schema.json
    [404] https://github.com/szmyty/profile/schemas/theme.schema.json | Network error: Not Found
    [200] https://json-schema.org/draft/2020-12/schema
    Error: Cannot write status output to file
    
    Caused by:
        No such file or directory (os error 2)

❌ [ERROR] schemas/weather.schema.json
    [200] https://json-schema.org/draft/2020-12/schema
    [404] https://github.com/szmyty/profile/schemas/weather.schema.json | Network error: Not Found
    Error: Cannot write status output to file
    
    Caused by:
        No such file or directory (os error 2)

❌ [ERROR] soundcloud/last-success.json
    [200] https://i1.sndcdn.com/artworks-U5KDnSThJNapSDwO-F08hwA-large.png
    [200] https://soundcloud.com/playfunction/prescience_v2
    Error: Cannot write status output to file
    
    Caused by:
        No such file or directory (os error 2)

❌ [ERROR] soundcloud/latest.json
    [200] https://soundcloud.com/example/midnight-vibes
    Error: Cannot write status output to file
    
    Caused by:
        No such file or directory (os error 2)

❌ [ERROR] weather/debug_nominatim.json
    [200] http://osm.org/copyright
    Error: Cannot write status output to file
    
    Caused by:
        No such file or directory (os error 2)

❌ [ERROR] weather/debug_nominatim_response.txt
    [200] https://nominatim.openstreetmap.org/search?q=Boston%2C%20Massachusetts&format=json&limit=1
    [200] http://osm.org/copyright
    Error: Cannot write status output to file
    
    Caused by:
        No such file or directory (os error 2)

❌ [ERROR] weather/weather.json
    Error: Cannot write status output to file
    
    Caused by:
        No such file or directory (os error 2)

