=== REFLECTION RUN 2025-12-03T09:49:56Z ===

[ARCHITECTURE]
- Directory structure is well-organized with clear separation: scripts/, .github/workflows/, config/, data/, logs/, schemas/
- Good separation of concerns: fetch scripts (shell), generate scripts (Python), lib/ for shared utilities
- Logging system has parallel implementations: Python (logging_utils.py) and Shell (logging.sh) with consistent interface
- Theme system is centralized in config/theme.json with comprehensive coverage for colors, gradients, typography, spacing
- Data flow is logical: fetch → validate → generate → commit
- Opportunity: Consider consolidating duplicate setup steps across workflows into reusable composite actions (already have .github/actions/setup-environment)
- Opportunity: Shell and Python logging systems could share more configuration (LOG_DIR, LOG_MAX_SIZE, etc. are consistent but duplicated)
- Good: lib/ directory consolidates shared code effectively (common.sh, utils.py, card_base.py)
- Good: Schemas directory for JSON validation shows attention to data quality

[CODE QUALITY]
- Type hints: Present in most Python scripts (19 of 28 py files import typing) but not universal
- Docstrings: Good coverage in lib/ modules (logging_utils.py, utils.py, card_base.py) with comprehensive function documentation
- Naming conventions: Mostly consistent (snake_case for Python, kebab-case for shell scripts)
- Script permissions: 8 shell scripts use 'set -euo pipefail' which is excellent for error handling
- CardBase abstract class shows good OOP design with reusable patterns for SVG generation
- Magic numbers: Some hardcoded values (e.g., cache TTL of 0.042 days = 1 hour in fetch-weather.sh) could use named constants
- Good: Safe JSON write pattern using temp files (*.tmp) before atomic move is consistently applied
- Good: XML escaping utility prevents injection issues
- Issue: Not all Python scripts have type hints (9 without typing imports)
- Issue: Some scripts lack comprehensive docstrings at the module level
- Opportunity: Consider adding mypy or pyright for type checking enforcement
- Good: Error messages are descriptive and logged properly

[WORKFLOWS]
- Total of 8 workflows: developer.yml, location-card.yml, monitoring.yml, oura.yml, parallel-fetch.yml, soundcloud-card.yml, tests.yml, weather.yml
- Good: Concurrency control implemented (group: profile-update, cancel-in-progress: false in parallel-fetch.yml)
- Good: SVG hash caching implemented in 4 workflows (location, soundcloud, weather, oura) using actions/cache@v4
- Good: Monitoring workflow checks for consecutive failures and can create issues automatically
- Repeated pattern: Setup environment steps are repeated but could use composite action more consistently
- Repeated pattern: Git commit/push logic is duplicated across workflows (could be abstracted)
- Repeated pattern: "chmod +x scripts/*.sh" appears in multiple workflows
- Token handling: Properly uses secrets for OURA_PAT, SOUNDCLOUD_CLIENT_SECRET
- Validation: Safe JSON write pattern with temp files and jq validation before moving to final location
- Issue: parallel-fetch.yml is 11KB (large), shows complex orchestration but may benefit from splitting
- Good: Artifacts are used to pass data between jobs (upload-artifact@v4)
- Good: Scheduled runs use sensible cron patterns (*/6 hours, hourly monitoring)
- Opportunity: Not all workflows use caching for Python dependencies (pip cache)
- Opportunity: Some workflows install Python deps when they might not be needed (install-python-deps flags are good)
- Issue: Retention-days: 1 for artifacts is very short, could cause issues if workflows are delayed

[LOGGING SYSTEM]
- Two parallel implementations: Python (logging_utils.py) and Shell (logging.sh)
- Both support structured logging with timestamps in ISO 8601 format (UTC)
- Both write to logs/{workflow_name}/{workflow_name}.log
- Both have rotation support: Python uses RotatingFileHandler, Shell has manual rotation logic
- Rotation configuration: 5MB max size, 3 backup rotations (consistent across both)
- Good: Logs go to both stderr (console) and file
- Good: Log levels are consistent (INFO, WARN, ERROR)
- Good: Workflow start/end bracketing with separators for readability
- Good: Command execution logging with exit codes
- Issue: Shell rotation implementation is complex and OS-dependent (stat command differs Linux vs macOS)
- Issue: Log rotation in shell happens at workflow end, not proactively during run
- Opportunity: Could add DEBUG level logging with environment variable control
- Opportunity: Could add log aggregation or summary across all workflows
- Logs are well-structured and machine-parseable
- Directory structure logs/{workflow_name}/ is clean and organized
- Good: New reflection/ subdirectory follows the same pattern

[VISUAL DESIGN]
- Theme system is comprehensive and well-structured in config/theme.json
- Supports both dark and light themes with full color palettes
- Gradients defined for weather conditions, health metrics, developer stats
- Typography sizes range from xs (8px) to 7xl (36px) with consistent naming
- Spacing system: xs (4px) to 4xl (30px) with consistent increments
- Card dimensions are standardized (soundcloud: 480x144, weather: 480x230, developer: 800x420, etc.)
- Border radius, stroke width, opacity values are defined in theme
- Good: Effects (glow, shadow) are parameterized in theme
- Good: Score colors (high/medium/low) are defined for health metrics
- CardBase class abstracts common SVG patterns (backgrounds, gradients, filters, footers)
- Issue: Some scripts may still have hardcoded colors or dimensions not using theme system
- Opportunity: Audit all generate-*.py scripts to ensure 100% theme.json usage
- Good: Decorative accents, score bars, radial bars have consistent dimensions
- Issue: Image optimization config exists in theme but usage unclear
- Good: Typography separates base fonts from emoji fonts to avoid rendering issues

[ROBUSTNESS]
- Retry logic: Implemented in common.sh with exponential backoff (5s → 10s → 20s, max 3 retries)
- Retry used in: fetch-soundcloud.sh, fetch-weather.sh (API calls)
- Fallback logic: generate_card_with_fallback in utils.py for degraded functionality
- Validation: API responses validated with validate_api_response and jq empty checks
- Validation: JSON schema validation available (jsonschema module, JSONSCHEMA_AVAILABLE flag)
- Safe write pattern: Temp files with validation before atomic move (good)
- Change detection: Hash-based system (change_detection.py) prevents unnecessary regeneration
- Caching: Implemented with TTL in common.sh (get_cached_response, save_cached_response)
- Issue: Not all API calls use retry logic (some fetch scripts may fail without retries)
- Issue: No timeout configuration visible for API calls (curl without --max-time)
- Issue: Silent failures possible if error codes aren't checked consistently
- Good: Workflows fail fast with proper exit codes (set -e in shell)
- Good: Error messages include context (workflow name, operation, what failed)
- Opportunity: Add health check endpoint validation before attempting data fetches
- Opportunity: Add circuit breaker pattern for repeatedly failing APIs
- Good: Monitoring workflow tracks consecutive failures (3+ triggers alerts)
- Issue: Fallback data/mock directory exists but usage in production unclear
- Opportunity: Missing retry for GitHub API calls in some workflows

[PERFORMANCE]
- Change detection (hash-based) prevents unnecessary SVG regeneration (change_detection.py)
- SVG hash caching across workflow runs reduces computation (actions/cache@v4)
- API response caching with configurable TTL (1 hour for weather, 7 days default)
- Parallel job execution in parallel-fetch.yml for concurrent data fetching
- Good: Atomic operations (mv temp to final) are fast
- Good: jq used efficiently for JSON processing instead of Python for small tasks
- Issue: Some workflows may reinstall Python dependencies unnecessarily
- Issue: Checkout action runs in every job (could use cache more)
- Opportunity: Add conditional execution based on path filters more broadly
- Opportunity: Use workflow_run event more to chain dependent workflows
- Good: Artifacts have short retention (1 day) to avoid storage bloat
- Issue: Large parallel-fetch.yml workflow may have orchestration overhead
- Opportunity: Consider matrix strategy for similar parallel jobs
- Good: Scripts use efficient data structures (jq for JSON, minimal Python imports)
- Opportunity: Could add metrics collection for workflow durations to identify slow spots
- Good: Incremental-generate.py suggests incremental update strategy exists

[FUTURE RISKS]
- API dependencies: Relies on external APIs (Open-Meteo, Nominatim, SoundCloud, Oura, GitHub)
- Risk: SoundCloud client ID extraction method is brittle (regex parsing HTML)
- Risk: Weather API (Open-Meteo) has no authentication, rate limits could be hit
- Risk: Coordinates caching for location is good but location changes would need manual cache invalidation
- Risk: Theme.json structure change could break all card generators
- Risk: Python dependencies without version pins in requirements.txt could cause breakage
- Risk: GitHub Actions version updates (actions/cache@v4, actions/upload-artifact@v4) may break
- Risk: Shell scripts use stat command which differs across OS (already handled but fragile)
- Risk: Log rotation at 5MB may be too small for very chatty workflows
- Risk: Single theme.json file is central point of failure for all visualizations
- Risk: No monitoring for API deprecations or schema changes
- Risk: Artifact retention of 1 day could cause issues if workflows are blocked/delayed
- Risk: No rate limiting implementation for external API calls
- Risk: Missing validation for theme.json itself (schema validation)
- Risk: Base64 encoding for cache keys could cause filename length issues
- Risk: Timezone handling varies across scripts (some UTC, some local, some timezone from API)
- Good: Graceful degradation with fallback logic reduces total failure risk
- Good: Multiple workflows provide redundancy (if one fails, others continue)
- Opportunity: Add API contract tests to detect schema changes early
- Opportunity: Add dependency pinning with dependabot or renovate
- Opportunity: Add theme.json schema validation on load

[RECOMMENDED TASKS]
- Add type hints to all Python scripts (9 remaining)
- Create composite action for git commit/push to eliminate duplication
- Add timeout configuration for all curl/API calls (--max-time flag)
- Pin Python dependency versions in requirements.txt with exact versions
- Add theme.json schema validation and unit tests
- Implement pip dependency caching in all workflows that use Python
- Add circuit breaker pattern for frequently failing API endpoints
- Create centralized retry configuration (environment variables in one place)
- Audit all generate-*.py scripts for hardcoded colors/dimensions not using theme
- Add mypy or pyright type checking to CI
- Document magic numbers (0.042 days cache TTL) with named constants
- Add rate limiting wrapper for external API calls
- Increase artifact retention to 2-3 days for safer workflow chaining
- Add API contract tests for external services (Open-Meteo, SoundCloud, etc.)
- Create log aggregation view across all workflows
- Add theme.json change detection to trigger full regeneration
- Document the mock/fallback data usage patterns
- Add metrics dashboard for workflow performance trends
- Implement matrix strategy for parallel-fetch.yml to reduce size
- Add dependency update automation (dependabot config)
- Document timezone handling strategy across codebase
- Add validation for all JSON files against schemas in schemas/
- Create troubleshooting guide for common workflow failures
- Add health check endpoints validation before data fetches
- Implement graceful timeout handling in long-running operations
