Results of yamllint linter (version 1.37.1)
See documentation on https://megalinter.io/8.8.0/descriptors/yaml_yamllint/
-----------------------------------------------

✅ [SUCCESS] .github/FUNDING.yml
✅ [SUCCESS] .github/actionlint.yaml
❌ [ERROR] .github/actions/setup-environment/action.yml
    .github/actions/setup-environment/action.yml
      1:1       warning  missing document start "---"  (document-start)
      2:81      error    line too long (89 > 80 characters)  (line-length)
      17:81     error    line too long (122 > 80 characters)  (line-length)
      33:71     warning  too few spaces before comment: expected 2  (comments)
      38:75     warning  too few spaces before comment: expected 2  (comments)
      70:1      error    trailing spaces  (trailing-spaces)
      75:81     error    line too long (83 > 80 characters)  (line-length)
      78:1      error    trailing spaces  (trailing-spaces)

❌ [ERROR] .github/workflows/developer.yml
    .github/workflows/developer.yml
      1:1       warning  missing document start "---"  (document-start)
      3:1       warning  truthy value should be one of [false, true]  (truthy)
      23:1      error    trailing spaces  (trailing-spaces)
      41:1      error    trailing spaces  (trailing-spaces)
      43:81     error    line too long (151 > 80 characters)  (line-length)
      48:1      error    trailing spaces  (trailing-spaces)
      55:1      error    trailing spaces  (trailing-spaces)
      58:1      error    trailing spaces  (trailing-spaces)
      64:81     error    line too long (111 > 80 characters)  (line-length)
      72:81     error    line too long (89 > 80 characters)  (line-length)
      74:81     error    line too long (147 > 80 characters)  (line-length)
      86:81     error    line too long (83 > 80 characters)  (line-length)
      90:81     error    line too long (86 > 80 characters)  (line-length)
      92:1      error    trailing spaces  (trailing-spaces)
      94:81     error    line too long (82 > 80 characters)  (line-length)
      95:1      error    trailing spaces  (trailing-spaces)
      100:1     error    trailing spaces  (trailing-spaces)
      103:1     error    trailing spaces  (trailing-spaces)
      109:81    error    line too long (82 > 80 characters)  (line-length)
      110:81    error    line too long (100 > 80 characters)  (line-length)

❌ [ERROR] .github/workflows/location-card.yml
    .github/workflows/location-card.yml
      1:1       warning  missing document start "---"  (document-start)
      3:1       warning  truthy value should be one of [false, true]  (truthy)
      23:1      error    trailing spaces  (trailing-spaces)
      35:81     error    line too long (93 > 80 characters)  (line-length)
      38:81     error    line too long (87 > 80 characters)  (line-length)
      39:1      error    trailing spaces  (trailing-spaces)
      59:1      error    trailing spaces  (trailing-spaces)
      61:81     error    line too long (106 > 80 characters)  (line-length)
      66:1      error    trailing spaces  (trailing-spaces)
      73:1      error    trailing spaces  (trailing-spaces)
      76:1      error    trailing spaces  (trailing-spaces)
      92:81     error    line too long (167 > 80 characters)  (line-length)
      103:81    error    line too long (147 > 80 characters)  (line-length)
      121:81    error    line too long (86 > 80 characters)  (line-length)
      123:1     error    trailing spaces  (trailing-spaces)
      125:81    error    line too long (103 > 80 characters)  (line-length)
      126:1     error    trailing spaces  (trailing-spaces)
      129:1     error    trailing spaces  (trailing-spaces)
      132:1     error    trailing spaces  (trailing-spaces)

❌ [ERROR] .github/workflows/megalinter.yml
    .github/workflows/megalinter.yml
      1:1       warning  missing document start "---"  (document-start)
      3:1       warning  truthy value should be one of [false, true]  (truthy)
      60:81     error    line too long (100 > 80 characters)  (line-length)
      65:81     error    line too long (98 > 80 characters)  (line-length)
      72:81     error    line too long (84 > 80 characters)  (line-length)
      75:81     error    line too long (92 > 80 characters)  (line-length)
      113:81    error    line too long (86 > 80 characters)  (line-length)

❌ [ERROR] .github/workflows/monitoring.yml
    .github/workflows/monitoring.yml
      1:1       warning  missing document start "---"  (document-start)
      3:1       warning  truthy value should be one of [false, true]  (truthy)
      41:81     error    line too long (86 > 80 characters)  (line-length)
      44:81     error    line too long (85 > 80 characters)  (line-length)
      69:81     error    line too long (99 > 80 characters)  (line-length)
      70:81     error    line too long (103 > 80 characters)  (line-length)
      80:81     error    line too long (89 > 80 characters)  (line-length)
      110:81    error    line too long (87 > 80 characters)  (line-length)
      123:81    error    line too long (108 > 80 characters)  (line-length)
      146:81    error    line too long (83 > 80 characters)  (line-length)
      151:81    error    line too long (85 > 80 characters)  (line-length)
      164:81    error    line too long (82 > 80 characters)  (line-length)
      169:81    error    line too long (94 > 80 characters)  (line-length)
      173:81    error    line too long (95 > 80 characters)  (line-length)
      179:81    error    line too long (164 > 80 characters)  (line-length)
      181:81    error    line too long (102 > 80 characters)  (line-length)
      186:81    error    line too long (137 > 80 characters)  (line-length)

❌ [ERROR] .github/workflows/oura.yml
    .github/workflows/oura.yml
      1:1       warning  missing document start "---"  (document-start)
      3:1       warning  truthy value should be one of [false, true]  (truthy)
      23:1      error    trailing spaces  (trailing-spaces)
      37:1      error    trailing spaces  (trailing-spaces)
      39:81     error    line too long (89 > 80 characters)  (line-length)
      44:1      error    trailing spaces  (trailing-spaces)
      51:1      error    trailing spaces  (trailing-spaces)
      54:1      error    trailing spaces  (trailing-spaces)
      68:81     error    line too long (96 > 80 characters)  (line-length)
      72:81     error    line too long (149 > 80 characters)  (line-length)
      80:81     error    line too long (150 > 80 characters)  (line-length)
      91:81     error    line too long (164 > 80 characters)  (line-length)
      93:81     error    line too long (82 > 80 characters)  (line-length)
      96:81     error    line too long (81 > 80 characters)  (line-length)
      105:1     error    trailing spaces  (trailing-spaces)
      112:81    error    line too long (86 > 80 characters)  (line-length)
      114:1     error    trailing spaces  (trailing-spaces)
      116:81    error    line too long (136 > 80 characters)  (line-length)
      117:1     error    trailing spaces  (trailing-spaces)
      120:1     error    trailing spaces  (trailing-spaces)
      127:81    error    line too long (82 > 80 characters)  (line-length)

❌ [ERROR] .github/workflows/parallel-fetch.yml
    .github/workflows/parallel-fetch.yml
      1:1       warning  missing document start "---"  (document-start)
      3:1       warning  truthy value should be one of [false, true]  (truthy)
      43:1      error    trailing spaces  (trailing-spaces)
      45:81     error    line too long (89 > 80 characters)  (line-length)
      50:1      error    trailing spaces  (trailing-spaces)
      57:1      error    trailing spaces  (trailing-spaces)
      60:1      error    trailing spaces  (trailing-spaces)
      82:81     error    line too long (93 > 80 characters)  (line-length)
      85:81     error    line too long (86 > 80 characters)  (line-length)
      86:1      error    trailing spaces  (trailing-spaces)
      104:1     error    trailing spaces  (trailing-spaces)
      106:81    error    line too long (101 > 80 characters)  (line-length)
      111:1     error    trailing spaces  (trailing-spaces)
      118:1     error    trailing spaces  (trailing-spaces)
      121:1     error    trailing spaces  (trailing-spaces)
      149:1     error    trailing spaces  (trailing-spaces)
      151:81    error    line too long (110 > 80 characters)  (line-length)
      156:1     error    trailing spaces  (trailing-spaces)
      163:1     error    trailing spaces  (trailing-spaces)
      180:18    warning  too few spaces before comment: expected 2  (comments)
      216:81    error    line too long (96 > 80 characters)  (line-length)
      217:81    error    line too long (105 > 80 characters)  (line-length)
      219:81    error    line too long (108 > 80 characters)  (line-length)
      225:81    error    line too long (96 > 80 characters)  (line-length)
      231:81    error    line too long (119 > 80 characters)  (line-length)
      279:1     error    trailing spaces  (trailing-spaces)
      281:81    error    line too long (87 > 80 characters)  (line-length)
      282:81    error    line too long (111 > 80 characters)  (line-length)
      291:81    error    line too long (113 > 80 characters)  (line-length)
      305:1     error    trailing spaces  (trailing-spaces)
      311:1     error    trailing spaces  (trailing-spaces)
      317:1     error    trailing spaces  (trailing-spaces)
      320:81    error    line too long (101 > 80 characters)  (line-length)
      329:81    error    line too long (86 > 80 characters)  (line-length)
      331:1     error    trailing spaces  (trailing-spaces)
      333:81    error    line too long (139 > 80 characters)  (line-length)
      334:1     error    trailing spaces  (trailing-spaces)

❌ [ERROR] .github/workflows/soundcloud-card.yml
    .github/workflows/soundcloud-card.yml
      1:1       warning  missing document start "---"  (document-start)
      3:1       warning  truthy value should be one of [false, true]  (truthy)
      23:1      error    trailing spaces  (trailing-spaces)
      39:1      error    trailing spaces  (trailing-spaces)
      41:81     error    line too long (110 > 80 characters)  (line-length)
      46:1      error    trailing spaces  (trailing-spaces)
      53:1      error    trailing spaces  (trailing-spaces)
      67:81     error    line too long (162 > 80 characters)  (line-length)
      77:81     error    line too long (147 > 80 characters)  (line-length)
      89:81     error    line too long (99 > 80 characters)  (line-length)
      90:1      error    trailing spaces  (trailing-spaces)
      97:81     error    line too long (86 > 80 characters)  (line-length)
      99:1      error    trailing spaces  (trailing-spaces)
      101:81    error    line too long (105 > 80 characters)  (line-length)
      102:1     error    trailing spaces  (trailing-spaces)
      105:1     error    trailing spaces  (trailing-spaces)

✅ [SUCCESS] .github/workflows/tests.yml
❌ [ERROR] .github/workflows/weather.yml
    .github/workflows/weather.yml
      1:1       warning  missing document start "---"  (document-start)
      3:1       warning  truthy value should be one of [false, true]  (truthy)
      23:1      error    trailing spaces  (trailing-spaces)
      33:81     error    line too long (93 > 80 characters)  (line-length)
      36:81     error    line too long (86 > 80 characters)  (line-length)
      37:1      error    trailing spaces  (trailing-spaces)
      53:1      error    trailing spaces  (trailing-spaces)
      56:1      error    trailing spaces  (trailing-spaces)
      57:81     error    line too long (128 > 80 characters)  (line-length)
      59:1      error    trailing spaces  (trailing-spaces)
      61:1      error    trailing spaces  (trailing-spaces)
      67:1      error    trailing spaces  (trailing-spaces)
      70:1      error    trailing spaces  (trailing-spaces)
      78:81     error    line too long (88 > 80 characters)  (line-length)
      85:1      error    trailing spaces  (trailing-spaces)
      87:81     error    line too long (101 > 80 characters)  (line-length)
      92:1      error    trailing spaces  (trailing-spaces)
      99:1      error    trailing spaces  (trailing-spaces)
      102:1     error    trailing spaces  (trailing-spaces)
      107:81    error    line too long (88 > 80 characters)  (line-length)
      116:81    error    line too long (88 > 80 characters)  (line-length)
      118:81    error    line too long (136 > 80 characters)  (line-length)
      121:81    error    line too long (88 > 80 characters)  (line-length)
      129:81    error    line too long (147 > 80 characters)  (line-length)
      138:81    error    line too long (88 > 80 characters)  (line-length)
      145:81    error    line too long (88 > 80 characters)  (line-length)
      147:81    error    line too long (86 > 80 characters)  (line-length)
      149:1     error    trailing spaces  (trailing-spaces)
      152:1     error    trailing spaces  (trailing-spaces)
      155:1     error    trailing spaces  (trailing-spaces)

❌ [ERROR] .megalinter.yml
    .megalinter.yml
      2:81      error    line too long (164 > 80 characters)  (line-length)
      5:81      error    line too long (85 > 80 characters)  (line-length)
      142:81    error    line too long (84 > 80 characters)  (line-length)
      352:81    error    line too long (100 > 80 characters)  (line-length)

❌ [ERROR] .pre-commit-config.yaml
    .pre-commit-config.yaml
      5:1       warning  missing document start "---"  (document-start)
      66:60     error    too few spaces after comma  (commas)

✅ [SUCCESS] config/analysis_options.yml
✅ [SUCCESS] config/styles/proselint/Airlinese.yml
❌ [ERROR] config/styles/proselint/AnimalLabels.yml
    config/styles/proselint/AnimalLabels.yml
      1:1       warning  missing document start "---"  (document-start)
      7:21      error    too many spaces after colon  (colons)
      11:14     error    too many spaces after colon  (colons)
      12:19     error    too many spaces after colon  (colons)
      13:14     error    too many spaces after colon  (colons)
      14:19     error    too many spaces after colon  (colons)
      15:14     error    too many spaces after colon  (colons)
      16:15     error    too many spaces after colon  (colons)
      17:19     error    too many spaces after colon  (colons)
      18:16     error    too many spaces after colon  (colons)
      19:11     error    too many spaces after colon  (colons)
      20:14     error    too many spaces after colon  (colons)
      21:13     error    too many spaces after colon  (colons)
      22:14     error    too many spaces after colon  (colons)
      23:14     error    too many spaces after colon  (colons)
      24:15     error    too many spaces after colon  (colons)
      25:14     error    too many spaces after colon  (colons)
      26:14     error    too many spaces after colon  (colons)
      27:14     error    too many spaces after colon  (colons)
      28:22     error    too many spaces after colon  (colons)
      29:16     error    too many spaces after colon  (colons)
      30:18     error    too many spaces after colon  (colons)
      31:15     error    too many spaces after colon  (colons)
      32:17     error    too many spaces after colon  (colons)
      33:17     error    too many spaces after colon  (colons)
      34:19     error    too many spaces after colon  (colons)
      35:21     error    too many spaces after colon  (colons)
      36:15     error    too many spaces after colon  (colons)
      37:15     error    too many spaces after colon  (colons)
      38:15     error    too many spaces after colon  (colons)
      39:17     error    too many spaces after colon  (colons)
      40:17     error    too many spaces after colon  (colons)
      41:15     error    too many spaces after colon  (colons)
      42:15     error    too many spaces after colon  (colons)
      43:15     error    too many spaces after colon  (colons)
      44:17     error    too many spaces after colon  (colons)
      45:14     error    too many spaces after colon  (colons)
      46:14     error    too many spaces after colon  (colons)
      47:20     error    too many spaces after colon  (colons)
      48:15     error    too many spaces after colon  (colons)

✅ [SUCCESS] config/styles/proselint/Annotations.yml
✅ [SUCCESS] config/styles/proselint/Apologizing.yml
✅ [SUCCESS] config/styles/proselint/Archaisms.yml
✅ [SUCCESS] config/styles/proselint/But.yml
✅ [SUCCESS] config/styles/proselint/Cliches.yml
✅ [SUCCESS] config/styles/proselint/CorporateSpeak.yml
✅ [SUCCESS] config/styles/proselint/Currency.yml
✅ [SUCCESS] config/styles/proselint/Cursing.yml
✅ [SUCCESS] config/styles/proselint/DateCase.yml
✅ [SUCCESS] config/styles/proselint/DateMidnight.yml
✅ [SUCCESS] config/styles/proselint/DateRedundancy.yml
✅ [SUCCESS] config/styles/proselint/DateSpacing.yml
❌ [ERROR] config/styles/proselint/DenizenLabels.yml
    config/styles/proselint/DenizenLabels.yml
      1:1       warning  missing document start "---"  (document-start)
      7:41      error    too many spaces after colon  (colons)
      8:41      error    too many spaces after colon  (colons)
      9:41      error    too many spaces after colon  (colons)
      10:41     error    too many spaces after colon  (colons)
      12:41     error    too many spaces after colon  (colons)
      13:41     error    too many spaces after colon  (colons)
      14:41     error    too many spaces after colon  (colons)
      15:41     error    too many spaces after colon  (colons)
      17:41     error    too many spaces after colon  (colons)
      18:41     error    too many spaces after colon  (colons)
      19:41     error    too many spaces after colon  (colons)
      20:41     error    too many spaces after colon  (colons)
      21:41     error    too many spaces after colon  (colons)
      22:41     error    too many spaces after colon  (colons)
      23:41     error    too many spaces after colon  (colons)
      24:41     error    too many spaces after colon  (colons)
      25:41     error    too many spaces after colon  (colons)
      26:41     error    too many spaces after colon  (colons)
      27:41     error    too many spaces after colon  (colons)
      28:41     error    too many spaces after colon  (colons)
      29:41     error    too many spaces after colon  (colons)
      30:41     error    too many spaces after colon  (colons)
      31:41     error    too many spaces after colon  (colons)
      32:41     error    too many spaces after colon  (colons)
      33:41     error    too many spaces after colon  (colons)
      34:41     error    too many spaces after colon  (colons)
      35:41     error    too many spaces after colon  (colons)
      36:41     error    too many spaces after colon  (colons)
      37:41     error    too many spaces after colon  (colons)
      38:41     error    too many spaces after colon  (colons)
      39:41     error    too many spaces after colon  (colons)
      40:41     error    too many spaces after colon  (colons)
      41:41     error    too many spaces after colon  (colons)
      42:41     error    too many spaces after colon  (colons)
      43:41     error    too many spaces after colon  (colons)
      44:41     error    too many spaces after colon  (colons)
      45:41     error    too many spaces after colon  (colons)
      46:41     error    too many spaces after colon  (colons)
      47:41     error    too many spaces after colon  (colons)
      48:41     error    too many spaces after colon  (colons)
      49:41     error    too many spaces after colon  (colons)
      50:41     error    too many spaces after colon  (colons)
      51:41     error    too many spaces after colon  (colons)
      52:41     error    too many spaces after colon  (colons)

✅ [SUCCESS] config/styles/proselint/Diacritical.yml
❌ [ERROR] config/styles/proselint/GenderBias.yml
    config/styles/proselint/GenderBias.yml
      1:1       warning  missing document start "---"  (document-start)
      8:31      error    too many spaces after colon  (colons)
      9:31      error    too many spaces after colon  (colons)
      10:31     error    too many spaces after colon  (colons)
      11:31     error    too many spaces after colon  (colons)
      12:31     error    too many spaces after colon  (colons)
      13:31     error    too many spaces after colon  (colons)
      14:31     error    too many spaces after colon  (colons)
      16:31     error    too many spaces after colon  (colons)
      17:31     error    too many spaces after colon  (colons)
      18:31     error    too many spaces after colon  (colons)
      19:31     error    too many spaces after colon  (colons)
      20:31     error    too many spaces after colon  (colons)
      21:31     error    too many spaces after colon  (colons)
      22:31     error    too many spaces after colon  (colons)
      23:31     error    too many spaces after colon  (colons)
      24:31     error    too many spaces after colon  (colons)
      25:31     error    too many spaces after colon  (colons)
      26:31     error    too many spaces after colon  (colons)
      27:31     error    too many spaces after colon  (colons)
      28:31     error    too many spaces after colon  (colons)
      29:31     error    too many spaces after colon  (colons)
      30:31     error    too many spaces after colon  (colons)
      31:31     error    too many spaces after colon  (colons)
      32:31     error    too many spaces after colon  (colons)
      33:31     error    too many spaces after colon  (colons)
      34:31     error    too many spaces after colon  (colons)
      35:31     error    too many spaces after colon  (colons)
      36:31     error    too many spaces after colon  (colons)
      37:31     error    too many spaces after colon  (colons)
      38:31     error    too many spaces after colon  (colons)
      39:31     error    too many spaces after colon  (colons)
      40:31     error    too many spaces after colon  (colons)
      41:31     error    too many spaces after colon  (colons)
      42:31     error    too many spaces after colon  (colons)
      43:31     error    too many spaces after colon  (colons)
      44:31     error    too many spaces after colon  (colons)
      45:31     error    too many spaces after colon  (colons)

❌ [ERROR] config/styles/proselint/GroupTerms.yml
    config/styles/proselint/GroupTerms.yml
      1:1       warning  missing document start "---"  (document-start)
      7:45      error    too many spaces after colon  (colons)
      8:45      error    too many spaces after colon  (colons)
      9:45      error    too many spaces after colon  (colons)
      10:45     error    too many spaces after colon  (colons)
      11:45     error    too many spaces after colon  (colons)
      12:45     error    too many spaces after colon  (colons)
      13:45     error    too many spaces after colon  (colons)
      14:45     error    too many spaces after colon  (colons)
      16:45     error    too many spaces after colon  (colons)
      17:45     error    too many spaces after colon  (colons)
      18:45     error    too many spaces after colon  (colons)
      19:45     error    too many spaces after colon  (colons)
      20:45     error    too many spaces after colon  (colons)
      21:45     error    too many spaces after colon  (colons)
      23:45     error    too many spaces after colon  (colons)
      24:45     error    too many spaces after colon  (colons)
      25:45     error    too many spaces after colon  (colons)
      26:45     error    too many spaces after colon  (colons)
      27:45     error    too many spaces after colon  (colons)
      28:45     error    too many spaces after colon  (colons)
      29:45     error    too many spaces after colon  (colons)
      30:45     error    too many spaces after colon  (colons)
      31:45     error    too many spaces after colon  (colons)
      32:45     error    too many spaces after colon  (colons)
      33:45     error    too many spaces after colon  (colons)
      34:45     error    too many spaces after colon  (colons)
      35:45     error    too many spaces after colon  (colons)
      36:45     error    too many spaces after colon  (colons)
      37:45     error    too many spaces after colon  (colons)
      38:45     error    too many spaces after colon  (colons)
      39:45     error    too many spaces after colon  (colons)

✅ [SUCCESS] config/styles/proselint/Hedging.yml
✅ [SUCCESS] config/styles/proselint/Hyperbole.yml
✅ [SUCCESS] config/styles/proselint/Jargon.yml
✅ [SUCCESS] config/styles/proselint/LGBTOffensive.yml
❌ [ERROR] config/styles/proselint/LGBTTerms.yml
    config/styles/proselint/LGBTTerms.yml
      1:1       warning  missing document start "---"  (document-start)
      7:45      error    too many spaces after colon  (colons)
      8:45      error    too many spaces after colon  (colons)
      9:45      error    too many spaces after colon  (colons)
      10:45     error    too many spaces after colon  (colons)
      11:45     error    too many spaces after colon  (colons)
      12:45     error    too many spaces after colon  (colons)
      13:45     error    too many spaces after colon  (colons)
      15:45     error    too many spaces after colon  (colons)

✅ [SUCCESS] config/styles/proselint/Malapropisms.yml
✅ [SUCCESS] config/styles/proselint/Needless.yml
✅ [SUCCESS] config/styles/proselint/Nonwords.yml
✅ [SUCCESS] config/styles/proselint/Oxymorons.yml
✅ [SUCCESS] config/styles/proselint/P-Value.yml
❌ [ERROR] config/styles/proselint/RASSyndrome.yml
    config/styles/proselint/RASSyndrome.yml
      1:1       warning  missing document start "---"  (document-start)
      7:4       error    wrong indentation: expected 4 but found 3  (indentation)

✅ [SUCCESS] config/styles/proselint/Skunked.yml
✅ [SUCCESS] config/styles/proselint/Spelling.yml
✅ [SUCCESS] config/styles/proselint/Typography.yml
❌ [ERROR] config/styles/proselint/Uncomparables.yml
    config/styles/proselint/Uncomparables.yml
      1:1       warning  missing document start "---"  (document-start)
      8:4       error    wrong indentation: expected 4 but found 3  (indentation)
      12:81     error    line too long (125 > 80 characters)  (line-length)

✅ [SUCCESS] config/styles/proselint/Very.yml
✅ [SUCCESS] config/styles/write-good/Cliches.yml
✅ [SUCCESS] config/styles/write-good/E-Prime.yml
✅ [SUCCESS] config/styles/write-good/Illusions.yml
✅ [SUCCESS] config/styles/write-good/Passive.yml
✅ [SUCCESS] config/styles/write-good/So.yml
✅ [SUCCESS] config/styles/write-good/ThereIs.yml
✅ [SUCCESS] config/styles/write-good/TooWordy.yml
✅ [SUCCESS] config/styles/write-good/Weasel.yml
✅ [SUCCESS] config/trivy-sbom.yaml
✅ [SUCCESS] config/trivy.yaml
