Results of ruff-format linter (version 0.11.13)
See documentation on https://megalinter.io/8.8.0/descriptors/python_ruff_format/
-----------------------------------------------

❌ [ERROR] scripts/audit_megalinter_config.py
    Would reformat: scripts/audit_megalinter_config.py
    1 file would be reformatted

❌ [ERROR] scripts/fetch-developer-stats.py
    Would reformat: scripts/fetch-developer-stats.py
    1 file would be reformatted

❌ [ERROR] scripts/generate-card.py
    Would reformat: scripts/generate-card.py
    1 file would be reformatted

❌ [ERROR] scripts/generate-consolidated-dashboard.py
    Would reformat: scripts/generate-consolidated-dashboard.py
    1 file would be reformatted

❌ [ERROR] scripts/generate-developer-dashboard.py
    Would reformat: scripts/generate-developer-dashboard.py
    1 file would be reformatted

❌ [ERROR] scripts/generate-fallback-map.py
    Would reformat: scripts/generate-fallback-map.py
    1 file would be reformatted

❌ [ERROR] scripts/generate-health-dashboard.py
    Would reformat: scripts/generate-health-dashboard.py
    1 file would be reformatted

❌ [ERROR] scripts/generate-health-snapshot.py
    Would reformat: scripts/generate-health-snapshot.py
    1 file would be reformatted

❌ [ERROR] scripts/generate-interactive-dashboard.py
    Would reformat: scripts/generate-interactive-dashboard.py
    1 file would be reformatted

❌ [ERROR] scripts/generate-location-card.py
    Would reformat: scripts/generate-location-card.py
    1 file would be reformatted

❌ [ERROR] scripts/generate-oura-mood-card.py
    Would reformat: scripts/generate-oura-mood-card.py
    1 file would be reformatted

❌ [ERROR] scripts/generate-status-page.py
    Would reformat: scripts/generate-status-page.py
    1 file would be reformatted

❌ [ERROR] scripts/generate-summary-card.py
    Would reformat: scripts/generate-summary-card.py
    1 file would be reformatted

❌ [ERROR] scripts/generate-themed-dashboard.py
    Would reformat: scripts/generate-themed-dashboard.py
    1 file would be reformatted

❌ [ERROR] scripts/generate-weather-card.py
    Would reformat: scripts/generate-weather-card.py
    1 file would be reformatted

✅ [SUCCESS] scripts/generate_megalinter_summary.py
❌ [ERROR] scripts/incremental-generate.py
    Would reformat: scripts/incremental-generate.py
    1 file would be reformatted

❌ [ERROR] scripts/inject-footer.py
    Would reformat: scripts/inject-footer.py
    1 file would be reformatted

✅ [SUCCESS] scripts/lib/__init__.py
❌ [ERROR] scripts/lib/card_base.py
    Would reformat: scripts/lib/card_base.py
    1 file would be reformatted

❌ [ERROR] scripts/lib/change_detection.py
    Would reformat: scripts/lib/change_detection.py
    1 file would be reformatted

❌ [ERROR] scripts/lib/data_quality.py
    Would reformat: scripts/lib/data_quality.py
    1 file would be reformatted

❌ [ERROR] scripts/lib/logging_utils.py
    Would reformat: scripts/lib/logging_utils.py
    1 file would be reformatted

❌ [ERROR] scripts/lib/metrics.py
    Would reformat: scripts/lib/metrics.py
    1 file would be reformatted

❌ [ERROR] scripts/lib/utils.py
    Would reformat: scripts/lib/utils.py
    1 file would be reformatted

❌ [ERROR] scripts/lib/weather_alerts.py
    Would reformat: scripts/lib/weather_alerts.py
    1 file would be reformatted

❌ [ERROR] scripts/log_summary.py
    Would reformat: scripts/log_summary.py
    1 file would be reformatted

❌ [ERROR] scripts/oura-mood-engine.py
    Would reformat: scripts/oura-mood-engine.py
    1 file would be reformatted

❌ [ERROR] scripts/record-workflow-metrics.py
    Would reformat: scripts/record-workflow-metrics.py
    1 file would be reformatted

❌ [ERROR] scripts/store-historical-snapshot.py
    Would reformat: scripts/store-historical-snapshot.py
    1 file would be reformatted

❌ [ERROR] scripts/update-readme.py
    Would reformat: scripts/update-readme.py
    1 file would be reformatted

❌ [ERROR] scripts/validate-data-quality.py
    Would reformat: scripts/validate-data-quality.py
    1 file would be reformatted

✅ [SUCCESS] tests/__init__.py
❌ [ERROR] tests/test_card_generators.py
    Would reformat: tests/test_card_generators.py
    1 file would be reformatted

❌ [ERROR] tests/test_change_detection.py
    Would reformat: tests/test_change_detection.py
    1 file would be reformatted

❌ [ERROR] tests/test_data_quality.py
    Would reformat: tests/test_data_quality.py
    1 file would be reformatted

❌ [ERROR] tests/test_developer_dashboard.py
    Would reformat: tests/test_developer_dashboard.py
    1 file would be reformatted

❌ [ERROR] tests/test_fallback.py
    Would reformat: tests/test_fallback.py
    1 file would be reformatted

❌ [ERROR] tests/test_location_diagnostics.py
    Would reformat: tests/test_location_diagnostics.py
    1 file would be reformatted

✅ [SUCCESS] tests/test_log_summary.py
❌ [ERROR] tests/test_mapbox_integration.py
    Would reformat: tests/test_mapbox_integration.py
    1 file would be reformatted

❌ [ERROR] tests/test_metrics.py
    Would reformat: tests/test_metrics.py
    1 file would be reformatted

❌ [ERROR] tests/test_theme_validation.py
    Would reformat: tests/test_theme_validation.py
    1 file would be reformatted

✅ [SUCCESS] tests/test_time_utils.py
❌ [ERROR] tests/test_utils.py
    Would reformat: tests/test_utils.py
    1 file would be reformatted

