Logging initialized: logs/soundcloud/soundcloud.log
[2025-12-05T04:20:16Z] [INFO] ============================================================
[2025-12-05T04:20:16Z] [INFO] ============================================================
[2025-12-05T04:20:16Z] [INFO] Workflow: SoundCloud Card - Fetch Data
[2025-12-05T04:20:16Z] [INFO] Workflow: SoundCloud Card - Fetch Data
[2025-12-05T04:20:16Z] [INFO] Started at: 2025-12-05T04:20:16Z
[2025-12-05T04:20:16Z] [INFO] Started at: 2025-12-05T04:20:16Z
[2025-12-05T04:20:16Z] [INFO] ============================================================
[2025-12-05T04:20:16Z] [INFO] ============================================================
[2025-12-05T04:20:16Z] [INFO] Fetching fresh SoundCloud data...
[2025-12-05T04:20:16Z] [INFO] Fetching fresh SoundCloud data...
[2025-12-05T04:20:16Z] [INFO] Obtaining SoundCloud client_id...
[2025-12-05T04:20:16Z] [INFO] Obtaining SoundCloud client_id...
Fetching SoundCloud client_id...
Extracting SoundCloud client_id from assets...
Validating client_id...
Client_id validated successfully
Saved client_id to cache
[2025-12-05T04:20:18Z] [INFO] Got client_id: Tbe9YspsDY...
[2025-12-05T04:20:18Z] [INFO] Got client_id: Tbe9YspsDY...
[2025-12-05T04:20:18Z] [INFO] Resolving user ID for playfunction...
[2025-12-05T04:20:18Z] [INFO] Resolving user ID for playfunction...
Fetching user ID for playfunction...
[2025-12-05T04:20:18Z] [INFO] Got user_id: 325554244
[2025-12-05T04:20:18Z] [INFO] Got user_id: 325554244
[2025-12-05T04:20:18Z] [INFO] Fetching latest track for user...
[2025-12-05T04:20:18Z] [INFO] Fetching latest track for user...
Fetching latest track...
[2025-12-05T04:20:19Z] [INFO] Track: prescience by .play()
[2025-12-05T04:20:19Z] [INFO] Track: prescience by .play()
[2025-12-05T04:20:19Z] [INFO] Genre: future zen bass, Plays: 171
[2025-12-05T04:20:19Z] [INFO] Genre: future zen bass, Plays: 171
[2025-12-05T04:20:19Z] [INFO] Downloading track artwork...
[2025-12-05T04:20:19Z] [INFO] Downloading track artwork...
Downloading artwork...
Artwork saved to assets/soundcloud-artwork.jpg
[2025-12-05T04:20:19Z] [INFO] Artwork downloaded successfully
[2025-12-05T04:20:19Z] [INFO] Artwork downloaded successfully
[2025-12-05T04:20:19Z] [INFO] Successfully fetched fresh SoundCloud data
[2025-12-05T04:20:19Z] [INFO] Successfully fetched fresh SoundCloud data
Saved fallback cache to soundcloud/last-success.json
[2025-12-05T04:20:19Z] [INFO] ============================================================
[2025-12-05T04:20:19Z] [INFO] ============================================================
[2025-12-05T04:20:19Z] [INFO] Workflow: SoundCloud Card - Fetch Data - COMPLETED SUCCESSFULLY
[2025-12-05T04:20:19Z] [INFO] Workflow: SoundCloud Card - Fetch Data - COMPLETED SUCCESSFULLY
[2025-12-05T04:20:19Z] [INFO] Ended at: 2025-12-05T04:20:19Z
[2025-12-05T04:20:19Z] [INFO] Ended at: 2025-12-05T04:20:19Z
[2025-12-05T04:20:19Z] [INFO] ============================================================
[2025-12-05T04:20:19Z] [INFO] ============================================================
Logging initialized: logs/soundcloud/soundcloud.log
[2025-12-05T05:05:05Z] [INFO] ============================================================
[2025-12-05T05:05:05Z] [INFO] ============================================================
[2025-12-05T05:05:05Z] [INFO] Workflow: SoundCloud Card - Fetch Data
[2025-12-05T05:05:05Z] [INFO] Workflow: SoundCloud Card - Fetch Data
[2025-12-05T05:05:05Z] [INFO] Started at: 2025-12-05T05:05:05Z
[2025-12-05T05:05:05Z] [INFO] Started at: 2025-12-05T05:05:05Z
[2025-12-05T05:05:05Z] [INFO] ============================================================
[2025-12-05T05:05:05Z] [INFO] ============================================================
[2025-12-05T05:05:05Z] [INFO] Fetching fresh SoundCloud data...
[2025-12-05T05:05:05Z] [INFO] Fetching fresh SoundCloud data...
[2025-12-05T05:05:05Z] [INFO] Obtaining SoundCloud client_id...
[2025-12-05T05:05:05Z] [INFO] Obtaining SoundCloud client_id...
Fetching SoundCloud client_id...
Extracting SoundCloud client_id from assets...
Validating client_id...
Client_id validated successfully
Saved client_id to cache
[2025-12-05T05:05:08Z] [INFO] Got client_id: Tbe9YspsDY...
[2025-12-05T05:05:08Z] [INFO] Got client_id: Tbe9YspsDY...
[2025-12-05T05:05:08Z] [INFO] Resolving user ID for playfunction...
[2025-12-05T05:05:08Z] [INFO] Resolving user ID for playfunction...
Fetching user ID for playfunction...
[2025-12-05T05:05:09Z] [INFO] Got user_id: 325554244
[2025-12-05T05:05:09Z] [INFO] Got user_id: 325554244
[2025-12-05T05:05:09Z] [INFO] Fetching latest track for user...
[2025-12-05T05:05:09Z] [INFO] Fetching latest track for user...
Fetching latest track...
[2025-12-05T05:05:09Z] [INFO] Track: prescience by .play()
[2025-12-05T05:05:09Z] [INFO] Track: prescience by .play()
[2025-12-05T05:05:09Z] [INFO] Genre: future zen bass, Plays: 171
[2025-12-05T05:05:09Z] [INFO] Genre: future zen bass, Plays: 171
[2025-12-05T05:05:09Z] [INFO] Downloading track artwork...
[2025-12-05T05:05:09Z] [INFO] Downloading track artwork...
Downloading artwork...
Artwork saved to assets/soundcloud-artwork.jpg
[2025-12-05T05:05:09Z] [INFO] Artwork downloaded successfully
[2025-12-05T05:05:09Z] [INFO] Artwork downloaded successfully
[2025-12-05T05:05:09Z] [INFO] Successfully fetched fresh SoundCloud data
[2025-12-05T05:05:09Z] [INFO] Successfully fetched fresh SoundCloud data
Saved fallback cache to soundcloud/last-success.json
[2025-12-05T05:05:09Z] [INFO] ============================================================
[2025-12-05T05:05:09Z] [INFO] ============================================================
[2025-12-05T05:05:09Z] [INFO] Workflow: SoundCloud Card - Fetch Data - COMPLETED SUCCESSFULLY
[2025-12-05T05:05:09Z] [INFO] Workflow: SoundCloud Card - Fetch Data - COMPLETED SUCCESSFULLY
[2025-12-05T05:05:09Z] [INFO] Ended at: 2025-12-05T05:05:09Z
[2025-12-05T05:05:09Z] [INFO] Ended at: 2025-12-05T05:05:09Z
[2025-12-05T05:05:09Z] [INFO] ============================================================
[2025-12-05T05:05:09Z] [INFO] ============================================================
Logging initialized: logs/soundcloud/soundcloud.log
[2025-12-05T06:29:14Z] [INFO] ============================================================
[2025-12-05T06:29:14Z] [INFO] ============================================================
[2025-12-05T06:29:14Z] [INFO] Workflow: SoundCloud Card - Fetch Data
[2025-12-05T06:29:14Z] [INFO] Workflow: SoundCloud Card - Fetch Data
[2025-12-05T06:29:14Z] [INFO] Started at: 2025-12-05T06:29:14Z
[2025-12-05T06:29:14Z] [INFO] Started at: 2025-12-05T06:29:14Z
[2025-12-05T06:29:14Z] [INFO] ============================================================
[2025-12-05T06:29:14Z] [INFO] ============================================================
[2025-12-05T06:29:14Z] [INFO] Fetching fresh SoundCloud data...
[2025-12-05T06:29:14Z] [INFO] Fetching fresh SoundCloud data...
[2025-12-05T06:29:14Z] [INFO] Obtaining SoundCloud client_id...
[2025-12-05T06:29:14Z] [INFO] Obtaining SoundCloud client_id...
Fetching SoundCloud client_id...
Extracting SoundCloud client_id from assets...
Validating client_id...
Client_id validated successfully
Saved client_id to cache
[2025-12-05T06:29:16Z] [INFO] Got client_id: Tbe9YspsDY...
[2025-12-05T06:29:16Z] [INFO] Got client_id: Tbe9YspsDY...
[2025-12-05T06:29:16Z] [INFO] Resolving user ID for playfunction...
[2025-12-05T06:29:16Z] [INFO] Resolving user ID for playfunction...
Fetching user ID for playfunction...
[2025-12-05T06:29:16Z] [INFO] Got user_id: 325554244
[2025-12-05T06:29:16Z] [INFO] Got user_id: 325554244
[2025-12-05T06:29:16Z] [INFO] Fetching latest track for user...
[2025-12-05T06:29:16Z] [INFO] Fetching latest track for user...
Fetching latest track...
[2025-12-05T06:29:16Z] [INFO] Track: prescience by .play()
[2025-12-05T06:29:16Z] [INFO] Track: prescience by .play()
[2025-12-05T06:29:16Z] [INFO] Genre: future zen bass, Plays: 172
[2025-12-05T06:29:16Z] [INFO] Genre: future zen bass, Plays: 172
[2025-12-05T06:29:16Z] [INFO] Downloading track artwork...
[2025-12-05T06:29:16Z] [INFO] Downloading track artwork...
Downloading artwork...
Artwork saved to assets/soundcloud-artwork.jpg
[2025-12-05T06:29:16Z] [INFO] Artwork downloaded successfully
[2025-12-05T06:29:16Z] [INFO] Artwork downloaded successfully
[2025-12-05T06:29:16Z] [INFO] Successfully fetched fresh SoundCloud data
[2025-12-05T06:29:16Z] [INFO] Successfully fetched fresh SoundCloud data
Saved fallback cache to soundcloud/last-success.json
[2025-12-05T06:29:16Z] [INFO] ============================================================
[2025-12-05T06:29:16Z] [INFO] ============================================================
[2025-12-05T06:29:16Z] [INFO] Workflow: SoundCloud Card - Fetch Data - COMPLETED SUCCESSFULLY
[2025-12-05T06:29:16Z] [INFO] Workflow: SoundCloud Card - Fetch Data - COMPLETED SUCCESSFULLY
[2025-12-05T06:29:16Z] [INFO] Ended at: 2025-12-05T06:29:16Z
[2025-12-05T06:29:16Z] [INFO] Ended at: 2025-12-05T06:29:16Z
[2025-12-05T06:29:16Z] [INFO] ============================================================
[2025-12-05T06:29:16Z] [INFO] ============================================================
Logging initialized: logs/soundcloud/soundcloud.log
[2025-12-05T07:26:26Z] [INFO] ============================================================
[2025-12-05T07:26:26Z] [INFO] ============================================================
[2025-12-05T07:26:26Z] [INFO] Workflow: SoundCloud Card - Fetch Data
[2025-12-05T07:26:26Z] [INFO] Workflow: SoundCloud Card - Fetch Data
[2025-12-05T07:26:26Z] [INFO] Started at: 2025-12-05T07:26:26Z
[2025-12-05T07:26:26Z] [INFO] Started at: 2025-12-05T07:26:26Z
[2025-12-05T07:26:26Z] [INFO] ============================================================
[2025-12-05T07:26:26Z] [INFO] ============================================================
[2025-12-05T07:26:26Z] [INFO] Fetching fresh SoundCloud data...
[2025-12-05T07:26:26Z] [INFO] Fetching fresh SoundCloud data...
[2025-12-05T07:26:26Z] [INFO] Obtaining SoundCloud client_id...
[2025-12-05T07:26:26Z] [INFO] Obtaining SoundCloud client_id...
Fetching SoundCloud client_id...
Extracting SoundCloud client_id from assets...
Validating client_id...
Client_id validated successfully
Saved client_id to cache
[2025-12-05T07:26:28Z] [INFO] Got client_id: Tbe9YspsDY...
[2025-12-05T07:26:28Z] [INFO] Got client_id: Tbe9YspsDY...
[2025-12-05T07:26:28Z] [INFO] Resolving user ID for playfunction...
[2025-12-05T07:26:28Z] [INFO] Resolving user ID for playfunction...
Fetching user ID for playfunction...
[2025-12-05T07:26:28Z] [INFO] Got user_id: 325554244
[2025-12-05T07:26:28Z] [INFO] Got user_id: 325554244
[2025-12-05T07:26:28Z] [INFO] Fetching latest track for user...
[2025-12-05T07:26:28Z] [INFO] Fetching latest track for user...
Fetching latest track...
[2025-12-05T07:26:28Z] [INFO] Track: prescience by .play()
[2025-12-05T07:26:28Z] [INFO] Track: prescience by .play()
[2025-12-05T07:26:28Z] [INFO] Genre: future zen bass, Plays: 173
[2025-12-05T07:26:28Z] [INFO] Genre: future zen bass, Plays: 173
[2025-12-05T07:26:28Z] [INFO] Downloading track artwork...
[2025-12-05T07:26:28Z] [INFO] Downloading track artwork...
Downloading artwork...
Artwork saved to assets/soundcloud-artwork.jpg
[2025-12-05T07:26:29Z] [INFO] Artwork downloaded successfully
[2025-12-05T07:26:29Z] [INFO] Artwork downloaded successfully
[2025-12-05T07:26:29Z] [INFO] Successfully fetched fresh SoundCloud data
[2025-12-05T07:26:29Z] [INFO] Successfully fetched fresh SoundCloud data
Saved fallback cache to soundcloud/last-success.json
[2025-12-05T07:26:29Z] [INFO] ============================================================
[2025-12-05T07:26:29Z] [INFO] ============================================================
[2025-12-05T07:26:29Z] [INFO] Workflow: SoundCloud Card - Fetch Data - COMPLETED SUCCESSFULLY
[2025-12-05T07:26:29Z] [INFO] Workflow: SoundCloud Card - Fetch Data - COMPLETED SUCCESSFULLY
[2025-12-05T07:26:29Z] [INFO] Ended at: 2025-12-05T07:26:29Z
[2025-12-05T07:26:29Z] [INFO] Ended at: 2025-12-05T07:26:29Z
[2025-12-05T07:26:29Z] [INFO] ============================================================
[2025-12-05T07:26:29Z] [INFO] ============================================================
