Logging initialized: logs/location/location.log
[2025-12-05T05:05:04Z] [INFO] ============================================================
[2025-12-05T05:05:04Z] [INFO] ============================================================
[2025-12-05T05:05:04Z] [INFO] Workflow: Location Card - Fetch Data
[2025-12-05T05:05:04Z] [INFO] Workflow: Location Card - Fetch Data
[2025-12-05T05:05:04Z] [INFO] Started at: 2025-12-05T05:05:04Z
[2025-12-05T05:05:04Z] [INFO] Started at: 2025-12-05T05:05:04Z
[2025-12-05T05:05:04Z] [INFO] ============================================================
[2025-12-05T05:05:04Z] [INFO] ============================================================
[2025-12-05T05:05:04Z] [INFO] Fetching GitHub location...
[2025-12-05T05:05:04Z] [INFO] Fetching GitHub location...
Fetching GitHub profile location for szmyty...
Location saved to cache: Boston, Massachusetts
[2025-12-05T05:05:04Z] [INFO] GitHub location: Boston, Massachusetts
[2025-12-05T05:05:04Z] [INFO] GitHub location: Boston, Massachusetts
[2025-12-05T05:05:04Z] [INFO] Converting location to coordinates...
[2025-12-05T05:05:04Z] [INFO] Converting location to coordinates...
Converting location to coordinates: Boston, Massachusetts
Cache hit for nominatim:Qm9zdG9uLCBNYXNzYWNodXNldHRz
Using cached coordinates
[2025-12-05T05:05:04Z] [INFO] Coordinates: lat=42.3588336, lon=-71.0578303
[2025-12-05T05:05:04Z] [INFO] Coordinates: lat=42.3588336, lon=-71.0578303
[2025-12-05T05:05:04Z] [INFO] Output directory: location
[2025-12-05T05:05:04Z] [INFO] Output directory: location
[2025-12-05T05:05:04Z] [INFO] Downloading static map...
[2025-12-05T05:05:04Z] [INFO] Downloading static map...
Downloading static map from Mapbox centered on 42.3588336, -71.0578303...
🔍 Health check: Mapbox API...
❌ Mapbox API unhealthy (HTTP 404)
[2025-12-05T05:05:04Z] [WARN] Mapbox API health check failed, but continuing anyway...
[2025-12-05T05:05:04Z] [WARN] Mapbox API health check failed, but continuing anyway...
Determining time of day for coordinates 42.3588336, -71.0578303...
Diagnostic info saved to location/debug_meteo_response.txt
Sunrise: 2025-12-05T06:58 (epoch: 1764917880)
Sunset: 2025-12-05T16:11 (epoch: 1764951060)
Current: 2025-12-05T05:05 (epoch: 1764911105)
🌙 Night detected - using dark theme
Using Mapbox style: mapbox/dark-v11
Diagnostic info saved to location/debug_map_response.txt
Diagnostic info saved to location/debug_map_headers.txt
✅ Static map saved to location/location-map.png
   → Style: mapbox/dark-v11
   → Theme: dark
[2025-12-05T05:05:05Z] [INFO] Static map downloaded successfully
[2025-12-05T05:05:05Z] [INFO] Static map downloaded successfully
[2025-12-05T05:05:05Z] [INFO] Generating location JSON output...
[2025-12-05T05:05:05Z] [INFO] Generating location JSON output...
[2025-12-05T05:05:05Z] [INFO] Location data generated successfully
[2025-12-05T05:05:05Z] [INFO] Location data generated successfully
[2025-12-05T05:05:05Z] [INFO] ============================================================
[2025-12-05T05:05:05Z] [INFO] ============================================================
[2025-12-05T05:05:05Z] [INFO] Workflow: Location Card - Fetch Data - COMPLETED SUCCESSFULLY
[2025-12-05T05:05:05Z] [INFO] Workflow: Location Card - Fetch Data - COMPLETED SUCCESSFULLY
[2025-12-05T05:05:05Z] [INFO] Ended at: 2025-12-05T05:05:05Z
[2025-12-05T05:05:05Z] [INFO] Ended at: 2025-12-05T05:05:05Z
[2025-12-05T05:05:05Z] [INFO] ============================================================
[2025-12-05T05:05:05Z] [INFO] ============================================================
Logging initialized: logs/location/location.log
[2025-12-05T06:29:13Z] [INFO] ============================================================
[2025-12-05T06:29:13Z] [INFO] ============================================================
[2025-12-05T06:29:13Z] [INFO] Workflow: Location Card - Fetch Data
[2025-12-05T06:29:13Z] [INFO] Workflow: Location Card - Fetch Data
[2025-12-05T06:29:13Z] [INFO] Started at: 2025-12-05T06:29:13Z
[2025-12-05T06:29:13Z] [INFO] Started at: 2025-12-05T06:29:13Z
[2025-12-05T06:29:13Z] [INFO] ============================================================
[2025-12-05T06:29:13Z] [INFO] ============================================================
[2025-12-05T06:29:13Z] [INFO] Fetching GitHub location...
[2025-12-05T06:29:13Z] [INFO] Fetching GitHub location...
Fetching GitHub profile location for szmyty...
Location saved to cache: Boston, Massachusetts
[2025-12-05T06:29:13Z] [INFO] GitHub location: Boston, Massachusetts
[2025-12-05T06:29:13Z] [INFO] GitHub location: Boston, Massachusetts
[2025-12-05T06:29:13Z] [INFO] Converting location to coordinates...
[2025-12-05T06:29:13Z] [INFO] Converting location to coordinates...
Converting location to coordinates: Boston, Massachusetts
Cache hit for nominatim:Qm9zdG9uLCBNYXNzYWNodXNldHRz
Using cached coordinates
[2025-12-05T06:29:13Z] [INFO] Coordinates: lat=42.3588336, lon=-71.0578303
[2025-12-05T06:29:13Z] [INFO] Coordinates: lat=42.3588336, lon=-71.0578303
[2025-12-05T06:29:13Z] [INFO] Output directory: location
[2025-12-05T06:29:13Z] [INFO] Output directory: location
[2025-12-05T06:29:13Z] [INFO] Downloading static map...
[2025-12-05T06:29:13Z] [INFO] Downloading static map...
Downloading static map from Mapbox centered on 42.3588336, -71.0578303...
🔍 Health check: Mapbox API...
❌ Mapbox API unhealthy (HTTP 404)
[2025-12-05T06:29:13Z] [WARN] Mapbox API health check failed, but continuing anyway...
[2025-12-05T06:29:13Z] [WARN] Mapbox API health check failed, but continuing anyway...
Determining time of day for coordinates 42.3588336, -71.0578303...
Diagnostic info saved to location/debug_meteo_response.txt
Sunrise: 2025-12-05T06:58 (epoch: 1764917880)
Sunset: 2025-12-05T16:11 (epoch: 1764951060)
Current: 2025-12-05T06:29 (epoch: 1764916153)
🌙 Night detected - using dark theme
Using Mapbox style: mapbox/dark-v11
Diagnostic info saved to location/debug_map_response.txt
Diagnostic info saved to location/debug_map_headers.txt
✅ Static map saved to location/location-map.png
   → Style: mapbox/dark-v11
   → Theme: dark
[2025-12-05T06:29:14Z] [INFO] Static map downloaded successfully
[2025-12-05T06:29:14Z] [INFO] Static map downloaded successfully
[2025-12-05T06:29:14Z] [INFO] Generating location JSON output...
[2025-12-05T06:29:14Z] [INFO] Generating location JSON output...
[2025-12-05T06:29:14Z] [INFO] Location data generated successfully
[2025-12-05T06:29:14Z] [INFO] Location data generated successfully
[2025-12-05T06:29:14Z] [INFO] ============================================================
[2025-12-05T06:29:14Z] [INFO] ============================================================
[2025-12-05T06:29:14Z] [INFO] Workflow: Location Card - Fetch Data - COMPLETED SUCCESSFULLY
[2025-12-05T06:29:14Z] [INFO] Workflow: Location Card - Fetch Data - COMPLETED SUCCESSFULLY
[2025-12-05T06:29:14Z] [INFO] Ended at: 2025-12-05T06:29:14Z
[2025-12-05T06:29:14Z] [INFO] Ended at: 2025-12-05T06:29:14Z
[2025-12-05T06:29:14Z] [INFO] ============================================================
[2025-12-05T06:29:14Z] [INFO] ============================================================
